Mplus VERSION 8.5 (Mac)
MUTHEN & MUTHEN
03/05/2021   2:28 PM

INPUT INSTRUCTIONS

  TITLE: 6 factor CFA.

  DATA:
    FILE IS selfcompassionitems.dat;

  VARIABLE:
    NAMES ARE scsj1 scoi2 scch3 scis4 scsk5 scoi6 scch7 scsj8
              scmi9 scch10 scsj11 scsk12 scis13 scmi14 scch15
              scsj16 scmi17 scis18 scsk19 scoi20 scsj21 scmi22
              scsk23 scoi24 scis25 scsk26;
    MISSING ARE ALL(-9);
    USEVARIABLES ARE scsj1 scoi2 scch3 scis4 scsk5 scoi6 scch7 scsj8
              scmi9 scch10 scsj11 scsk12 scis13 scmi14 scch15
              scsj16 scmi17 scis18 scsk19 scoi20 scsj21 scmi22
              scsk23 scoi24 scis25 scsk26;
    CATEGORICAL ARE all;

  ANALYSIS:
    ! Requesting the weighted least squares mean- and variance-adjusted estimator
    ESTIMATOR = WLSMV;
    ROTATION = target;

  MODEL:
    ! self-kindness
    sk BY scsk5* scsk12 scsk19 scsk23 scsk26;
    ! self-judgment
    sj BY scsj1* scsj8 scsj11 scsj16 scsj21;
    ! common humanity
    ch BY scch3* scch7 scch10 scch15;
    ! isolation
    is BY scis4* scis13 scis18 scis25;
    ! mindfulness
    mi BY scmi9* scmi14 scmi17 scmi22;
    ! overidentification
    oi BY scoi2* scoi6 scoi20 scoi24;
    sj@1; oi@1; ch@1; sk@1; mi@1; is@1;

  ! Requesting standardized parameter estimates
  OUTPUT: stdyx;




INPUT READING TERMINATED NORMALLY



6 factor CFA.

SUMMARY OF ANALYSIS

Number of groups                                                 1
Number of observations                                         783

Number of dependent variables                                   26
Number of independent variables                                  0
Number of continuous latent variables                            6

Observed dependent variables

  Binary and ordered categorical (ordinal)
   SCSJ1       SCOI2       SCCH3       SCIS4       SCSK5       SCOI6
   SCCH7       SCSJ8       SCMI9       SCCH10      SCSJ11      SCSK12
   SCIS13      SCMI14      SCCH15      SCSJ16      SCMI17      SCIS18
   SCSK19      SCOI20      SCSJ21      SCMI22      SCSK23      SCOI24
   SCIS25      SCSK26

Continuous latent variables
   SK          SJ          CH          IS          MI          OI


Estimator                                                    WLSMV
Maximum number of iterations                                  1000
Convergence criterion                                    0.500D-04
Maximum number of steepest descent iterations                   20
Maximum number of iterations for H1                           2000
Convergence criterion for H1                             0.100D-03
Parameterization                                             DELTA
Link                                                        PROBIT

Input data file(s)
  selfcompassionitems.dat

Input data format  FREE


SUMMARY OF DATA

     Number of missing data patterns             1


COVARIANCE COVERAGE OF DATA

Minimum covariance coverage value   0.100


     PROPORTION OF DATA PRESENT


           Covariance Coverage
              SCSJ1         SCOI2         SCCH3         SCIS4         SCSK5
              ________      ________      ________      ________      ________
 SCSJ1          1.000
 SCOI2          1.000         1.000
 SCCH3          1.000         1.000         1.000
 SCIS4          1.000         1.000         1.000         1.000
 SCSK5          1.000         1.000         1.000         1.000         1.000
 SCOI6          1.000         1.000         1.000         1.000         1.000
 SCCH7          1.000         1.000         1.000         1.000         1.000
 SCSJ8          1.000         1.000         1.000         1.000         1.000
 SCMI9          1.000         1.000         1.000         1.000         1.000
 SCCH10         1.000         1.000         1.000         1.000         1.000
 SCSJ11         1.000         1.000         1.000         1.000         1.000
 SCSK12         1.000         1.000         1.000         1.000         1.000
 SCIS13         1.000         1.000         1.000         1.000         1.000
 SCMI14         1.000         1.000         1.000         1.000         1.000
 SCCH15         1.000         1.000         1.000         1.000         1.000
 SCSJ16         1.000         1.000         1.000         1.000         1.000
 SCMI17         1.000         1.000         1.000         1.000         1.000
 SCIS18         1.000         1.000         1.000         1.000         1.000
 SCSK19         1.000         1.000         1.000         1.000         1.000
 SCOI20         1.000         1.000         1.000         1.000         1.000
 SCSJ21         1.000         1.000         1.000         1.000         1.000
 SCMI22         1.000         1.000         1.000         1.000         1.000
 SCSK23         1.000         1.000         1.000         1.000         1.000
 SCOI24         1.000         1.000         1.000         1.000         1.000
 SCIS25         1.000         1.000         1.000         1.000         1.000
 SCSK26         1.000         1.000         1.000         1.000         1.000


           Covariance Coverage
              SCOI6         SCCH7         SCSJ8         SCMI9         SCCH10
              ________      ________      ________      ________      ________
 SCOI6          1.000
 SCCH7          1.000         1.000
 SCSJ8          1.000         1.000         1.000
 SCMI9          1.000         1.000         1.000         1.000
 SCCH10         1.000         1.000         1.000         1.000         1.000
 SCSJ11         1.000         1.000         1.000         1.000         1.000
 SCSK12         1.000         1.000         1.000         1.000         1.000
 SCIS13         1.000         1.000         1.000         1.000         1.000
 SCMI14         1.000         1.000         1.000         1.000         1.000
 SCCH15         1.000         1.000         1.000         1.000         1.000
 SCSJ16         1.000         1.000         1.000         1.000         1.000
 SCMI17         1.000         1.000         1.000         1.000         1.000
 SCIS18         1.000         1.000         1.000         1.000         1.000
 SCSK19         1.000         1.000         1.000         1.000         1.000
 SCOI20         1.000         1.000         1.000         1.000         1.000
 SCSJ21         1.000         1.000         1.000         1.000         1.000
 SCMI22         1.000         1.000         1.000         1.000         1.000
 SCSK23         1.000         1.000         1.000         1.000         1.000
 SCOI24         1.000         1.000         1.000         1.000         1.000
 SCIS25         1.000         1.000         1.000         1.000         1.000
 SCSK26         1.000         1.000         1.000         1.000         1.000


           Covariance Coverage
              SCSJ11        SCSK12        SCIS13        SCMI14        SCCH15
              ________      ________      ________      ________      ________
 SCSJ11         1.000
 SCSK12         1.000         1.000
 SCIS13         1.000         1.000         1.000
 SCMI14         1.000         1.000         1.000         1.000
 SCCH15         1.000         1.000         1.000         1.000         1.000
 SCSJ16         1.000         1.000         1.000         1.000         1.000
 SCMI17         1.000         1.000         1.000         1.000         1.000
 SCIS18         1.000         1.000         1.000         1.000         1.000
 SCSK19         1.000         1.000         1.000         1.000         1.000
 SCOI20         1.000         1.000         1.000         1.000         1.000
 SCSJ21         1.000         1.000         1.000         1.000         1.000
 SCMI22         1.000         1.000         1.000         1.000         1.000
 SCSK23         1.000         1.000         1.000         1.000         1.000
 SCOI24         1.000         1.000         1.000         1.000         1.000
 SCIS25         1.000         1.000         1.000         1.000         1.000
 SCSK26         1.000         1.000         1.000         1.000         1.000


           Covariance Coverage
              SCSJ16        SCMI17        SCIS18        SCSK19        SCOI20
              ________      ________      ________      ________      ________
 SCSJ16         1.000
 SCMI17         1.000         1.000
 SCIS18         1.000         1.000         1.000
 SCSK19         1.000         1.000         1.000         1.000
 SCOI20         1.000         1.000         1.000         1.000         1.000
 SCSJ21         1.000         1.000         1.000         1.000         1.000
 SCMI22         1.000         1.000         1.000         1.000         1.000
 SCSK23         1.000         1.000         1.000         1.000         1.000
 SCOI24         1.000         1.000         1.000         1.000         1.000
 SCIS25         1.000         1.000         1.000         1.000         1.000
 SCSK26         1.000         1.000         1.000         1.000         1.000


           Covariance Coverage
              SCSJ21        SCMI22        SCSK23        SCOI24        SCIS25
              ________      ________      ________      ________      ________
 SCSJ21         1.000
 SCMI22         1.000         1.000
 SCSK23         1.000         1.000         1.000
 SCOI24         1.000         1.000         1.000         1.000
 SCIS25         1.000         1.000         1.000         1.000         1.000
 SCSK26         1.000         1.000         1.000         1.000         1.000


           Covariance Coverage
              SCSK26
              ________
 SCSK26         1.000


UNIVARIATE PROPORTIONS AND COUNTS FOR CATEGORICAL VARIABLES

    SCSJ1
      Category 1    0.036           28.000
      Category 2    0.100           78.000
      Category 3    0.263          206.000
      Category 4    0.338          265.000
      Category 5    0.263          206.000
    SCOI2
      Category 1    0.303          237.000
      Category 2    0.243          190.000
      Category 3    0.207          162.000
      Category 4    0.153          120.000
      Category 5    0.095           74.000
    SCCH3
      Category 1    0.078           61.000
      Category 2    0.140          110.000
      Category 3    0.335          262.000
      Category 4    0.332          260.000
      Category 5    0.115           90.000
    SCIS4
      Category 1    0.338          265.000
      Category 2    0.261          204.000
      Category 3    0.178          139.000
      Category 4    0.142          111.000
      Category 5    0.082           64.000
    SCSK5
      Category 1    0.149          117.000
      Category 2    0.282          221.000
      Category 3    0.292          229.000
      Category 4    0.192          150.000
      Category 5    0.084           66.000
    SCOI6
      Category 1    0.223          175.000
      Category 2    0.254          199.000
      Category 3    0.226          177.000
      Category 4    0.186          146.000
      Category 5    0.110           86.000
    SCCH7
      Category 1    0.267          209.000
      Category 2    0.250          196.000
      Category 3    0.250          196.000
      Category 4    0.157          123.000
      Category 5    0.075           59.000
    SCSJ8
      Category 1    0.198          155.000
      Category 2    0.216          169.000
      Category 3    0.236          185.000
      Category 4    0.235          184.000
      Category 5    0.115           90.000
    SCMI9
      Category 1    0.042           33.000
      Category 2    0.117           92.000
      Category 3    0.312          244.000
      Category 4    0.356          279.000
      Category 5    0.172          135.000
    SCCH10
      Category 1    0.223          175.000
      Category 2    0.258          202.000
      Category 3    0.290          227.000
      Category 4    0.176          138.000
      Category 5    0.052           41.000
    SCSJ11
      Category 1    0.201          157.000
      Category 2    0.268          210.000
      Category 3    0.232          182.000
      Category 4    0.207          162.000
      Category 5    0.092           72.000
    SCSK12
      Category 1    0.169          132.000
      Category 2    0.318          249.000
      Category 3    0.268          210.000
      Category 4    0.180          141.000
      Category 5    0.065           51.000
    SCIS13
      Category 1    0.276          216.000
      Category 2    0.238          186.000
      Category 3    0.192          150.000
      Category 4    0.195          153.000
      Category 5    0.100           78.000
    SCMI14
      Category 1    0.034           27.000
      Category 2    0.109           85.000
      Category 3    0.303          237.000
      Category 4    0.364          285.000
      Category 5    0.190          149.000
    SCCH15
      Category 1    0.089           70.000
      Category 2    0.199          156.000
      Category 3    0.321          251.000
      Category 4    0.278          218.000
      Category 5    0.112           88.000
    SCSJ16
      Category 1    0.179          140.000
      Category 2    0.249          195.000
      Category 3    0.215          168.000
      Category 4    0.244          191.000
      Category 5    0.114           89.000
    SCMI17
      Category 1    0.040           31.000
      Category 2    0.155          121.000
      Category 3    0.346          271.000
      Category 4    0.342          268.000
      Category 5    0.117           92.000
    SCIS18
      Category 1    0.197          154.000
      Category 2    0.232          182.000
      Category 3    0.235          184.000
      Category 4    0.232          182.000
      Category 5    0.103           81.000
    SCSK19
      Category 1    0.153          120.000
      Category 2    0.284          222.000
      Category 3    0.313          245.000
      Category 4    0.178          139.000
      Category 5    0.073           57.000
    SCOI20
      Category 1    0.301          236.000
      Category 2    0.284          222.000
      Category 3    0.241          189.000
      Category 4    0.119           93.000
      Category 5    0.055           43.000
    SCSJ21
      Category 1    0.160          125.000
      Category 2    0.254          199.000
      Category 3    0.308          241.000
      Category 4    0.199          156.000
      Category 5    0.079           62.000
    SCMI22
      Category 1    0.134          105.000
      Category 2    0.250          196.000
      Category 3    0.321          251.000
      Category 4    0.223          175.000
      Category 5    0.072           56.000
    SCSK23
      Category 1    0.140          110.000
      Category 2    0.290          227.000
      Category 3    0.319          250.000
      Category 4    0.180          141.000
      Category 5    0.070           55.000
    SCOI24
      Category 1    0.433          339.000
      Category 2    0.294          230.000
      Category 3    0.151          118.000
      Category 4    0.083           65.000
      Category 5    0.040           31.000
    SCIS25
      Category 1    0.299          234.000
      Category 2    0.197          154.000
      Category 3    0.202          158.000
      Category 4    0.213          167.000
      Category 5    0.089           70.000
    SCSK26
      Category 1    0.115           90.000
      Category 2    0.292          229.000
      Category 3    0.338          265.000
      Category 4    0.197          154.000
      Category 5    0.057           45.000



THE MODEL ESTIMATION TERMINATED NORMALLY



MODEL FIT INFORMATION

Number of Free Parameters                      145

Chi-Square Test of Model Fit

          Value                           2341.694*
          Degrees of Freedom                   284
          P-Value                           0.0000

*   The chi-square value for MLM, MLMV, MLR, ULSMV, WLSM and WLSMV cannot be used
    for chi-square difference testing in the regular way.  MLM, MLR and WLSM
    chi-square difference testing is described on the Mplus website.  MLMV, WLSMV,
    and ULSMV difference testing is done using the DIFFTEST option.

RMSEA (Root Mean Square Error Of Approximation)

          Estimate                           0.096
          90 Percent C.I.                    0.093  0.100
          Probability RMSEA <= .05           0.000

CFI/TLI

          CFI                                0.900
          TLI                                0.885

Chi-Square Test of Model Fit for the Baseline Model

          Value                          20854.792
          Degrees of Freedom                   325
          P-Value                           0.0000

SRMR (Standardized Root Mean Square Residual)

          Value                              0.072

Optimum Function Value for Weighted Least-Squares Estimator

          Value                     0.15717505D+01



MODEL RESULTS

                                                    Two-Tailed
                    Estimate       S.E.  Est./S.E.    P-Value

 SK       BY
    SCSK5              0.638      0.022     28.484      0.000
    SCSK12             0.799      0.015     54.237      0.000
    SCSK19             0.818      0.015     55.845      0.000
    SCSK23             0.776      0.020     39.150      0.000
    SCSK26             0.742      0.020     36.878      0.000

 SJ       BY
    SCSJ1              0.585      0.026     22.094      0.000
    SCSJ8              0.836      0.015     55.774      0.000
    SCSJ11             0.795      0.018     44.180      0.000
    SCSJ16             0.816      0.018     46.593      0.000
    SCSJ21             0.657      0.023     28.270      0.000

 CH       BY
    SCCH3              0.494      0.030     16.284      0.000
    SCCH7              0.616      0.025     24.482      0.000
    SCCH10             0.685      0.022     31.192      0.000
    SCCH15             0.835      0.022     37.217      0.000

 IS       BY
    SCIS4              0.870      0.013     67.130      0.000
    SCIS13             0.820      0.014     57.739      0.000
    SCIS18             0.840      0.014     60.022      0.000
    SCIS25             0.826      0.015     53.890      0.000

 MI       BY
    SCMI9              0.518      0.027     19.259      0.000
    SCMI14             0.714      0.020     34.898      0.000
    SCMI17             0.832      0.017     47.735      0.000
    SCMI22             0.742      0.022     33.849      0.000

 OI       BY
    SCOI2              0.851      0.014     61.460      0.000
    SCOI6              0.847      0.013     63.830      0.000
    SCOI20             0.670      0.022     30.397      0.000
    SCOI24             0.708      0.022     32.761      0.000

 SJ       WITH
    SK                -0.363      0.033    -10.888      0.000

 CH       WITH
    SK                 0.636      0.025     25.772      0.000
    SJ                 0.138      0.039      3.590      0.000

 IS       WITH
    SK                -0.275      0.033     -8.439      0.000
    SJ                 0.774      0.018     42.662      0.000
    CH                 0.031      0.038      0.816      0.414

 MI       WITH
    SK                 0.704      0.020     35.572      0.000
    SJ                -0.144      0.038     -3.795      0.000
    CH                 0.640      0.027     23.750      0.000
    IS                -0.408      0.033    -12.431      0.000

 OI       WITH
    SK                -0.248      0.034     -7.278      0.000
    SJ                 0.823      0.018     44.822      0.000
    CH                 0.050      0.041      1.220      0.222
    IS                 0.953      0.011     86.608      0.000
    MI                -0.441      0.034    -12.963      0.000

 Thresholds
    SCSJ1$1           -1.802      0.084    -21.357      0.000
    SCSJ1$2           -1.101      0.056    -19.595      0.000
    SCSJ1$3           -0.257      0.045     -5.676      0.000
    SCSJ1$4            0.634      0.048     13.145      0.000
    SCOI2$1           -0.517      0.047    -10.986      0.000
    SCOI2$2            0.114      0.045      2.537      0.011
    SCOI2$3            0.682      0.049     13.971      0.000
    SCOI2$4            1.313      0.062     21.155      0.000
    SCCH3$1           -1.419      0.066    -21.591      0.000
    SCCH3$2           -0.778      0.050    -15.529      0.000
    SCCH3$3            0.133      0.045      2.965      0.003
    SCCH3$4            1.201      0.059     20.439      0.000
    SCIS4$1           -0.417      0.046     -9.014      0.000
    SCIS4$2            0.251      0.045      5.534      0.000
    SCIS4$3            0.760      0.050     15.261      0.000
    SCIS4$4            1.393      0.065     21.505      0.000
    SCSK5$1           -1.039      0.055    -18.964      0.000
    SCSK5$2           -0.172      0.045     -3.822      0.000
    SCSK5$3            0.595      0.048     12.453      0.000
    SCSK5$4            1.377      0.064     21.443      0.000
    SCOI6$1           -0.760      0.050    -15.261      0.000
    SCOI6$2           -0.056      0.045     -1.251      0.211
    SCOI6$3            0.535      0.047     11.337      0.000
    SCOI6$4            1.227      0.059     20.632      0.000
    SCCH7$1           -0.622      0.048    -12.938      0.000
    SCCH7$2            0.043      0.045      0.965      0.335
    SCCH7$3            0.731      0.049     14.788      0.000
    SCCH7$4            1.437      0.066     21.642      0.000
    SCSJ8$1           -0.849      0.051    -16.588      0.000
    SCSJ8$2           -0.218      0.045     -4.821      0.000
    SCSJ8$3            0.385      0.046      8.377      0.000
    SCSJ8$4            1.201      0.059     20.439      0.000
    SCMI9$1           -1.726      0.080    -21.615      0.000
    SCMI9$2           -0.996      0.054    -18.485      0.000
    SCMI9$3           -0.072      0.045     -1.608      0.108
    SCMI9$4            0.945      0.053     17.869      0.000
    SCCH10$1          -0.760      0.050    -15.261      0.000
    SCCH10$2          -0.046      0.045     -1.036      0.300
    SCCH10$3           0.743      0.050     14.991      0.000
    SCCH10$4           1.622      0.074     21.805      0.000
    SCSJ11$1          -0.840      0.051    -16.457      0.000
    SCSJ11$2          -0.079      0.045     -1.751      0.080
    SCSJ11$3           0.528      0.047     11.197      0.000
    SCSJ11$4           1.329      0.063     21.232      0.000
    SCSK12$1          -0.960      0.053    -18.056      0.000
    SCSK12$2          -0.034      0.045     -0.750      0.453
    SCSK12$3           0.690      0.049     14.108      0.000
    SCSK12$4           1.513      0.069     21.790      0.000
    SCIS13$1          -0.595      0.048    -12.453      0.000
    SCIS13$2           0.034      0.045      0.750      0.453
    SCIS13$3           0.539      0.047     11.407      0.000
    SCIS13$4           1.284      0.061     20.991      0.000
    SCMI14$1          -1.819      0.085    -21.289      0.000
    SCMI14$2          -1.067      0.055    -19.255      0.000
    SCMI14$3          -0.136      0.045     -3.037      0.002
    SCMI14$4           0.877      0.052     16.978      0.000
    SCCH15$1          -1.344      0.063    -21.306      0.000
    SCCH15$2          -0.557      0.047    -11.756      0.000
    SCCH15$3           0.277      0.045      6.103      0.000
    SCCH15$4           1.214      0.059     20.536      0.000
    SCSJ16$1          -0.920      0.052    -17.554      0.000
    SCSJ16$2          -0.182      0.045     -4.036      0.000
    SCSJ16$3           0.365      0.046      7.951      0.000
    SCSJ16$4           1.207      0.059     20.488      0.000
    SCMI17$1          -1.755      0.082    -21.527      0.000
    SCMI17$2          -0.863      0.051    -16.783      0.000
    SCMI17$3           0.101      0.045      2.251      0.024
    SCMI17$4           1.188      0.058     20.339      0.000
    SCIS18$1          -0.854      0.051    -16.653      0.000
    SCIS18$2          -0.179      0.045     -3.965      0.000
    SCIS18$3           0.424      0.046      9.155      0.000
    SCIS18$4           1.262      0.061     20.861      0.000
    SCSK19$1          -1.023      0.054    -18.786      0.000
    SCSK19$2          -0.159      0.045     -3.537      0.000
    SCSK19$3           0.673      0.049     13.834      0.000
    SCSK19$4           1.455      0.067     21.688      0.000
    SCOI20$1          -0.520      0.047    -11.056      0.000
    SCOI20$2           0.215      0.045      4.750      0.000
    SCOI20$3           0.940      0.053     17.806      0.000
    SCOI20$4           1.599      0.073     21.821      0.000
    SCSJ21$1          -0.996      0.054    -18.485      0.000
    SCSJ21$2          -0.218      0.045     -4.821      0.000
    SCSJ21$3           0.588      0.048     12.314      0.000
    SCSJ21$4           1.411      0.065     21.563      0.000
    SCMI22$1          -1.107      0.056    -19.650      0.000
    SCMI22$2          -0.294      0.045     -6.459      0.000
    SCMI22$3           0.539      0.047     11.407      0.000
    SCMI22$4           1.465      0.067     21.709      0.000
    SCSK23$1          -1.078      0.056    -19.369      0.000
    SCSK23$2          -0.175      0.045     -3.893      0.000
    SCSK23$3           0.673      0.049     13.834      0.000
    SCSK23$4           1.474      0.068     21.728      0.000
    SCOI24$1          -0.169      0.045     -3.751      0.000
    SCOI24$2           0.603      0.048     12.591      0.000
    SCOI24$3           1.162      0.058     20.134      0.000
    SCOI24$4           1.755      0.082     21.527      0.000
    SCIS25$1          -0.528      0.047    -11.197      0.000
    SCIS25$2          -0.011      0.045     -0.250      0.802
    SCIS25$3           0.517      0.047     10.986      0.000
    SCIS25$4           1.344      0.063     21.306      0.000
    SCSK26$1          -1.201      0.059    -20.439      0.000
    SCSK26$2          -0.234      0.045     -5.177      0.000
    SCSK26$3           0.661      0.049     13.628      0.000
    SCSK26$4           1.576      0.072     21.826      0.000

 Variances
    SK                 1.000      0.000    999.000    999.000
    SJ                 1.000      0.000    999.000    999.000
    CH                 1.000      0.000    999.000    999.000
    IS                 1.000      0.000    999.000    999.000
    MI                 1.000      0.000    999.000    999.000
    OI                 1.000      0.000    999.000    999.000


STANDARDIZED MODEL RESULTS


STDYX Standardization

                                                    Two-Tailed
                    Estimate       S.E.  Est./S.E.    P-Value

 SK       BY
    SCSK5              0.638      0.022     28.484      0.000
    SCSK12             0.799      0.015     54.237      0.000
    SCSK19             0.818      0.015     55.845      0.000
    SCSK23             0.776      0.020     39.150      0.000
    SCSK26             0.742      0.020     36.878      0.000

 SJ       BY
    SCSJ1              0.585      0.026     22.094      0.000
    SCSJ8              0.836      0.015     55.774      0.000
    SCSJ11             0.795      0.018     44.180      0.000
    SCSJ16             0.816      0.018     46.593      0.000
    SCSJ21             0.657      0.023     28.270      0.000

 CH       BY
    SCCH3              0.494      0.030     16.284      0.000
    SCCH7              0.616      0.025     24.482      0.000
    SCCH10             0.685      0.022     31.192      0.000
    SCCH15             0.835      0.022     37.217      0.000

 IS       BY
    SCIS4              0.870      0.013     67.130      0.000
    SCIS13             0.820      0.014     57.739      0.000
    SCIS18             0.840      0.014     60.022      0.000
    SCIS25             0.826      0.015     53.890      0.000

 MI       BY
    SCMI9              0.518      0.027     19.259      0.000
    SCMI14             0.714      0.020     34.898      0.000
    SCMI17             0.832      0.017     47.735      0.000
    SCMI22             0.742      0.022     33.849      0.000

 OI       BY
    SCOI2              0.851      0.014     61.460      0.000
    SCOI6              0.847      0.013     63.830      0.000
    SCOI20             0.670      0.022     30.397      0.000
    SCOI24             0.708      0.022     32.761      0.000

 SJ       WITH
    SK                -0.363      0.033    -10.888      0.000

 CH       WITH
    SK                 0.636      0.025     25.772      0.000
    SJ                 0.138      0.039      3.590      0.000

 IS       WITH
    SK                -0.275      0.033     -8.439      0.000
    SJ                 0.774      0.018     42.662      0.000
    CH                 0.031      0.038      0.816      0.414

 MI       WITH
    SK                 0.704      0.020     35.572      0.000
    SJ                -0.144      0.038     -3.795      0.000
    CH                 0.640      0.027     23.750      0.000
    IS                -0.408      0.033    -12.431      0.000

 OI       WITH
    SK                -0.248      0.034     -7.278      0.000
    SJ                 0.823      0.018     44.822      0.000
    CH                 0.050      0.041      1.220      0.222
    IS                 0.953      0.011     86.608      0.000
    MI                -0.441      0.034    -12.963      0.000

 Thresholds
    SCSJ1$1           -1.802      0.084    -21.357      0.000
    SCSJ1$2           -1.101      0.056    -19.595      0.000
    SCSJ1$3           -0.257      0.045     -5.676      0.000
    SCSJ1$4            0.634      0.048     13.145      0.000
    SCOI2$1           -0.517      0.047    -10.986      0.000
    SCOI2$2            0.114      0.045      2.537      0.011
    SCOI2$3            0.682      0.049     13.971      0.000
    SCOI2$4            1.313      0.062     21.155      0.000
    SCCH3$1           -1.419      0.066    -21.591      0.000
    SCCH3$2           -0.778      0.050    -15.529      0.000
    SCCH3$3            0.133      0.045      2.965      0.003
    SCCH3$4            1.201      0.059     20.439      0.000
    SCIS4$1           -0.417      0.046     -9.014      0.000
    SCIS4$2            0.251      0.045      5.534      0.000
    SCIS4$3            0.760      0.050     15.261      0.000
    SCIS4$4            1.393      0.065     21.505      0.000
    SCSK5$1           -1.039      0.055    -18.964      0.000
    SCSK5$2           -0.172      0.045     -3.822      0.000
    SCSK5$3            0.595      0.048     12.453      0.000
    SCSK5$4            1.377      0.064     21.443      0.000
    SCOI6$1           -0.760      0.050    -15.261      0.000
    SCOI6$2           -0.056      0.045     -1.251      0.211
    SCOI6$3            0.535      0.047     11.337      0.000
    SCOI6$4            1.227      0.059     20.632      0.000
    SCCH7$1           -0.622      0.048    -12.938      0.000
    SCCH7$2            0.043      0.045      0.965      0.335
    SCCH7$3            0.731      0.049     14.788      0.000
    SCCH7$4            1.437      0.066     21.642      0.000
    SCSJ8$1           -0.849      0.051    -16.588      0.000
    SCSJ8$2           -0.218      0.045     -4.821      0.000
    SCSJ8$3            0.385      0.046      8.377      0.000
    SCSJ8$4            1.201      0.059     20.439      0.000
    SCMI9$1           -1.726      0.080    -21.615      0.000
    SCMI9$2           -0.996      0.054    -18.485      0.000
    SCMI9$3           -0.072      0.045     -1.608      0.108
    SCMI9$4            0.945      0.053     17.869      0.000
    SCCH10$1          -0.760      0.050    -15.261      0.000
    SCCH10$2          -0.046      0.045     -1.036      0.300
    SCCH10$3           0.743      0.050     14.991      0.000
    SCCH10$4           1.622      0.074     21.805      0.000
    SCSJ11$1          -0.840      0.051    -16.457      0.000
    SCSJ11$2          -0.079      0.045     -1.751      0.080
    SCSJ11$3           0.528      0.047     11.197      0.000
    SCSJ11$4           1.329      0.063     21.232      0.000
    SCSK12$1          -0.960      0.053    -18.056      0.000
    SCSK12$2          -0.034      0.045     -0.750      0.453
    SCSK12$3           0.690      0.049     14.108      0.000
    SCSK12$4           1.513      0.069     21.790      0.000
    SCIS13$1          -0.595      0.048    -12.453      0.000
    SCIS13$2           0.034      0.045      0.750      0.453
    SCIS13$3           0.539      0.047     11.407      0.000
    SCIS13$4           1.284      0.061     20.991      0.000
    SCMI14$1          -1.819      0.085    -21.289      0.000
    SCMI14$2          -1.067      0.055    -19.255      0.000
    SCMI14$3          -0.136      0.045     -3.037      0.002
    SCMI14$4           0.877      0.052     16.978      0.000
    SCCH15$1          -1.344      0.063    -21.306      0.000
    SCCH15$2          -0.557      0.047    -11.756      0.000
    SCCH15$3           0.277      0.045      6.103      0.000
    SCCH15$4           1.214      0.059     20.536      0.000
    SCSJ16$1          -0.920      0.052    -17.554      0.000
    SCSJ16$2          -0.182      0.045     -4.036      0.000
    SCSJ16$3           0.365      0.046      7.951      0.000
    SCSJ16$4           1.207      0.059     20.488      0.000
    SCMI17$1          -1.755      0.082    -21.527      0.000
    SCMI17$2          -0.863      0.051    -16.783      0.000
    SCMI17$3           0.101      0.045      2.251      0.024
    SCMI17$4           1.188      0.058     20.339      0.000
    SCIS18$1          -0.854      0.051    -16.653      0.000
    SCIS18$2          -0.179      0.045     -3.965      0.000
    SCIS18$3           0.424      0.046      9.155      0.000
    SCIS18$4           1.262      0.061     20.861      0.000
    SCSK19$1          -1.023      0.054    -18.786      0.000
    SCSK19$2          -0.159      0.045     -3.537      0.000
    SCSK19$3           0.673      0.049     13.834      0.000
    SCSK19$4           1.455      0.067     21.688      0.000
    SCOI20$1          -0.520      0.047    -11.056      0.000
    SCOI20$2           0.215      0.045      4.750      0.000
    SCOI20$3           0.940      0.053     17.806      0.000
    SCOI20$4           1.599      0.073     21.821      0.000
    SCSJ21$1          -0.996      0.054    -18.485      0.000
    SCSJ21$2          -0.218      0.045     -4.821      0.000
    SCSJ21$3           0.588      0.048     12.314      0.000
    SCSJ21$4           1.411      0.065     21.563      0.000
    SCMI22$1          -1.107      0.056    -19.650      0.000
    SCMI22$2          -0.294      0.045     -6.459      0.000
    SCMI22$3           0.539      0.047     11.407      0.000
    SCMI22$4           1.465      0.067     21.709      0.000
    SCSK23$1          -1.078      0.056    -19.369      0.000
    SCSK23$2          -0.175      0.045     -3.893      0.000
    SCSK23$3           0.673      0.049     13.834      0.000
    SCSK23$4           1.474      0.068     21.728      0.000
    SCOI24$1          -0.169      0.045     -3.751      0.000
    SCOI24$2           0.603      0.048     12.591      0.000
    SCOI24$3           1.162      0.058     20.134      0.000
    SCOI24$4           1.755      0.082     21.527      0.000
    SCIS25$1          -0.528      0.047    -11.197      0.000
    SCIS25$2          -0.011      0.045     -0.250      0.802
    SCIS25$3           0.517      0.047     10.986      0.000
    SCIS25$4           1.344      0.063     21.306      0.000
    SCSK26$1          -1.201      0.059    -20.439      0.000
    SCSK26$2          -0.234      0.045     -5.177      0.000
    SCSK26$3           0.661      0.049     13.628      0.000
    SCSK26$4           1.576      0.072     21.826      0.000

 Variances
    SK                 1.000      0.000    999.000    999.000
    SJ                 1.000      0.000    999.000    999.000
    CH                 1.000      0.000    999.000    999.000
    IS                 1.000      0.000    999.000    999.000
    MI                 1.000      0.000    999.000    999.000
    OI                 1.000      0.000    999.000    999.000


R-SQUARE

    Observed                                        Two-Tailed   Residual
    Variable        Estimate       S.E.  Est./S.E.    P-Value    Variance

    SCSJ1              0.342      0.031     11.047      0.000      0.658
    SCOI2              0.724      0.024     30.730      0.000      0.276
    SCCH3              0.244      0.030      8.142      0.000      0.756
    SCIS4              0.757      0.023     33.565      0.000      0.243
    SCSK5              0.407      0.029     14.242      0.000      0.593
    SCOI6              0.717      0.022     31.915      0.000      0.283
    SCCH7              0.379      0.031     12.241      0.000      0.621
    SCSJ8              0.698      0.025     27.887      0.000      0.302
    SCMI9              0.269      0.028      9.630      0.000      0.731
    SCCH10             0.469      0.030     15.596      0.000      0.531
    SCSJ11             0.632      0.029     22.090      0.000      0.368
    SCSK12             0.638      0.024     27.118      0.000      0.362
    SCIS13             0.673      0.023     28.869      0.000      0.327
    SCMI14             0.510      0.029     17.449      0.000      0.490
    SCCH15             0.697      0.037     18.609      0.000      0.303
    SCSJ16             0.667      0.029     23.297      0.000      0.333
    SCMI17             0.692      0.029     23.868      0.000      0.308
    SCIS18             0.705      0.023     30.011      0.000      0.295
    SCSK19             0.670      0.024     27.923      0.000      0.330
    SCOI20             0.449      0.030     15.198      0.000      0.551
    SCSJ21             0.431      0.031     14.135      0.000      0.569
    SCMI22             0.551      0.033     16.924      0.000      0.449
    SCSK23             0.602      0.031     19.575      0.000      0.398
    SCOI24             0.501      0.031     16.381      0.000      0.499
    SCIS25             0.682      0.025     26.945      0.000      0.318
    SCSK26             0.551      0.030     18.439      0.000      0.449


QUALITY OF NUMERICAL RESULTS

     Condition Number for the Information Matrix              0.435E-02
       (ratio of smallest to largest eigenvalue)


     Beginning Time:  14:28:32
        Ending Time:  14:28:33
       Elapsed Time:  00:00:01



MUTHEN & MUTHEN
3463 Stoner Ave.
Los Angeles, CA  90066

Tel: (310) 391-9971
Fax: (310) 391-8971
Web: www.StatModel.com
Support: Support@StatModel.com

Copyright (c) 1998-2020 Muthen & Muthen
