Mplus VERSION 8.5 (Mac)
MUTHEN & MUTHEN
03/05/2021   2:32 PM

INPUT INSTRUCTIONS

  TITLE: 6 factor ESEM.

  DATA:
    FILE IS selfcompassionitems.dat;

  VARIABLE:
    NAMES ARE scsj1 scoi2 scch3 scis4 scsk5 scoi6 scch7 scsj8
              scmi9 scch10 scsj11 scsk12 scis13 scmi14 scch15
              scsj16 scmi17 scis18 scsk19 scoi20 scsj21 scmi22
              scsk23 scoi24 scis25 scsk26;
    MISSING ARE ALL(-9);
    USEVARIABLES ARE scsj1 scoi2 scch3 scis4 scsk5 scoi6 scch7 scsj8
              scmi9 scch10 scsj11 scsk12 scis13 scmi14 scch15
              scsj16 scmi17 scis18 scsk19 scoi20 scsj21 scmi22
              scsk23 scoi24 scis25 scsk26;
    CATEGORICAL ARE all;

  ANALYSIS:
    ! Requesting the weighted least squares mean- and variance-adjusted estimator
    ESTIMATOR = WLSMV;
    ROTATION = target;

  MODEL:
    MODEL:
    sk BY scsk5 scsk12 scsk19 scsk23 scsk26 scsj1~0 scsj8~0 scsj11~0
          scsj16~0 scsj21~0 scch3~0 scch7~0 scch10~0 scch15~0 scis4~0
          scis13~0 scis18~0 scis25~0 scmi9~0 scmi14~0 scmi17~0 scmi22~0
          scoi2~0 scoi6~0 scoi20~0 scoi24~0 (*1);
    sj BY scsk5~0 scsk12~0 scsk19~0 scsk23~0 scsk26~0 scsj1 scsj8 scsj11
          scsj16 scsj21 scch3~0 scch7~0 scch10~0 scch15~0 scis4~0 scis13~0
          scis18~0 scis25~0 scmi9~0 scmi14~0 scmi17~0 scmi22~0 scoi2~0
          scoi6~0 scoi20~0 scoi24~0 (*1);
    ch BY scsk5~0 scsk12~0 scsk19~0 scsk23~0 scsk26~0 scsj1~0 scsj8~0
          scsj11~0 scsj16~0 scsj21~0 scch3 scch7 scch10 scch15 scis4~0
          scis13~0 scis18~0 scis25~0 scmi9~0 scmi14~0 scmi17~0 scmi22~0
          scoi2~0 scoi6~0 scoi20~0 scoi24~0 (*1);
    is BY scsk5~0 scsk12~0 scsk19~0 scsk23~0 scsk26~0 scsj1~0 scsj8~0
          scsj11~0 scsj16~0 scsj21~0 scch3~0 scch7~0 scch10~0 scch15~0
          scis4 scis13 scis18 scis25 scmi9~0 scmi14~0 scmi17~0 scmi22~0
          scoi2~0 scoi6~0 scoi20~0 scoi24~0 (*1);
    mi BY scsk5~0 scsk12~0 scsk19~0 scsk23~0 scsk26~0 scsj1~0 scsj8~0
          scsj11~0 scsj16~0 scsj21~0 scch3~0 scch7~0 scch10~0 scch15~0
          scis4~0 scis13~0 scis18~0 scis25~0 scmi9 scmi14 scmi17 scmi22
          scoi2~0 scoi6~0 scoi20~0 scoi24~0 (*1);
    oi BY scsk5~0 scsk12~0 scsk19~0 scsk23~0 scsk26~0 scsj1~0 scsj8~0
          scsj11~0 scsj16~0 scsj21~0 scch3~0 scch7~0 scch10~0 scch15~0
          scis4~0 scis13~0 scis18~0 scis25~0 scmi9~0 scmi14~0 scmi17~0
          scmi22~0 scoi2 scoi6 scoi20 scoi24 (*1);

  ! Requesting standardized parameter estimates
  OUTPUT: stdyx;




INPUT READING TERMINATED NORMALLY



6 factor ESEM.

SUMMARY OF ANALYSIS

Number of groups                                                 1
Number of observations                                         783

Number of dependent variables                                   26
Number of independent variables                                  0
Number of continuous latent variables                            6

Observed dependent variables

  Binary and ordered categorical (ordinal)
   SCSJ1       SCOI2       SCCH3       SCIS4       SCSK5       SCOI6
   SCCH7       SCSJ8       SCMI9       SCCH10      SCSJ11      SCSK12
   SCIS13      SCMI14      SCCH15      SCSJ16      SCMI17      SCIS18
   SCSK19      SCOI20      SCSJ21      SCMI22      SCSK23      SCOI24
   SCIS25      SCSK26

Continuous latent variables

  EFA factors
  *1:   SK          SJ          CH          IS          MI          OI


Estimator                                                    WLSMV
Rotation                                                    TARGET
Row standardization                                    CORRELATION
Type of rotation                                           OBLIQUE
Maximum number of iterations                                  1000
Convergence criterion                                    0.500D-04
Maximum number of steepest descent iterations                   20
Maximum number of iterations for H1                           2000
Convergence criterion for H1                             0.100D-03
Optimization Specifications for the Exploratory Factor Analysis
Rotation Algorithm
  Number of random starts                                       30
  Maximum number of iterations                             1000000
  Derivative convergence criterion                       0.100D-04
Parameterization                                             DELTA
Link                                                        PROBIT

Input data file(s)
  selfcompassionitems.dat

Input data format  FREE


SUMMARY OF DATA

     Number of missing data patterns             1


COVARIANCE COVERAGE OF DATA

Minimum covariance coverage value   0.100


     PROPORTION OF DATA PRESENT


           Covariance Coverage
              SCSJ1         SCOI2         SCCH3         SCIS4         SCSK5
              ________      ________      ________      ________      ________
 SCSJ1          1.000
 SCOI2          1.000         1.000
 SCCH3          1.000         1.000         1.000
 SCIS4          1.000         1.000         1.000         1.000
 SCSK5          1.000         1.000         1.000         1.000         1.000
 SCOI6          1.000         1.000         1.000         1.000         1.000
 SCCH7          1.000         1.000         1.000         1.000         1.000
 SCSJ8          1.000         1.000         1.000         1.000         1.000
 SCMI9          1.000         1.000         1.000         1.000         1.000
 SCCH10         1.000         1.000         1.000         1.000         1.000
 SCSJ11         1.000         1.000         1.000         1.000         1.000
 SCSK12         1.000         1.000         1.000         1.000         1.000
 SCIS13         1.000         1.000         1.000         1.000         1.000
 SCMI14         1.000         1.000         1.000         1.000         1.000
 SCCH15         1.000         1.000         1.000         1.000         1.000
 SCSJ16         1.000         1.000         1.000         1.000         1.000
 SCMI17         1.000         1.000         1.000         1.000         1.000
 SCIS18         1.000         1.000         1.000         1.000         1.000
 SCSK19         1.000         1.000         1.000         1.000         1.000
 SCOI20         1.000         1.000         1.000         1.000         1.000
 SCSJ21         1.000         1.000         1.000         1.000         1.000
 SCMI22         1.000         1.000         1.000         1.000         1.000
 SCSK23         1.000         1.000         1.000         1.000         1.000
 SCOI24         1.000         1.000         1.000         1.000         1.000
 SCIS25         1.000         1.000         1.000         1.000         1.000
 SCSK26         1.000         1.000         1.000         1.000         1.000


           Covariance Coverage
              SCOI6         SCCH7         SCSJ8         SCMI9         SCCH10
              ________      ________      ________      ________      ________
 SCOI6          1.000
 SCCH7          1.000         1.000
 SCSJ8          1.000         1.000         1.000
 SCMI9          1.000         1.000         1.000         1.000
 SCCH10         1.000         1.000         1.000         1.000         1.000
 SCSJ11         1.000         1.000         1.000         1.000         1.000
 SCSK12         1.000         1.000         1.000         1.000         1.000
 SCIS13         1.000         1.000         1.000         1.000         1.000
 SCMI14         1.000         1.000         1.000         1.000         1.000
 SCCH15         1.000         1.000         1.000         1.000         1.000
 SCSJ16         1.000         1.000         1.000         1.000         1.000
 SCMI17         1.000         1.000         1.000         1.000         1.000
 SCIS18         1.000         1.000         1.000         1.000         1.000
 SCSK19         1.000         1.000         1.000         1.000         1.000
 SCOI20         1.000         1.000         1.000         1.000         1.000
 SCSJ21         1.000         1.000         1.000         1.000         1.000
 SCMI22         1.000         1.000         1.000         1.000         1.000
 SCSK23         1.000         1.000         1.000         1.000         1.000
 SCOI24         1.000         1.000         1.000         1.000         1.000
 SCIS25         1.000         1.000         1.000         1.000         1.000
 SCSK26         1.000         1.000         1.000         1.000         1.000


           Covariance Coverage
              SCSJ11        SCSK12        SCIS13        SCMI14        SCCH15
              ________      ________      ________      ________      ________
 SCSJ11         1.000
 SCSK12         1.000         1.000
 SCIS13         1.000         1.000         1.000
 SCMI14         1.000         1.000         1.000         1.000
 SCCH15         1.000         1.000         1.000         1.000         1.000
 SCSJ16         1.000         1.000         1.000         1.000         1.000
 SCMI17         1.000         1.000         1.000         1.000         1.000
 SCIS18         1.000         1.000         1.000         1.000         1.000
 SCSK19         1.000         1.000         1.000         1.000         1.000
 SCOI20         1.000         1.000         1.000         1.000         1.000
 SCSJ21         1.000         1.000         1.000         1.000         1.000
 SCMI22         1.000         1.000         1.000         1.000         1.000
 SCSK23         1.000         1.000         1.000         1.000         1.000
 SCOI24         1.000         1.000         1.000         1.000         1.000
 SCIS25         1.000         1.000         1.000         1.000         1.000
 SCSK26         1.000         1.000         1.000         1.000         1.000


           Covariance Coverage
              SCSJ16        SCMI17        SCIS18        SCSK19        SCOI20
              ________      ________      ________      ________      ________
 SCSJ16         1.000
 SCMI17         1.000         1.000
 SCIS18         1.000         1.000         1.000
 SCSK19         1.000         1.000         1.000         1.000
 SCOI20         1.000         1.000         1.000         1.000         1.000
 SCSJ21         1.000         1.000         1.000         1.000         1.000
 SCMI22         1.000         1.000         1.000         1.000         1.000
 SCSK23         1.000         1.000         1.000         1.000         1.000
 SCOI24         1.000         1.000         1.000         1.000         1.000
 SCIS25         1.000         1.000         1.000         1.000         1.000
 SCSK26         1.000         1.000         1.000         1.000         1.000


           Covariance Coverage
              SCSJ21        SCMI22        SCSK23        SCOI24        SCIS25
              ________      ________      ________      ________      ________
 SCSJ21         1.000
 SCMI22         1.000         1.000
 SCSK23         1.000         1.000         1.000
 SCOI24         1.000         1.000         1.000         1.000
 SCIS25         1.000         1.000         1.000         1.000         1.000
 SCSK26         1.000         1.000         1.000         1.000         1.000


           Covariance Coverage
              SCSK26
              ________
 SCSK26         1.000


UNIVARIATE PROPORTIONS AND COUNTS FOR CATEGORICAL VARIABLES

    SCSJ1
      Category 1    0.036           28.000
      Category 2    0.100           78.000
      Category 3    0.263          206.000
      Category 4    0.338          265.000
      Category 5    0.263          206.000
    SCOI2
      Category 1    0.303          237.000
      Category 2    0.243          190.000
      Category 3    0.207          162.000
      Category 4    0.153          120.000
      Category 5    0.095           74.000
    SCCH3
      Category 1    0.078           61.000
      Category 2    0.140          110.000
      Category 3    0.335          262.000
      Category 4    0.332          260.000
      Category 5    0.115           90.000
    SCIS4
      Category 1    0.338          265.000
      Category 2    0.261          204.000
      Category 3    0.178          139.000
      Category 4    0.142          111.000
      Category 5    0.082           64.000
    SCSK5
      Category 1    0.149          117.000
      Category 2    0.282          221.000
      Category 3    0.292          229.000
      Category 4    0.192          150.000
      Category 5    0.084           66.000
    SCOI6
      Category 1    0.223          175.000
      Category 2    0.254          199.000
      Category 3    0.226          177.000
      Category 4    0.186          146.000
      Category 5    0.110           86.000
    SCCH7
      Category 1    0.267          209.000
      Category 2    0.250          196.000
      Category 3    0.250          196.000
      Category 4    0.157          123.000
      Category 5    0.075           59.000
    SCSJ8
      Category 1    0.198          155.000
      Category 2    0.216          169.000
      Category 3    0.236          185.000
      Category 4    0.235          184.000
      Category 5    0.115           90.000
    SCMI9
      Category 1    0.042           33.000
      Category 2    0.117           92.000
      Category 3    0.312          244.000
      Category 4    0.356          279.000
      Category 5    0.172          135.000
    SCCH10
      Category 1    0.223          175.000
      Category 2    0.258          202.000
      Category 3    0.290          227.000
      Category 4    0.176          138.000
      Category 5    0.052           41.000
    SCSJ11
      Category 1    0.201          157.000
      Category 2    0.268          210.000
      Category 3    0.232          182.000
      Category 4    0.207          162.000
      Category 5    0.092           72.000
    SCSK12
      Category 1    0.169          132.000
      Category 2    0.318          249.000
      Category 3    0.268          210.000
      Category 4    0.180          141.000
      Category 5    0.065           51.000
    SCIS13
      Category 1    0.276          216.000
      Category 2    0.238          186.000
      Category 3    0.192          150.000
      Category 4    0.195          153.000
      Category 5    0.100           78.000
    SCMI14
      Category 1    0.034           27.000
      Category 2    0.109           85.000
      Category 3    0.303          237.000
      Category 4    0.364          285.000
      Category 5    0.190          149.000
    SCCH15
      Category 1    0.089           70.000
      Category 2    0.199          156.000
      Category 3    0.321          251.000
      Category 4    0.278          218.000
      Category 5    0.112           88.000
    SCSJ16
      Category 1    0.179          140.000
      Category 2    0.249          195.000
      Category 3    0.215          168.000
      Category 4    0.244          191.000
      Category 5    0.114           89.000
    SCMI17
      Category 1    0.040           31.000
      Category 2    0.155          121.000
      Category 3    0.346          271.000
      Category 4    0.342          268.000
      Category 5    0.117           92.000
    SCIS18
      Category 1    0.197          154.000
      Category 2    0.232          182.000
      Category 3    0.235          184.000
      Category 4    0.232          182.000
      Category 5    0.103           81.000
    SCSK19
      Category 1    0.153          120.000
      Category 2    0.284          222.000
      Category 3    0.313          245.000
      Category 4    0.178          139.000
      Category 5    0.073           57.000
    SCOI20
      Category 1    0.301          236.000
      Category 2    0.284          222.000
      Category 3    0.241          189.000
      Category 4    0.119           93.000
      Category 5    0.055           43.000
    SCSJ21
      Category 1    0.160          125.000
      Category 2    0.254          199.000
      Category 3    0.308          241.000
      Category 4    0.199          156.000
      Category 5    0.079           62.000
    SCMI22
      Category 1    0.134          105.000
      Category 2    0.250          196.000
      Category 3    0.321          251.000
      Category 4    0.223          175.000
      Category 5    0.072           56.000
    SCSK23
      Category 1    0.140          110.000
      Category 2    0.290          227.000
      Category 3    0.319          250.000
      Category 4    0.180          141.000
      Category 5    0.070           55.000
    SCOI24
      Category 1    0.433          339.000
      Category 2    0.294          230.000
      Category 3    0.151          118.000
      Category 4    0.083           65.000
      Category 5    0.040           31.000
    SCIS25
      Category 1    0.299          234.000
      Category 2    0.197          154.000
      Category 3    0.202          158.000
      Category 4    0.213          167.000
      Category 5    0.089           70.000
    SCSK26
      Category 1    0.115           90.000
      Category 2    0.292          229.000
      Category 3    0.338          265.000
      Category 4    0.197          154.000
      Category 5    0.057           45.000



THE MODEL ESTIMATION TERMINATED NORMALLY



MODEL FIT INFORMATION

Number of Free Parameters                      245

Chi-Square Test of Model Fit

          Value                            594.160*
          Degrees of Freedom                   184
          P-Value                           0.0000

*   The chi-square value for MLM, MLMV, MLR, ULSMV, WLSM and WLSMV cannot be used
    for chi-square difference testing in the regular way.  MLM, MLR and WLSM
    chi-square difference testing is described on the Mplus website.  MLMV, WLSMV,
    and ULSMV difference testing is done using the DIFFTEST option.

RMSEA (Root Mean Square Error Of Approximation)

          Estimate                           0.053
          90 Percent C.I.                    0.049  0.058
          Probability RMSEA <= .05           0.121

CFI/TLI

          CFI                                0.980
          TLI                                0.965

Chi-Square Test of Model Fit for the Baseline Model

          Value                          20854.792
          Degrees of Freedom                   325
          P-Value                           0.0000

SRMR (Standardized Root Mean Square Residual)

          Value                              0.019

Optimum Function Value for Weighted Least-Squares Estimator

          Value                     0.11685048D+00



MODEL RESULTS

                                                    Two-Tailed
                    Estimate       S.E.  Est./S.E.    P-Value

 SK       BY
    SCSK5              0.714      0.028     25.552      0.000
    SCSK12             0.844      0.023     36.418      0.000
    SCSK19             0.845      0.025     33.405      0.000
    SCSK23             0.264      0.040      6.552      0.000
    SCSK26             0.326      0.037      8.808      0.000
    SCSJ1             -0.064      0.035     -1.833      0.067
    SCSJ8             -0.180      0.028     -6.423      0.000
    SCSJ11            -0.055      0.030     -1.830      0.067
    SCSJ16            -0.013      0.029     -0.451      0.652
    SCSJ21            -0.218      0.034     -6.433      0.000
    SCCH3             -0.061      0.039     -1.555      0.120
    SCCH7              0.036      0.030      1.201      0.230
    SCCH10             0.019      0.030      0.641      0.522
    SCCH15             0.124      0.031      3.955      0.000
    SCIS4             -0.094      0.031     -3.036      0.002
    SCIS13            -0.024      0.025     -0.942      0.346
    SCIS18             0.008      0.026      0.296      0.768
    SCIS25             0.023      0.032      0.718      0.473
    SCMI9              0.071      0.035      2.021      0.043
    SCMI14             0.117      0.030      3.933      0.000
    SCMI17             0.191      0.028      6.876      0.000
    SCMI22             0.322      0.031     10.495      0.000
    SCOI2             -0.032      0.035     -0.900      0.368
    SCOI6              0.006      0.031      0.183      0.855
    SCOI20             0.235      0.034      6.962      0.000
    SCOI24             0.081      0.037      2.174      0.030

 SJ       BY
    SCSK5              0.049      0.030      1.606      0.108
    SCSK12             0.100      0.026      3.783      0.000
    SCSK19            -0.030      0.027     -1.111      0.267
    SCSK23            -0.495      0.030    -16.558      0.000
    SCSK26            -0.427      0.028    -15.389      0.000
    SCSJ1              0.644      0.037     17.543      0.000
    SCSJ8              0.656      0.036     18.188      0.000
    SCSJ11             0.658      0.030     21.924      0.000
    SCSJ16             0.620      0.029     21.095      0.000
    SCSJ21             0.461      0.044     10.488      0.000
    SCCH3              0.127      0.037      3.417      0.001
    SCCH7              0.029      0.031      0.909      0.364
    SCCH10             0.124      0.033      3.710      0.000
    SCCH15            -0.043      0.035     -1.241      0.215
    SCIS4              0.220      0.032      6.898      0.000
    SCIS13            -0.125      0.028     -4.441      0.000
    SCIS18            -0.013      0.028     -0.480      0.632
    SCIS25             0.237      0.032      7.504      0.000
    SCMI9              0.185      0.035      5.347      0.000
    SCMI14             0.148      0.027      5.424      0.000
    SCMI17             0.065      0.027      2.398      0.016
    SCMI22             0.108      0.034      3.174      0.002
    SCOI2              0.339      0.029     11.847      0.000
    SCOI6              0.324      0.028     11.759      0.000
    SCOI20             0.186      0.035      5.336      0.000
    SCOI24             0.166      0.036      4.582      0.000

 CH       BY
    SCSK5              0.113      0.030      3.733      0.000
    SCSK12             0.020      0.026      0.777      0.437
    SCSK19            -0.062      0.027     -2.314      0.021
    SCSK23             0.138      0.031      4.494      0.000
    SCSK26             0.201      0.031      6.459      0.000
    SCSJ1              0.013      0.041      0.319      0.750
    SCSJ8              0.095      0.031      3.095      0.002
    SCSJ11             0.118      0.032      3.675      0.000
    SCSJ16            -0.004      0.032     -0.126      0.900
    SCSJ21             0.104      0.037      2.811      0.005
    SCCH3              0.420      0.043      9.829      0.000
    SCCH7              0.833      0.041     20.371      0.000
    SCCH10             0.821      0.042     19.430      0.000
    SCCH15             0.428      0.038     11.292      0.000
    SCIS4              0.002      0.034      0.047      0.963
    SCIS13             0.050      0.023      2.127      0.033
    SCIS18             0.080      0.024      3.291      0.001
    SCIS25            -0.076      0.034     -2.227      0.026
    SCMI9              0.109      0.038      2.874      0.004
    SCMI14            -0.059      0.028     -2.085      0.037
    SCMI17             0.099      0.033      3.024      0.002
    SCMI22             0.198      0.034      5.836      0.000
    SCOI2             -0.006      0.036     -0.179      0.858
    SCOI6             -0.063      0.033     -1.901      0.057
    SCOI20            -0.035      0.034     -1.012      0.312
    SCOI24             0.045      0.038      1.187      0.235

 IS       BY
    SCSK5              0.085      0.034      2.462      0.014
    SCSK12            -0.115      0.029     -3.999      0.000
    SCSK19             0.062      0.030      2.069      0.039
    SCSK23            -0.073      0.032     -2.319      0.020
    SCSK26             0.061      0.031      1.984      0.047
    SCSJ1             -0.045      0.045     -0.997      0.319
    SCSJ8              0.065      0.034      1.902      0.057
    SCSJ11             0.158      0.034      4.635      0.000
    SCSJ16             0.210      0.033      6.445      0.000
    SCSJ21             0.027      0.041      0.669      0.504
    SCCH3              0.081      0.044      1.845      0.065
    SCCH7              0.105      0.033      3.170      0.002
    SCCH10            -0.045      0.031     -1.454      0.146
    SCCH15            -0.037      0.040     -0.928      0.353
    SCIS4              0.405      0.039     10.380      0.000
    SCIS13             0.945      0.040     23.451      0.000
    SCIS18             0.856      0.037     22.843      0.000
    SCIS25             0.454      0.039     11.574      0.000
    SCMI9              0.144      0.042      3.429      0.001
    SCMI14             0.045      0.034      1.312      0.189
    SCMI17            -0.145      0.036     -3.966      0.000
    SCMI22            -0.348      0.033    -10.432      0.000
    SCOI2              0.256      0.033      7.690      0.000
    SCOI6              0.382      0.034     11.218      0.000
    SCOI20             0.236      0.038      6.174      0.000
    SCOI24             0.228      0.046      4.981      0.000

 MI       BY
    SCSK5             -0.035      0.027     -1.290      0.197
    SCSK12            -0.011      0.025     -0.453      0.651
    SCSK19             0.133      0.023      5.723      0.000
    SCSK23             0.278      0.031      9.122      0.000
    SCSK26             0.252      0.028      8.874      0.000
    SCSJ1              0.146      0.036      4.009      0.000
    SCSJ8              0.101      0.029      3.540      0.000
    SCSJ11            -0.005      0.028     -0.189      0.850
    SCSJ16             0.030      0.028      1.061      0.289
    SCSJ21             0.133      0.033      4.049      0.000
    SCCH3              0.259      0.034      7.606      0.000
    SCCH7             -0.235      0.029     -8.200      0.000
    SCCH10            -0.113      0.030     -3.746      0.000
    SCCH15             0.347      0.028     12.316      0.000
    SCIS4             -0.069      0.031     -2.232      0.026
    SCIS13            -0.003      0.027     -0.129      0.897
    SCIS18             0.004      0.023      0.188      0.851
    SCIS25            -0.040      0.029     -1.362      0.173
    SCMI9              0.610      0.031     19.908      0.000
    SCMI14             0.819      0.031     26.336      0.000
    SCMI17             0.595      0.028     21.024      0.000
    SCMI22             0.261      0.036      7.193      0.000
    SCOI2             -0.135      0.028     -4.759      0.000
    SCOI6             -0.033      0.029     -1.164      0.244
    SCOI20            -0.256      0.029     -8.959      0.000
    SCOI24            -0.281      0.032     -8.718      0.000

 OI       BY
    SCSK5             -0.008      0.029     -0.265      0.791
    SCSK12            -0.008      0.034     -0.240      0.811
    SCSK19            -0.049      0.028     -1.748      0.080
    SCSK23             0.320      0.034      9.368      0.000
    SCSK26             0.287      0.034      8.393      0.000
    SCSJ1              0.128      0.039      3.251      0.001
    SCSJ8              0.233      0.029      7.976      0.000
    SCSJ11             0.042      0.034      1.244      0.214
    SCSJ16             0.090      0.030      2.997      0.003
    SCSJ21             0.285      0.038      7.426      0.000
    SCCH3             -0.039      0.039     -1.006      0.314
    SCCH7             -0.054      0.035     -1.542      0.123
    SCCH10            -0.096      0.034     -2.785      0.005
    SCCH15             0.014      0.036      0.393      0.694
    SCIS4              0.379      0.032     11.847      0.000
    SCIS13             0.025      0.031      0.808      0.419
    SCIS18             0.061      0.027      2.291      0.022
    SCIS25             0.300      0.031      9.635      0.000
    SCMI9             -0.161      0.039     -4.131      0.000
    SCMI14            -0.225      0.030     -7.626      0.000
    SCMI17            -0.085      0.027     -3.212      0.001
    SCMI22             0.217      0.033      6.555      0.000
    SCOI2              0.414      0.038     11.007      0.000
    SCOI6              0.333      0.036      9.166      0.000
    SCOI20             0.412      0.047      8.769      0.000
    SCOI24             0.403      0.048      8.442      0.000

 SJ       WITH
    SK                -0.211      0.029     -7.385      0.000

 CH       WITH
    SK                 0.519      0.028     18.445      0.000
    SJ                 0.044      0.038      1.161      0.246

 IS       WITH
    SK                -0.215      0.032     -6.668      0.000
    SJ                 0.580      0.026     22.294      0.000
    CH                 0.032      0.040      0.790      0.430

 MI       WITH
    SK                 0.352      0.028     12.653      0.000
    SJ                -0.203      0.028     -7.197      0.000
    CH                 0.366      0.030     12.163      0.000
    IS                -0.355      0.037     -9.631      0.000

 OI       WITH
    SK                -0.013      0.032     -0.420      0.675
    SJ                 0.271      0.029      9.411      0.000
    CH                 0.213      0.032      6.683      0.000
    IS                 0.486      0.039     12.302      0.000
    MI                -0.092      0.028     -3.345      0.001

 Thresholds
    SCSJ1$1           -1.802      0.084    -21.357      0.000
    SCSJ1$2           -1.101      0.056    -19.595      0.000
    SCSJ1$3           -0.257      0.045     -5.676      0.000
    SCSJ1$4            0.634      0.048     13.145      0.000
    SCOI2$1           -0.517      0.047    -10.986      0.000
    SCOI2$2            0.114      0.045      2.537      0.011
    SCOI2$3            0.682      0.049     13.971      0.000
    SCOI2$4            1.313      0.062     21.155      0.000
    SCCH3$1           -1.419      0.066    -21.591      0.000
    SCCH3$2           -0.778      0.050    -15.529      0.000
    SCCH3$3            0.133      0.045      2.965      0.003
    SCCH3$4            1.201      0.059     20.439      0.000
    SCIS4$1           -0.417      0.046     -9.014      0.000
    SCIS4$2            0.251      0.045      5.534      0.000
    SCIS4$3            0.760      0.050     15.261      0.000
    SCIS4$4            1.393      0.065     21.505      0.000
    SCSK5$1           -1.039      0.055    -18.964      0.000
    SCSK5$2           -0.172      0.045     -3.822      0.000
    SCSK5$3            0.595      0.048     12.453      0.000
    SCSK5$4            1.377      0.064     21.443      0.000
    SCOI6$1           -0.760      0.050    -15.261      0.000
    SCOI6$2           -0.056      0.045     -1.251      0.211
    SCOI6$3            0.535      0.047     11.337      0.000
    SCOI6$4            1.227      0.059     20.632      0.000
    SCCH7$1           -0.622      0.048    -12.938      0.000
    SCCH7$2            0.043      0.045      0.965      0.335
    SCCH7$3            0.731      0.049     14.788      0.000
    SCCH7$4            1.437      0.066     21.642      0.000
    SCSJ8$1           -0.849      0.051    -16.588      0.000
    SCSJ8$2           -0.218      0.045     -4.821      0.000
    SCSJ8$3            0.385      0.046      8.377      0.000
    SCSJ8$4            1.201      0.059     20.439      0.000
    SCMI9$1           -1.726      0.080    -21.615      0.000
    SCMI9$2           -0.996      0.054    -18.485      0.000
    SCMI9$3           -0.072      0.045     -1.608      0.108
    SCMI9$4            0.945      0.053     17.869      0.000
    SCCH10$1          -0.760      0.050    -15.261      0.000
    SCCH10$2          -0.046      0.045     -1.036      0.300
    SCCH10$3           0.743      0.050     14.991      0.000
    SCCH10$4           1.622      0.074     21.805      0.000
    SCSJ11$1          -0.840      0.051    -16.457      0.000
    SCSJ11$2          -0.079      0.045     -1.751      0.080
    SCSJ11$3           0.528      0.047     11.197      0.000
    SCSJ11$4           1.329      0.063     21.232      0.000
    SCSK12$1          -0.960      0.053    -18.056      0.000
    SCSK12$2          -0.034      0.045     -0.750      0.453
    SCSK12$3           0.690      0.049     14.108      0.000
    SCSK12$4           1.513      0.069     21.790      0.000
    SCIS13$1          -0.595      0.048    -12.453      0.000
    SCIS13$2           0.034      0.045      0.750      0.453
    SCIS13$3           0.539      0.047     11.407      0.000
    SCIS13$4           1.284      0.061     20.991      0.000
    SCMI14$1          -1.819      0.085    -21.289      0.000
    SCMI14$2          -1.067      0.055    -19.255      0.000
    SCMI14$3          -0.136      0.045     -3.037      0.002
    SCMI14$4           0.877      0.052     16.978      0.000
    SCCH15$1          -1.344      0.063    -21.306      0.000
    SCCH15$2          -0.557      0.047    -11.756      0.000
    SCCH15$3           0.277      0.045      6.103      0.000
    SCCH15$4           1.214      0.059     20.536      0.000
    SCSJ16$1          -0.920      0.052    -17.554      0.000
    SCSJ16$2          -0.182      0.045     -4.036      0.000
    SCSJ16$3           0.365      0.046      7.951      0.000
    SCSJ16$4           1.207      0.059     20.488      0.000
    SCMI17$1          -1.755      0.082    -21.527      0.000
    SCMI17$2          -0.863      0.051    -16.783      0.000
    SCMI17$3           0.101      0.045      2.251      0.024
    SCMI17$4           1.188      0.058     20.339      0.000
    SCIS18$1          -0.854      0.051    -16.653      0.000
    SCIS18$2          -0.179      0.045     -3.965      0.000
    SCIS18$3           0.424      0.046      9.155      0.000
    SCIS18$4           1.262      0.061     20.861      0.000
    SCSK19$1          -1.023      0.054    -18.786      0.000
    SCSK19$2          -0.159      0.045     -3.537      0.000
    SCSK19$3           0.673      0.049     13.834      0.000
    SCSK19$4           1.455      0.067     21.688      0.000
    SCOI20$1          -0.520      0.047    -11.056      0.000
    SCOI20$2           0.215      0.045      4.750      0.000
    SCOI20$3           0.940      0.053     17.806      0.000
    SCOI20$4           1.599      0.073     21.821      0.000
    SCSJ21$1          -0.996      0.054    -18.485      0.000
    SCSJ21$2          -0.218      0.045     -4.821      0.000
    SCSJ21$3           0.588      0.048     12.314      0.000
    SCSJ21$4           1.411      0.065     21.563      0.000
    SCMI22$1          -1.107      0.056    -19.650      0.000
    SCMI22$2          -0.294      0.045     -6.459      0.000
    SCMI22$3           0.539      0.047     11.407      0.000
    SCMI22$4           1.465      0.067     21.709      0.000
    SCSK23$1          -1.078      0.056    -19.369      0.000
    SCSK23$2          -0.175      0.045     -3.893      0.000
    SCSK23$3           0.673      0.049     13.834      0.000
    SCSK23$4           1.474      0.068     21.728      0.000
    SCOI24$1          -0.169      0.045     -3.751      0.000
    SCOI24$2           0.603      0.048     12.591      0.000
    SCOI24$3           1.162      0.058     20.134      0.000
    SCOI24$4           1.755      0.082     21.527      0.000
    SCIS25$1          -0.528      0.047    -11.197      0.000
    SCIS25$2          -0.011      0.045     -0.250      0.802
    SCIS25$3           0.517      0.047     10.986      0.000
    SCIS25$4           1.344      0.063     21.306      0.000
    SCSK26$1          -1.201      0.059    -20.439      0.000
    SCSK26$2          -0.234      0.045     -5.177      0.000
    SCSK26$3           0.661      0.049     13.628      0.000
    SCSK26$4           1.576      0.072     21.826      0.000

 Variances
    SK                 1.000      0.000    999.000    999.000
    SJ                 1.000      0.000    999.000    999.000
    CH                 1.000      0.000    999.000    999.000
    IS                 1.000      0.000    999.000    999.000
    MI                 1.000      0.000    999.000    999.000
    OI                 1.000      0.000    999.000    999.000


STANDARDIZED MODEL RESULTS


STDYX Standardization

                                                    Two-Tailed
                    Estimate       S.E.  Est./S.E.    P-Value

 SK       BY
    SCSK5              0.714      0.028     25.552      0.000
    SCSK12             0.844      0.023     36.418      0.000
    SCSK19             0.845      0.025     33.405      0.000
    SCSK23             0.264      0.040      6.552      0.000
    SCSK26             0.326      0.037      8.808      0.000
    SCSJ1             -0.064      0.035     -1.833      0.067
    SCSJ8             -0.180      0.028     -6.423      0.000
    SCSJ11            -0.055      0.030     -1.830      0.067
    SCSJ16            -0.013      0.029     -0.451      0.652
    SCSJ21            -0.218      0.034     -6.433      0.000
    SCCH3             -0.061      0.039     -1.555      0.120
    SCCH7              0.036      0.030      1.201      0.230
    SCCH10             0.019      0.030      0.641      0.522
    SCCH15             0.124      0.031      3.955      0.000
    SCIS4             -0.094      0.031     -3.036      0.002
    SCIS13            -0.024      0.025     -0.942      0.346
    SCIS18             0.008      0.026      0.296      0.768
    SCIS25             0.023      0.032      0.718      0.473
    SCMI9              0.071      0.035      2.021      0.043
    SCMI14             0.117      0.030      3.933      0.000
    SCMI17             0.191      0.028      6.876      0.000
    SCMI22             0.322      0.031     10.495      0.000
    SCOI2             -0.032      0.035     -0.900      0.368
    SCOI6              0.006      0.031      0.183      0.855
    SCOI20             0.235      0.034      6.962      0.000
    SCOI24             0.081      0.037      2.174      0.030

 SJ       BY
    SCSK5              0.049      0.030      1.606      0.108
    SCSK12             0.100      0.026      3.783      0.000
    SCSK19            -0.030      0.027     -1.111      0.267
    SCSK23            -0.495      0.030    -16.558      0.000
    SCSK26            -0.427      0.028    -15.389      0.000
    SCSJ1              0.644      0.037     17.543      0.000
    SCSJ8              0.656      0.036     18.188      0.000
    SCSJ11             0.658      0.030     21.924      0.000
    SCSJ16             0.620      0.029     21.095      0.000
    SCSJ21             0.461      0.044     10.488      0.000
    SCCH3              0.127      0.037      3.417      0.001
    SCCH7              0.029      0.031      0.909      0.364
    SCCH10             0.124      0.033      3.710      0.000
    SCCH15            -0.043      0.035     -1.241      0.215
    SCIS4              0.220      0.032      6.898      0.000
    SCIS13            -0.125      0.028     -4.441      0.000
    SCIS18            -0.013      0.028     -0.480      0.632
    SCIS25             0.237      0.032      7.504      0.000
    SCMI9              0.185      0.035      5.347      0.000
    SCMI14             0.148      0.027      5.424      0.000
    SCMI17             0.065      0.027      2.398      0.016
    SCMI22             0.108      0.034      3.174      0.002
    SCOI2              0.339      0.029     11.847      0.000
    SCOI6              0.324      0.028     11.759      0.000
    SCOI20             0.186      0.035      5.336      0.000
    SCOI24             0.166      0.036      4.582      0.000

 CH       BY
    SCSK5              0.113      0.030      3.733      0.000
    SCSK12             0.020      0.026      0.777      0.437
    SCSK19            -0.062      0.027     -2.314      0.021
    SCSK23             0.138      0.031      4.494      0.000
    SCSK26             0.201      0.031      6.459      0.000
    SCSJ1              0.013      0.041      0.319      0.750
    SCSJ8              0.095      0.031      3.095      0.002
    SCSJ11             0.118      0.032      3.675      0.000
    SCSJ16            -0.004      0.032     -0.126      0.900
    SCSJ21             0.104      0.037      2.811      0.005
    SCCH3              0.420      0.043      9.829      0.000
    SCCH7              0.833      0.041     20.371      0.000
    SCCH10             0.821      0.042     19.430      0.000
    SCCH15             0.428      0.038     11.292      0.000
    SCIS4              0.002      0.034      0.047      0.963
    SCIS13             0.050      0.023      2.127      0.033
    SCIS18             0.080      0.024      3.291      0.001
    SCIS25            -0.076      0.034     -2.227      0.026
    SCMI9              0.109      0.038      2.874      0.004
    SCMI14            -0.059      0.028     -2.085      0.037
    SCMI17             0.099      0.033      3.024      0.002
    SCMI22             0.198      0.034      5.836      0.000
    SCOI2             -0.006      0.036     -0.179      0.858
    SCOI6             -0.063      0.033     -1.901      0.057
    SCOI20            -0.035      0.034     -1.012      0.312
    SCOI24             0.045      0.038      1.187      0.235

 IS       BY
    SCSK5              0.085      0.034      2.462      0.014
    SCSK12            -0.115      0.029     -3.999      0.000
    SCSK19             0.062      0.030      2.069      0.039
    SCSK23            -0.073      0.032     -2.319      0.020
    SCSK26             0.061      0.031      1.984      0.047
    SCSJ1             -0.045      0.045     -0.997      0.319
    SCSJ8              0.065      0.034      1.902      0.057
    SCSJ11             0.158      0.034      4.635      0.000
    SCSJ16             0.210      0.033      6.445      0.000
    SCSJ21             0.027      0.041      0.669      0.504
    SCCH3              0.081      0.044      1.845      0.065
    SCCH7              0.105      0.033      3.170      0.002
    SCCH10            -0.045      0.031     -1.454      0.146
    SCCH15            -0.037      0.040     -0.928      0.353
    SCIS4              0.405      0.039     10.380      0.000
    SCIS13             0.945      0.040     23.451      0.000
    SCIS18             0.856      0.037     22.843      0.000
    SCIS25             0.454      0.039     11.574      0.000
    SCMI9              0.144      0.042      3.429      0.001
    SCMI14             0.045      0.034      1.312      0.189
    SCMI17            -0.145      0.036     -3.966      0.000
    SCMI22            -0.348      0.033    -10.432      0.000
    SCOI2              0.256      0.033      7.690      0.000
    SCOI6              0.382      0.034     11.218      0.000
    SCOI20             0.236      0.038      6.174      0.000
    SCOI24             0.228      0.046      4.981      0.000

 MI       BY
    SCSK5             -0.035      0.027     -1.290      0.197
    SCSK12            -0.011      0.025     -0.453      0.651
    SCSK19             0.133      0.023      5.723      0.000
    SCSK23             0.278      0.031      9.122      0.000
    SCSK26             0.252      0.028      8.874      0.000
    SCSJ1              0.146      0.036      4.009      0.000
    SCSJ8              0.101      0.029      3.540      0.000
    SCSJ11            -0.005      0.028     -0.189      0.850
    SCSJ16             0.030      0.028      1.061      0.289
    SCSJ21             0.133      0.033      4.049      0.000
    SCCH3              0.259      0.034      7.606      0.000
    SCCH7             -0.235      0.029     -8.200      0.000
    SCCH10            -0.113      0.030     -3.746      0.000
    SCCH15             0.347      0.028     12.316      0.000
    SCIS4             -0.069      0.031     -2.232      0.026
    SCIS13            -0.003      0.027     -0.129      0.897
    SCIS18             0.004      0.023      0.188      0.851
    SCIS25            -0.040      0.029     -1.362      0.173
    SCMI9              0.610      0.031     19.908      0.000
    SCMI14             0.819      0.031     26.336      0.000
    SCMI17             0.595      0.028     21.024      0.000
    SCMI22             0.261      0.036      7.193      0.000
    SCOI2             -0.135      0.028     -4.759      0.000
    SCOI6             -0.033      0.029     -1.164      0.244
    SCOI20            -0.256      0.029     -8.959      0.000
    SCOI24            -0.281      0.032     -8.718      0.000

 OI       BY
    SCSK5             -0.008      0.029     -0.265      0.791
    SCSK12            -0.008      0.034     -0.240      0.811
    SCSK19            -0.049      0.028     -1.748      0.080
    SCSK23             0.320      0.034      9.368      0.000
    SCSK26             0.287      0.034      8.393      0.000
    SCSJ1              0.128      0.039      3.251      0.001
    SCSJ8              0.233      0.029      7.976      0.000
    SCSJ11             0.042      0.034      1.244      0.214
    SCSJ16             0.090      0.030      2.997      0.003
    SCSJ21             0.285      0.038      7.426      0.000
    SCCH3             -0.039      0.039     -1.006      0.314
    SCCH7             -0.054      0.035     -1.542      0.123
    SCCH10            -0.096      0.034     -2.785      0.005
    SCCH15             0.014      0.036      0.393      0.694
    SCIS4              0.379      0.032     11.847      0.000
    SCIS13             0.025      0.031      0.808      0.419
    SCIS18             0.061      0.027      2.291      0.022
    SCIS25             0.300      0.031      9.635      0.000
    SCMI9             -0.161      0.039     -4.131      0.000
    SCMI14            -0.225      0.030     -7.626      0.000
    SCMI17            -0.085      0.027     -3.212      0.001
    SCMI22             0.217      0.033      6.555      0.000
    SCOI2              0.414      0.038     11.007      0.000
    SCOI6              0.333      0.036      9.166      0.000
    SCOI20             0.412      0.047      8.769      0.000
    SCOI24             0.403      0.048      8.442      0.000

 SJ       WITH
    SK                -0.211      0.029     -7.385      0.000

 CH       WITH
    SK                 0.519      0.028     18.445      0.000
    SJ                 0.044      0.038      1.161      0.246

 IS       WITH
    SK                -0.215      0.032     -6.668      0.000
    SJ                 0.580      0.026     22.294      0.000
    CH                 0.032      0.040      0.790      0.430

 MI       WITH
    SK                 0.352      0.028     12.653      0.000
    SJ                -0.203      0.028     -7.197      0.000
    CH                 0.366      0.030     12.163      0.000
    IS                -0.355      0.037     -9.631      0.000

 OI       WITH
    SK                -0.013      0.032     -0.420      0.675
    SJ                 0.271      0.029      9.411      0.000
    CH                 0.213      0.032      6.683      0.000
    IS                 0.486      0.039     12.302      0.000
    MI                -0.092      0.028     -3.345      0.001

 Thresholds
    SCSJ1$1           -1.802      0.084    -21.357      0.000
    SCSJ1$2           -1.101      0.056    -19.595      0.000
    SCSJ1$3           -0.257      0.045     -5.676      0.000
    SCSJ1$4            0.634      0.048     13.145      0.000
    SCOI2$1           -0.517      0.047    -10.986      0.000
    SCOI2$2            0.114      0.045      2.537      0.011
    SCOI2$3            0.682      0.049     13.971      0.000
    SCOI2$4            1.313      0.062     21.155      0.000
    SCCH3$1           -1.419      0.066    -21.591      0.000
    SCCH3$2           -0.778      0.050    -15.529      0.000
    SCCH3$3            0.133      0.045      2.965      0.003
    SCCH3$4            1.201      0.059     20.439      0.000
    SCIS4$1           -0.417      0.046     -9.014      0.000
    SCIS4$2            0.251      0.045      5.534      0.000
    SCIS4$3            0.760      0.050     15.261      0.000
    SCIS4$4            1.393      0.065     21.505      0.000
    SCSK5$1           -1.039      0.055    -18.964      0.000
    SCSK5$2           -0.172      0.045     -3.822      0.000
    SCSK5$3            0.595      0.048     12.453      0.000
    SCSK5$4            1.377      0.064     21.443      0.000
    SCOI6$1           -0.760      0.050    -15.261      0.000
    SCOI6$2           -0.056      0.045     -1.251      0.211
    SCOI6$3            0.535      0.047     11.337      0.000
    SCOI6$4            1.227      0.059     20.632      0.000
    SCCH7$1           -0.622      0.048    -12.938      0.000
    SCCH7$2            0.043      0.045      0.965      0.335
    SCCH7$3            0.731      0.049     14.788      0.000
    SCCH7$4            1.437      0.066     21.642      0.000
    SCSJ8$1           -0.849      0.051    -16.588      0.000
    SCSJ8$2           -0.218      0.045     -4.821      0.000
    SCSJ8$3            0.385      0.046      8.377      0.000
    SCSJ8$4            1.201      0.059     20.439      0.000
    SCMI9$1           -1.726      0.080    -21.615      0.000
    SCMI9$2           -0.996      0.054    -18.485      0.000
    SCMI9$3           -0.072      0.045     -1.608      0.108
    SCMI9$4            0.945      0.053     17.869      0.000
    SCCH10$1          -0.760      0.050    -15.261      0.000
    SCCH10$2          -0.046      0.045     -1.036      0.300
    SCCH10$3           0.743      0.050     14.991      0.000
    SCCH10$4           1.622      0.074     21.805      0.000
    SCSJ11$1          -0.840      0.051    -16.457      0.000
    SCSJ11$2          -0.079      0.045     -1.751      0.080
    SCSJ11$3           0.528      0.047     11.197      0.000
    SCSJ11$4           1.329      0.063     21.232      0.000
    SCSK12$1          -0.960      0.053    -18.056      0.000
    SCSK12$2          -0.034      0.045     -0.750      0.453
    SCSK12$3           0.690      0.049     14.108      0.000
    SCSK12$4           1.513      0.069     21.790      0.000
    SCIS13$1          -0.595      0.048    -12.453      0.000
    SCIS13$2           0.034      0.045      0.750      0.453
    SCIS13$3           0.539      0.047     11.407      0.000
    SCIS13$4           1.284      0.061     20.991      0.000
    SCMI14$1          -1.819      0.085    -21.289      0.000
    SCMI14$2          -1.067      0.055    -19.255      0.000
    SCMI14$3          -0.136      0.045     -3.037      0.002
    SCMI14$4           0.877      0.052     16.978      0.000
    SCCH15$1          -1.344      0.063    -21.306      0.000
    SCCH15$2          -0.557      0.047    -11.756      0.000
    SCCH15$3           0.277      0.045      6.103      0.000
    SCCH15$4           1.214      0.059     20.536      0.000
    SCSJ16$1          -0.920      0.052    -17.554      0.000
    SCSJ16$2          -0.182      0.045     -4.036      0.000
    SCSJ16$3           0.365      0.046      7.951      0.000
    SCSJ16$4           1.207      0.059     20.488      0.000
    SCMI17$1          -1.755      0.082    -21.527      0.000
    SCMI17$2          -0.863      0.051    -16.783      0.000
    SCMI17$3           0.101      0.045      2.251      0.024
    SCMI17$4           1.188      0.058     20.339      0.000
    SCIS18$1          -0.854      0.051    -16.653      0.000
    SCIS18$2          -0.179      0.045     -3.965      0.000
    SCIS18$3           0.424      0.046      9.155      0.000
    SCIS18$4           1.262      0.061     20.861      0.000
    SCSK19$1          -1.023      0.054    -18.786      0.000
    SCSK19$2          -0.159      0.045     -3.537      0.000
    SCSK19$3           0.673      0.049     13.834      0.000
    SCSK19$4           1.455      0.067     21.688      0.000
    SCOI20$1          -0.520      0.047    -11.056      0.000
    SCOI20$2           0.215      0.045      4.750      0.000
    SCOI20$3           0.940      0.053     17.806      0.000
    SCOI20$4           1.599      0.073     21.821      0.000
    SCSJ21$1          -0.996      0.054    -18.485      0.000
    SCSJ21$2          -0.218      0.045     -4.821      0.000
    SCSJ21$3           0.588      0.048     12.314      0.000
    SCSJ21$4           1.411      0.065     21.563      0.000
    SCMI22$1          -1.107      0.056    -19.650      0.000
    SCMI22$2          -0.294      0.045     -6.459      0.000
    SCMI22$3           0.539      0.047     11.407      0.000
    SCMI22$4           1.465      0.067     21.709      0.000
    SCSK23$1          -1.078      0.056    -19.369      0.000
    SCSK23$2          -0.175      0.045     -3.893      0.000
    SCSK23$3           0.673      0.049     13.834      0.000
    SCSK23$4           1.474      0.068     21.728      0.000
    SCOI24$1          -0.169      0.045     -3.751      0.000
    SCOI24$2           0.603      0.048     12.591      0.000
    SCOI24$3           1.162      0.058     20.134      0.000
    SCOI24$4           1.755      0.082     21.527      0.000
    SCIS25$1          -0.528      0.047    -11.197      0.000
    SCIS25$2          -0.011      0.045     -0.250      0.802
    SCIS25$3           0.517      0.047     10.986      0.000
    SCIS25$4           1.344      0.063     21.306      0.000
    SCSK26$1          -1.201      0.059    -20.439      0.000
    SCSK26$2          -0.234      0.045     -5.177      0.000
    SCSK26$3           0.661      0.049     13.628      0.000
    SCSK26$4           1.576      0.072     21.826      0.000

 Variances
    SK                 1.000      0.000    999.000    999.000
    SJ                 1.000      0.000    999.000    999.000
    CH                 1.000      0.000    999.000    999.000
    IS                 1.000      0.000    999.000    999.000
    MI                 1.000      0.000    999.000    999.000
    OI                 1.000      0.000    999.000    999.000


R-SQUARE

    Observed                                        Two-Tailed   Residual
    Variable        Estimate       S.E.  Est./S.E.    P-Value    Variance

    SCSJ1              0.439      0.031     14.251      0.000      0.561
    SCOI2              0.714      0.023     31.034      0.000      0.286
    SCCH3              0.298      0.031      9.556      0.000      0.702
    SCIS4              0.729      0.022     33.216      0.000      0.271
    SCSK5              0.563      0.026     21.787      0.000      0.437
    SCOI6              0.695      0.021     33.573      0.000      0.305
    SCCH7              0.648      0.045     14.366      0.000      0.352
    SCSJ8              0.700      0.023     29.965      0.000      0.300
    SCMI9              0.446      0.029     15.589      0.000      0.554
    SCCH10             0.625      0.042     14.775      0.000      0.375
    SCSJ11             0.643      0.027     24.255      0.000      0.357
    SCSK12             0.740      0.025     30.028      0.000      0.260
    SCIS13             0.809      0.030     26.693      0.000      0.191
    SCMI14             0.722      0.029     24.582      0.000      0.278
    SCCH15             0.536      0.027     19.797      0.000      0.464
    SCSJ16             0.630      0.025     24.902      0.000      0.370
    SCMI17             0.631      0.025     24.819      0.000      0.369
    SCIS18             0.782      0.028     28.352      0.000      0.218
    SCSK19             0.744      0.023     32.031      0.000      0.256
    SCOI20             0.555      0.030     18.744      0.000      0.445
    SCSJ21             0.459      0.031     14.709      0.000      0.541
    SCMI22             0.540      0.028     18.991      0.000      0.460
    SCSK23             0.698      0.031     22.588      0.000      0.302
    SCOI24             0.557      0.030     18.674      0.000      0.443
    SCIS25             0.655      0.024     27.731      0.000      0.345
    SCSK26             0.647      0.028     23.120      0.000      0.353


QUALITY OF NUMERICAL RESULTS

     Condition Number for the Information Matrix              0.502E-04
       (ratio of smallest to largest eigenvalue)


     Beginning Time:  14:32:16
        Ending Time:  14:32:17
       Elapsed Time:  00:00:01



MUTHEN & MUTHEN
3463 Stoner Ave.
Los Angeles, CA  90066

Tel: (310) 391-9971
Fax: (310) 391-8971
Web: www.StatModel.com
Support: Support@StatModel.com

Copyright (c) 1998-2020 Muthen & Muthen
