Mplus VERSION 8.5 (Mac)
MUTHEN & MUTHEN
03/11/2021  10:39 AM

INPUT INSTRUCTIONS

  TITLE: Two-Bifactor ESEM MLR.

  DATA:
    FILE IS selfcompassionitems.dat;

  VARIABLE:
    NAMES ARE scsj1 scoi2 scch3 scis4 scsk5 scoi6 scch7 scsj8
              scmi9 scch10 scsj11 scsk12 scis13 scmi14 scch15
              scsj16 scmi17 scis18 scsk19 scoi20 scsj21 scmi22
              scsk23 scoi24 scis25 scsk26;
    MISSING ARE ALL(-9);
    USEVARIABLES ARE scsj1 scoi2 scch3 scis4 scsk5 scoi6 scch7 scsj8
              scmi9 scch10 scsj11 scsk12 scis13 scmi14 scch15
              scsj16 scmi17 scis18 scsk19 scoi20 scsj21 scmi22
              scsk23 scoi24 scis25 scsk26;
    ! CATEGORICAL ARE all;

  ANALYSIS:
    ! Requesting the weighted least squares mean- and variance-adjusted estimator
    ESTIMATOR = MLR;
    ROTATION = target (orthogonal);

  MODEL:
    sk BY scsk5 scsk12 scsk19 scsk23 scsk26 scsj1~0 scsj8~0 scsj11~0
          scsj16~0 scsj21~0 scch3~0 scch7~0 scch10~0 scch15~0 scis4~0
          scis13~0 scis18~0 scis25~0 scmi9~0 scmi14~0 scmi17~0 scmi22~0
          scoi2~0 scoi6~0 scoi20~0 scoi24~0 (*1);
    sj BY scsk5~0 scsk12~0 scsk19~0 scsk23~0 scsk26~0 scsj1 scsj8 scsj11
          scsj16 scsj21 scch3~0 scch7~0 scch10~0 scch15~0 scis4~0 scis13~0
          scis18~0 scis25~0 scmi9~0 scmi14~0 scmi17~0 scmi22~0 scoi2~0
          scoi6~0 scoi20~0 scoi24~0 (*1);
    ch BY scsk5~0 scsk12~0 scsk19~0 scsk23~0 scsk26~0 scsj1~0 scsj8~0
          scsj11~0 scsj16~0 scsj21~0 scch3 scch7 scch10 scch15 scis4~0
          scis13~0 scis18~0 scis25~0 scmi9~0 scmi14~0 scmi17~0 scmi22~0
          scoi2~0 scoi6~0 scoi20~0 scoi24~0 (*1);
    is BY scsk5~0 scsk12~0 scsk19~0 scsk23~0 scsk26~0 scsj1~0 scsj8~0 scsj11~0
          scsj16~0 scsj21~0 scch3~0 scch7~0 scch10~0 scch15~0 scis4 scis13
          scis18 scis25 scmi9~0 scmi14~0 scmi17~0 scmi22~0 scoi2~0 scoi6~0
          scoi20~0 scoi24~0 (*1);
    mi BY scsk5~0 scsk12~0 scsk19~0 scsk23~0 scsk26~0 scsj1~0 scsj8~0 scsj11~0
          scsj16~0 scsj21~0 scch3~0 scch7~0 scch10~0 scch15~0 scis4~0 scis13~0
          scis18~0 scis25~0 scmi9 scmi14 scmi17 scmi22 scoi2~0 scoi6~0 scoi20~0
          scoi24~0 (*1);
    oi BY scsk5~0 scsk12~0 scsk19~0 scsk23~0 scsk26~0 scsj1~0 scsj8~0 scsj11~0
          scsj16~0 scsj21~0 scch3~0 scch7~0 scch10~0 scch15~0 scis4~0 scis13~0
          scis18~0 scis25~0 scmi9~0 scmi14~0 scmi17~0 scmi22~0 scoi2 scoi6
          scoi20 scoi24 (*1);
    po BY scsk5* scsk12 scsk19 scsk23 scsk26 scch3 scch7 scch10 scch15 scmi9
          scmi14 scmi17 scmi22;
    ne BY scsj1* scsj8 scsj11 scsj16 scsj21 scis4 scis13 scis18 scis25 scoi2
          scoi6 scoi20 scoi24;
    po@1;
    ne@1;
    po WITH sk-oi@0;
    ne WITH sk-oi@0;

  ! Requesting standardized parameter estimates
  OUTPUT: stdyx;




INPUT READING TERMINATED NORMALLY



Two-Bifactor ESEM MLR.

SUMMARY OF ANALYSIS

Number of groups                                                 1
Number of observations                                         783

Number of dependent variables                                   26
Number of independent variables                                  0
Number of continuous latent variables                            8

Observed dependent variables

  Continuous
   SCSJ1       SCOI2       SCCH3       SCIS4       SCSK5       SCOI6
   SCCH7       SCSJ8       SCMI9       SCCH10      SCSJ11      SCSK12
   SCIS13      SCMI14      SCCH15      SCSJ16      SCMI17      SCIS18
   SCSK19      SCOI20      SCSJ21      SCMI22      SCSK23      SCOI24
   SCIS25      SCSK26

Continuous latent variables
   PO          NE

  EFA factors
  *1:   SK          SJ          CH          IS          MI          OI


Estimator                                                      MLR
Rotation                                                    TARGET
Row standardization                                    CORRELATION
Type of rotation                                        ORTHOGONAL
Information matrix                                        OBSERVED
Maximum number of iterations                                  1000
Convergence criterion                                    0.500D-04
Maximum number of steepest descent iterations                   20
Maximum number of iterations for H1                           2000
Convergence criterion for H1                             0.100D-03
Optimization Specifications for the Exploratory Factor Analysis
Rotation Algorithm
  Number of random starts                                       30
  Maximum number of iterations                             1000000
  Derivative convergence criterion                       0.100D-04

Input data file(s)
  selfcompassionitems.dat

Input data format  FREE


SUMMARY OF DATA

     Number of missing data patterns             1


COVARIANCE COVERAGE OF DATA

Minimum covariance coverage value   0.100


     PROPORTION OF DATA PRESENT


           Covariance Coverage
              SCSJ1         SCOI2         SCCH3         SCIS4         SCSK5
              ________      ________      ________      ________      ________
 SCSJ1          1.000
 SCOI2          1.000         1.000
 SCCH3          1.000         1.000         1.000
 SCIS4          1.000         1.000         1.000         1.000
 SCSK5          1.000         1.000         1.000         1.000         1.000
 SCOI6          1.000         1.000         1.000         1.000         1.000
 SCCH7          1.000         1.000         1.000         1.000         1.000
 SCSJ8          1.000         1.000         1.000         1.000         1.000
 SCMI9          1.000         1.000         1.000         1.000         1.000
 SCCH10         1.000         1.000         1.000         1.000         1.000
 SCSJ11         1.000         1.000         1.000         1.000         1.000
 SCSK12         1.000         1.000         1.000         1.000         1.000
 SCIS13         1.000         1.000         1.000         1.000         1.000
 SCMI14         1.000         1.000         1.000         1.000         1.000
 SCCH15         1.000         1.000         1.000         1.000         1.000
 SCSJ16         1.000         1.000         1.000         1.000         1.000
 SCMI17         1.000         1.000         1.000         1.000         1.000
 SCIS18         1.000         1.000         1.000         1.000         1.000
 SCSK19         1.000         1.000         1.000         1.000         1.000
 SCOI20         1.000         1.000         1.000         1.000         1.000
 SCSJ21         1.000         1.000         1.000         1.000         1.000
 SCMI22         1.000         1.000         1.000         1.000         1.000
 SCSK23         1.000         1.000         1.000         1.000         1.000
 SCOI24         1.000         1.000         1.000         1.000         1.000
 SCIS25         1.000         1.000         1.000         1.000         1.000
 SCSK26         1.000         1.000         1.000         1.000         1.000


           Covariance Coverage
              SCOI6         SCCH7         SCSJ8         SCMI9         SCCH10
              ________      ________      ________      ________      ________
 SCOI6          1.000
 SCCH7          1.000         1.000
 SCSJ8          1.000         1.000         1.000
 SCMI9          1.000         1.000         1.000         1.000
 SCCH10         1.000         1.000         1.000         1.000         1.000
 SCSJ11         1.000         1.000         1.000         1.000         1.000
 SCSK12         1.000         1.000         1.000         1.000         1.000
 SCIS13         1.000         1.000         1.000         1.000         1.000
 SCMI14         1.000         1.000         1.000         1.000         1.000
 SCCH15         1.000         1.000         1.000         1.000         1.000
 SCSJ16         1.000         1.000         1.000         1.000         1.000
 SCMI17         1.000         1.000         1.000         1.000         1.000
 SCIS18         1.000         1.000         1.000         1.000         1.000
 SCSK19         1.000         1.000         1.000         1.000         1.000
 SCOI20         1.000         1.000         1.000         1.000         1.000
 SCSJ21         1.000         1.000         1.000         1.000         1.000
 SCMI22         1.000         1.000         1.000         1.000         1.000
 SCSK23         1.000         1.000         1.000         1.000         1.000
 SCOI24         1.000         1.000         1.000         1.000         1.000
 SCIS25         1.000         1.000         1.000         1.000         1.000
 SCSK26         1.000         1.000         1.000         1.000         1.000


           Covariance Coverage
              SCSJ11        SCSK12        SCIS13        SCMI14        SCCH15
              ________      ________      ________      ________      ________
 SCSJ11         1.000
 SCSK12         1.000         1.000
 SCIS13         1.000         1.000         1.000
 SCMI14         1.000         1.000         1.000         1.000
 SCCH15         1.000         1.000         1.000         1.000         1.000
 SCSJ16         1.000         1.000         1.000         1.000         1.000
 SCMI17         1.000         1.000         1.000         1.000         1.000
 SCIS18         1.000         1.000         1.000         1.000         1.000
 SCSK19         1.000         1.000         1.000         1.000         1.000
 SCOI20         1.000         1.000         1.000         1.000         1.000
 SCSJ21         1.000         1.000         1.000         1.000         1.000
 SCMI22         1.000         1.000         1.000         1.000         1.000
 SCSK23         1.000         1.000         1.000         1.000         1.000
 SCOI24         1.000         1.000         1.000         1.000         1.000
 SCIS25         1.000         1.000         1.000         1.000         1.000
 SCSK26         1.000         1.000         1.000         1.000         1.000


           Covariance Coverage
              SCSJ16        SCMI17        SCIS18        SCSK19        SCOI20
              ________      ________      ________      ________      ________
 SCSJ16         1.000
 SCMI17         1.000         1.000
 SCIS18         1.000         1.000         1.000
 SCSK19         1.000         1.000         1.000         1.000
 SCOI20         1.000         1.000         1.000         1.000         1.000
 SCSJ21         1.000         1.000         1.000         1.000         1.000
 SCMI22         1.000         1.000         1.000         1.000         1.000
 SCSK23         1.000         1.000         1.000         1.000         1.000
 SCOI24         1.000         1.000         1.000         1.000         1.000
 SCIS25         1.000         1.000         1.000         1.000         1.000
 SCSK26         1.000         1.000         1.000         1.000         1.000


           Covariance Coverage
              SCSJ21        SCMI22        SCSK23        SCOI24        SCIS25
              ________      ________      ________      ________      ________
 SCSJ21         1.000
 SCMI22         1.000         1.000
 SCSK23         1.000         1.000         1.000
 SCOI24         1.000         1.000         1.000         1.000
 SCIS25         1.000         1.000         1.000         1.000         1.000
 SCSK26         1.000         1.000         1.000         1.000         1.000


           Covariance Coverage
              SCSK26
              ________
 SCSK26         1.000



UNIVARIATE SAMPLE STATISTICS


     UNIVARIATE HIGHER-ORDER MOMENT DESCRIPTIVE STATISTICS

         Variable/         Mean/     Skewness/   Minimum/ % with                Percentiles
        Sample Size      Variance    Kurtosis    Maximum  Min/Max      20%/60%    40%/80%    Median

     SCSJ1                 3.693      -0.545       1.000    3.58%       3.000      4.000      4.000
             783.000       1.153      -0.341       5.000   26.31%       4.000      5.000
     SCOI2                 2.494       0.439       1.000   30.27%       1.000      2.000      2.000
             783.000       1.729      -0.976       5.000    9.45%       3.000      4.000
     SCCH3                 3.266      -0.367       1.000    7.79%       2.000      3.000      3.000
             783.000       1.173      -0.420       5.000   11.49%       4.000      4.000
     SCIS4                 2.368       0.583       1.000   33.84%       1.000      2.000      2.000
             783.000       1.683      -0.831       5.000    8.17%       3.000      4.000
     SCSK5                 2.779       0.189       1.000   14.94%       2.000      2.000      3.000
             783.000       1.360      -0.795       5.000    8.43%       3.000      4.000
     SCOI6                 2.705       0.247       1.000   22.35%       1.000      2.000      3.000
             783.000       1.687      -1.059       5.000   10.98%       3.000      4.000
     SCCH7                 2.524       0.361       1.000   26.69%       1.000      2.000      2.000
             783.000       1.550      -0.897       5.000    7.54%       3.000      4.000
     SCSJ8                 2.853       0.045       1.000   19.80%       2.000      2.000      3.000
             783.000       1.681      -1.125       5.000   11.49%       3.000      4.000
     SCMI9                 3.499      -0.413       1.000    4.21%       3.000      3.000      4.000
             783.000       1.083      -0.309       5.000   17.24%       4.000      4.000
     SCCH10                2.576       0.223       1.000   22.35%       1.000      2.000      3.000
             783.000       1.358      -0.858       5.000    5.24%       3.000      4.000
     SCSJ11                2.722       0.204       1.000   20.05%       1.000      2.000      3.000
             783.000       1.567      -1.019       5.000    9.20%       3.000      4.000
     SCSK12                2.655       0.289       1.000   16.86%       2.000      2.000      3.000
             783.000       1.314      -0.750       5.000    6.51%       3.000      4.000
     SCIS13                2.605       0.302       1.000   27.59%       1.000      2.000      2.000
             783.000       1.779      -1.141       5.000    9.96%       3.000      4.000
     SCMI14                3.567      -0.434       1.000    3.45%       3.000      3.000      4.000
             783.000       1.050      -0.281       5.000   19.03%       4.000      4.000
     SCCH15                3.125      -0.151       1.000    8.94%       2.000      3.000      3.000
             783.000       1.269      -0.706       5.000   11.24%       3.000      4.000
     SCSJ16                2.865       0.068       1.000   17.88%       2.000      2.000      3.000
             783.000       1.645      -1.126       5.000   11.37%       3.000      4.000
     SCMI17                3.344      -0.265       1.000    3.96%       3.000      3.000      3.000
             783.000       1.007      -0.387       5.000   11.75%       4.000      4.000
     SCIS18                2.814       0.083       1.000   19.67%       2.000      2.000      3.000
             783.000       1.631      -1.099       5.000   10.34%       3.000      4.000
     SCSK19                2.733       0.208       1.000   15.33%       2.000      2.000      3.000
             783.000       1.294      -0.703       5.000    7.28%       3.000      4.000
     SCOI20                2.342       0.547       1.000   30.14%       1.000      2.000      2.000
             783.000       1.395      -0.603       5.000    5.49%       3.000      3.000
     SCSJ21                2.784       0.122       1.000   15.96%       2.000      2.000      3.000
             783.000       1.362      -0.812       5.000    7.92%       3.000      4.000
     SCMI22                2.848       0.039       1.000   13.41%       2.000      3.000      3.000
             783.000       1.273      -0.766       5.000    7.15%       3.000      4.000
     SCSK23                2.750       0.202       1.000   14.05%       2.000      2.000      3.000
             783.000       1.250      -0.664       5.000    7.02%       3.000      4.000
     SCOI24                2.003       1.004       1.000   43.30%       1.000      1.000      2.000
             783.000       1.272       0.154       5.000    3.96%       2.000      3.000
     SCIS25                2.598       0.240       1.000   29.89%       1.000      2.000      3.000
             783.000       1.801      -1.218       5.000    8.94%       3.000      4.000
     SCSK26                2.789       0.141       1.000   11.49%       2.000      2.000      3.000
             783.000       1.134      -0.601       5.000    5.75%       3.000      4.000


THE MODEL ESTIMATION TERMINATED NORMALLY



MODEL FIT INFORMATION

Number of Free Parameters                      220

Loglikelihood

          H0 Value                      -27226.272
          H0 Scaling Correction Factor      1.2928
            for MLR
          H1 Value                      -27066.126
          H1 Scaling Correction Factor      1.1748
            for MLR

Information Criteria

          Akaike (AIC)                   54892.544
          Bayesian (BIC)                 55918.434
          Sample-Size Adjusted BIC       55219.823
            (n* = (n + 2) / 24)

Chi-Square Test of Model Fit

          Value                            317.315*
          Degrees of Freedom                   157
          P-Value                           0.0000
          Scaling Correction Factor         1.0094
            for MLR

*   The chi-square value for MLM, MLMV, MLR, ULSMV, WLSM and WLSMV cannot be used
    for chi-square difference testing in the regular way.  MLM, MLR and WLSM
    chi-square difference testing is described on the Mplus website.  MLMV, WLSMV,
    and ULSMV difference testing is done using the DIFFTEST option.

RMSEA (Root Mean Square Error Of Approximation)

          Estimate                           0.036
          90 Percent C.I.                    0.030  0.042
          Probability RMSEA <= .05           1.000

CFI/TLI

          CFI                                0.980
          TLI                                0.958

Chi-Square Test of Model Fit for the Baseline Model

          Value                           8317.688
          Degrees of Freedom                   325
          P-Value                           0.0000

SRMR (Standardized Root Mean Square Residual)

          Value                              0.015



MODEL RESULTS

                                                    Two-Tailed
                    Estimate       S.E.  Est./S.E.    P-Value

 SK       BY
    SCSK5              0.792      0.111      7.161      0.000
    SCSK12             0.829      0.133      6.234      0.000
    SCSK19             0.773      0.203      3.813      0.000
    SCSK23             0.380      0.376      1.011      0.312
    SCSK26             0.465      0.290      1.602      0.109
    SCSJ1             -0.040      0.092     -0.440      0.660
    SCSJ8             -0.136      0.067     -2.044      0.041
    SCSJ11            -0.134      0.116     -1.152      0.249
    SCSJ16            -0.133      0.065     -2.043      0.041
    SCSJ21            -0.142      0.057     -2.484      0.013
    SCCH3              0.254      0.243      1.044      0.297
    SCCH7              0.364      0.197      1.849      0.064
    SCCH10             0.245      0.267      0.916      0.360
    SCCH15             0.339      0.217      1.564      0.118
    SCIS4             -0.113      0.078     -1.449      0.147
    SCIS13            -0.099      0.062     -1.584      0.113
    SCIS18            -0.053      0.088     -0.598      0.550
    SCIS25            -0.074      0.067     -1.100      0.271
    SCMI9              0.087      0.177      0.490      0.624
    SCMI14             0.013      0.215      0.062      0.950
    SCMI17             0.175      0.243      0.721      0.471
    SCMI22             0.441      0.240      1.839      0.066
    SCOI2             -0.032      0.146     -0.221      0.825
    SCOI6             -0.054      0.091     -0.589      0.556
    SCOI20             0.185      0.063      2.946      0.003
    SCOI24             0.069      0.080      0.856      0.392

 SJ       BY
    SCSK5              0.049      0.052      0.935      0.350
    SCSK12            -0.023      0.040     -0.577      0.564
    SCSK19            -0.088      0.054     -1.624      0.104
    SCSK23            -0.329      0.167     -1.972      0.049
    SCSK26            -0.241      0.105     -2.284      0.022
    SCSJ1              0.522      0.128      4.068      0.000
    SCSJ8              0.942      0.170      5.554      0.000
    SCSJ11             0.724      0.149      4.871      0.000
    SCSJ16             0.819      0.136      6.002      0.000
    SCSJ21             0.566      0.113      5.020      0.000
    SCCH3              0.066      0.122      0.542      0.588
    SCCH7              0.162      0.072      2.265      0.023
    SCCH10             0.158      0.094      1.686      0.092
    SCCH15            -0.005      0.073     -0.065      0.948
    SCIS4              0.340      0.200      1.703      0.089
    SCIS13             0.287      0.106      2.696      0.007
    SCIS18             0.379      0.119      3.175      0.001
    SCIS25             0.420      0.162      2.598      0.009
    SCMI9              0.171      0.084      2.037      0.042
    SCMI14             0.025      0.080      0.318      0.750
    SCMI17             0.008      0.106      0.072      0.943
    SCMI22             0.095      0.096      0.995      0.320
    SCOI2              0.403      0.266      1.515      0.130
    SCOI6              0.445      0.189      2.359      0.018
    SCOI20             0.339      0.144      2.358      0.018
    SCOI24             0.213      0.166      1.286      0.199

 CH       BY
    SCSK5              0.194      0.106      1.833      0.067
    SCSK12             0.149      0.045      3.336      0.001
    SCSK19             0.116      0.118      0.988      0.323
    SCSK23             0.285      0.358      0.797      0.426
    SCSK26             0.299      0.191      1.561      0.119
    SCSJ1              0.038      0.148      0.259      0.795
    SCSJ8              0.068      0.060      1.128      0.259
    SCSJ11             0.157      0.104      1.510      0.131
    SCSJ16             0.030      0.071      0.424      0.671
    SCSJ21             0.113      0.064      1.778      0.075
    SCCH3              0.397      0.577      0.689      0.491
    SCCH7              0.721      0.158      4.559      0.000
    SCCH10             0.964      0.271      3.560      0.000
    SCCH15             0.459      0.144      3.185      0.001
    SCIS4              0.040      0.111      0.358      0.721
    SCIS13             0.036      0.037      0.972      0.331
    SCIS18             0.095      0.092      1.024      0.306
    SCIS25             0.004      0.088      0.046      0.963
    SCMI9              0.214      0.106      2.018      0.044
    SCMI14             0.124      0.189      0.656      0.512
    SCMI17             0.222      0.250      0.886      0.376
    SCMI22             0.316      0.206      1.535      0.125
    SCOI2              0.022      0.238      0.091      0.927
    SCOI6              0.010      0.132      0.077      0.939
    SCOI20             0.028      0.061      0.462      0.644
    SCOI24             0.042      0.089      0.471      0.637

 IS       BY
    SCSK5              0.052      0.045      1.143      0.253
    SCSK12            -0.136      0.044     -3.117      0.002
    SCSK19            -0.077      0.064     -1.203      0.229
    SCSK23            -0.163      0.132     -1.237      0.216
    SCSK26            -0.021      0.087     -0.240      0.810
    SCSJ1              0.136      0.117      1.157      0.247
    SCSJ8              0.349      0.092      3.778      0.000
    SCSJ11             0.374      0.148      2.524      0.012
    SCSJ16             0.440      0.093      4.733      0.000
    SCSJ21             0.263      0.097      2.712      0.007
    SCCH3              0.142      0.120      1.181      0.238
    SCCH7              0.198      0.052      3.807      0.000
    SCCH10             0.005      0.053      0.089      0.929
    SCCH15            -0.091      0.087     -1.042      0.297
    SCIS4              0.727      0.246      2.953      0.003
    SCIS13             1.061      0.093     11.365      0.000
    SCIS18             1.018      0.071     14.351      0.000
    SCIS25             0.748      0.187      4.002      0.000
    SCMI9             -0.020      0.093     -0.219      0.827
    SCMI14            -0.182      0.103     -1.773      0.076
    SCMI17            -0.266      0.119     -2.228      0.026
    SCMI22            -0.281      0.089     -3.155      0.002
    SCOI2              0.636      0.313      2.035      0.042
    SCOI6              0.674      0.231      2.911      0.004
    SCOI20             0.500      0.140      3.582      0.000
    SCOI24             0.476      0.197      2.415      0.016

 MI       BY
    SCSK5              0.107      0.188      0.569      0.570
    SCSK12             0.093      0.219      0.425      0.671
    SCSK19             0.113      0.238      0.475      0.635
    SCSK23            -0.102      0.359     -0.283      0.777
    SCSK26             0.011      0.287      0.037      0.971
    SCSJ1              0.191      0.090      2.111      0.035
    SCSJ8             -0.020      0.150     -0.133      0.895
    SCSJ11             0.067      0.128      0.520      0.603
    SCSJ16            -0.052      0.117     -0.439      0.660
    SCSJ21             0.040      0.112      0.357      0.721
    SCCH3              0.636      0.316      2.009      0.044
    SCCH7             -0.020      0.351     -0.056      0.955
    SCCH10            -0.011      0.487     -0.023      0.982
    SCCH15             0.306      0.281      1.089      0.276
    SCIS4             -0.115      0.115     -0.997      0.319
    SCIS13            -0.151      0.084     -1.788      0.074
    SCIS18            -0.150      0.081     -1.856      0.063
    SCIS25            -0.105      0.093     -1.140      0.254
    SCMI9              0.406      0.164      2.470      0.014
    SCMI14             0.556      0.188      2.956      0.003
    SCMI17             0.315      0.211      1.494      0.135
    SCMI22             0.103      0.252      0.410      0.682
    SCOI2             -0.071      0.140     -0.505      0.613
    SCOI6             -0.055      0.131     -0.420      0.675
    SCOI20            -0.345      0.089     -3.857      0.000
    SCOI24            -0.229      0.110     -2.078      0.038

 OI       BY
    SCSK5             -0.088      0.150     -0.588      0.557
    SCSK12            -0.172      0.140     -1.229      0.219
    SCSK19            -0.175      0.119     -1.473      0.141
    SCSK23             0.379      0.196      1.929      0.054
    SCSK26             0.304      0.120      2.537      0.011
    SCSJ1             -0.017      0.116     -0.149      0.882
    SCSJ8              0.220      0.111      1.987      0.047
    SCSJ11            -0.177      0.109     -1.631      0.103
    SCSJ16            -0.090      0.201     -0.445      0.656
    SCSJ21             0.175      0.082      2.140      0.032
    SCCH3              0.286      0.328      0.871      0.384
    SCCH7             -0.025      0.215     -0.117      0.907
    SCCH10            -0.202      0.196     -1.030      0.303
    SCCH15             0.149      0.094      1.590      0.112
    SCIS4              0.080      0.148      0.542      0.588
    SCIS13             0.020      0.160      0.122      0.903
    SCIS18             0.034      0.193      0.174      0.862
    SCIS25             0.042      0.168      0.251      0.802
    SCMI9              0.006      0.114      0.053      0.958
    SCMI14            -0.078      0.143     -0.547      0.584
    SCMI17             0.024      0.089      0.267      0.789
    SCMI22             0.159      0.180      0.885      0.376
    SCOI2              0.077      0.210      0.368      0.713
    SCOI6              0.017      0.166      0.100      0.921
    SCOI20             0.075      0.286      0.263      0.793
    SCOI24             0.039      0.201      0.192      0.848

 PO       BY
    SCSK5              0.205      0.442      0.465      0.642
    SCSK12             0.341      0.422      0.807      0.420
    SCSK19             0.468      0.404      1.159      0.247
    SCSK23             0.587      0.253      2.322      0.020
    SCSK26             0.442      0.295      1.498      0.134
    SCCH3             -0.162      0.369     -0.439      0.661
    SCCH7             -0.019      0.554     -0.034      0.973
    SCCH10             0.071      0.702      0.101      0.920
    SCCH15             0.393      0.356      1.103      0.270
    SCMI9              0.405      0.186      2.178      0.029
    SCMI14             0.608      0.163      3.741      0.000
    SCMI17             0.571      0.186      3.078      0.002
    SCMI22             0.446      0.268      1.663      0.096

 NE       BY
    SCSJ1              0.330      0.190      1.734      0.083
    SCSJ8              0.351      0.404      0.869      0.385
    SCSJ11             0.424      0.309      1.372      0.170
    SCSJ16             0.313      0.378      0.828      0.408
    SCSJ21             0.327      0.251      1.304      0.192
    SCIS4              0.680      0.336      2.025      0.043
    SCIS13             0.199      0.513      0.389      0.697
    SCIS18             0.160      0.521      0.308      0.758
    SCIS25             0.535      0.381      1.405      0.160
    SCOI2              0.796      0.397      2.005      0.045
    SCOI6              0.650      0.328      1.983      0.047
    SCOI20             0.386      0.356      1.083      0.279
    SCOI24             0.497      0.300      1.659      0.097

 PO       WITH
    SK                 0.000      0.000    999.000    999.000
    SJ                 0.000      0.000    999.000    999.000
    CH                 0.000      0.000    999.000    999.000
    IS                 0.000      0.000    999.000    999.000
    MI                 0.000      0.000    999.000    999.000
    OI                 0.000      0.000    999.000    999.000

 NE       WITH
    SK                 0.000      0.000    999.000    999.000
    SJ                 0.000      0.000    999.000    999.000
    CH                 0.000      0.000    999.000    999.000
    IS                 0.000      0.000    999.000    999.000
    MI                 0.000      0.000    999.000    999.000
    OI                 0.000      0.000    999.000    999.000
    PO                -0.430      0.214     -2.011      0.044

 SJ       WITH
    SK                 0.000      0.000    999.000    999.000

 CH       WITH
    SK                 0.000      0.000    999.000    999.000
    SJ                 0.000      0.000    999.000    999.000

 IS       WITH
    SK                 0.000      0.000    999.000    999.000
    SJ                 0.000      0.000    999.000    999.000
    CH                 0.000      0.000    999.000    999.000

 MI       WITH
    SK                 0.000      0.000    999.000    999.000
    SJ                 0.000      0.000    999.000    999.000
    CH                 0.000      0.000    999.000    999.000
    IS                 0.000      0.000    999.000    999.000

 OI       WITH
    SK                 0.000      0.000    999.000    999.000
    SJ                 0.000      0.000    999.000    999.000
    CH                 0.000      0.000    999.000    999.000
    IS                 0.000      0.000    999.000    999.000
    MI                 0.000      0.000    999.000    999.000

 Intercepts
    SCSJ1              3.693      0.038     96.270      0.000
    SCOI2              2.494      0.047     53.081      0.000
    SCCH3              3.266      0.039     84.359      0.000
    SCIS4              2.368      0.046     51.067      0.000
    SCSK5              2.779      0.042     66.685      0.000
    SCOI6              2.705      0.046     58.277      0.000
    SCCH7              2.524      0.044     56.728      0.000
    SCSJ8              2.853      0.046     61.580      0.000
    SCMI9              3.499      0.037     94.106      0.000
    SCCH10             2.576      0.042     61.858      0.000
    SCSJ11             2.722      0.045     60.829      0.000
    SCSK12             2.655      0.041     64.814      0.000
    SCIS13             2.605      0.048     54.657      0.000
    SCMI14             3.567      0.037     97.403      0.000
    SCCH15             3.125      0.040     77.625      0.000
    SCSJ16             2.865      0.046     62.507      0.000
    SCMI17             3.344      0.036     93.228      0.000
    SCIS18             2.814      0.046     61.653      0.000
    SCSK19             2.733      0.041     67.230      0.000
    SCOI20             2.342      0.042     55.492      0.000
    SCSJ21             2.784      0.042     66.753      0.000
    SCMI22             2.848      0.040     70.628      0.000
    SCSK23             2.750      0.040     68.812      0.000
    SCOI24             2.003      0.040     49.684      0.000
    SCIS25             2.598      0.048     54.163      0.000
    SCSK26             2.789      0.038     73.281      0.000

 Variances
    SK                 1.000      0.000    999.000    999.000
    SJ                 1.000      0.000    999.000    999.000
    CH                 1.000      0.000    999.000    999.000
    IS                 1.000      0.000    999.000    999.000
    MI                 1.000      0.000    999.000    999.000
    OI                 1.000      0.000    999.000    999.000
    PO                 1.000      0.000    999.000    999.000
    NE                 1.000      0.000    999.000    999.000

 Residual Variances
    SCSJ1              0.713      0.042     17.038      0.000
    SCOI2              0.515      0.063      8.139      0.000
    SCCH3              0.415      0.394      1.053      0.292
    SCIS4              0.543      0.063      8.626      0.000
    SCSK5              0.628      0.062     10.150      0.000
    SCOI6              0.606      0.050     12.199      0.000
    SCCH7              0.830      0.202      4.102      0.000
    SCSJ8              0.478      0.179      2.663      0.008
    SCMI9              0.671      0.049     13.748      0.000
    SCCH10             0.298      0.489      0.610      0.542
    SCSJ11             0.645      0.044     14.650      0.000
    SCSK12             0.431      0.055      7.814      0.000
    SCIS13             0.496      0.113      4.397      0.000
    SCMI14             0.316      0.058      5.405      0.000
    SCCH15             0.665      0.047     14.256      0.000
    SCSJ16             0.652      0.074      8.843      0.000
    SCMI17             0.431      0.038     11.449      0.000
    SCIS18             0.389      0.106      3.666      0.000
    SCSK19             0.406      0.046      8.892      0.000
    SCOI20             0.721      0.050     14.291      0.000
    SCSJ21             0.801      0.049     16.336      0.000
    SCMI22             0.656      0.060     11.016      0.000
    SCSK23             0.391      0.089      4.401      0.000
    SCOI24             0.693      0.051     13.546      0.000
    SCIS25             0.759      0.054     14.010      0.000
    SCSK26             0.483      0.051      9.501      0.000


STANDARDIZED MODEL RESULTS


STDYX Standardization

                                                    Two-Tailed
                    Estimate       S.E.  Est./S.E.    P-Value

 SK       BY
    SCSK5              0.679      0.093      7.314      0.000
    SCSK12             0.723      0.114      6.347      0.000
    SCSK19             0.680      0.177      3.848      0.000
    SCSK23             0.340      0.335      1.013      0.311
    SCSK26             0.437      0.272      1.605      0.109
    SCSJ1             -0.038      0.086     -0.440      0.660
    SCSJ8             -0.105      0.051     -2.045      0.041
    SCSJ11            -0.107      0.093     -1.153      0.249
    SCSJ16            -0.104      0.051     -2.047      0.041
    SCSJ21            -0.122      0.049     -2.489      0.013
    SCCH3              0.234      0.225      1.043      0.297
    SCCH7              0.292      0.158      1.851      0.064
    SCCH10             0.210      0.230      0.916      0.360
    SCCH15             0.301      0.192      1.568      0.117
    SCIS4             -0.087      0.060     -1.453      0.146
    SCIS13            -0.074      0.047     -1.586      0.113
    SCIS18            -0.041      0.069     -0.598      0.550
    SCIS25            -0.055      0.050     -1.101      0.271
    SCMI9              0.084      0.170      0.490      0.624
    SCMI14             0.013      0.210      0.062      0.950
    SCMI17             0.174      0.242      0.721      0.471
    SCMI22             0.391      0.212      1.844      0.065
    SCOI2             -0.025      0.111     -0.221      0.825
    SCOI6             -0.041      0.070     -0.589      0.556
    SCOI20             0.157      0.053      2.942      0.003
    SCOI24             0.061      0.071      0.856      0.392

 SJ       BY
    SCSK5              0.042      0.045      0.934      0.350
    SCSK12            -0.020      0.035     -0.577      0.564
    SCSK19            -0.077      0.047     -1.625      0.104
    SCSK23            -0.294      0.149     -1.971      0.049
    SCSK26            -0.226      0.099     -2.291      0.022
    SCSJ1              0.486      0.118      4.121      0.000
    SCSJ8              0.726      0.130      5.570      0.000
    SCSJ11             0.578      0.117      4.926      0.000
    SCSJ16             0.639      0.105      6.095      0.000
    SCSJ21             0.485      0.096      5.072      0.000
    SCCH3              0.061      0.113      0.542      0.588
    SCCH7              0.130      0.057      2.268      0.023
    SCCH10             0.136      0.080      1.691      0.091
    SCCH15            -0.004      0.065     -0.065      0.948
    SCIS4              0.262      0.153      1.710      0.087
    SCIS13             0.215      0.080      2.705      0.007
    SCIS18             0.297      0.093      3.200      0.001
    SCIS25             0.313      0.120      2.606      0.009
    SCMI9              0.165      0.081      2.042      0.041
    SCMI14             0.025      0.078      0.318      0.751
    SCMI17             0.008      0.106      0.072      0.943
    SCMI22             0.084      0.085      0.995      0.320
    SCOI2              0.307      0.202      1.517      0.129
    SCOI6              0.342      0.145      2.367      0.018
    SCOI20             0.287      0.120      2.385      0.017
    SCOI24             0.189      0.146      1.292      0.196

 CH       BY
    SCSK5              0.166      0.091      1.833      0.067
    SCSK12             0.130      0.039      3.345      0.001
    SCSK19             0.102      0.104      0.986      0.324
    SCSK23             0.255      0.320      0.797      0.425
    SCSK26             0.280      0.180      1.558      0.119
    SCSJ1              0.036      0.138      0.259      0.795
    SCSJ8              0.052      0.046      1.129      0.259
    SCSJ11             0.126      0.083      1.512      0.131
    SCSJ16             0.023      0.055      0.424      0.672
    SCSJ21             0.097      0.055      1.778      0.075
    SCCH3              0.367      0.532      0.690      0.490
    SCCH7              0.579      0.126      4.592      0.000
    SCCH10             0.827      0.231      3.577      0.000
    SCCH15             0.408      0.127      3.200      0.001
    SCIS4              0.030      0.085      0.358      0.721
    SCIS13             0.027      0.028      0.971      0.332
    SCIS18             0.074      0.072      1.023      0.306
    SCIS25             0.003      0.066      0.046      0.963
    SCMI9              0.206      0.102      2.019      0.044
    SCMI14             0.121      0.185      0.655      0.512
    SCMI17             0.221      0.249      0.886      0.376
    SCMI22             0.280      0.182      1.537      0.124
    SCOI2              0.016      0.181      0.091      0.927
    SCOI6              0.008      0.102      0.077      0.939
    SCOI20             0.024      0.052      0.461      0.645
    SCOI24             0.037      0.079      0.471      0.637

 IS       BY
    SCSK5              0.044      0.039      1.144      0.253
    SCSK12            -0.118      0.038     -3.135      0.002
    SCSK19            -0.068      0.056     -1.204      0.229
    SCSK23            -0.146      0.118     -1.237      0.216
    SCSK26            -0.020      0.081     -0.240      0.810
    SCSJ1              0.127      0.109      1.160      0.246
    SCSJ8              0.269      0.071      3.788      0.000
    SCSJ11             0.299      0.118      2.536      0.011
    SCSJ16             0.343      0.072      4.775      0.000
    SCSJ21             0.225      0.083      2.726      0.006
    SCCH3              0.131      0.111      1.184      0.236
    SCCH7              0.159      0.042      3.831      0.000
    SCCH10             0.004      0.046      0.089      0.929
    SCCH15            -0.080      0.077     -1.042      0.298
    SCIS4              0.560      0.188      2.975      0.003
    SCIS13             0.796      0.068     11.770      0.000
    SCIS18             0.798      0.052     15.223      0.000
    SCIS25             0.558      0.138      4.027      0.000
    SCMI9             -0.020      0.090     -0.219      0.827
    SCMI14            -0.178      0.100     -1.779      0.075
    SCMI17            -0.265      0.119     -2.232      0.026
    SCMI22            -0.249      0.079     -3.166      0.002
    SCOI2              0.484      0.238      2.036      0.042
    SCOI6              0.519      0.177      2.931      0.003
    SCOI20             0.424      0.117      3.627      0.000
    SCOI24             0.422      0.173      2.437      0.015

 MI       BY
    SCSK5              0.092      0.161      0.569      0.569
    SCSK12             0.081      0.191      0.425      0.671
    SCSK19             0.100      0.209      0.476      0.634
    SCSK23            -0.091      0.321     -0.283      0.777
    SCSK26             0.010      0.269      0.037      0.971
    SCSJ1              0.178      0.084      2.115      0.034
    SCSJ8             -0.015      0.116     -0.133      0.895
    SCSJ11             0.053      0.102      0.520      0.603
    SCSJ16            -0.040      0.092     -0.439      0.660
    SCSJ21             0.034      0.096      0.357      0.721
    SCCH3              0.587      0.292      2.011      0.044
    SCCH7             -0.016      0.282     -0.056      0.955
    SCCH10            -0.010      0.418     -0.023      0.982
    SCCH15             0.271      0.249      1.089      0.276
    SCIS4             -0.089      0.089     -0.998      0.318
    SCIS13            -0.113      0.063     -1.788      0.074
    SCIS18            -0.117      0.063     -1.862      0.063
    SCIS25            -0.079      0.069     -1.140      0.254
    SCMI9              0.390      0.157      2.483      0.013
    SCMI14             0.542      0.182      2.973      0.003
    SCMI17             0.314      0.210      1.495      0.135
    SCMI22             0.092      0.223      0.410      0.682
    SCOI2             -0.054      0.107     -0.505      0.613
    SCOI6             -0.042      0.101     -0.420      0.675
    SCOI20            -0.292      0.075     -3.899      0.000
    SCOI24            -0.203      0.097     -2.096      0.036

 OI       BY
    SCSK5             -0.076      0.128     -0.588      0.557
    SCSK12            -0.150      0.122     -1.231      0.219
    SCSK19            -0.154      0.104     -1.477      0.140
    SCSK23             0.339      0.175      1.931      0.053
    SCSK26             0.285      0.112      2.549      0.011
    SCSJ1             -0.016      0.108     -0.149      0.882
    SCSJ8              0.169      0.085      1.986      0.047
    SCSJ11            -0.142      0.087     -1.632      0.103
    SCSJ16            -0.070      0.157     -0.445      0.656
    SCSJ21             0.150      0.070      2.147      0.032
    SCCH3              0.264      0.303      0.871      0.384
    SCCH7             -0.020      0.172     -0.117      0.907
    SCCH10            -0.173      0.168     -1.031      0.302
    SCCH15             0.132      0.084      1.585      0.113
    SCIS4              0.062      0.114      0.542      0.587
    SCIS13             0.015      0.120      0.123      0.902
    SCIS18             0.026      0.151      0.174      0.862
    SCIS25             0.031      0.125      0.251      0.802
    SCMI9              0.006      0.110      0.053      0.958
    SCMI14            -0.076      0.140     -0.547      0.584
    SCMI17             0.024      0.088      0.267      0.789
    SCMI22             0.141      0.159      0.886      0.376
    SCOI2              0.059      0.160      0.368      0.713
    SCOI6              0.013      0.128      0.100      0.921
    SCOI20             0.064      0.242      0.263      0.793
    SCOI24             0.034      0.179      0.192      0.848

 PO       BY
    SCSK5              0.176      0.379      0.465      0.642
    SCSK12             0.297      0.368      0.807      0.420
    SCSK19             0.411      0.355      1.157      0.247
    SCSK23             0.525      0.226      2.321      0.020
    SCSK26             0.415      0.277      1.500      0.134
    SCCH3             -0.149      0.340     -0.439      0.661
    SCCH7             -0.015      0.445     -0.034      0.973
    SCCH10             0.061      0.602      0.101      0.920
    SCCH15             0.349      0.316      1.103      0.270
    SCMI9              0.389      0.178      2.182      0.029
    SCMI14             0.594      0.158      3.746      0.000
    SCMI17             0.569      0.184      3.095      0.002
    SCMI22             0.395      0.238      1.661      0.097

 NE       BY
    SCSJ1              0.307      0.177      1.733      0.083
    SCSJ8              0.271      0.311      0.869      0.385
    SCSJ11             0.339      0.247      1.370      0.171
    SCSJ16             0.244      0.295      0.827      0.408
    SCSJ21             0.280      0.215      1.304      0.192
    SCIS4              0.524      0.259      2.020      0.043
    SCIS13             0.149      0.385      0.389      0.698
    SCIS18             0.126      0.408      0.308      0.758
    SCIS25             0.399      0.284      1.404      0.160
    SCOI2              0.605      0.301      2.008      0.045
    SCOI6              0.501      0.253      1.980      0.048
    SCOI20             0.327      0.302      1.081      0.280
    SCOI24             0.441      0.266      1.655      0.098

 PO       WITH
    SK                 0.000      0.000    999.000    999.000
    SJ                 0.000      0.000    999.000    999.000
    CH                 0.000      0.000    999.000    999.000
    IS                 0.000      0.000    999.000    999.000
    MI                 0.000      0.000    999.000    999.000
    OI                 0.000      0.000    999.000    999.000

 NE       WITH
    SK                 0.000      0.000    999.000    999.000
    SJ                 0.000      0.000    999.000    999.000
    CH                 0.000      0.000    999.000    999.000
    IS                 0.000      0.000    999.000    999.000
    MI                 0.000      0.000    999.000    999.000
    OI                 0.000      0.000    999.000    999.000
    PO                -0.430      0.214     -2.011      0.044

 SJ       WITH
    SK                 0.000      0.000    999.000    999.000

 CH       WITH
    SK                 0.000      0.000    999.000    999.000
    SJ                 0.000      0.000    999.000    999.000

 IS       WITH
    SK                 0.000      0.000    999.000    999.000
    SJ                 0.000      0.000    999.000    999.000
    CH                 0.000      0.000    999.000    999.000

 MI       WITH
    SK                 0.000      0.000    999.000    999.000
    SJ                 0.000      0.000    999.000    999.000
    CH                 0.000      0.000    999.000    999.000
    IS                 0.000      0.000    999.000    999.000

 OI       WITH
    SK                 0.000      0.000    999.000    999.000
    SJ                 0.000      0.000    999.000    999.000
    CH                 0.000      0.000    999.000    999.000
    IS                 0.000      0.000    999.000    999.000
    MI                 0.000      0.000    999.000    999.000

 Intercepts
    SCSJ1              3.440      0.100     34.509      0.000
    SCOI2              1.897      0.037     50.869      0.000
    SCCH3              3.015      0.085     35.352      0.000
    SCIS4              1.825      0.034     53.529      0.000
    SCSK5              2.383      0.054     44.360      0.000
    SCOI6              2.083      0.044     47.490      0.000
    SCCH7              2.027      0.042     47.924      0.000
    SCSJ8              2.201      0.050     43.991      0.000
    SCMI9              3.363      0.096     35.141      0.000
    SCCH10             2.211      0.049     44.851      0.000
    SCSJ11             2.174      0.047     46.459      0.000
    SCSK12             2.316      0.051     45.735      0.000
    SCIS13             1.953      0.040     49.281      0.000
    SCMI14             3.481      0.099     35.061      0.000
    SCCH15             2.774      0.071     39.272      0.000
    SCSJ16             2.234      0.050     44.899      0.000
    SCMI17             3.332      0.090     36.970      0.000
    SCIS18             2.203      0.049     44.604      0.000
    SCSK19             2.403      0.055     43.646      0.000
    SCOI20             1.983      0.041     48.865      0.000
    SCSJ21             2.386      0.055     43.095      0.000
    SCMI22             2.524      0.060     41.721      0.000
    SCSK23             2.459      0.057     43.332      0.000
    SCOI24             1.776      0.034     51.955      0.000
    SCIS25             1.936      0.040     48.102      0.000
    SCSK26             2.619      0.062     42.107      0.000

 Variances
    SK                 1.000      0.000    999.000    999.000
    SJ                 1.000      0.000    999.000    999.000
    CH                 1.000      0.000    999.000    999.000
    IS                 1.000      0.000    999.000    999.000
    MI                 1.000      0.000    999.000    999.000
    OI                 1.000      0.000    999.000    999.000
    PO                 1.000      0.000    999.000    999.000
    NE                 1.000      0.000    999.000    999.000

 Residual Variances
    SCSJ1              0.619      0.033     18.956      0.000
    SCOI2              0.298      0.037      7.992      0.000
    SCCH3              0.353      0.336      1.051      0.293
    SCIS4              0.323      0.039      8.343      0.000
    SCSK5              0.462      0.045     10.243      0.000
    SCOI6              0.359      0.032     11.271      0.000
    SCCH7              0.536      0.130      4.111      0.000
    SCSJ8              0.284      0.107      2.661      0.008
    SCMI9              0.620      0.042     14.741      0.000
    SCCH10             0.220      0.360      0.610      0.542
    SCSJ11             0.412      0.030     13.876      0.000
    SCSK12             0.328      0.042      7.793      0.000
    SCIS13             0.279      0.064      4.374      0.000
    SCMI14             0.301      0.055      5.462      0.000
    SCCH15             0.524      0.035     15.012      0.000
    SCSJ16             0.397      0.045      8.735      0.000
    SCMI17             0.428      0.037     11.637      0.000
    SCIS18             0.239      0.066      3.640      0.000
    SCSK19             0.314      0.036      8.800      0.000
    SCOI20             0.517      0.035     14.697      0.000
    SCSJ21             0.588      0.035     16.799      0.000
    SCMI22             0.515      0.046     11.117      0.000
    SCSK23             0.313      0.071      4.403      0.000
    SCOI24             0.545      0.038     14.157      0.000
    SCIS25             0.422      0.030     14.070      0.000
    SCSK26             0.426      0.045      9.563      0.000


R-SQUARE

    Observed                                        Two-Tailed
    Variable        Estimate       S.E.  Est./S.E.    P-Value

    SCSJ1              0.381      0.033     11.685      0.000
    SCOI2              0.702      0.037     18.817      0.000
    SCCH3              0.647      0.336      1.924      0.054
    SCIS4              0.677      0.039     17.502      0.000
    SCSK5              0.538      0.045     11.922      0.000
    SCOI6              0.641      0.032     20.096      0.000
    SCCH7              0.464      0.130      3.562      0.000
    SCSJ8              0.716      0.107      6.702      0.000
    SCMI9              0.380      0.042      9.032      0.000
    SCCH10             0.780      0.360      2.166      0.030
    SCSJ11             0.588      0.030     19.840      0.000
    SCSK12             0.672      0.042     15.989      0.000
    SCIS13             0.721      0.064     11.309      0.000
    SCMI14             0.699      0.055     12.710      0.000
    SCCH15             0.476      0.035     13.626      0.000
    SCSJ16             0.603      0.045     13.280      0.000
    SCMI17             0.572      0.037     15.561      0.000
    SCIS18             0.761      0.066     11.616      0.000
    SCSK19             0.686      0.036     19.239      0.000
    SCOI20             0.483      0.035     13.744      0.000
    SCSJ21             0.412      0.035     11.770      0.000
    SCMI22             0.485      0.046     10.465      0.000
    SCSK23             0.687      0.071      9.678      0.000
    SCOI24             0.455      0.038     11.836      0.000
    SCIS25             0.578      0.030     19.299      0.000
    SCSK26             0.574      0.045     12.904      0.000


QUALITY OF NUMERICAL RESULTS

     Condition Number for the Information Matrix              0.308E-04
       (ratio of smallest to largest eigenvalue)


DIAGRAM INFORMATION

  Use View Diagram under the Diagram menu in the Mplus Editor to view the diagram.
  If running Mplus from the Mplus Diagrammer, the diagram opens automatically.

  Diagram output
    /Users/corrado/Dropbox/papers/self_compassion/scripts/_mplus/m5c_two_bifactor_esem.dgm

     Beginning Time:  10:39:37
        Ending Time:  10:39:38
       Elapsed Time:  00:00:01



MUTHEN & MUTHEN
3463 Stoner Ave.
Los Angeles, CA  90066

Tel: (310) 391-9971
Fax: (310) 391-8971
Web: www.StatModel.com
Support: Support@StatModel.com

Copyright (c) 1998-2020 Muthen & Muthen
