Mplus VERSION 8.5 (Mac)
MUTHEN & MUTHEN
03/13/2021   6:03 PM

INPUT INSTRUCTIONS

  TITLE: 2 factor bi-factor ESEM with correlated residuals.

  DATA:
    FILE IS selfcompassionitems.dat;

  VARIABLE:
    NAMES ARE scsj1 scoi2 scch3 scis4 scsk5 scoi6 scch7 scsj8
              scmi9 scch10 scsj11 scsk12 scis13 scmi14 scch15
              scsj16 scmi17 scis18 scsk19 scoi20 scsj21 scmi22
              scsk23 scoi24 scis25 scsk26;
    MISSING ARE ALL(-9);
    USEVARIABLES ARE scsj1 scoi2 scch3 scis4 scsk5 scoi6 scch7 scsj8
              scmi9 scch10 scsj11 scsk12 scis13 scmi14 scch15
              scsj16 scmi17 scis18 scsk19 scoi20 scsj21 scmi22
              scsk23 scoi24 scis25 scsk26;
    CATEGORICAL ARE all;

  ANALYSIS:
    ! Requesting the weighted least squares mean- and variance-adjusted estimator
    ESTIMATOR = WLSMV;
    ROTATION = target;

  MODEL:
    sc BY scsk5 scsk12 scsk19 scsk23 scsk26 scsj1 scsj8 scsj11
          scsj16 scsj21 scch3 scch7 scch10 scch15 scis4 scis13
          scis18 scis25 scmi9 scmi14 scmi17 scmi22 scoi2 scoi6
          scoi20 scoi24 (*1);

    pos BY scsk5 scsk12 scsk19 scsk23 scsk26 scsj1~0 scsj8~0 scsj11~0
           scsj16~0 scsj21~0 scch3 scch7 scch10 scch15 scis4~0 scis13~0
           scis18~0 scis25~0 scmi9 scmi14 scmi17 scmi22 scoi2~0 scoi6~0
           scoi20~0 scoi24~0 (*1);
    neg BY scsk5~0 scsk12~0 scsk19~0 scsk23~0 scsk26~0 scsj1 scsj8 scsj11
           scsj16 scsj21 scch3~0 scch7~0 scch10~0 scch15~0 scis4 scis13
           scis18 scis25 scmi9~0 scmi14~0 scmi17~0 scmi22~0 scoi2 scoi6
           scoi20 scoi24 (*1);

    scch10 WITH scch7;
    scis18 WITH scis13;

  ! Requesting standardized parameter estimates
  OUTPUT: stdyx;

  ! scch7: When I'm down and out, I remind myself that there are lots
  ! of other people in the world feeling like I am.
  ! scch10: When I feel inadequate in some way, I try to remind myself
  ! that feelings of inadequacy are shared by most people.

  ! scis13: When I'm feeling down, I tend to feel like most other people
  ! are probably happier than I am.
  ! scis18: When I'm really struggling, I tend to feel like other people
  ! must be having an easier time of it.




INPUT READING TERMINATED NORMALLY



2 factor bi-factor ESEM with correlated residuals.

SUMMARY OF ANALYSIS

Number of groups                                                 1
Number of observations                                         783

Number of dependent variables                                   26
Number of independent variables                                  0
Number of continuous latent variables                            3

Observed dependent variables

  Binary and ordered categorical (ordinal)
   SCSJ1       SCOI2       SCCH3       SCIS4       SCSK5       SCOI6
   SCCH7       SCSJ8       SCMI9       SCCH10      SCSJ11      SCSK12
   SCIS13      SCMI14      SCCH15      SCSJ16      SCMI17      SCIS18
   SCSK19      SCOI20      SCSJ21      SCMI22      SCSK23      SCOI24
   SCIS25      SCSK26

Continuous latent variables

  EFA factors
  *1:   SC          POS         NEG


Estimator                                                    WLSMV
Rotation                                                    TARGET
Row standardization                                    CORRELATION
Type of rotation                                           OBLIQUE
Maximum number of iterations                                  1000
Convergence criterion                                    0.500D-04
Maximum number of steepest descent iterations                   20
Maximum number of iterations for H1                           2000
Convergence criterion for H1                             0.100D-03
Optimization Specifications for the Exploratory Factor Analysis
Rotation Algorithm
  Number of random starts                                       30
  Maximum number of iterations                             1000000
  Derivative convergence criterion                       0.100D-04
Parameterization                                             DELTA
Link                                                        PROBIT

Input data file(s)
  selfcompassionitems.dat

Input data format  FREE


SUMMARY OF DATA

     Number of missing data patterns             1


COVARIANCE COVERAGE OF DATA

Minimum covariance coverage value   0.100


     PROPORTION OF DATA PRESENT


           Covariance Coverage
              SCSJ1         SCOI2         SCCH3         SCIS4         SCSK5
              ________      ________      ________      ________      ________
 SCSJ1          1.000
 SCOI2          1.000         1.000
 SCCH3          1.000         1.000         1.000
 SCIS4          1.000         1.000         1.000         1.000
 SCSK5          1.000         1.000         1.000         1.000         1.000
 SCOI6          1.000         1.000         1.000         1.000         1.000
 SCCH7          1.000         1.000         1.000         1.000         1.000
 SCSJ8          1.000         1.000         1.000         1.000         1.000
 SCMI9          1.000         1.000         1.000         1.000         1.000
 SCCH10         1.000         1.000         1.000         1.000         1.000
 SCSJ11         1.000         1.000         1.000         1.000         1.000
 SCSK12         1.000         1.000         1.000         1.000         1.000
 SCIS13         1.000         1.000         1.000         1.000         1.000
 SCMI14         1.000         1.000         1.000         1.000         1.000
 SCCH15         1.000         1.000         1.000         1.000         1.000
 SCSJ16         1.000         1.000         1.000         1.000         1.000
 SCMI17         1.000         1.000         1.000         1.000         1.000
 SCIS18         1.000         1.000         1.000         1.000         1.000
 SCSK19         1.000         1.000         1.000         1.000         1.000
 SCOI20         1.000         1.000         1.000         1.000         1.000
 SCSJ21         1.000         1.000         1.000         1.000         1.000
 SCMI22         1.000         1.000         1.000         1.000         1.000
 SCSK23         1.000         1.000         1.000         1.000         1.000
 SCOI24         1.000         1.000         1.000         1.000         1.000
 SCIS25         1.000         1.000         1.000         1.000         1.000
 SCSK26         1.000         1.000         1.000         1.000         1.000


           Covariance Coverage
              SCOI6         SCCH7         SCSJ8         SCMI9         SCCH10
              ________      ________      ________      ________      ________
 SCOI6          1.000
 SCCH7          1.000         1.000
 SCSJ8          1.000         1.000         1.000
 SCMI9          1.000         1.000         1.000         1.000
 SCCH10         1.000         1.000         1.000         1.000         1.000
 SCSJ11         1.000         1.000         1.000         1.000         1.000
 SCSK12         1.000         1.000         1.000         1.000         1.000
 SCIS13         1.000         1.000         1.000         1.000         1.000
 SCMI14         1.000         1.000         1.000         1.000         1.000
 SCCH15         1.000         1.000         1.000         1.000         1.000
 SCSJ16         1.000         1.000         1.000         1.000         1.000
 SCMI17         1.000         1.000         1.000         1.000         1.000
 SCIS18         1.000         1.000         1.000         1.000         1.000
 SCSK19         1.000         1.000         1.000         1.000         1.000
 SCOI20         1.000         1.000         1.000         1.000         1.000
 SCSJ21         1.000         1.000         1.000         1.000         1.000
 SCMI22         1.000         1.000         1.000         1.000         1.000
 SCSK23         1.000         1.000         1.000         1.000         1.000
 SCOI24         1.000         1.000         1.000         1.000         1.000
 SCIS25         1.000         1.000         1.000         1.000         1.000
 SCSK26         1.000         1.000         1.000         1.000         1.000


           Covariance Coverage
              SCSJ11        SCSK12        SCIS13        SCMI14        SCCH15
              ________      ________      ________      ________      ________
 SCSJ11         1.000
 SCSK12         1.000         1.000
 SCIS13         1.000         1.000         1.000
 SCMI14         1.000         1.000         1.000         1.000
 SCCH15         1.000         1.000         1.000         1.000         1.000
 SCSJ16         1.000         1.000         1.000         1.000         1.000
 SCMI17         1.000         1.000         1.000         1.000         1.000
 SCIS18         1.000         1.000         1.000         1.000         1.000
 SCSK19         1.000         1.000         1.000         1.000         1.000
 SCOI20         1.000         1.000         1.000         1.000         1.000
 SCSJ21         1.000         1.000         1.000         1.000         1.000
 SCMI22         1.000         1.000         1.000         1.000         1.000
 SCSK23         1.000         1.000         1.000         1.000         1.000
 SCOI24         1.000         1.000         1.000         1.000         1.000
 SCIS25         1.000         1.000         1.000         1.000         1.000
 SCSK26         1.000         1.000         1.000         1.000         1.000


           Covariance Coverage
              SCSJ16        SCMI17        SCIS18        SCSK19        SCOI20
              ________      ________      ________      ________      ________
 SCSJ16         1.000
 SCMI17         1.000         1.000
 SCIS18         1.000         1.000         1.000
 SCSK19         1.000         1.000         1.000         1.000
 SCOI20         1.000         1.000         1.000         1.000         1.000
 SCSJ21         1.000         1.000         1.000         1.000         1.000
 SCMI22         1.000         1.000         1.000         1.000         1.000
 SCSK23         1.000         1.000         1.000         1.000         1.000
 SCOI24         1.000         1.000         1.000         1.000         1.000
 SCIS25         1.000         1.000         1.000         1.000         1.000
 SCSK26         1.000         1.000         1.000         1.000         1.000


           Covariance Coverage
              SCSJ21        SCMI22        SCSK23        SCOI24        SCIS25
              ________      ________      ________      ________      ________
 SCSJ21         1.000
 SCMI22         1.000         1.000
 SCSK23         1.000         1.000         1.000
 SCOI24         1.000         1.000         1.000         1.000
 SCIS25         1.000         1.000         1.000         1.000         1.000
 SCSK26         1.000         1.000         1.000         1.000         1.000


           Covariance Coverage
              SCSK26
              ________
 SCSK26         1.000


UNIVARIATE PROPORTIONS AND COUNTS FOR CATEGORICAL VARIABLES

    SCSJ1
      Category 1    0.036           28.000
      Category 2    0.100           78.000
      Category 3    0.263          206.000
      Category 4    0.338          265.000
      Category 5    0.263          206.000
    SCOI2
      Category 1    0.303          237.000
      Category 2    0.243          190.000
      Category 3    0.207          162.000
      Category 4    0.153          120.000
      Category 5    0.095           74.000
    SCCH3
      Category 1    0.078           61.000
      Category 2    0.140          110.000
      Category 3    0.335          262.000
      Category 4    0.332          260.000
      Category 5    0.115           90.000
    SCIS4
      Category 1    0.338          265.000
      Category 2    0.261          204.000
      Category 3    0.178          139.000
      Category 4    0.142          111.000
      Category 5    0.082           64.000
    SCSK5
      Category 1    0.149          117.000
      Category 2    0.282          221.000
      Category 3    0.292          229.000
      Category 4    0.192          150.000
      Category 5    0.084           66.000
    SCOI6
      Category 1    0.223          175.000
      Category 2    0.254          199.000
      Category 3    0.226          177.000
      Category 4    0.186          146.000
      Category 5    0.110           86.000
    SCCH7
      Category 1    0.267          209.000
      Category 2    0.250          196.000
      Category 3    0.250          196.000
      Category 4    0.157          123.000
      Category 5    0.075           59.000
    SCSJ8
      Category 1    0.198          155.000
      Category 2    0.216          169.000
      Category 3    0.236          185.000
      Category 4    0.235          184.000
      Category 5    0.115           90.000
    SCMI9
      Category 1    0.042           33.000
      Category 2    0.117           92.000
      Category 3    0.312          244.000
      Category 4    0.356          279.000
      Category 5    0.172          135.000
    SCCH10
      Category 1    0.223          175.000
      Category 2    0.258          202.000
      Category 3    0.290          227.000
      Category 4    0.176          138.000
      Category 5    0.052           41.000
    SCSJ11
      Category 1    0.201          157.000
      Category 2    0.268          210.000
      Category 3    0.232          182.000
      Category 4    0.207          162.000
      Category 5    0.092           72.000
    SCSK12
      Category 1    0.169          132.000
      Category 2    0.318          249.000
      Category 3    0.268          210.000
      Category 4    0.180          141.000
      Category 5    0.065           51.000
    SCIS13
      Category 1    0.276          216.000
      Category 2    0.238          186.000
      Category 3    0.192          150.000
      Category 4    0.195          153.000
      Category 5    0.100           78.000
    SCMI14
      Category 1    0.034           27.000
      Category 2    0.109           85.000
      Category 3    0.303          237.000
      Category 4    0.364          285.000
      Category 5    0.190          149.000
    SCCH15
      Category 1    0.089           70.000
      Category 2    0.199          156.000
      Category 3    0.321          251.000
      Category 4    0.278          218.000
      Category 5    0.112           88.000
    SCSJ16
      Category 1    0.179          140.000
      Category 2    0.249          195.000
      Category 3    0.215          168.000
      Category 4    0.244          191.000
      Category 5    0.114           89.000
    SCMI17
      Category 1    0.040           31.000
      Category 2    0.155          121.000
      Category 3    0.346          271.000
      Category 4    0.342          268.000
      Category 5    0.117           92.000
    SCIS18
      Category 1    0.197          154.000
      Category 2    0.232          182.000
      Category 3    0.235          184.000
      Category 4    0.232          182.000
      Category 5    0.103           81.000
    SCSK19
      Category 1    0.153          120.000
      Category 2    0.284          222.000
      Category 3    0.313          245.000
      Category 4    0.178          139.000
      Category 5    0.073           57.000
    SCOI20
      Category 1    0.301          236.000
      Category 2    0.284          222.000
      Category 3    0.241          189.000
      Category 4    0.119           93.000
      Category 5    0.055           43.000
    SCSJ21
      Category 1    0.160          125.000
      Category 2    0.254          199.000
      Category 3    0.308          241.000
      Category 4    0.199          156.000
      Category 5    0.079           62.000
    SCMI22
      Category 1    0.134          105.000
      Category 2    0.250          196.000
      Category 3    0.321          251.000
      Category 4    0.223          175.000
      Category 5    0.072           56.000
    SCSK23
      Category 1    0.140          110.000
      Category 2    0.290          227.000
      Category 3    0.319          250.000
      Category 4    0.180          141.000
      Category 5    0.070           55.000
    SCOI24
      Category 1    0.433          339.000
      Category 2    0.294          230.000
      Category 3    0.151          118.000
      Category 4    0.083           65.000
      Category 5    0.040           31.000
    SCIS25
      Category 1    0.299          234.000
      Category 2    0.197          154.000
      Category 3    0.202          158.000
      Category 4    0.213          167.000
      Category 5    0.089           70.000
    SCSK26
      Category 1    0.115           90.000
      Category 2    0.292          229.000
      Category 3    0.338          265.000
      Category 4    0.197          154.000
      Category 5    0.057           45.000



THE MODEL ESTIMATION TERMINATED NORMALLY



MODEL FIT INFORMATION

Number of Free Parameters                      181

Chi-Square Test of Model Fit

          Value                           1350.299*
          Degrees of Freedom                   248
          P-Value                           0.0000

*   The chi-square value for MLM, MLMV, MLR, ULSMV, WLSM and WLSMV cannot be used
    for chi-square difference testing in the regular way.  MLM, MLR and WLSM
    chi-square difference testing is described on the Mplus website.  MLMV, WLSMV,
    and ULSMV difference testing is done using the DIFFTEST option.

RMSEA (Root Mean Square Error Of Approximation)

          Estimate                           0.075
          90 Percent C.I.                    0.071  0.079
          Probability RMSEA <= .05           0.000

CFI/TLI

          CFI                                0.946
          TLI                                0.930

Chi-Square Test of Model Fit for the Baseline Model

          Value                          20854.792
          Degrees of Freedom                   325
          P-Value                           0.0000

SRMR (Standardized Root Mean Square Residual)

          Value                              0.033

Optimum Function Value for Weighted Least-Squares Estimator

          Value                     0.39285430D+00



MODEL RESULTS

                                                    Two-Tailed
                    Estimate       S.E.  Est./S.E.    P-Value

 SC       BY
    SCSK5             -0.195      0.042     -4.624      0.000
    SCSK12            -0.153      0.052     -2.967      0.003
    SCSK19            -0.130      0.054     -2.409      0.016
    SCSK23            -0.088      0.057     -1.533      0.125
    SCSK26            -0.115      0.050     -2.323      0.020
    SCSJ1              0.254      0.057      4.486      0.000
    SCSJ8              0.199      0.073      2.720      0.007
    SCSJ11             0.149      0.069      2.154      0.031
    SCSJ16             0.112      0.068      1.639      0.101
    SCSJ21             0.154      0.062      2.473      0.013
    SCCH3              0.228      0.039      5.822      0.000
    SCCH7             -0.087      0.045     -1.930      0.054
    SCCH10             0.085      0.043      1.965      0.049
    SCCH15             0.221      0.042      5.289      0.000
    SCIS4             -0.243      0.071     -3.436      0.001
    SCIS13            -0.281      0.063     -4.473      0.000
    SCIS18            -0.240      0.065     -3.701      0.000
    SCIS25            -0.233      0.069     -3.346      0.001
    SCMI9              0.472      0.035     13.625      0.000
    SCMI14             0.603      0.039     15.496      0.000
    SCMI17             0.458      0.048      9.592      0.000
    SCMI22             0.164      0.048      3.384      0.001
    SCOI2             -0.221      0.070     -3.150      0.002
    SCOI6             -0.189      0.071     -2.656      0.008
    SCOI20            -0.381      0.055     -6.949      0.000
    SCOI24            -0.367      0.059     -6.257      0.000

 POS      BY
    SCSK5              0.710      0.021     34.156      0.000
    SCSK12             0.777      0.017     45.652      0.000
    SCSK19             0.776      0.017     46.843      0.000
    SCSK23             0.626      0.021     30.025      0.000
    SCSK26             0.691      0.020     35.080      0.000
    SCSJ1              0.027      0.025      1.076      0.282
    SCSJ8             -0.015      0.018     -0.831      0.406
    SCSJ11            -0.003      0.021     -0.158      0.874
    SCSJ16            -0.035      0.020     -1.765      0.078
    SCSJ21             0.006      0.022      0.267      0.790
    SCCH3              0.431      0.032     13.288      0.000
    SCCH7              0.496      0.028     17.809      0.000
    SCCH10             0.542      0.024     22.397      0.000
    SCCH15             0.678      0.022     30.938      0.000
    SCIS4             -0.066      0.023     -2.877      0.004
    SCIS13            -0.035      0.022     -1.642      0.101
    SCIS18             0.033      0.022      1.504      0.133
    SCIS25            -0.033      0.021     -1.559      0.119
    SCMI9              0.455      0.031     14.623      0.000
    SCMI14             0.473      0.033     14.175      0.000
    SCMI17             0.588      0.029     20.446      0.000
    SCMI22             0.659      0.020     33.392      0.000
    SCOI2             -0.049      0.020     -2.499      0.012
    SCOI6             -0.028      0.020     -1.397      0.163
    SCOI20             0.097      0.025      3.898      0.000
    SCOI24             0.015      0.024      0.636      0.524

 NEG      BY
    SCSK5              0.103      0.026      4.022      0.000
    SCSK12            -0.063      0.024     -2.644      0.008
    SCSK19            -0.096      0.025     -3.886      0.000
    SCSK23            -0.283      0.027    -10.470      0.000
    SCSK26            -0.122      0.027     -4.575      0.000
    SCSJ1              0.588      0.031     18.726      0.000
    SCSJ8              0.802      0.022     36.134      0.000
    SCSJ11             0.762      0.021     35.718      0.000
    SCSJ16             0.762      0.018     41.736      0.000
    SCSJ21             0.635      0.025     25.844      0.000
    SCCH3              0.263      0.031      8.521      0.000
    SCCH7              0.341      0.027     12.668      0.000
    SCCH10             0.254      0.027      9.550      0.000
    SCCH15             0.033      0.024      1.368      0.171
    SCIS4              0.798      0.023     34.080      0.000
    SCIS13             0.685      0.028     24.141      0.000
    SCIS18             0.743      0.025     29.522      0.000
    SCIS25             0.767      0.024     32.338      0.000
    SCMI9              0.126      0.031      4.037      0.000
    SCMI14            -0.115      0.033     -3.462      0.001
    SCMI17            -0.177      0.027     -6.467      0.000
    SCMI22            -0.053      0.023     -2.285      0.022
    SCOI2              0.796      0.023     35.142      0.000
    SCOI6              0.804      0.020     40.412      0.000
    SCOI20             0.634      0.034     18.694      0.000
    SCOI24             0.643      0.034     18.969      0.000

 POS      WITH
    SC                 0.000      0.000     -2.894      0.004

 NEG      WITH
    SC                 0.000      0.000      9.178      0.000
    POS               -0.207      0.033     -6.371      0.000

 SCCH10   WITH
    SCCH7              0.340      0.024     14.189      0.000

 SCIS18   WITH
    SCIS13             0.223      0.018     12.587      0.000

 Thresholds
    SCSJ1$1           -1.802      0.084    -21.357      0.000
    SCSJ1$2           -1.101      0.056    -19.595      0.000
    SCSJ1$3           -0.257      0.045     -5.676      0.000
    SCSJ1$4            0.634      0.048     13.145      0.000
    SCOI2$1           -0.517      0.047    -10.986      0.000
    SCOI2$2            0.114      0.045      2.537      0.011
    SCOI2$3            0.682      0.049     13.971      0.000
    SCOI2$4            1.313      0.062     21.155      0.000
    SCCH3$1           -1.419      0.066    -21.591      0.000
    SCCH3$2           -0.778      0.050    -15.529      0.000
    SCCH3$3            0.133      0.045      2.965      0.003
    SCCH3$4            1.201      0.059     20.439      0.000
    SCIS4$1           -0.417      0.046     -9.014      0.000
    SCIS4$2            0.251      0.045      5.534      0.000
    SCIS4$3            0.760      0.050     15.261      0.000
    SCIS4$4            1.393      0.065     21.505      0.000
    SCSK5$1           -1.039      0.055    -18.964      0.000
    SCSK5$2           -0.172      0.045     -3.822      0.000
    SCSK5$3            0.595      0.048     12.453      0.000
    SCSK5$4            1.377      0.064     21.443      0.000
    SCOI6$1           -0.760      0.050    -15.261      0.000
    SCOI6$2           -0.056      0.045     -1.251      0.211
    SCOI6$3            0.535      0.047     11.337      0.000
    SCOI6$4            1.227      0.059     20.632      0.000
    SCCH7$1           -0.622      0.048    -12.938      0.000
    SCCH7$2            0.043      0.045      0.965      0.335
    SCCH7$3            0.731      0.049     14.788      0.000
    SCCH7$4            1.437      0.066     21.642      0.000
    SCSJ8$1           -0.849      0.051    -16.588      0.000
    SCSJ8$2           -0.218      0.045     -4.821      0.000
    SCSJ8$3            0.385      0.046      8.377      0.000
    SCSJ8$4            1.201      0.059     20.439      0.000
    SCMI9$1           -1.726      0.080    -21.615      0.000
    SCMI9$2           -0.996      0.054    -18.485      0.000
    SCMI9$3           -0.072      0.045     -1.608      0.108
    SCMI9$4            0.945      0.053     17.869      0.000
    SCCH10$1          -0.760      0.050    -15.261      0.000
    SCCH10$2          -0.046      0.045     -1.036      0.300
    SCCH10$3           0.743      0.050     14.991      0.000
    SCCH10$4           1.622      0.074     21.805      0.000
    SCSJ11$1          -0.840      0.051    -16.457      0.000
    SCSJ11$2          -0.079      0.045     -1.751      0.080
    SCSJ11$3           0.528      0.047     11.197      0.000
    SCSJ11$4           1.329      0.063     21.232      0.000
    SCSK12$1          -0.960      0.053    -18.056      0.000
    SCSK12$2          -0.034      0.045     -0.750      0.453
    SCSK12$3           0.690      0.049     14.108      0.000
    SCSK12$4           1.513      0.069     21.790      0.000
    SCIS13$1          -0.595      0.048    -12.453      0.000
    SCIS13$2           0.034      0.045      0.750      0.453
    SCIS13$3           0.539      0.047     11.407      0.000
    SCIS13$4           1.284      0.061     20.991      0.000
    SCMI14$1          -1.819      0.085    -21.289      0.000
    SCMI14$2          -1.067      0.055    -19.255      0.000
    SCMI14$3          -0.136      0.045     -3.037      0.002
    SCMI14$4           0.877      0.052     16.978      0.000
    SCCH15$1          -1.344      0.063    -21.306      0.000
    SCCH15$2          -0.557      0.047    -11.756      0.000
    SCCH15$3           0.277      0.045      6.103      0.000
    SCCH15$4           1.214      0.059     20.536      0.000
    SCSJ16$1          -0.920      0.052    -17.554      0.000
    SCSJ16$2          -0.182      0.045     -4.036      0.000
    SCSJ16$3           0.365      0.046      7.951      0.000
    SCSJ16$4           1.207      0.059     20.488      0.000
    SCMI17$1          -1.755      0.082    -21.527      0.000
    SCMI17$2          -0.863      0.051    -16.783      0.000
    SCMI17$3           0.101      0.045      2.251      0.024
    SCMI17$4           1.188      0.058     20.339      0.000
    SCIS18$1          -0.854      0.051    -16.653      0.000
    SCIS18$2          -0.179      0.045     -3.965      0.000
    SCIS18$3           0.424      0.046      9.155      0.000
    SCIS18$4           1.262      0.061     20.861      0.000
    SCSK19$1          -1.023      0.054    -18.786      0.000
    SCSK19$2          -0.159      0.045     -3.537      0.000
    SCSK19$3           0.673      0.049     13.834      0.000
    SCSK19$4           1.455      0.067     21.688      0.000
    SCOI20$1          -0.520      0.047    -11.056      0.000
    SCOI20$2           0.215      0.045      4.750      0.000
    SCOI20$3           0.940      0.053     17.806      0.000
    SCOI20$4           1.599      0.073     21.821      0.000
    SCSJ21$1          -0.996      0.054    -18.485      0.000
    SCSJ21$2          -0.218      0.045     -4.821      0.000
    SCSJ21$3           0.588      0.048     12.314      0.000
    SCSJ21$4           1.411      0.065     21.563      0.000
    SCMI22$1          -1.107      0.056    -19.650      0.000
    SCMI22$2          -0.294      0.045     -6.459      0.000
    SCMI22$3           0.539      0.047     11.407      0.000
    SCMI22$4           1.465      0.067     21.709      0.000
    SCSK23$1          -1.078      0.056    -19.369      0.000
    SCSK23$2          -0.175      0.045     -3.893      0.000
    SCSK23$3           0.673      0.049     13.834      0.000
    SCSK23$4           1.474      0.068     21.728      0.000
    SCOI24$1          -0.169      0.045     -3.751      0.000
    SCOI24$2           0.603      0.048     12.591      0.000
    SCOI24$3           1.162      0.058     20.134      0.000
    SCOI24$4           1.755      0.082     21.527      0.000
    SCIS25$1          -0.528      0.047    -11.197      0.000
    SCIS25$2          -0.011      0.045     -0.250      0.802
    SCIS25$3           0.517      0.047     10.986      0.000
    SCIS25$4           1.344      0.063     21.306      0.000
    SCSK26$1          -1.201      0.059    -20.439      0.000
    SCSK26$2          -0.234      0.045     -5.177      0.000
    SCSK26$3           0.661      0.049     13.628      0.000
    SCSK26$4           1.576      0.072     21.826      0.000

 Variances
    SC                 1.000      0.000    999.000    999.000
    POS                1.000      0.000    999.000    999.000
    NEG                1.000      0.000    999.000    999.000


STANDARDIZED MODEL RESULTS


STDYX Standardization

                                                    Two-Tailed
                    Estimate       S.E.  Est./S.E.    P-Value

 SC       BY
    SCSK5             -0.195      0.042     -4.624      0.000
    SCSK12            -0.153      0.052     -2.967      0.003
    SCSK19            -0.130      0.054     -2.409      0.016
    SCSK23            -0.088      0.057     -1.533      0.125
    SCSK26            -0.115      0.050     -2.323      0.020
    SCSJ1              0.254      0.057      4.486      0.000
    SCSJ8              0.199      0.073      2.720      0.007
    SCSJ11             0.149      0.069      2.154      0.031
    SCSJ16             0.112      0.068      1.639      0.101
    SCSJ21             0.154      0.062      2.473      0.013
    SCCH3              0.228      0.039      5.822      0.000
    SCCH7             -0.087      0.045     -1.930      0.054
    SCCH10             0.085      0.043      1.965      0.049
    SCCH15             0.221      0.042      5.289      0.000
    SCIS4             -0.243      0.071     -3.436      0.001
    SCIS13            -0.281      0.063     -4.473      0.000
    SCIS18            -0.240      0.065     -3.701      0.000
    SCIS25            -0.233      0.069     -3.346      0.001
    SCMI9              0.472      0.035     13.625      0.000
    SCMI14             0.603      0.039     15.496      0.000
    SCMI17             0.458      0.048      9.592      0.000
    SCMI22             0.164      0.048      3.384      0.001
    SCOI2             -0.221      0.070     -3.150      0.002
    SCOI6             -0.189      0.071     -2.656      0.008
    SCOI20            -0.381      0.055     -6.949      0.000
    SCOI24            -0.367      0.059     -6.257      0.000

 POS      BY
    SCSK5              0.710      0.021     34.156      0.000
    SCSK12             0.777      0.017     45.652      0.000
    SCSK19             0.776      0.017     46.843      0.000
    SCSK23             0.626      0.021     30.025      0.000
    SCSK26             0.691      0.020     35.080      0.000
    SCSJ1              0.027      0.025      1.076      0.282
    SCSJ8             -0.015      0.018     -0.831      0.406
    SCSJ11            -0.003      0.021     -0.158      0.874
    SCSJ16            -0.035      0.020     -1.765      0.078
    SCSJ21             0.006      0.022      0.267      0.790
    SCCH3              0.431      0.032     13.288      0.000
    SCCH7              0.496      0.028     17.809      0.000
    SCCH10             0.542      0.024     22.397      0.000
    SCCH15             0.678      0.022     30.938      0.000
    SCIS4             -0.066      0.023     -2.877      0.004
    SCIS13            -0.035      0.022     -1.642      0.101
    SCIS18             0.033      0.022      1.504      0.133
    SCIS25            -0.033      0.021     -1.559      0.119
    SCMI9              0.455      0.031     14.623      0.000
    SCMI14             0.473      0.033     14.175      0.000
    SCMI17             0.588      0.029     20.446      0.000
    SCMI22             0.659      0.020     33.392      0.000
    SCOI2             -0.049      0.020     -2.499      0.012
    SCOI6             -0.028      0.020     -1.397      0.163
    SCOI20             0.097      0.025      3.898      0.000
    SCOI24             0.015      0.024      0.636      0.524

 NEG      BY
    SCSK5              0.103      0.026      4.022      0.000
    SCSK12            -0.063      0.024     -2.644      0.008
    SCSK19            -0.096      0.025     -3.886      0.000
    SCSK23            -0.283      0.027    -10.470      0.000
    SCSK26            -0.122      0.027     -4.575      0.000
    SCSJ1              0.588      0.031     18.726      0.000
    SCSJ8              0.802      0.022     36.134      0.000
    SCSJ11             0.762      0.021     35.718      0.000
    SCSJ16             0.762      0.018     41.736      0.000
    SCSJ21             0.635      0.025     25.844      0.000
    SCCH3              0.263      0.031      8.521      0.000
    SCCH7              0.341      0.027     12.668      0.000
    SCCH10             0.254      0.027      9.550      0.000
    SCCH15             0.033      0.024      1.368      0.171
    SCIS4              0.798      0.023     34.080      0.000
    SCIS13             0.685      0.028     24.141      0.000
    SCIS18             0.743      0.025     29.522      0.000
    SCIS25             0.767      0.024     32.338      0.000
    SCMI9              0.126      0.031      4.037      0.000
    SCMI14            -0.115      0.033     -3.462      0.001
    SCMI17            -0.177      0.027     -6.467      0.000
    SCMI22            -0.053      0.023     -2.285      0.022
    SCOI2              0.796      0.023     35.142      0.000
    SCOI6              0.804      0.020     40.412      0.000
    SCOI20             0.634      0.034     18.694      0.000
    SCOI24             0.643      0.034     18.969      0.000

 POS      WITH
    SC                 0.000      0.000     -2.894      0.004

 NEG      WITH
    SC                 0.000      0.000      9.178      0.000
    POS               -0.207      0.033     -6.371      0.000

 SCCH10   WITH
    SCCH7              0.488      0.028     17.479      0.000

 SCIS18   WITH
    SCIS13             0.532      0.028     18.763      0.000

 Thresholds
    SCSJ1$1           -1.802      0.084    -21.357      0.000
    SCSJ1$2           -1.101      0.056    -19.595      0.000
    SCSJ1$3           -0.257      0.045     -5.676      0.000
    SCSJ1$4            0.634      0.048     13.145      0.000
    SCOI2$1           -0.517      0.047    -10.986      0.000
    SCOI2$2            0.114      0.045      2.537      0.011
    SCOI2$3            0.682      0.049     13.971      0.000
    SCOI2$4            1.313      0.062     21.155      0.000
    SCCH3$1           -1.419      0.066    -21.591      0.000
    SCCH3$2           -0.778      0.050    -15.529      0.000
    SCCH3$3            0.133      0.045      2.965      0.003
    SCCH3$4            1.201      0.059     20.439      0.000
    SCIS4$1           -0.417      0.046     -9.014      0.000
    SCIS4$2            0.251      0.045      5.534      0.000
    SCIS4$3            0.760      0.050     15.261      0.000
    SCIS4$4            1.393      0.065     21.505      0.000
    SCSK5$1           -1.039      0.055    -18.964      0.000
    SCSK5$2           -0.172      0.045     -3.822      0.000
    SCSK5$3            0.595      0.048     12.453      0.000
    SCSK5$4            1.377      0.064     21.443      0.000
    SCOI6$1           -0.760      0.050    -15.261      0.000
    SCOI6$2           -0.056      0.045     -1.251      0.211
    SCOI6$3            0.535      0.047     11.337      0.000
    SCOI6$4            1.227      0.059     20.632      0.000
    SCCH7$1           -0.622      0.048    -12.938      0.000
    SCCH7$2            0.043      0.045      0.965      0.335
    SCCH7$3            0.731      0.049     14.788      0.000
    SCCH7$4            1.437      0.066     21.642      0.000
    SCSJ8$1           -0.849      0.051    -16.588      0.000
    SCSJ8$2           -0.218      0.045     -4.821      0.000
    SCSJ8$3            0.385      0.046      8.377      0.000
    SCSJ8$4            1.201      0.059     20.439      0.000
    SCMI9$1           -1.726      0.080    -21.615      0.000
    SCMI9$2           -0.996      0.054    -18.485      0.000
    SCMI9$3           -0.072      0.045     -1.608      0.108
    SCMI9$4            0.945      0.053     17.869      0.000
    SCCH10$1          -0.760      0.050    -15.261      0.000
    SCCH10$2          -0.046      0.045     -1.036      0.300
    SCCH10$3           0.743      0.050     14.991      0.000
    SCCH10$4           1.622      0.074     21.805      0.000
    SCSJ11$1          -0.840      0.051    -16.457      0.000
    SCSJ11$2          -0.079      0.045     -1.751      0.080
    SCSJ11$3           0.528      0.047     11.197      0.000
    SCSJ11$4           1.329      0.063     21.232      0.000
    SCSK12$1          -0.960      0.053    -18.056      0.000
    SCSK12$2          -0.034      0.045     -0.750      0.453
    SCSK12$3           0.690      0.049     14.108      0.000
    SCSK12$4           1.513      0.069     21.790      0.000
    SCIS13$1          -0.595      0.048    -12.453      0.000
    SCIS13$2           0.034      0.045      0.750      0.453
    SCIS13$3           0.539      0.047     11.407      0.000
    SCIS13$4           1.284      0.061     20.991      0.000
    SCMI14$1          -1.819      0.085    -21.289      0.000
    SCMI14$2          -1.067      0.055    -19.255      0.000
    SCMI14$3          -0.136      0.045     -3.037      0.002
    SCMI14$4           0.877      0.052     16.978      0.000
    SCCH15$1          -1.344      0.063    -21.306      0.000
    SCCH15$2          -0.557      0.047    -11.756      0.000
    SCCH15$3           0.277      0.045      6.103      0.000
    SCCH15$4           1.214      0.059     20.536      0.000
    SCSJ16$1          -0.920      0.052    -17.554      0.000
    SCSJ16$2          -0.182      0.045     -4.036      0.000
    SCSJ16$3           0.365      0.046      7.951      0.000
    SCSJ16$4           1.207      0.059     20.488      0.000
    SCMI17$1          -1.755      0.082    -21.527      0.000
    SCMI17$2          -0.863      0.051    -16.783      0.000
    SCMI17$3           0.101      0.045      2.251      0.024
    SCMI17$4           1.188      0.058     20.339      0.000
    SCIS18$1          -0.854      0.051    -16.653      0.000
    SCIS18$2          -0.179      0.045     -3.965      0.000
    SCIS18$3           0.424      0.046      9.155      0.000
    SCIS18$4           1.262      0.061     20.861      0.000
    SCSK19$1          -1.023      0.054    -18.786      0.000
    SCSK19$2          -0.159      0.045     -3.537      0.000
    SCSK19$3           0.673      0.049     13.834      0.000
    SCSK19$4           1.455      0.067     21.688      0.000
    SCOI20$1          -0.520      0.047    -11.056      0.000
    SCOI20$2           0.215      0.045      4.750      0.000
    SCOI20$3           0.940      0.053     17.806      0.000
    SCOI20$4           1.599      0.073     21.821      0.000
    SCSJ21$1          -0.996      0.054    -18.485      0.000
    SCSJ21$2          -0.218      0.045     -4.821      0.000
    SCSJ21$3           0.588      0.048     12.314      0.000
    SCSJ21$4           1.411      0.065     21.563      0.000
    SCMI22$1          -1.107      0.056    -19.650      0.000
    SCMI22$2          -0.294      0.045     -6.459      0.000
    SCMI22$3           0.539      0.047     11.407      0.000
    SCMI22$4           1.465      0.067     21.709      0.000
    SCSK23$1          -1.078      0.056    -19.369      0.000
    SCSK23$2          -0.175      0.045     -3.893      0.000
    SCSK23$3           0.673      0.049     13.834      0.000
    SCSK23$4           1.474      0.068     21.728      0.000
    SCOI24$1          -0.169      0.045     -3.751      0.000
    SCOI24$2           0.603      0.048     12.591      0.000
    SCOI24$3           1.162      0.058     20.134      0.000
    SCOI24$4           1.755      0.082     21.527      0.000
    SCIS25$1          -0.528      0.047    -11.197      0.000
    SCIS25$2          -0.011      0.045     -0.250      0.802
    SCIS25$3           0.517      0.047     10.986      0.000
    SCIS25$4           1.344      0.063     21.306      0.000
    SCSK26$1          -1.201      0.059    -20.439      0.000
    SCSK26$2          -0.234      0.045     -5.177      0.000
    SCSK26$3           0.661      0.049     13.628      0.000
    SCSK26$4           1.576      0.072     21.826      0.000

 Variances
    SC                 1.000      0.000    999.000    999.000
    POS                1.000      0.000    999.000    999.000
    NEG                1.000      0.000    999.000    999.000


R-SQUARE

    Observed                                        Two-Tailed   Residual
    Variable        Estimate       S.E.  Est./S.E.    P-Value    Variance

    SCSJ1              0.404      0.030     13.656      0.000      0.596
    SCOI2              0.700      0.024     29.757      0.000      0.300
    SCCH3              0.260      0.029      8.950      0.000      0.740
    SCIS4              0.722      0.022     32.597      0.000      0.278
    SCSK5              0.522      0.027     19.521      0.000      0.478
    SCOI6              0.692      0.022     32.068      0.000      0.308
    SCCH7              0.300      0.028     10.578      0.000      0.700
    SCSJ8              0.687      0.023     29.291      0.000      0.313
    SCMI9              0.422      0.029     14.612      0.000      0.578
    SCCH10             0.308      0.026     11.921      0.000      0.692
    SCSJ11             0.604      0.026     23.090      0.000      0.396
    SCSK12             0.651      0.022     29.422      0.000      0.349
    SCIS13             0.559      0.026     21.611      0.000      0.441
    SCMI14             0.623      0.028     22.449      0.000      0.377
    SCCH15             0.501      0.026     19.252      0.000      0.499
    SCSJ16             0.606      0.025     23.824      0.000      0.394
    SCMI17             0.631      0.026     24.623      0.000      0.369
    SCIS18             0.600      0.025     23.924      0.000      0.400
    SCSK19             0.660      0.022     29.668      0.000      0.340
    SCOI20             0.531      0.029     18.324      0.000      0.469
    SCSJ21             0.426      0.028     15.012      0.000      0.574
    SCMI22             0.478      0.026     18.585      0.000      0.522
    SCSK23             0.553      0.028     19.857      0.000      0.447
    SCOI24             0.545      0.029     19.057      0.000      0.455
    SCIS25             0.654      0.024     27.161      0.000      0.346
    SCSK26             0.541      0.027     20.047      0.000      0.459


QUALITY OF NUMERICAL RESULTS

     Condition Number for the Information Matrix              0.240E-02
       (ratio of smallest to largest eigenvalue)


     Beginning Time:  18:03:41
        Ending Time:  18:03:42
       Elapsed Time:  00:00:01



MUTHEN & MUTHEN
3463 Stoner Ave.
Los Angeles, CA  90066

Tel: (310) 391-9971
Fax: (310) 391-8971
Web: www.StatModel.com
Support: Support@StatModel.com

Copyright (c) 1998-2020 Muthen & Muthen
