Mplus VERSION 8.5 (Mac)
MUTHEN & MUTHEN
03/10/2021   5:52 PM

INPUT INSTRUCTIONS

  TITLE: 2 factor bi-factor ESEM with correlated residuals.

  DATA:
    FILE IS selfcompassionitems.dat;

  VARIABLE:
    NAMES ARE scsj1 scoi2 scch3 scis4 scsk5 scoi6 scch7 scsj8
              scmi9 scch10 scsj11 scsk12 scis13 scmi14 scch15
              scsj16 scmi17 scis18 scsk19 scoi20 scsj21 scmi22
              scsk23 scoi24 scis25 scsk26;
    MISSING ARE ALL(-9);
    USEVARIABLES ARE scsj1 scoi2 scch3 scis4 scsk5 scoi6 scch7 scsj8
              scmi9 scch10 scsj11 scsk12 scis13 scmi14 scch15
              scsj16 scmi17 scis18 scsk19 scoi20 scsj21 scmi22
              scsk23 scoi24 scis25 scsk26;
    ! CATEGORICAL ARE all;

  ANALYSIS:
    ! Requesting the weighted least squares mean- and variance-adjusted estimator
    ESTIMATOR = MLR;
    ROTATION = target;

  MODEL:
    sc BY scsk5* scsk12 scsk19 scsk23 scsk26 scsj1 scsj8 scsj11
          scsj16 scsj21 scch3 scch7 scch10 scch15 scis4 scis13
          scis18 scis25 scmi9 scmi14 scmi17 scmi22 scoi2 scoi6
          scoi20 scoi24 (*1);

    pos BY scsk5 scsk12 scsk19 scsk23 scsk26 scsj1~0 scsj8~0 scsj11~0
           scsj16~0 scsj21~0 scch3 scch7 scch10 scch15 scis4~0 scis13~0
           scis18~0 scis25~0 scmi9 scmi14 scmi17 scmi22 scoi2~0 scoi6~0
           scoi20~0 scoi24~0 (*1);
    neg BY scsk5~0 scsk12~0 scsk19~0 scsk23~0 scsk26~0 scsj1 scsj8 scsj11
           scsj16 scsj21 scch3~0 scch7~0 scch10~0 scch15~0 scis4 scis13
           scis18 scis25 scmi9~0 scmi14~0 scmi17~0 scmi22~0 scoi2 scoi6
           scoi20 scoi24 (*1);

    scch10 WITH scch7;
    scis18 WITH scis13;

  ! Requesting standardized parameter estimates
  OUTPUT: stdyx;

  ! scch7: When I'm down and out, I remind myself that there are lots
  ! of other people in the world feeling like I am.
  ! scch10: When I feel inadequate in some way, I try to remind myself
  ! that feelings of inadequacy are shared by most people.

  ! scis13: When I'm feeling down, I tend to feel like most other people
  ! are probably happier than I am.
  ! scis18: When I'm really struggling, I tend to feel like other people
  ! must be having an easier time of it.




INPUT READING TERMINATED NORMALLY



2 factor bi-factor ESEM with correlated residuals.

SUMMARY OF ANALYSIS

Number of groups                                                 1
Number of observations                                         783

Number of dependent variables                                   26
Number of independent variables                                  0
Number of continuous latent variables                            3

Observed dependent variables

  Continuous
   SCSJ1       SCOI2       SCCH3       SCIS4       SCSK5       SCOI6
   SCCH7       SCSJ8       SCMI9       SCCH10      SCSJ11      SCSK12
   SCIS13      SCMI14      SCCH15      SCSJ16      SCMI17      SCIS18
   SCSK19      SCOI20      SCSJ21      SCMI22      SCSK23      SCOI24
   SCIS25      SCSK26

Continuous latent variables

  EFA factors
  *1:   SC          POS         NEG


Estimator                                                      MLR
Rotation                                                    TARGET
Row standardization                                    CORRELATION
Type of rotation                                           OBLIQUE
Information matrix                                        OBSERVED
Maximum number of iterations                                  1000
Convergence criterion                                    0.500D-04
Maximum number of steepest descent iterations                   20
Maximum number of iterations for H1                           2000
Convergence criterion for H1                             0.100D-03
Optimization Specifications for the Exploratory Factor Analysis
Rotation Algorithm
  Number of random starts                                       30
  Maximum number of iterations                             1000000
  Derivative convergence criterion                       0.100D-04

Input data file(s)
  selfcompassionitems.dat

Input data format  FREE


SUMMARY OF DATA

     Number of missing data patterns             1


COVARIANCE COVERAGE OF DATA

Minimum covariance coverage value   0.100


     PROPORTION OF DATA PRESENT


           Covariance Coverage
              SCSJ1         SCOI2         SCCH3         SCIS4         SCSK5
              ________      ________      ________      ________      ________
 SCSJ1          1.000
 SCOI2          1.000         1.000
 SCCH3          1.000         1.000         1.000
 SCIS4          1.000         1.000         1.000         1.000
 SCSK5          1.000         1.000         1.000         1.000         1.000
 SCOI6          1.000         1.000         1.000         1.000         1.000
 SCCH7          1.000         1.000         1.000         1.000         1.000
 SCSJ8          1.000         1.000         1.000         1.000         1.000
 SCMI9          1.000         1.000         1.000         1.000         1.000
 SCCH10         1.000         1.000         1.000         1.000         1.000
 SCSJ11         1.000         1.000         1.000         1.000         1.000
 SCSK12         1.000         1.000         1.000         1.000         1.000
 SCIS13         1.000         1.000         1.000         1.000         1.000
 SCMI14         1.000         1.000         1.000         1.000         1.000
 SCCH15         1.000         1.000         1.000         1.000         1.000
 SCSJ16         1.000         1.000         1.000         1.000         1.000
 SCMI17         1.000         1.000         1.000         1.000         1.000
 SCIS18         1.000         1.000         1.000         1.000         1.000
 SCSK19         1.000         1.000         1.000         1.000         1.000
 SCOI20         1.000         1.000         1.000         1.000         1.000
 SCSJ21         1.000         1.000         1.000         1.000         1.000
 SCMI22         1.000         1.000         1.000         1.000         1.000
 SCSK23         1.000         1.000         1.000         1.000         1.000
 SCOI24         1.000         1.000         1.000         1.000         1.000
 SCIS25         1.000         1.000         1.000         1.000         1.000
 SCSK26         1.000         1.000         1.000         1.000         1.000


           Covariance Coverage
              SCOI6         SCCH7         SCSJ8         SCMI9         SCCH10
              ________      ________      ________      ________      ________
 SCOI6          1.000
 SCCH7          1.000         1.000
 SCSJ8          1.000         1.000         1.000
 SCMI9          1.000         1.000         1.000         1.000
 SCCH10         1.000         1.000         1.000         1.000         1.000
 SCSJ11         1.000         1.000         1.000         1.000         1.000
 SCSK12         1.000         1.000         1.000         1.000         1.000
 SCIS13         1.000         1.000         1.000         1.000         1.000
 SCMI14         1.000         1.000         1.000         1.000         1.000
 SCCH15         1.000         1.000         1.000         1.000         1.000
 SCSJ16         1.000         1.000         1.000         1.000         1.000
 SCMI17         1.000         1.000         1.000         1.000         1.000
 SCIS18         1.000         1.000         1.000         1.000         1.000
 SCSK19         1.000         1.000         1.000         1.000         1.000
 SCOI20         1.000         1.000         1.000         1.000         1.000
 SCSJ21         1.000         1.000         1.000         1.000         1.000
 SCMI22         1.000         1.000         1.000         1.000         1.000
 SCSK23         1.000         1.000         1.000         1.000         1.000
 SCOI24         1.000         1.000         1.000         1.000         1.000
 SCIS25         1.000         1.000         1.000         1.000         1.000
 SCSK26         1.000         1.000         1.000         1.000         1.000


           Covariance Coverage
              SCSJ11        SCSK12        SCIS13        SCMI14        SCCH15
              ________      ________      ________      ________      ________
 SCSJ11         1.000
 SCSK12         1.000         1.000
 SCIS13         1.000         1.000         1.000
 SCMI14         1.000         1.000         1.000         1.000
 SCCH15         1.000         1.000         1.000         1.000         1.000
 SCSJ16         1.000         1.000         1.000         1.000         1.000
 SCMI17         1.000         1.000         1.000         1.000         1.000
 SCIS18         1.000         1.000         1.000         1.000         1.000
 SCSK19         1.000         1.000         1.000         1.000         1.000
 SCOI20         1.000         1.000         1.000         1.000         1.000
 SCSJ21         1.000         1.000         1.000         1.000         1.000
 SCMI22         1.000         1.000         1.000         1.000         1.000
 SCSK23         1.000         1.000         1.000         1.000         1.000
 SCOI24         1.000         1.000         1.000         1.000         1.000
 SCIS25         1.000         1.000         1.000         1.000         1.000
 SCSK26         1.000         1.000         1.000         1.000         1.000


           Covariance Coverage
              SCSJ16        SCMI17        SCIS18        SCSK19        SCOI20
              ________      ________      ________      ________      ________
 SCSJ16         1.000
 SCMI17         1.000         1.000
 SCIS18         1.000         1.000         1.000
 SCSK19         1.000         1.000         1.000         1.000
 SCOI20         1.000         1.000         1.000         1.000         1.000
 SCSJ21         1.000         1.000         1.000         1.000         1.000
 SCMI22         1.000         1.000         1.000         1.000         1.000
 SCSK23         1.000         1.000         1.000         1.000         1.000
 SCOI24         1.000         1.000         1.000         1.000         1.000
 SCIS25         1.000         1.000         1.000         1.000         1.000
 SCSK26         1.000         1.000         1.000         1.000         1.000


           Covariance Coverage
              SCSJ21        SCMI22        SCSK23        SCOI24        SCIS25
              ________      ________      ________      ________      ________
 SCSJ21         1.000
 SCMI22         1.000         1.000
 SCSK23         1.000         1.000         1.000
 SCOI24         1.000         1.000         1.000         1.000
 SCIS25         1.000         1.000         1.000         1.000         1.000
 SCSK26         1.000         1.000         1.000         1.000         1.000


           Covariance Coverage
              SCSK26
              ________
 SCSK26         1.000



UNIVARIATE SAMPLE STATISTICS


     UNIVARIATE HIGHER-ORDER MOMENT DESCRIPTIVE STATISTICS

         Variable/         Mean/     Skewness/   Minimum/ % with                Percentiles
        Sample Size      Variance    Kurtosis    Maximum  Min/Max      20%/60%    40%/80%    Median

     SCSJ1                 3.693      -0.545       1.000    3.58%       3.000      4.000      4.000
             783.000       1.153      -0.341       5.000   26.31%       4.000      5.000
     SCOI2                 2.494       0.439       1.000   30.27%       1.000      2.000      2.000
             783.000       1.729      -0.976       5.000    9.45%       3.000      4.000
     SCCH3                 3.266      -0.367       1.000    7.79%       2.000      3.000      3.000
             783.000       1.173      -0.420       5.000   11.49%       4.000      4.000
     SCIS4                 2.368       0.583       1.000   33.84%       1.000      2.000      2.000
             783.000       1.683      -0.831       5.000    8.17%       3.000      4.000
     SCSK5                 2.779       0.189       1.000   14.94%       2.000      2.000      3.000
             783.000       1.360      -0.795       5.000    8.43%       3.000      4.000
     SCOI6                 2.705       0.247       1.000   22.35%       1.000      2.000      3.000
             783.000       1.687      -1.059       5.000   10.98%       3.000      4.000
     SCCH7                 2.524       0.361       1.000   26.69%       1.000      2.000      2.000
             783.000       1.550      -0.897       5.000    7.54%       3.000      4.000
     SCSJ8                 2.853       0.045       1.000   19.80%       2.000      2.000      3.000
             783.000       1.681      -1.125       5.000   11.49%       3.000      4.000
     SCMI9                 3.499      -0.413       1.000    4.21%       3.000      3.000      4.000
             783.000       1.083      -0.309       5.000   17.24%       4.000      4.000
     SCCH10                2.576       0.223       1.000   22.35%       1.000      2.000      3.000
             783.000       1.358      -0.858       5.000    5.24%       3.000      4.000
     SCSJ11                2.722       0.204       1.000   20.05%       1.000      2.000      3.000
             783.000       1.567      -1.019       5.000    9.20%       3.000      4.000
     SCSK12                2.655       0.289       1.000   16.86%       2.000      2.000      3.000
             783.000       1.314      -0.750       5.000    6.51%       3.000      4.000
     SCIS13                2.605       0.302       1.000   27.59%       1.000      2.000      2.000
             783.000       1.779      -1.141       5.000    9.96%       3.000      4.000
     SCMI14                3.567      -0.434       1.000    3.45%       3.000      3.000      4.000
             783.000       1.050      -0.281       5.000   19.03%       4.000      4.000
     SCCH15                3.125      -0.151       1.000    8.94%       2.000      3.000      3.000
             783.000       1.269      -0.706       5.000   11.24%       3.000      4.000
     SCSJ16                2.865       0.068       1.000   17.88%       2.000      2.000      3.000
             783.000       1.645      -1.126       5.000   11.37%       3.000      4.000
     SCMI17                3.344      -0.265       1.000    3.96%       3.000      3.000      3.000
             783.000       1.007      -0.387       5.000   11.75%       4.000      4.000
     SCIS18                2.814       0.083       1.000   19.67%       2.000      2.000      3.000
             783.000       1.631      -1.099       5.000   10.34%       3.000      4.000
     SCSK19                2.733       0.208       1.000   15.33%       2.000      2.000      3.000
             783.000       1.294      -0.703       5.000    7.28%       3.000      4.000
     SCOI20                2.342       0.547       1.000   30.14%       1.000      2.000      2.000
             783.000       1.395      -0.603       5.000    5.49%       3.000      3.000
     SCSJ21                2.784       0.122       1.000   15.96%       2.000      2.000      3.000
             783.000       1.362      -0.812       5.000    7.92%       3.000      4.000
     SCMI22                2.848       0.039       1.000   13.41%       2.000      3.000      3.000
             783.000       1.273      -0.766       5.000    7.15%       3.000      4.000
     SCSK23                2.750       0.202       1.000   14.05%       2.000      2.000      3.000
             783.000       1.250      -0.664       5.000    7.02%       3.000      4.000
     SCOI24                2.003       1.004       1.000   43.30%       1.000      1.000      2.000
             783.000       1.272       0.154       5.000    3.96%       2.000      3.000
     SCIS25                2.598       0.240       1.000   29.89%       1.000      2.000      3.000
             783.000       1.801      -1.218       5.000    8.94%       3.000      4.000
     SCSK26                2.789       0.141       1.000   11.49%       2.000      2.000      3.000
             783.000       1.134      -0.601       5.000    5.75%       3.000      4.000


THE MODEL ESTIMATION TERMINATED NORMALLY



MODEL FIT INFORMATION

Number of Free Parameters                      129

Loglikelihood

          H0 Value                      -27581.500
          H0 Scaling Correction Factor      1.1782
            for MLR
          H1 Value                      -27066.126
          H1 Scaling Correction Factor      1.1748
            for MLR

Information Criteria

          Akaike (AIC)                   55421.001
          Bayesian (BIC)                 56022.545
          Sample-Size Adjusted BIC       55612.905
            (n* = (n + 2) / 24)

Chi-Square Test of Model Fit

          Value                            878.720*
          Degrees of Freedom                   248
          P-Value                           0.0000
          Scaling Correction Factor         1.1730
            for MLR

*   The chi-square value for MLM, MLMV, MLR, ULSMV, WLSM and WLSMV cannot be used
    for chi-square difference testing in the regular way.  MLM, MLR and WLSM
    chi-square difference testing is described on the Mplus website.  MLMV, WLSMV,
    and ULSMV difference testing is done using the DIFFTEST option.

RMSEA (Root Mean Square Error Of Approximation)

          Estimate                           0.057
          90 Percent C.I.                    0.053  0.061
          Probability RMSEA <= .05           0.002

CFI/TLI

          CFI                                0.921
          TLI                                0.897

Chi-Square Test of Model Fit for the Baseline Model

          Value                           8317.688
          Degrees of Freedom                   325
          P-Value                           0.0000

SRMR (Standardized Root Mean Square Residual)

          Value                              0.033



MODEL RESULTS

                                                    Two-Tailed
                    Estimate       S.E.  Est./S.E.    P-Value

 SC       BY
    SCSK5             -0.190      0.073     -2.585      0.010
    SCSK12            -0.129      0.082     -1.573      0.116
    SCSK19            -0.116      0.088     -1.321      0.187
    SCSK23            -0.109      0.113     -0.965      0.334
    SCSK26            -0.150      0.093     -1.617      0.106
    SCSJ1              0.265      0.092      2.867      0.004
    SCSJ8              0.253      0.142      1.773      0.076
    SCSJ11             0.224      0.139      1.607      0.108
    SCSJ16             0.173      0.141      1.221      0.222
    SCSJ21             0.198      0.107      1.845      0.065
    SCCH3              0.212      0.061      3.442      0.001
    SCCH7             -0.086      0.072     -1.198      0.231
    SCCH10             0.107      0.069      1.567      0.117
    SCCH15             0.220      0.072      3.059      0.002
    SCIS4             -0.261      0.132     -1.988      0.047
    SCIS13            -0.321      0.121     -2.650      0.008
    SCIS18            -0.255      0.122     -2.084      0.037
    SCIS25            -0.236      0.134     -1.762      0.078
    SCMI9              0.431      0.058      7.437      0.000
    SCMI14             0.534      0.070      7.645      0.000
    SCMI17             0.408      0.079      5.140      0.000
    SCMI22             0.169      0.085      1.997      0.046
    SCOI2             -0.249      0.136     -1.832      0.067
    SCOI6             -0.191      0.135     -1.408      0.159
    SCOI20            -0.405      0.095     -4.270      0.000
    SCOI24            -0.368      0.094     -3.930      0.000

 POS      BY
    SCSK5              0.776      0.046     16.774      0.000
    SCSK12             0.821      0.043     19.162      0.000
    SCSK19             0.833      0.041     20.289      0.000
    SCSK23             0.650      0.044     14.638      0.000
    SCSK26             0.698      0.042     16.813      0.000
    SCSJ1              0.041      0.033      1.239      0.215
    SCSJ8             -0.017      0.029     -0.575      0.565
    SCSJ11            -0.007      0.032     -0.212      0.832
    SCSJ16            -0.034      0.033     -1.010      0.312
    SCSJ21             0.000      0.035      0.012      0.990
    SCCH3              0.407      0.050      8.119      0.000
    SCCH7              0.553      0.045     12.342      0.000
    SCCH10             0.574      0.042     13.830      0.000
    SCCH15             0.715      0.041     17.365      0.000
    SCIS4             -0.078      0.033     -2.351      0.019
    SCIS13            -0.053      0.034     -1.574      0.116
    SCIS18             0.038      0.033      1.140      0.254
    SCIS25            -0.043      0.035     -1.225      0.221
    SCMI9              0.460      0.046     10.046      0.000
    SCMI14             0.470      0.048      9.813      0.000
    SCMI17             0.571      0.044     12.963      0.000
    SCMI22             0.717      0.037     19.325      0.000
    SCOI2             -0.055      0.030     -1.849      0.065
    SCOI6             -0.030      0.032     -0.941      0.347
    SCOI20             0.108      0.037      2.930      0.003
    SCOI24             0.013      0.031      0.422      0.673

 NEG      BY
    SCSK5              0.120      0.039      3.033      0.002
    SCSK12            -0.054      0.035     -1.544      0.122
    SCSK19            -0.088      0.035     -2.481      0.013
    SCSK23            -0.275      0.041     -6.767      0.000
    SCSK26            -0.098      0.041     -2.374      0.018
    SCSJ1              0.581      0.048     12.095      0.000
    SCSJ8              0.965      0.047     20.741      0.000
    SCSJ11             0.896      0.047     19.160      0.000
    SCSJ16             0.922      0.040     22.960      0.000
    SCSJ21             0.698      0.043     16.332      0.000
    SCCH3              0.254      0.042      6.021      0.000
    SCCH7              0.363      0.041      8.815      0.000
    SCCH10             0.258      0.037      6.929      0.000
    SCCH15             0.026      0.034      0.769      0.442
    SCIS4              0.981      0.047     20.672      0.000
    SCIS13             0.874      0.054     16.039      0.000
    SCIS18             0.912      0.048     18.859      0.000
    SCIS25             0.979      0.045     21.891      0.000
    SCMI9              0.117      0.045      2.605      0.009
    SCMI14            -0.116      0.050     -2.298      0.022
    SCMI17            -0.163      0.040     -4.112      0.000
    SCMI22            -0.046      0.033     -1.381      0.167
    SCOI2              1.014      0.045     22.442      0.000
    SCOI6              1.009      0.039     25.734      0.000
    SCOI20             0.715      0.058     12.333      0.000
    SCOI24             0.671      0.057     11.830      0.000

 POS      WITH
    SC                 0.000      0.000      2.200      0.028

 NEG      WITH
    SC                 0.000      0.000     -6.680      0.000
    POS               -0.220      0.045     -4.908      0.000

 SCCH10   WITH
    SCCH7              0.490      0.050      9.792      0.000

 SCIS18   WITH
    SCIS13             0.378      0.040      9.530      0.000

 Intercepts
    SCSJ1              3.693      0.038     96.270      0.000
    SCOI2              2.494      0.047     53.081      0.000
    SCCH3              3.266      0.039     84.359      0.000
    SCIS4              2.368      0.046     51.067      0.000
    SCSK5              2.779      0.042     66.685      0.000
    SCOI6              2.705      0.046     58.277      0.000
    SCCH7              2.524      0.044     56.728      0.000
    SCSJ8              2.853      0.046     61.580      0.000
    SCMI9              3.499      0.037     94.106      0.000
    SCCH10             2.576      0.042     61.858      0.000
    SCSJ11             2.722      0.045     60.829      0.000
    SCSK12             2.655      0.041     64.814      0.000
    SCIS13             2.605      0.048     54.657      0.000
    SCMI14             3.567      0.037     97.403      0.000
    SCCH15             3.125      0.040     77.625      0.000
    SCSJ16             2.865      0.046     62.507      0.000
    SCMI17             3.344      0.036     93.228      0.000
    SCIS18             2.814      0.046     61.653      0.000
    SCSK19             2.733      0.041     67.230      0.000
    SCOI20             2.342      0.042     55.492      0.000
    SCSJ21             2.784      0.042     66.753      0.000
    SCMI22             2.848      0.040     70.628      0.000
    SCSK23             2.750      0.040     68.812      0.000
    SCOI24             2.003      0.040     49.684      0.000
    SCIS25             2.598      0.048     54.163      0.000
    SCSK26             2.789      0.038     73.281      0.000

 Variances
    SC                 1.000      0.000    999.000    999.000
    POS                1.000      0.000    999.000    999.000
    NEG                1.000      0.000    999.000    999.000

 Residual Variances
    SCSJ1              0.753      0.043     17.585      0.000
    SCOI2              0.611      0.048     12.780      0.000
    SCCH3              0.944      0.057     16.512      0.000
    SCIS4              0.613      0.044     13.995      0.000
    SCSK5              0.748      0.070     10.752      0.000
    SCOI6              0.618      0.040     15.500      0.000
    SCCH7              1.193      0.055     21.577      0.000
    SCSJ8              0.679      0.049     13.908      0.000
    SCMI9              0.695      0.051     13.612      0.000
    SCCH10             1.015      0.049     20.579      0.000
    SCSJ11             0.712      0.051     13.879      0.000
    SCSK12             0.602      0.058     10.416      0.000
    SCIS13             0.890      0.051     17.612      0.000
    SCMI14             0.507      0.047     10.693      0.000
    SCCH15             0.717      0.047     15.331      0.000
    SCSJ16             0.749      0.053     14.250      0.000
    SCMI17             0.446      0.038     11.712      0.000
    SCIS18             0.747      0.047     15.822      0.000
    SCSK19             0.547      0.059      9.195      0.000
    SCOI20             0.741      0.053     13.934      0.000
    SCSJ21             0.836      0.047     17.790      0.000
    SCMI22             0.714      0.044     16.111      0.000
    SCSK23             0.662      0.066     10.052      0.000
    SCOI24             0.691      0.044     15.853      0.000
    SCIS25             0.766      0.051     14.992      0.000
    SCSK26             0.585      0.061      9.569      0.000


STANDARDIZED MODEL RESULTS


STDYX Standardization

                                                    Two-Tailed
                    Estimate       S.E.  Est./S.E.    P-Value

 SC       BY
    SCSK5             -0.163      0.063     -2.590      0.010
    SCSK12            -0.112      0.071     -1.573      0.116
    SCSK19            -0.102      0.077     -1.319      0.187
    SCSK23            -0.098      0.101     -0.964      0.335
    SCSK26            -0.141      0.087     -1.620      0.105
    SCSJ1              0.247      0.086      2.881      0.004
    SCSJ8              0.195      0.110      1.776      0.076
    SCSJ11             0.179      0.111      1.607      0.108
    SCSJ16             0.135      0.110      1.224      0.221
    SCSJ21             0.170      0.092      1.851      0.064
    SCCH3              0.195      0.057      3.440      0.001
    SCCH7             -0.069      0.057     -1.198      0.231
    SCCH10             0.092      0.059      1.572      0.116
    SCCH15             0.196      0.064      3.067      0.002
    SCIS4             -0.202      0.101     -1.990      0.047
    SCIS13            -0.240      0.090     -2.658      0.008
    SCIS18            -0.200      0.096     -2.089      0.037
    SCIS25            -0.176      0.100     -1.765      0.078
    SCMI9              0.414      0.054      7.611      0.000
    SCMI14             0.521      0.066      7.886      0.000
    SCMI17             0.407      0.078      5.203      0.000
    SCMI22             0.150      0.075      2.003      0.045
    SCOI2             -0.190      0.103     -1.834      0.067
    SCOI6             -0.147      0.104     -1.412      0.158
    SCOI20            -0.343      0.079     -4.327      0.000
    SCOI24            -0.326      0.082     -3.991      0.000

 POS      BY
    SCSK5              0.666      0.035     19.075      0.000
    SCSK12             0.716      0.031     22.933      0.000
    SCSK19             0.732      0.030     24.022      0.000
    SCSK23             0.581      0.037     15.827      0.000
    SCSK26             0.655      0.035     18.953      0.000
    SCSJ1              0.038      0.031      1.241      0.215
    SCSJ8             -0.013      0.022     -0.575      0.565
    SCSJ11            -0.005      0.026     -0.212      0.832
    SCSJ16            -0.026      0.026     -1.011      0.312
    SCSJ21             0.000      0.030      0.012      0.990
    SCCH3              0.376      0.045      8.287      0.000
    SCCH7              0.444      0.033     13.294      0.000
    SCCH10             0.493      0.033     15.038      0.000
    SCCH15             0.635      0.032     19.904      0.000
    SCIS4             -0.060      0.026     -2.356      0.018
    SCIS13            -0.040      0.025     -1.574      0.116
    SCIS18             0.030      0.026      1.141      0.254
    SCIS25            -0.032      0.026     -1.224      0.221
    SCMI9              0.442      0.041     10.884      0.000
    SCMI14             0.459      0.044     10.328      0.000
    SCMI17             0.569      0.040     14.077      0.000
    SCMI22             0.636      0.028     22.993      0.000
    SCOI2             -0.042      0.023     -1.849      0.065
    SCOI6             -0.023      0.024     -0.941      0.346
    SCOI20             0.091      0.031      2.934      0.003
    SCOI24             0.012      0.028      0.423      0.673

 NEG      BY
    SCSK5              0.103      0.034      3.037      0.002
    SCSK12            -0.047      0.030     -1.550      0.121
    SCSK19            -0.077      0.031     -2.483      0.013
    SCSK23            -0.246      0.036     -6.828      0.000
    SCSK26            -0.092      0.039     -2.377      0.017
    SCSJ1              0.542      0.041     13.358      0.000
    SCSJ8              0.744      0.032     23.555      0.000
    SCSJ11             0.716      0.032     22.096      0.000
    SCSJ16             0.719      0.027     26.663      0.000
    SCSJ21             0.598      0.033     18.366      0.000
    SCCH3              0.234      0.038      6.245      0.000
    SCCH7              0.291      0.032      9.021      0.000
    SCCH10             0.222      0.031      7.049      0.000
    SCCH15             0.023      0.030      0.770      0.442
    SCIS4              0.756      0.031     24.359      0.000
    SCIS13             0.655      0.038     17.380      0.000
    SCIS18             0.714      0.034     21.185      0.000
    SCIS25             0.730      0.030     24.437      0.000
    SCMI9              0.113      0.043      2.616      0.009
    SCMI14            -0.113      0.049     -2.294      0.022
    SCMI17            -0.162      0.039     -4.124      0.000
    SCMI22            -0.041      0.029     -1.378      0.168
    SCOI2              0.771      0.030     26.001      0.000
    SCOI6              0.777      0.025     31.202      0.000
    SCOI20             0.606      0.047     12.853      0.000
    SCOI24             0.595      0.046     12.983      0.000

 POS      WITH
    SC                 0.000      0.000      2.200      0.028

 NEG      WITH
    SC                 0.000      0.000     -6.680      0.000
    POS               -0.220      0.045     -4.908      0.000

 SCCH10   WITH
    SCCH7              0.445      0.036     12.289      0.000

 SCIS18   WITH
    SCIS13             0.464      0.035     13.309      0.000

 Intercepts
    SCSJ1              3.440      0.100     34.509      0.000
    SCOI2              1.897      0.037     50.869      0.000
    SCCH3              3.015      0.085     35.352      0.000
    SCIS4              1.825      0.034     53.529      0.000
    SCSK5              2.383      0.054     44.360      0.000
    SCOI6              2.083      0.044     47.489      0.000
    SCCH7              2.027      0.042     47.924      0.000
    SCSJ8              2.201      0.050     43.990      0.000
    SCMI9              3.363      0.096     35.142      0.000
    SCCH10             2.211      0.049     44.851      0.000
    SCSJ11             2.174      0.047     46.459      0.000
    SCSK12             2.316      0.051     45.735      0.000
    SCIS13             1.953      0.040     49.281      0.000
    SCMI14             3.481      0.099     35.062      0.000
    SCCH15             2.774      0.071     39.272      0.000
    SCSJ16             2.234      0.050     44.899      0.000
    SCMI17             3.332      0.090     36.970      0.000
    SCIS18             2.203      0.049     44.604      0.000
    SCSK19             2.403      0.055     43.646      0.000
    SCOI20             1.983      0.041     48.864      0.000
    SCSJ21             2.386      0.055     43.095      0.000
    SCMI22             2.524      0.060     41.721      0.000
    SCSK23             2.459      0.057     43.332      0.000
    SCOI24             1.776      0.034     51.955      0.000
    SCIS25             1.936      0.040     48.103      0.000
    SCSK26             2.619      0.062     42.107      0.000

 Variances
    SC                 1.000      0.000    999.000    999.000
    POS                1.000      0.000    999.000    999.000
    NEG                1.000      0.000    999.000    999.000

 Residual Variances
    SCSJ1              0.653      0.033     19.617      0.000
    SCOI2              0.353      0.028     12.733      0.000
    SCCH3              0.805      0.035     22.756      0.000
    SCIS4              0.364      0.027     13.259      0.000
    SCSK5              0.550      0.051     10.863      0.000
    SCOI6              0.367      0.025     14.424      0.000
    SCCH7              0.770      0.029     26.335      0.000
    SCSJ8              0.404      0.031     13.219      0.000
    SCMI9              0.642      0.044     14.644      0.000
    SCCH10             0.748      0.031     24.368      0.000
    SCSJ11             0.454      0.034     13.386      0.000
    SCSK12             0.458      0.045     10.142      0.000
    SCIS13             0.500      0.029     16.995      0.000
    SCMI14             0.483      0.044     10.996      0.000
    SCCH15             0.565      0.034     16.548      0.000
    SCSJ16             0.455      0.033     13.905      0.000
    SCMI17             0.443      0.037     11.880      0.000
    SCIS18             0.458      0.030     15.103      0.000
    SCSK19             0.423      0.045      9.301      0.000
    SCOI20             0.531      0.035     15.005      0.000
    SCSJ21             0.614      0.033     18.729      0.000
    SCMI22             0.561      0.033     16.944      0.000
    SCSK23             0.530      0.050     10.563      0.000
    SCOI24             0.543      0.032     16.723      0.000
    SCIS25             0.425      0.028     14.984      0.000
    SCSK26             0.516      0.053      9.786      0.000


R-SQUARE

    Observed                                        Two-Tailed
    Variable        Estimate       S.E.  Est./S.E.    P-Value

    SCSJ1              0.347      0.033     10.402      0.000
    SCOI2              0.647      0.028     23.298      0.000
    SCCH3              0.195      0.035      5.529      0.000
    SCIS4              0.636      0.027     23.157      0.000
    SCSK5              0.450      0.051      8.898      0.000
    SCOI6              0.633      0.025     24.928      0.000
    SCCH7              0.230      0.029      7.866      0.000
    SCSJ8              0.596      0.031     19.499      0.000
    SCMI9              0.358      0.044      8.163      0.000
    SCCH10             0.252      0.031      8.231      0.000
    SCSJ11             0.546      0.034     16.076      0.000
    SCSK12             0.542      0.045     12.014      0.000
    SCIS13             0.500      0.029     16.992      0.000
    SCMI14             0.517      0.044     11.781      0.000
    SCCH15             0.435      0.034     12.763      0.000
    SCSJ16             0.545      0.033     16.622      0.000
    SCMI17             0.557      0.037     14.930      0.000
    SCIS18             0.542      0.030     17.851      0.000
    SCSK19             0.577      0.045     12.712      0.000
    SCOI20             0.469      0.035     13.228      0.000
    SCSJ21             0.386      0.033     11.774      0.000
    SCMI22             0.439      0.033     13.284      0.000
    SCSK23             0.470      0.050      9.385      0.000
    SCOI24             0.457      0.032     14.068      0.000
    SCIS25             0.575      0.028     20.231      0.000
    SCSK26             0.484      0.053      9.195      0.000


QUALITY OF NUMERICAL RESULTS

     Condition Number for the Information Matrix              0.325E-02
       (ratio of smallest to largest eigenvalue)


     Beginning Time:  17:52:21
        Ending Time:  17:52:21
       Elapsed Time:  00:00:00



MUTHEN & MUTHEN
3463 Stoner Ave.
Los Angeles, CA  90066

Tel: (310) 391-9971
Fax: (310) 391-8971
Web: www.StatModel.com
Support: Support@StatModel.com

Copyright (c) 1998-2020 Muthen & Muthen
