Mplus VERSION 8.5 (Mac)
MUTHEN & MUTHEN
03/10/2021   4:46 PM

INPUT INSTRUCTIONS

  TITLE: 2 factor ESEM v2 MLR.

  DATA:
    FILE IS selfcompassionitems.dat;

  VARIABLE:
    NAMES ARE scsj1 scoi2 scch3 scis4 scsk5 scoi6 scch7 scsj8
              scmi9 scch10 scsj11 scsk12 scis13 scmi14 scch15
              scsj16 scmi17 scis18 scsk19 scoi20 scsj21 scmi22
              scsk23 scoi24 scis25 scsk26;
    MISSING ARE ALL(-9);
    USEVARIABLES ARE scsj1 scoi2 scch3 scis4 scsk5 scoi6 scch7 scsj8
              scmi9 scch10 scsj11 scsk12 scis13 scmi14 scch15
              scsj16 scmi17 scis18 scsk19 scoi20 scsj21 scmi22
              scsk23 scoi24 scis25 scsk26;
    ! CATEGORICAL ARE all;

  ANALYSIS:
    ESTIMATOR = MLR;
    ROTATION = oblimin;

  MODEL:
    pos BY scsj1@.06 scoi2@-.05 scch3@.41 scis4@-.070 scsk5@.65 scoi6@-.03
          scch7@0.49 scsj8@.01 scmi9@0.46 scch10@0.55 scsj11@.02 scsk12@.69
          scis13@-.04 scmi14@0.47 scch15@0.66 scsj16@-0.01 scmi17@0.58
          scis18@0.03 scsk19@0.70 scoi20@0.07 scsj21@0.02 scmi22@0.65
          scsk23@0.56 scoi24@-0.01 scis25@-0.04 scsk26@0.64;
    neg BY scsj1@.49 scoi2@.78 scch3@.22 scis4@.78 scsk5@.13 scoi6@.79
          scch7@.33 scsj8@.70 scmi9@.07 scch10@.24 scsj11@.68 scsk12@-.03
          scis13@.71 scmi14@-.17 scch15@.02 scsj16@.69 scmi17@-.2
          scis18@.77 scsk19@-.06 scoi20@.64 scsj21@.56 scmi22@-.05
          scsk23@-.22 scoi24@0.62 scis25@.75 scsk26@-.06;
    pos@1;
    neg@1;

  OUTPUT: stdyx;






INPUT READING TERMINATED NORMALLY



2 factor ESEM v2 MLR.

SUMMARY OF ANALYSIS

Number of groups                                                 1
Number of observations                                         783

Number of dependent variables                                   26
Number of independent variables                                  0
Number of continuous latent variables                            2

Observed dependent variables

  Continuous
   SCSJ1       SCOI2       SCCH3       SCIS4       SCSK5       SCOI6
   SCCH7       SCSJ8       SCMI9       SCCH10      SCSJ11      SCSK12
   SCIS13      SCMI14      SCCH15      SCSJ16      SCMI17      SCIS18
   SCSK19      SCOI20      SCSJ21      SCMI22      SCSK23      SCOI24
   SCIS25      SCSK26

Continuous latent variables
   POS         NEG


Estimator                                                      MLR
Information matrix                                        OBSERVED
Maximum number of iterations                                  1000
Convergence criterion                                    0.500D-04
Maximum number of steepest descent iterations                   20
Maximum number of iterations for H1                           2000
Convergence criterion for H1                             0.100D-03

Input data file(s)
  selfcompassionitems.dat

Input data format  FREE


SUMMARY OF DATA

     Number of missing data patterns             1


COVARIANCE COVERAGE OF DATA

Minimum covariance coverage value   0.100


     PROPORTION OF DATA PRESENT


           Covariance Coverage
              SCSJ1         SCOI2         SCCH3         SCIS4         SCSK5
              ________      ________      ________      ________      ________
 SCSJ1          1.000
 SCOI2          1.000         1.000
 SCCH3          1.000         1.000         1.000
 SCIS4          1.000         1.000         1.000         1.000
 SCSK5          1.000         1.000         1.000         1.000         1.000
 SCOI6          1.000         1.000         1.000         1.000         1.000
 SCCH7          1.000         1.000         1.000         1.000         1.000
 SCSJ8          1.000         1.000         1.000         1.000         1.000
 SCMI9          1.000         1.000         1.000         1.000         1.000
 SCCH10         1.000         1.000         1.000         1.000         1.000
 SCSJ11         1.000         1.000         1.000         1.000         1.000
 SCSK12         1.000         1.000         1.000         1.000         1.000
 SCIS13         1.000         1.000         1.000         1.000         1.000
 SCMI14         1.000         1.000         1.000         1.000         1.000
 SCCH15         1.000         1.000         1.000         1.000         1.000
 SCSJ16         1.000         1.000         1.000         1.000         1.000
 SCMI17         1.000         1.000         1.000         1.000         1.000
 SCIS18         1.000         1.000         1.000         1.000         1.000
 SCSK19         1.000         1.000         1.000         1.000         1.000
 SCOI20         1.000         1.000         1.000         1.000         1.000
 SCSJ21         1.000         1.000         1.000         1.000         1.000
 SCMI22         1.000         1.000         1.000         1.000         1.000
 SCSK23         1.000         1.000         1.000         1.000         1.000
 SCOI24         1.000         1.000         1.000         1.000         1.000
 SCIS25         1.000         1.000         1.000         1.000         1.000
 SCSK26         1.000         1.000         1.000         1.000         1.000


           Covariance Coverage
              SCOI6         SCCH7         SCSJ8         SCMI9         SCCH10
              ________      ________      ________      ________      ________
 SCOI6          1.000
 SCCH7          1.000         1.000
 SCSJ8          1.000         1.000         1.000
 SCMI9          1.000         1.000         1.000         1.000
 SCCH10         1.000         1.000         1.000         1.000         1.000
 SCSJ11         1.000         1.000         1.000         1.000         1.000
 SCSK12         1.000         1.000         1.000         1.000         1.000
 SCIS13         1.000         1.000         1.000         1.000         1.000
 SCMI14         1.000         1.000         1.000         1.000         1.000
 SCCH15         1.000         1.000         1.000         1.000         1.000
 SCSJ16         1.000         1.000         1.000         1.000         1.000
 SCMI17         1.000         1.000         1.000         1.000         1.000
 SCIS18         1.000         1.000         1.000         1.000         1.000
 SCSK19         1.000         1.000         1.000         1.000         1.000
 SCOI20         1.000         1.000         1.000         1.000         1.000
 SCSJ21         1.000         1.000         1.000         1.000         1.000
 SCMI22         1.000         1.000         1.000         1.000         1.000
 SCSK23         1.000         1.000         1.000         1.000         1.000
 SCOI24         1.000         1.000         1.000         1.000         1.000
 SCIS25         1.000         1.000         1.000         1.000         1.000
 SCSK26         1.000         1.000         1.000         1.000         1.000


           Covariance Coverage
              SCSJ11        SCSK12        SCIS13        SCMI14        SCCH15
              ________      ________      ________      ________      ________
 SCSJ11         1.000
 SCSK12         1.000         1.000
 SCIS13         1.000         1.000         1.000
 SCMI14         1.000         1.000         1.000         1.000
 SCCH15         1.000         1.000         1.000         1.000         1.000
 SCSJ16         1.000         1.000         1.000         1.000         1.000
 SCMI17         1.000         1.000         1.000         1.000         1.000
 SCIS18         1.000         1.000         1.000         1.000         1.000
 SCSK19         1.000         1.000         1.000         1.000         1.000
 SCOI20         1.000         1.000         1.000         1.000         1.000
 SCSJ21         1.000         1.000         1.000         1.000         1.000
 SCMI22         1.000         1.000         1.000         1.000         1.000
 SCSK23         1.000         1.000         1.000         1.000         1.000
 SCOI24         1.000         1.000         1.000         1.000         1.000
 SCIS25         1.000         1.000         1.000         1.000         1.000
 SCSK26         1.000         1.000         1.000         1.000         1.000


           Covariance Coverage
              SCSJ16        SCMI17        SCIS18        SCSK19        SCOI20
              ________      ________      ________      ________      ________
 SCSJ16         1.000
 SCMI17         1.000         1.000
 SCIS18         1.000         1.000         1.000
 SCSK19         1.000         1.000         1.000         1.000
 SCOI20         1.000         1.000         1.000         1.000         1.000
 SCSJ21         1.000         1.000         1.000         1.000         1.000
 SCMI22         1.000         1.000         1.000         1.000         1.000
 SCSK23         1.000         1.000         1.000         1.000         1.000
 SCOI24         1.000         1.000         1.000         1.000         1.000
 SCIS25         1.000         1.000         1.000         1.000         1.000
 SCSK26         1.000         1.000         1.000         1.000         1.000


           Covariance Coverage
              SCSJ21        SCMI22        SCSK23        SCOI24        SCIS25
              ________      ________      ________      ________      ________
 SCSJ21         1.000
 SCMI22         1.000         1.000
 SCSK23         1.000         1.000         1.000
 SCOI24         1.000         1.000         1.000         1.000
 SCIS25         1.000         1.000         1.000         1.000         1.000
 SCSK26         1.000         1.000         1.000         1.000         1.000


           Covariance Coverage
              SCSK26
              ________
 SCSK26         1.000



UNIVARIATE SAMPLE STATISTICS


     UNIVARIATE HIGHER-ORDER MOMENT DESCRIPTIVE STATISTICS

         Variable/         Mean/     Skewness/   Minimum/ % with                Percentiles
        Sample Size      Variance    Kurtosis    Maximum  Min/Max      20%/60%    40%/80%    Median

     SCSJ1                 3.693      -0.545       1.000    3.58%       3.000      4.000      4.000
             783.000       1.153      -0.341       5.000   26.31%       4.000      5.000
     SCOI2                 2.494       0.439       1.000   30.27%       1.000      2.000      2.000
             783.000       1.729      -0.976       5.000    9.45%       3.000      4.000
     SCCH3                 3.266      -0.367       1.000    7.79%       2.000      3.000      3.000
             783.000       1.173      -0.420       5.000   11.49%       4.000      4.000
     SCIS4                 2.368       0.583       1.000   33.84%       1.000      2.000      2.000
             783.000       1.683      -0.831       5.000    8.17%       3.000      4.000
     SCSK5                 2.779       0.189       1.000   14.94%       2.000      2.000      3.000
             783.000       1.360      -0.795       5.000    8.43%       3.000      4.000
     SCOI6                 2.705       0.247       1.000   22.35%       1.000      2.000      3.000
             783.000       1.687      -1.059       5.000   10.98%       3.000      4.000
     SCCH7                 2.524       0.361       1.000   26.69%       1.000      2.000      2.000
             783.000       1.550      -0.897       5.000    7.54%       3.000      4.000
     SCSJ8                 2.853       0.045       1.000   19.80%       2.000      2.000      3.000
             783.000       1.681      -1.125       5.000   11.49%       3.000      4.000
     SCMI9                 3.499      -0.413       1.000    4.21%       3.000      3.000      4.000
             783.000       1.083      -0.309       5.000   17.24%       4.000      4.000
     SCCH10                2.576       0.223       1.000   22.35%       1.000      2.000      3.000
             783.000       1.358      -0.858       5.000    5.24%       3.000      4.000
     SCSJ11                2.722       0.204       1.000   20.05%       1.000      2.000      3.000
             783.000       1.567      -1.019       5.000    9.20%       3.000      4.000
     SCSK12                2.655       0.289       1.000   16.86%       2.000      2.000      3.000
             783.000       1.314      -0.750       5.000    6.51%       3.000      4.000
     SCIS13                2.605       0.302       1.000   27.59%       1.000      2.000      2.000
             783.000       1.779      -1.141       5.000    9.96%       3.000      4.000
     SCMI14                3.567      -0.434       1.000    3.45%       3.000      3.000      4.000
             783.000       1.050      -0.281       5.000   19.03%       4.000      4.000
     SCCH15                3.125      -0.151       1.000    8.94%       2.000      3.000      3.000
             783.000       1.269      -0.706       5.000   11.24%       3.000      4.000
     SCSJ16                2.865       0.068       1.000   17.88%       2.000      2.000      3.000
             783.000       1.645      -1.126       5.000   11.37%       3.000      4.000
     SCMI17                3.344      -0.265       1.000    3.96%       3.000      3.000      3.000
             783.000       1.007      -0.387       5.000   11.75%       4.000      4.000
     SCIS18                2.814       0.083       1.000   19.67%       2.000      2.000      3.000
             783.000       1.631      -1.099       5.000   10.34%       3.000      4.000
     SCSK19                2.733       0.208       1.000   15.33%       2.000      2.000      3.000
             783.000       1.294      -0.703       5.000    7.28%       3.000      4.000
     SCOI20                2.342       0.547       1.000   30.14%       1.000      2.000      2.000
             783.000       1.395      -0.603       5.000    5.49%       3.000      3.000
     SCSJ21                2.784       0.122       1.000   15.96%       2.000      2.000      3.000
             783.000       1.362      -0.812       5.000    7.92%       3.000      4.000
     SCMI22                2.848       0.039       1.000   13.41%       2.000      3.000      3.000
             783.000       1.273      -0.766       5.000    7.15%       3.000      4.000
     SCSK23                2.750       0.202       1.000   14.05%       2.000      2.000      3.000
             783.000       1.250      -0.664       5.000    7.02%       3.000      4.000
     SCOI24                2.003       1.004       1.000   43.30%       1.000      1.000      2.000
             783.000       1.272       0.154       5.000    3.96%       2.000      3.000
     SCIS25                2.598       0.240       1.000   29.89%       1.000      2.000      3.000
             783.000       1.801      -1.218       5.000    8.94%       3.000      4.000
     SCSK26                2.789       0.141       1.000   11.49%       2.000      2.000      3.000
             783.000       1.134      -0.601       5.000    5.75%       3.000      4.000


     THIS ANALYSIS MAY HAVE MULTIPLE SOLUTIONS.  EXPLORE THIS USING RANDOM STARTS,
     FOR EXAMPLE, STARTS = 20.  USE A LARGE ENOUGH NUMBER OF STARTS SO THAT THE
     BEST FIT FUNCTION VALUE IS REPLICATED SEVERAL TIMES.


THE MODEL ESTIMATION TERMINATED NORMALLY



MODEL FIT INFORMATION

Number of Free Parameters                       53

Loglikelihood

          H0 Value                      -28216.289
          H0 Scaling Correction Factor      1.0897
            for MLR
          H1 Value                      -27066.126
          H1 Scaling Correction Factor      1.1748
            for MLR

Information Criteria

          Akaike (AIC)                   56538.579
          Bayesian (BIC)                 56785.725
          Sample-Size Adjusted BIC       56617.423
            (n* = (n + 2) / 24)

Chi-Square Test of Model Fit

          Value                           1935.171*
          Degrees of Freedom                   324
          P-Value                           0.0000
          Scaling Correction Factor         1.1887
            for MLR

*   The chi-square value for MLM, MLMV, MLR, ULSMV, WLSM and WLSMV cannot be used
    for chi-square difference testing in the regular way.  MLM, MLR and WLSM
    chi-square difference testing is described on the Mplus website.  MLMV, WLSMV,
    and ULSMV difference testing is done using the DIFFTEST option.

RMSEA (Root Mean Square Error Of Approximation)

          Estimate                           0.080
          90 Percent C.I.                    0.076  0.083
          Probability RMSEA <= .05           0.000

CFI/TLI

          CFI                                0.798
          TLI                                0.798

Chi-Square Test of Model Fit for the Baseline Model

          Value                           8317.688
          Degrees of Freedom                   325
          P-Value                           0.0000

SRMR (Standardized Root Mean Square Residual)

          Value                              0.103



MODEL RESULTS

                                                    Two-Tailed
                    Estimate       S.E.  Est./S.E.    P-Value

 POS      BY
    SCSJ1              0.060      0.000    999.000    999.000
    SCOI2             -0.050      0.000    999.000    999.000
    SCCH3              0.410      0.000    999.000    999.000
    SCIS4             -0.070      0.000    999.000    999.000
    SCSK5              0.650      0.000    999.000    999.000
    SCOI6             -0.030      0.000    999.000    999.000
    SCCH7              0.490      0.000    999.000    999.000
    SCSJ8              0.010      0.000    999.000    999.000
    SCMI9              0.460      0.000    999.000    999.000
    SCCH10             0.550      0.000    999.000    999.000
    SCSJ11             0.020      0.000    999.000    999.000
    SCSK12             0.690      0.000    999.000    999.000
    SCIS13            -0.040      0.000    999.000    999.000
    SCMI14             0.470      0.000    999.000    999.000
    SCCH15             0.660      0.000    999.000    999.000
    SCSJ16            -0.010      0.000    999.000    999.000
    SCMI17             0.580      0.000    999.000    999.000
    SCIS18             0.030      0.000    999.000    999.000
    SCSK19             0.700      0.000    999.000    999.000
    SCOI20             0.070      0.000    999.000    999.000
    SCSJ21             0.020      0.000    999.000    999.000
    SCMI22             0.650      0.000    999.000    999.000
    SCSK23             0.560      0.000    999.000    999.000
    SCOI24            -0.010      0.000    999.000    999.000
    SCIS25            -0.040      0.000    999.000    999.000
    SCSK26             0.640      0.000    999.000    999.000

 NEG      BY
    SCSJ1              0.490      0.000    999.000    999.000
    SCOI2              0.780      0.000    999.000    999.000
    SCCH3              0.220      0.000    999.000    999.000
    SCIS4              0.780      0.000    999.000    999.000
    SCSK5              0.130      0.000    999.000    999.000
    SCOI6              0.790      0.000    999.000    999.000
    SCCH7              0.330      0.000    999.000    999.000
    SCSJ8              0.700      0.000    999.000    999.000
    SCMI9              0.070      0.000    999.000    999.000
    SCCH10             0.240      0.000    999.000    999.000
    SCSJ11             0.680      0.000    999.000    999.000
    SCSK12            -0.030      0.000    999.000    999.000
    SCIS13             0.710      0.000    999.000    999.000
    SCMI14            -0.170      0.000    999.000    999.000
    SCCH15             0.020      0.000    999.000    999.000
    SCSJ16             0.690      0.000    999.000    999.000
    SCMI17            -0.200      0.000    999.000    999.000
    SCIS18             0.770      0.000    999.000    999.000
    SCSK19            -0.060      0.000    999.000    999.000
    SCOI20             0.640      0.000    999.000    999.000
    SCSJ21             0.560      0.000    999.000    999.000
    SCMI22            -0.050      0.000    999.000    999.000
    SCSK23            -0.220      0.000    999.000    999.000
    SCOI24             0.620      0.000    999.000    999.000
    SCIS25             0.750      0.000    999.000    999.000
    SCSK26            -0.060      0.000    999.000    999.000

 NEG      WITH
    POS               -0.191      0.037     -5.192      0.000

 Intercepts
    SCSJ1              3.693      0.038     96.270      0.000
    SCOI2              2.494      0.047     53.081      0.000
    SCCH3              3.266      0.039     84.359      0.000
    SCIS4              2.368      0.046     51.067      0.000
    SCSK5              2.779      0.042     66.685      0.000
    SCOI6              2.705      0.046     58.277      0.000
    SCCH7              2.524      0.044     56.728      0.000
    SCSJ8              2.853      0.046     61.580      0.000
    SCMI9              3.499      0.037     94.106      0.000
    SCCH10             2.576      0.042     61.858      0.000
    SCSJ11             2.722      0.045     60.828      0.000
    SCSK12             2.655      0.041     64.814      0.000
    SCIS13             2.605      0.048     54.657      0.000
    SCMI14             3.567      0.037     97.403      0.000
    SCCH15             3.125      0.040     77.625      0.000
    SCSJ16             2.865      0.046     62.507      0.000
    SCMI17             3.344      0.036     93.228      0.000
    SCIS18             2.814      0.046     61.653      0.000
    SCSK19             2.733      0.041     67.230      0.000
    SCOI20             2.342      0.042     55.492      0.000
    SCSJ21             2.784      0.042     66.753      0.000
    SCMI22             2.848      0.040     70.628      0.000
    SCSK23             2.750      0.040     68.812      0.000
    SCOI24             2.003      0.040     49.684      0.000
    SCIS25             2.598      0.048     54.163      0.000
    SCSK26             2.789      0.038     73.281      0.000

 Variances
    POS                1.000      0.000    999.000    999.000
    NEG                1.000      0.000    999.000    999.000

 Residual Variances
    SCSJ1              0.882      0.047     18.594      0.000
    SCOI2              0.648      0.044     14.625      0.000
    SCCH3              0.967      0.051     18.950      0.000
    SCIS4              0.630      0.038     16.581      0.000
    SCSK5              0.842      0.049     17.251      0.000
    SCOI6              0.636      0.038     16.838      0.000
    SCCH7              1.144      0.050     22.745      0.000
    SCSJ8              0.872      0.047     18.747      0.000
    SCMI9              0.854      0.044     19.422      0.000
    SCCH10             0.964      0.045     21.253      0.000
    SCSJ11             0.856      0.048     17.877      0.000
    SCSK12             0.689      0.041     16.723      0.000
    SCIS13             0.867      0.045     19.279      0.000
    SCMI14             0.737      0.043     17.196      0.000
    SCCH15             0.720      0.043     16.778      0.000
    SCSJ16             0.867      0.052     16.711      0.000
    SCMI17             0.558      0.035     15.746      0.000
    SCIS18             0.704      0.041     16.975      0.000
    SCSK19             0.641      0.043     14.919      0.000
    SCOI20             0.849      0.049     17.387      0.000
    SCSJ21             0.932      0.047     19.897      0.000
    SCMI22             0.715      0.041     17.393      0.000
    SCSK23             0.718      0.049     14.672      0.000
    SCOI24             0.770      0.046     16.730      0.000
    SCIS25             0.786      0.046     16.918      0.000
    SCSK26             0.646      0.047     13.830      0.000


STANDARDIZED MODEL RESULTS


STDYX Standardization

                                                    Two-Tailed
                    Estimate       S.E.  Est./S.E.    P-Value

 POS      BY
    SCSJ1              0.057      0.001     46.818      0.000
    SCOI2             -0.044      0.001    -57.384      0.000
    SCCH3              0.382      0.008     45.016      0.000
    SCIS4             -0.062      0.001    -66.240      0.000
    SCSK5              0.581      0.011     51.663      0.000
    SCOI6             -0.027      0.000    -67.050      0.000
    SCCH7              0.410      0.007     57.877      0.000
    SCSJ8              0.009      0.000     58.479      0.000
    SCMI9              0.447      0.009     48.022      0.000
    SCCH10             0.487      0.009     57.065      0.000
    SCSJ11             0.017      0.000     54.900      0.000
    SCSK12             0.637      0.011     56.960      0.000
    SCIS13            -0.034      0.001    -61.519      0.000
    SCMI14             0.466      0.010     47.466      0.000
    SCCH15             0.615      0.011     53.650      0.000
    SCSJ16            -0.009      0.000    -51.858      0.000
    SCMI17             0.586      0.011     55.188      0.000
    SCIS18             0.026      0.000     62.154      0.000
    SCSK19             0.653      0.012     53.341      0.000
    SCOI20             0.063      0.001     51.347      0.000
    SCSJ21             0.018      0.000     53.025      0.000
    SCMI22             0.605      0.011     55.901      0.000
    SCSK23             0.527      0.012     45.503      0.000
    SCOI24            -0.009      0.000    -50.244      0.000
    SCIS25            -0.034      0.001    -58.587      0.000
    SCSK26             0.618      0.013     45.809      0.000

 NEG      BY
    SCSJ1              0.464      0.010     46.818      0.000
    SCOI2              0.691      0.012     57.384      0.000
    SCCH3              0.205      0.005     45.016      0.000
    SCIS4              0.694      0.010     66.240      0.000
    SCSK5              0.116      0.002     51.663      0.000
    SCOI6              0.701      0.010     67.050      0.000
    SCCH7              0.276      0.005     57.877      0.000
    SCSJ8              0.600      0.010     58.479      0.000
    SCMI9              0.068      0.001     48.022      0.000
    SCCH10             0.213      0.004     57.065      0.000
    SCSJ11             0.593      0.011     54.900      0.000
    SCSK12            -0.028      0.000    -56.960      0.000
    SCIS13             0.604      0.010     61.519      0.000
    SCMI14            -0.169      0.004    -47.466      0.000
    SCCH15             0.019      0.000     53.650      0.000
    SCSJ16             0.595      0.011     51.858      0.000
    SCMI17            -0.202      0.004    -55.188      0.000
    SCIS18             0.678      0.011     62.154      0.000
    SCSK19            -0.056      0.001    -53.341      0.000
    SCOI20             0.573      0.011     51.347      0.000
    SCSJ21             0.503      0.009     53.025      0.000
    SCMI22            -0.047      0.001    -55.901      0.000
    SCSK23            -0.207      0.005    -45.503      0.000
    SCOI24             0.576      0.011     50.244      0.000
    SCIS25             0.643      0.011     58.587      0.000
    SCSK26            -0.058      0.001    -45.809      0.000

 NEG      WITH
    POS               -0.191      0.037     -5.192      0.000

 Intercepts
    SCSJ1              3.499      0.092     38.043      0.000
    SCOI2              2.210      0.052     42.645      0.000
    SCCH3              3.046      0.085     35.837      0.000
    SCIS4              2.106      0.047     45.073      0.000
    SCSK5              2.486      0.059     42.225      0.000
    SCOI6              2.400      0.052     45.994      0.000
    SCCH7              2.110      0.045     47.272      0.000
    SCSJ8              2.447      0.056     43.780      0.000
    SCMI9              3.402      0.085     40.008      0.000
    SCCH10             2.282      0.052     43.867      0.000
    SCSJ11             2.375      0.057     41.873      0.000
    SCSK12             2.451      0.053     45.841      0.000
    SCIS13             2.215      0.050     44.158      0.000
    SCMI14             3.538      0.087     40.564      0.000
    SCCH15             2.913      0.070     41.571      0.000
    SCSJ16             2.469      0.060     41.399      0.000
    SCMI17             3.380      0.074     45.396      0.000
    SCIS18             2.478      0.055     44.708      0.000
    SCSK19             2.548      0.060     42.527      0.000
    SCOI20             2.098      0.048     43.597      0.000
    SCSJ21             2.499      0.059     42.691      0.000
    SCMI22             2.652      0.062     43.067      0.000
    SCSK23             2.590      0.065     39.867      0.000
    SCOI24             1.862      0.041     45.103      0.000
    SCIS25             2.226      0.049     45.041      0.000
    SCSK26             2.692      0.067     40.452      0.000

 Variances
    POS                1.000      0.000    999.000    999.000
    NEG                1.000      0.000    999.000    999.000

 Residual Variances
    SCSJ1              0.791      0.009     88.713      0.000
    SCOI2              0.509      0.017     29.698      0.000
    SCCH3              0.842      0.009     95.762      0.000
    SCIS4              0.498      0.015     32.839      0.000
    SCSK5              0.674      0.014     49.557      0.000
    SCOI6              0.501      0.015     33.757      0.000
    SCCH7              0.799      0.011     75.741      0.000
    SCSJ8              0.641      0.012     52.230      0.000
    SCMI9              0.807      0.008     98.526      0.000
    SCCH10             0.757      0.011     67.396      0.000
    SCSJ11             0.652      0.013     51.205      0.000
    SCSK12             0.587      0.015     40.412      0.000
    SCIS13             0.627      0.012     51.405      0.000
    SCMI14             0.724      0.013     57.491      0.000
    SCCH15             0.626      0.014     44.746      0.000
    SCSJ16             0.644      0.014     46.991      0.000
    SCMI17             0.570      0.017     33.774      0.000
    SCIS18             0.546      0.015     37.325      0.000
    SCSK19             0.557      0.017     33.614      0.000
    SCOI20             0.681      0.013     53.087      0.000
    SCSJ21             0.751      0.009     79.588      0.000
    SCMI22             0.621      0.014     45.712      0.000
    SCSK23             0.637      0.017     38.165      0.000
    SCOI24             0.666      0.013     50.067      0.000
    SCIS25             0.577      0.014     39.900      0.000
    SCSK26             0.602      0.017     34.667      0.000


R-SQUARE

    Observed                                        Two-Tailed
    Variable        Estimate       S.E.  Est./S.E.    P-Value

    SCSJ1              0.209      0.009     23.388      0.000
    SCOI2              0.491      0.017     28.685      0.000
    SCCH3              0.158      0.009     18.030      0.000
    SCIS4              0.502      0.015     33.058      0.000
    SCSK5              0.326      0.014     23.954      0.000
    SCOI6              0.499      0.015     33.664      0.000
    SCCH7              0.201      0.011     19.032      0.000
    SCSJ8              0.359      0.012     29.200      0.000
    SCMI9              0.193      0.008     23.564      0.000
    SCCH10             0.243      0.011     21.651      0.000
    SCSJ11             0.348      0.013     27.372      0.000
    SCSK12             0.413      0.015     28.459      0.000
    SCIS13             0.373      0.012     30.623      0.000
    SCMI14             0.276      0.013     21.877      0.000
    SCCH15             0.374      0.014     26.776      0.000
    SCSJ16             0.356      0.014     25.947      0.000
    SCMI17             0.430      0.017     25.475      0.000
    SCIS18             0.454      0.015     31.017      0.000
    SCSK19             0.443      0.017     26.745      0.000
    SCOI20             0.319      0.013     24.865      0.000
    SCSJ21             0.249      0.009     26.450      0.000
    SCMI22             0.379      0.014     27.944      0.000
    SCSK23             0.363      0.017     21.734      0.000
    SCOI24             0.334      0.013     25.159      0.000
    SCIS25             0.423      0.014     29.217      0.000
    SCSK26             0.398      0.017     22.961      0.000


QUALITY OF NUMERICAL RESULTS

     Condition Number for the Information Matrix              0.457E-01
       (ratio of smallest to largest eigenvalue)


     Beginning Time:  16:46:56
        Ending Time:  16:46:57
       Elapsed Time:  00:00:01



MUTHEN & MUTHEN
3463 Stoner Ave.
Los Angeles, CA  90066

Tel: (310) 391-9971
Fax: (310) 391-8971
Web: www.StatModel.com
Support: Support@StatModel.com

Copyright (c) 1998-2020 Muthen & Muthen
