Mplus VERSION 8.5 (Mac)
MUTHEN & MUTHEN
02/26/2021  10:37 PM

INPUT INSTRUCTIONS

  TITLE: 2 factor bi-factor ESEM.

  DATA:
    FILE IS scs.dat;

  VARIABLE:
    NAMES ARE u1-u26; ! gender where;
    MISSING ARE ALL(-9);
    USEVARIABLES ARE u1-u26;
    CATEGORICAL ARE u1-u26;

  ANALYSIS:
    ! Requesting the weighted least squares mean- and variance-adjusted estimator
    ! ESTIMATOR = WLSMV;
    ! Requesting the unweighted least squares estimator
    ESTIMATOR = WLSMV; !ULSMV
    ROTATION = target;

  MODEL:
    ! Cross-loadings are targeted to be as close to zero as possible

    pos1 BY u5 u12 u19 u23 u26;
    pos2 BY u3 u7 u10 u15;
    pos3 BY u9 u14 u17 u22;
    neg1 BY u1 u8 u11 u16 u21;
    neg2 BY u4 u13 u18 u25;
    neg3 BY u2 u6 u20 u24;

    pos BY pos1 pos2 pos3;
    neg BY neg1 neg2 neg3;

    ! FG WITH pos-neg@0;

  ! Requesting standardized parameter estimates
  OUTPUT: stdyx;







INPUT READING TERMINATED NORMALLY



2 factor bi-factor ESEM.

SUMMARY OF ANALYSIS

Number of groups                                                 1
Number of observations                                         742

Number of dependent variables                                   26
Number of independent variables                                  0
Number of continuous latent variables                            8

Observed dependent variables

  Binary and ordered categorical (ordinal)
   U1          U2          U3          U4          U5          U6
   U7          U8          U9          U10         U11         U12
   U13         U14         U15         U16         U17         U18
   U19         U20         U21         U22         U23         U24
   U25         U26

Continuous latent variables
   POS1        POS2        POS3        NEG1        NEG2        NEG3
   POS         NEG


Estimator                                                    WLSMV
Maximum number of iterations                                  1000
Convergence criterion                                    0.500D-04
Maximum number of steepest descent iterations                   20
Maximum number of iterations for H1                           2000
Convergence criterion for H1                             0.100D-03
Parameterization                                             DELTA
Link                                                        PROBIT

Input data file(s)
  scs.dat

Input data format  FREE


SUMMARY OF DATA

     Number of missing data patterns             1


COVARIANCE COVERAGE OF DATA

Minimum covariance coverage value   0.100


     PROPORTION OF DATA PRESENT


           Covariance Coverage
              U1            U2            U3            U4            U5
              ________      ________      ________      ________      ________
 U1             1.000
 U2             1.000         1.000
 U3             1.000         1.000         1.000
 U4             1.000         1.000         1.000         1.000
 U5             1.000         1.000         1.000         1.000         1.000
 U6             1.000         1.000         1.000         1.000         1.000
 U7             1.000         1.000         1.000         1.000         1.000
 U8             1.000         1.000         1.000         1.000         1.000
 U9             1.000         1.000         1.000         1.000         1.000
 U10            1.000         1.000         1.000         1.000         1.000
 U11            1.000         1.000         1.000         1.000         1.000
 U12            1.000         1.000         1.000         1.000         1.000
 U13            1.000         1.000         1.000         1.000         1.000
 U14            1.000         1.000         1.000         1.000         1.000
 U15            1.000         1.000         1.000         1.000         1.000
 U16            1.000         1.000         1.000         1.000         1.000
 U17            1.000         1.000         1.000         1.000         1.000
 U18            1.000         1.000         1.000         1.000         1.000
 U19            1.000         1.000         1.000         1.000         1.000
 U20            1.000         1.000         1.000         1.000         1.000
 U21            1.000         1.000         1.000         1.000         1.000
 U22            1.000         1.000         1.000         1.000         1.000
 U23            1.000         1.000         1.000         1.000         1.000
 U24            1.000         1.000         1.000         1.000         1.000
 U25            1.000         1.000         1.000         1.000         1.000
 U26            1.000         1.000         1.000         1.000         1.000


           Covariance Coverage
              U6            U7            U8            U9            U10
              ________      ________      ________      ________      ________
 U6             1.000
 U7             1.000         1.000
 U8             1.000         1.000         1.000
 U9             1.000         1.000         1.000         1.000
 U10            1.000         1.000         1.000         1.000         1.000
 U11            1.000         1.000         1.000         1.000         1.000
 U12            1.000         1.000         1.000         1.000         1.000
 U13            1.000         1.000         1.000         1.000         1.000
 U14            1.000         1.000         1.000         1.000         1.000
 U15            1.000         1.000         1.000         1.000         1.000
 U16            1.000         1.000         1.000         1.000         1.000
 U17            1.000         1.000         1.000         1.000         1.000
 U18            1.000         1.000         1.000         1.000         1.000
 U19            1.000         1.000         1.000         1.000         1.000
 U20            1.000         1.000         1.000         1.000         1.000
 U21            1.000         1.000         1.000         1.000         1.000
 U22            1.000         1.000         1.000         1.000         1.000
 U23            1.000         1.000         1.000         1.000         1.000
 U24            1.000         1.000         1.000         1.000         1.000
 U25            1.000         1.000         1.000         1.000         1.000
 U26            1.000         1.000         1.000         1.000         1.000


           Covariance Coverage
              U11           U12           U13           U14           U15
              ________      ________      ________      ________      ________
 U11            1.000
 U12            1.000         1.000
 U13            1.000         1.000         1.000
 U14            1.000         1.000         1.000         1.000
 U15            1.000         1.000         1.000         1.000         1.000
 U16            1.000         1.000         1.000         1.000         1.000
 U17            1.000         1.000         1.000         1.000         1.000
 U18            1.000         1.000         1.000         1.000         1.000
 U19            1.000         1.000         1.000         1.000         1.000
 U20            1.000         1.000         1.000         1.000         1.000
 U21            1.000         1.000         1.000         1.000         1.000
 U22            1.000         1.000         1.000         1.000         1.000
 U23            1.000         1.000         1.000         1.000         1.000
 U24            1.000         1.000         1.000         1.000         1.000
 U25            1.000         1.000         1.000         1.000         1.000
 U26            1.000         1.000         1.000         1.000         1.000


           Covariance Coverage
              U16           U17           U18           U19           U20
              ________      ________      ________      ________      ________
 U16            1.000
 U17            1.000         1.000
 U18            1.000         1.000         1.000
 U19            1.000         1.000         1.000         1.000
 U20            1.000         1.000         1.000         1.000         1.000
 U21            1.000         1.000         1.000         1.000         1.000
 U22            1.000         1.000         1.000         1.000         1.000
 U23            1.000         1.000         1.000         1.000         1.000
 U24            1.000         1.000         1.000         1.000         1.000
 U25            1.000         1.000         1.000         1.000         1.000
 U26            1.000         1.000         1.000         1.000         1.000


           Covariance Coverage
              U21           U22           U23           U24           U25
              ________      ________      ________      ________      ________
 U21            1.000
 U22            1.000         1.000
 U23            1.000         1.000         1.000
 U24            1.000         1.000         1.000         1.000
 U25            1.000         1.000         1.000         1.000         1.000
 U26            1.000         1.000         1.000         1.000         1.000


           Covariance Coverage
              U26
              ________
 U26            1.000


UNIVARIATE PROPORTIONS AND COUNTS FOR CATEGORICAL VARIABLES

    U1
      Category 1    0.239          177.000
      Category 2    0.353          262.000
      Category 3    0.272          202.000
      Category 4    0.105           78.000
      Category 5    0.031           23.000
    U2
      Category 1    0.081           60.000
      Category 2    0.159          118.000
      Category 3    0.217          161.000
      Category 4    0.252          187.000
      Category 5    0.291          216.000
    U3
      Category 1    0.071           53.000
      Category 2    0.146          108.000
      Category 3    0.341          253.000
      Category 4    0.341          253.000
      Category 5    0.101           75.000
    U4
      Category 1    0.074           55.000
      Category 2    0.140          104.000
      Category 3    0.183          136.000
      Category 4    0.270          200.000
      Category 5    0.333          247.000
    U5
      Category 1    0.143          106.000
      Category 2    0.291          216.000
      Category 3    0.302          224.000
      Category 4    0.191          142.000
      Category 5    0.073           54.000
    U6
      Category 1    0.098           73.000
      Category 2    0.193          143.000
      Category 3    0.230          171.000
      Category 4    0.260          193.000
      Category 5    0.218          162.000
    U7
      Category 1    0.259          192.000
      Category 2    0.255          189.000
      Category 3    0.255          189.000
      Category 4    0.160          119.000
      Category 5    0.071           53.000
    U8
      Category 1    0.104           77.000
      Category 2    0.237          176.000
      Category 3    0.240          178.000
      Category 4    0.226          168.000
      Category 5    0.193          143.000
    U9
      Category 1    0.035           26.000
      Category 2    0.121           90.000
      Category 3    0.317          235.000
      Category 4    0.365          271.000
      Category 5    0.162          120.000
    U10
      Category 1    0.206          153.000
      Category 2    0.268          199.000
      Category 3    0.301          223.000
      Category 4    0.182          135.000
      Category 5    0.043           32.000
    U11
      Category 1    0.082           61.000
      Category 2    0.210          156.000
      Category 3    0.241          179.000
      Category 4    0.274          203.000
      Category 5    0.193          143.000
    U12
      Category 1    0.162          120.000
      Category 2    0.329          244.000
      Category 3    0.279          207.000
      Category 4    0.178          132.000
      Category 5    0.053           39.000
    U13
      Category 1    0.092           68.000
      Category 2    0.197          146.000
      Category 3    0.198          147.000
      Category 4    0.247          183.000
      Category 5    0.267          198.000
    U14
      Category 1    0.024           18.000
      Category 2    0.115           85.000
      Category 3    0.317          235.000
      Category 4    0.368          273.000
      Category 5    0.177          131.000
    U15
      Category 1    0.077           57.000
      Category 2    0.208          154.000
      Category 3    0.332          246.000
      Category 4    0.286          212.000
      Category 5    0.098           73.000
    U16
      Category 1    0.100           74.000
      Category 2    0.252          187.000
      Category 3    0.221          164.000
      Category 4    0.256          190.000
      Category 5    0.171          127.000
    U17
      Category 1    0.031           23.000
      Category 2    0.162          120.000
      Category 3    0.357          265.000
      Category 4    0.345          256.000
      Category 5    0.105           78.000
    U18
      Category 1    0.094           70.000
      Category 2    0.237          176.000
      Category 3    0.236          175.000
      Category 4    0.239          177.000
      Category 5    0.194          144.000
    U19
      Category 1    0.144          107.000
      Category 2    0.291          216.000
      Category 3    0.321          238.000
      Category 4    0.182          135.000
      Category 5    0.062           46.000
    U20
      Category 1    0.039           29.000
      Category 2    0.121           90.000
      Category 3    0.248          184.000
      Category 4    0.294          218.000
      Category 5    0.298          221.000
    U21
      Category 1    0.069           51.000
      Category 2    0.197          146.000
      Category 3    0.318          236.000
      Category 4    0.263          195.000
      Category 5    0.154          114.000
    U22
      Category 1    0.123           91.000
      Category 2    0.264          196.000
      Category 3    0.332          246.000
      Category 4    0.220          163.000
      Category 5    0.062           46.000
    U23
      Category 1    0.129           96.000
      Category 2    0.294          218.000
      Category 3    0.329          244.000
      Category 4    0.186          138.000
      Category 5    0.062           46.000
    U24
      Category 1    0.031           23.000
      Category 2    0.085           63.000
      Category 3    0.152          113.000
      Category 4    0.306          227.000
      Category 5    0.426          316.000
    U25
      Category 1    0.077           57.000
      Category 2    0.217          161.000
      Category 3    0.208          154.000
      Category 4    0.199          148.000
      Category 5    0.299          222.000
    U26
      Category 1    0.106           79.000
      Category 2    0.303          225.000
      Category 3    0.344          255.000
      Category 4    0.197          146.000
      Category 5    0.050           37.000



THE MODEL ESTIMATION TERMINATED NORMALLY

     WARNING:  THE LATENT VARIABLE COVARIANCE MATRIX (PSI) IS NOT POSITIVE
     DEFINITE.  THIS COULD INDICATE A NEGATIVE VARIANCE/RESIDUAL VARIANCE FOR A
     LATENT VARIABLE, A CORRELATION GREATER OR EQUAL TO ONE BETWEEN TWO LATENT
     VARIABLES, OR A LINEAR DEPENDENCY AMONG MORE THAN TWO LATENT VARIABLES.
     CHECK THE TECH4 OUTPUT FOR MORE INFORMATION.
     PROBLEM INVOLVING VARIABLE NEG3.




MODEL FIT INFORMATION

Number of Free Parameters                      137

Chi-Square Test of Model Fit

          Value                           2948.610*
          Degrees of Freedom                   292
          P-Value                           0.0000

*   The chi-square value for MLM, MLMV, MLR, ULSMV, WLSM and WLSMV cannot be used
    for chi-square difference testing in the regular way.  MLM, MLR and WLSM
    chi-square difference testing is described on the Mplus website.  MLMV, WLSMV,
    and ULSMV difference testing is done using the DIFFTEST option.

RMSEA (Root Mean Square Error Of Approximation)

          Estimate                           0.111
          90 Percent C.I.                    0.107  0.114
          Probability RMSEA <= .05           0.000

CFI/TLI

          CFI                                0.868
          TLI                                0.853

Chi-Square Test of Model Fit for the Baseline Model

          Value                          20392.167
          Degrees of Freedom                   325
          P-Value                           0.0000

SRMR (Standardized Root Mean Square Residual)

          Value                              0.089

Optimum Function Value for Weighted Least-Squares Estimator

          Value                     0.22986854D+01



MODEL RESULTS

                                                    Two-Tailed
                    Estimate       S.E.  Est./S.E.    P-Value

 POS1     BY
    U5                 1.000      0.000    999.000    999.000
    U12                1.232      0.047     26.373      0.000
    U19                1.257      0.047     26.620      0.000
    U23                1.251      0.051     24.668      0.000
    U26                1.177      0.049     23.901      0.000

 POS2     BY
    U3                 1.000      0.000    999.000    999.000
    U7                 1.088      0.087     12.468      0.000
    U10                1.330      0.104     12.739      0.000
    U15                1.993      0.152     13.105      0.000

 POS3     BY
    U9                 1.000      0.000    999.000    999.000
    U14                1.313      0.067     19.533      0.000
    U17                1.501      0.079     19.029      0.000
    U22                1.374      0.079     17.487      0.000

 NEG1     BY
    U1                 1.000      0.000    999.000    999.000
    U8                 1.401      0.068     20.519      0.000
    U11                1.347      0.072     18.743      0.000
    U16                1.441      0.075     19.311      0.000
    U21                1.098      0.067     16.306      0.000

 NEG2     BY
    U4                 1.000      0.000    999.000    999.000
    U13                0.940      0.021     45.260      0.000
    U18                0.979      0.020     48.419      0.000
    U25                0.966      0.020     48.425      0.000

 NEG3     BY
    U2                 1.000      0.000    999.000    999.000
    U6                 0.986      0.019     52.893      0.000
    U20                0.765      0.028     27.122      0.000
    U24                0.822      0.026     31.319      0.000

 POS      BY
    POS1               1.000      0.000    999.000    999.000
    POS2               0.514      0.052      9.908      0.000
    POS3               0.856      0.073     11.788      0.000

 NEG      BY
    NEG1               1.000      0.000    999.000    999.000
    NEG2               1.699      0.093     18.240      0.000
    NEG3               1.767      0.095     18.672      0.000

 NEG      WITH
    POS                0.092      0.013      7.321      0.000

 Thresholds
    U1$1              -0.711      0.050    -14.080      0.000
    U1$2               0.232      0.046      4.988      0.000
    U1$3               1.098      0.058     19.043      0.000
    U1$4               1.866      0.091     20.507      0.000
    U2$1              -1.399      0.067    -20.955      0.000
    U2$2              -0.707      0.050    -14.010      0.000
    U2$3              -0.108      0.046     -2.349      0.019
    U2$4               0.550      0.049     11.313      0.000
    U3$1              -1.465      0.069    -21.134      0.000
    U3$2              -0.782      0.052    -15.189      0.000
    U3$3               0.146      0.046      3.156      0.002
    U3$4               1.275      0.063     20.386      0.000
    U4$1              -1.446      0.069    -21.090      0.000
    U4$2              -0.792      0.052    -15.326      0.000
    U4$3              -0.260      0.047     -5.574      0.000
    U4$4               0.432      0.048      9.074      0.000
    U5$1              -1.068      0.057    -18.752      0.000
    U5$2              -0.166      0.046     -3.596      0.000
    U5$3               0.631      0.049     12.741      0.000
    U5$4               1.455      0.069     21.113      0.000
    U6$1              -1.291      0.063    -20.474      0.000
    U6$2              -0.550      0.049    -11.313      0.000
    U6$3               0.054      0.046      1.175      0.240
    U6$4               0.778      0.051     15.120      0.000
    U7$1              -0.647      0.050    -13.024      0.000
    U7$2               0.034      0.046      0.734      0.463
    U7$3               0.733      0.051     14.429      0.000
    U7$4               1.465      0.069     21.134      0.000
    U8$1              -1.260      0.062    -20.296      0.000
    U8$2              -0.410      0.047     -8.638      0.000
    U8$3               0.204      0.046      4.402      0.000
    U8$4               0.868      0.053     16.407      0.000
    U9$1              -1.811      0.087    -20.754      0.000
    U9$2              -1.010      0.056    -18.147      0.000
    U9$3              -0.068      0.046     -1.468      0.142
    U9$4               0.987      0.055     17.898      0.000
    U10$1             -0.820      0.052    -15.735      0.000
    U10$2             -0.064      0.046     -1.395      0.163
    U10$3              0.755      0.051     14.775      0.000
    U10$4              1.716      0.081     21.069      0.000
    U11$1             -1.390      0.066    -20.924      0.000
    U11$2             -0.546      0.049    -11.241      0.000
    U11$3              0.085      0.046      1.835      0.066
    U11$4              0.868      0.053     16.407      0.000
    U12$1             -0.987      0.055    -17.898      0.000
    U12$2             -0.024      0.046     -0.514      0.607
    U12$3              0.737      0.051     14.498      0.000
    U12$4              1.621      0.076     21.228      0.000
    U13$1             -1.331      0.064    -20.677      0.000
    U13$2             -0.558      0.049    -11.456      0.000
    U13$3             -0.034      0.046     -0.734      0.463
    U13$4              0.622      0.049     12.599      0.000
    U14$1             -1.973      0.099    -19.905      0.000
    U14$2             -1.086      0.057    -18.928      0.000
    U14$3             -0.112      0.046     -2.422      0.015
    U14$4              0.929      0.054     17.197      0.000
    U15$1             -1.427      0.068    -21.040      0.000
    U15$2             -0.570      0.049    -11.671      0.000
    U15$3              0.295      0.047      6.305      0.000
    U15$4              1.291      0.063     20.474      0.000
    U16$1             -1.283      0.063    -20.430      0.000
    U16$2             -0.381      0.047     -8.056      0.000
    U16$3              0.183      0.046      3.963      0.000
    U16$4              0.950      0.054     17.454      0.000
    U17$1             -1.866      0.091    -20.507      0.000
    U17$2             -0.868      0.053    -16.407      0.000
    U17$3              0.125      0.046      2.716      0.007
    U17$4              1.253      0.062     20.250      0.000
    U18$1             -1.314      0.064    -20.598      0.000
    U18$2             -0.436      0.048     -9.146      0.000
    U18$3              0.170      0.046      3.669      0.000
    U18$4              0.863      0.053     16.341      0.000
    U19$1             -1.062      0.057    -18.693      0.000
    U19$2             -0.163      0.046     -3.523      0.000
    U19$3              0.694      0.050     13.800      0.000
    U19$4              1.538      0.072     21.235      0.000
    U20$1             -1.761      0.084    -20.937      0.000
    U20$2             -0.993      0.055    -17.961      0.000
    U20$3             -0.232      0.046     -4.988      0.000
    U20$4              0.531      0.048     10.953      0.000
    U21$1             -1.485      0.070    -21.172      0.000
    U21$2             -0.626      0.049    -12.670      0.000
    U21$3              0.211      0.046      4.549      0.000
    U21$4              1.021      0.056     18.270      0.000
    U22$1             -1.162      0.059    -19.599      0.000
    U22$2             -0.288      0.047     -6.159      0.000
    U22$3              0.578      0.049     11.814      0.000
    U22$4              1.538      0.072     21.235      0.000
    U23$1             -1.129      0.058    -19.326      0.000
    U23$2             -0.194      0.046     -4.183      0.000
    U23$3              0.681      0.050     13.589      0.000
    U23$4              1.538      0.072     21.235      0.000
    U24$1             -1.866      0.091    -20.507      0.000
    U24$2             -1.196      0.060    -19.860      0.000
    U24$3             -0.618      0.049    -12.528      0.000
    U24$4              0.187      0.046      4.036      0.000
    U25$1             -1.427      0.068    -21.040      0.000
    U25$2             -0.542      0.049    -11.169      0.000
    U25$3              0.003      0.046      0.073      0.941
    U25$4              0.527      0.048     10.881      0.000
    U26$1             -1.246      0.062    -20.204      0.000
    U26$2             -0.228      0.046     -4.915      0.000
    U26$3              0.685      0.050     13.659      0.000
    U26$4              1.646      0.078     21.201      0.000

 Variances
    POS                0.337      0.033     10.329      0.000
    NEG                0.244      0.026      9.274      0.000

 Residual Variances
    POS1               0.088      0.017      5.073      0.000
    POS2               0.153      0.020      7.720      0.000
    POS3               0.061      0.013      4.543      0.000
    NEG1               0.105      0.013      8.294      0.000
    NEG2               0.055      0.015      3.708      0.000
    NEG3              -0.012      0.016     -0.769      0.442


STANDARDIZED MODEL RESULTS


STDYX Standardization

                                                    Two-Tailed
                    Estimate       S.E.  Est./S.E.    P-Value

 POS1     BY
    U5                 0.652      0.023     28.116      0.000
    U12                0.803      0.015     52.871      0.000
    U19                0.820      0.015     54.710      0.000
    U23                0.816      0.017     47.602      0.000
    U26                0.767      0.020     39.335      0.000

 POS2     BY
    U3                 0.492      0.032     15.173      0.000
    U7                 0.536      0.031     17.473      0.000
    U10                0.655      0.028     23.452      0.000
    U15                0.982      0.031     31.874      0.000

 POS3     BY
    U9                 0.555      0.027     20.215      0.000
    U14                0.729      0.021     34.839      0.000
    U17                0.833      0.018     46.874      0.000
    U22                0.763      0.022     34.197      0.000

 NEG1     BY
    U1                 0.591      0.029     20.746      0.000
    U8                 0.828      0.016     50.974      0.000
    U11                0.796      0.019     41.168      0.000
    U16                0.852      0.016     52.068      0.000
    U21                0.649      0.026     25.360      0.000

 NEG2     BY
    U4                 0.872      0.014     64.086      0.000
    U13                0.820      0.015     55.168      0.000
    U18                0.853      0.013     65.682      0.000
    U25                0.842      0.015     56.475      0.000

 NEG3     BY
    U2                 0.866      0.014     64.062      0.000
    U6                 0.854      0.014     62.589      0.000
    U20                0.663      0.024     27.938      0.000
    U24                0.712      0.022     31.824      0.000

 POS      BY
    POS1               0.891      0.023     38.513      0.000
    POS2               0.606      0.031     19.691      0.000
    POS3               0.896      0.025     36.021      0.000

 NEG      BY
    NEG1               0.836      0.016     53.768      0.000
    NEG2               0.963      0.010     96.457      0.000
    NEG3               1.008      0.010     96.464      0.000

 NEG      WITH
    POS                0.320      0.037      8.663      0.000

 Thresholds
    U1$1              -0.711      0.050    -14.080      0.000
    U1$2               0.232      0.046      4.988      0.000
    U1$3               1.098      0.058     19.043      0.000
    U1$4               1.866      0.091     20.507      0.000
    U2$1              -1.399      0.067    -20.955      0.000
    U2$2              -0.707      0.050    -14.010      0.000
    U2$3              -0.108      0.046     -2.349      0.019
    U2$4               0.550      0.049     11.313      0.000
    U3$1              -1.465      0.069    -21.134      0.000
    U3$2              -0.782      0.052    -15.189      0.000
    U3$3               0.146      0.046      3.156      0.002
    U3$4               1.275      0.063     20.386      0.000
    U4$1              -1.446      0.069    -21.090      0.000
    U4$2              -0.792      0.052    -15.326      0.000
    U4$3              -0.260      0.047     -5.574      0.000
    U4$4               0.432      0.048      9.074      0.000
    U5$1              -1.068      0.057    -18.752      0.000
    U5$2              -0.166      0.046     -3.596      0.000
    U5$3               0.631      0.049     12.741      0.000
    U5$4               1.455      0.069     21.113      0.000
    U6$1              -1.291      0.063    -20.474      0.000
    U6$2              -0.550      0.049    -11.313      0.000
    U6$3               0.054      0.046      1.175      0.240
    U6$4               0.778      0.051     15.120      0.000
    U7$1              -0.647      0.050    -13.024      0.000
    U7$2               0.034      0.046      0.734      0.463
    U7$3               0.733      0.051     14.429      0.000
    U7$4               1.465      0.069     21.134      0.000
    U8$1              -1.260      0.062    -20.296      0.000
    U8$2              -0.410      0.047     -8.638      0.000
    U8$3               0.204      0.046      4.402      0.000
    U8$4               0.868      0.053     16.407      0.000
    U9$1              -1.811      0.087    -20.754      0.000
    U9$2              -1.010      0.056    -18.147      0.000
    U9$3              -0.068      0.046     -1.468      0.142
    U9$4               0.987      0.055     17.898      0.000
    U10$1             -0.820      0.052    -15.735      0.000
    U10$2             -0.064      0.046     -1.395      0.163
    U10$3              0.755      0.051     14.775      0.000
    U10$4              1.716      0.081     21.069      0.000
    U11$1             -1.390      0.066    -20.924      0.000
    U11$2             -0.546      0.049    -11.241      0.000
    U11$3              0.085      0.046      1.835      0.066
    U11$4              0.868      0.053     16.407      0.000
    U12$1             -0.987      0.055    -17.898      0.000
    U12$2             -0.024      0.046     -0.514      0.607
    U12$3              0.737      0.051     14.498      0.000
    U12$4              1.621      0.076     21.228      0.000
    U13$1             -1.331      0.064    -20.677      0.000
    U13$2             -0.558      0.049    -11.456      0.000
    U13$3             -0.034      0.046     -0.734      0.463
    U13$4              0.622      0.049     12.599      0.000
    U14$1             -1.973      0.099    -19.905      0.000
    U14$2             -1.086      0.057    -18.928      0.000
    U14$3             -0.112      0.046     -2.422      0.015
    U14$4              0.929      0.054     17.197      0.000
    U15$1             -1.427      0.068    -21.040      0.000
    U15$2             -0.570      0.049    -11.671      0.000
    U15$3              0.295      0.047      6.305      0.000
    U15$4              1.291      0.063     20.474      0.000
    U16$1             -1.283      0.063    -20.430      0.000
    U16$2             -0.381      0.047     -8.056      0.000
    U16$3              0.183      0.046      3.963      0.000
    U16$4              0.950      0.054     17.454      0.000
    U17$1             -1.866      0.091    -20.507      0.000
    U17$2             -0.868      0.053    -16.407      0.000
    U17$3              0.125      0.046      2.716      0.007
    U17$4              1.253      0.062     20.250      0.000
    U18$1             -1.314      0.064    -20.598      0.000
    U18$2             -0.436      0.048     -9.146      0.000
    U18$3              0.170      0.046      3.669      0.000
    U18$4              0.863      0.053     16.341      0.000
    U19$1             -1.062      0.057    -18.693      0.000
    U19$2             -0.163      0.046     -3.523      0.000
    U19$3              0.694      0.050     13.800      0.000
    U19$4              1.538      0.072     21.235      0.000
    U20$1             -1.761      0.084    -20.937      0.000
    U20$2             -0.993      0.055    -17.961      0.000
    U20$3             -0.232      0.046     -4.988      0.000
    U20$4              0.531      0.048     10.953      0.000
    U21$1             -1.485      0.070    -21.172      0.000
    U21$2             -0.626      0.049    -12.670      0.000
    U21$3              0.211      0.046      4.549      0.000
    U21$4              1.021      0.056     18.270      0.000
    U22$1             -1.162      0.059    -19.599      0.000
    U22$2             -0.288      0.047     -6.159      0.000
    U22$3              0.578      0.049     11.814      0.000
    U22$4              1.538      0.072     21.235      0.000
    U23$1             -1.129      0.058    -19.326      0.000
    U23$2             -0.194      0.046     -4.183      0.000
    U23$3              0.681      0.050     13.589      0.000
    U23$4              1.538      0.072     21.235      0.000
    U24$1             -1.866      0.091    -20.507      0.000
    U24$2             -1.196      0.060    -19.860      0.000
    U24$3             -0.618      0.049    -12.528      0.000
    U24$4              0.187      0.046      4.036      0.000
    U25$1             -1.427      0.068    -21.040      0.000
    U25$2             -0.542      0.049    -11.169      0.000
    U25$3              0.003      0.046      0.073      0.941
    U25$4              0.527      0.048     10.881      0.000
    U26$1             -1.246      0.062    -20.204      0.000
    U26$2             -0.228      0.046     -4.915      0.000
    U26$3              0.685      0.050     13.659      0.000
    U26$4              1.646      0.078     21.201      0.000

 Variances
    POS                1.000      0.000    999.000    999.000
    NEG                1.000      0.000    999.000    999.000

 Residual Variances
    POS1               0.206      0.041      4.999      0.000
    POS2               0.633      0.037     16.951      0.000
    POS3               0.198      0.045      4.443      0.000
    NEG1               0.301      0.026     11.588      0.000
    NEG2               0.072      0.019      3.766      0.000
    NEG3              -0.016    999.000    999.000    999.000


R-SQUARE

    Observed                                        Two-Tailed   Residual
    Variable        Estimate       S.E.  Est./S.E.    P-Value    Variance

    U1                 0.350      0.034     10.373      0.000      0.650
    U2                 0.751      0.023     32.031      0.000      0.249
    U3                 0.243      0.032      7.586      0.000      0.757
    U4                 0.760      0.024     32.043      0.000      0.240
    U5                 0.425      0.030     14.058      0.000      0.575
    U6                 0.730      0.023     31.294      0.000      0.270
    U7                 0.287      0.033      8.737      0.000      0.713
    U8                 0.686      0.027     25.487      0.000      0.314
    U9                 0.308      0.030     10.107      0.000      0.692
    U10                0.429      0.037     11.726      0.000      0.571
    U11                0.634      0.031     20.584      0.000      0.366
    U12                0.645      0.024     26.435      0.000      0.355
    U13                0.672      0.024     27.584      0.000      0.328
    U14                0.531      0.030     17.420      0.000      0.469
    U15                0.964      0.060     15.937      0.000      0.036
    U16                0.726      0.028     26.034      0.000      0.274
    U17                0.694      0.030     23.437      0.000      0.306
    U18                0.728      0.022     32.841      0.000      0.272
    U19                0.672      0.025     27.355      0.000      0.328
    U20                0.439      0.031     13.969      0.000      0.561
    U21                0.421      0.033     12.680      0.000      0.579
    U22                0.582      0.034     17.098      0.000      0.418
    U23                0.666      0.028     23.801      0.000      0.334
    U24                0.507      0.032     15.912      0.000      0.493
    U25                0.710      0.025     28.237      0.000      0.290
    U26                0.588      0.030     19.668      0.000      0.412

     Latent                                         Two-Tailed
    Variable        Estimate       S.E.  Est./S.E.    P-Value

    POS1               0.794      0.041     19.257      0.000
    POS2               0.367      0.037      9.845      0.000
    POS3               0.802      0.045     18.011      0.000
    NEG1               0.699      0.026     26.884      0.000
    NEG2               0.928      0.019     48.229      0.000
    NEG3            Undefined   0.10161E+01


QUALITY OF NUMERICAL RESULTS

     Condition Number for the Information Matrix              0.135E-03
       (ratio of smallest to largest eigenvalue)


     Beginning Time:  22:37:02
        Ending Time:  22:37:03
       Elapsed Time:  00:00:01



MUTHEN & MUTHEN
3463 Stoner Ave.
Los Angeles, CA  90066

Tel: (310) 391-9971
Fax: (310) 391-8971
Web: www.StatModel.com
Support: Support@StatModel.com

Copyright (c) 1998-2020 Muthen & Muthen
