Mplus VERSION 8.5 (Mac)
MUTHEN & MUTHEN
03/02/2021   4:36 PM

INPUT INSTRUCTIONS

  TITLE: 6-factor model.

  DATA:
    FILE IS scsallsubjects.dat;

  VARIABLE:
    NAMES ARE u1-u26;
    MISSING ARE ALL(-9);
    USEVARIABLES ARE u1-u26;
    CATEGORICAL ARE u1-u26;

  ANALYSIS:
    ESTIMATOR = WLSMV;
    ROTATION = TARGET;

  MODEL:
    !FG BY u1-u26;
    !FG@1;
    !FG BY u1-u26;
    SJ BY u1 u8  u11 u16  u21; !Self-Judgment;
    IS BY u4 u13 u18 u25;      !Isolation Items;
    OI BY u2 u6  u20 u24;      !Over-identified;
    SK BY u5 u12 u19 u23  u26; !Self-Kindness;
    CU BY u3 u7  u10 u15;      !Common Humanity;
    MI BY u9 u14 u17 u22;      !Mindfulness;
    !FG WITH SJ-MI@0;
  OUTPUT: STDYX CINTERVAL;



INPUT READING TERMINATED NORMALLY



6-factor model.

SUMMARY OF ANALYSIS

Number of groups                                                 1
Number of observations                                         783

Number of dependent variables                                   26
Number of independent variables                                  0
Number of continuous latent variables                            6

Observed dependent variables

  Binary and ordered categorical (ordinal)
   U1          U2          U3          U4          U5          U6
   U7          U8          U9          U10         U11         U12
   U13         U14         U15         U16         U17         U18
   U19         U20         U21         U22         U23         U24
   U25         U26

Continuous latent variables
   SJ          IS          OI          SK          CU          MI


Estimator                                                    WLSMV
Maximum number of iterations                                  1000
Convergence criterion                                    0.500D-04
Maximum number of steepest descent iterations                   20
Maximum number of iterations for H1                           2000
Convergence criterion for H1                             0.100D-03
Parameterization                                             DELTA
Link                                                        PROBIT

Input data file(s)
  scsallsubjects.dat

Input data format  FREE


SUMMARY OF DATA

     Number of missing data patterns             1


COVARIANCE COVERAGE OF DATA

Minimum covariance coverage value   0.100


     PROPORTION OF DATA PRESENT


           Covariance Coverage
              U1            U2            U3            U4            U5
              ________      ________      ________      ________      ________
 U1             1.000
 U2             1.000         1.000
 U3             1.000         1.000         1.000
 U4             1.000         1.000         1.000         1.000
 U5             1.000         1.000         1.000         1.000         1.000
 U6             1.000         1.000         1.000         1.000         1.000
 U7             1.000         1.000         1.000         1.000         1.000
 U8             1.000         1.000         1.000         1.000         1.000
 U9             1.000         1.000         1.000         1.000         1.000
 U10            1.000         1.000         1.000         1.000         1.000
 U11            1.000         1.000         1.000         1.000         1.000
 U12            1.000         1.000         1.000         1.000         1.000
 U13            1.000         1.000         1.000         1.000         1.000
 U14            1.000         1.000         1.000         1.000         1.000
 U15            1.000         1.000         1.000         1.000         1.000
 U16            1.000         1.000         1.000         1.000         1.000
 U17            1.000         1.000         1.000         1.000         1.000
 U18            1.000         1.000         1.000         1.000         1.000
 U19            1.000         1.000         1.000         1.000         1.000
 U20            1.000         1.000         1.000         1.000         1.000
 U21            1.000         1.000         1.000         1.000         1.000
 U22            1.000         1.000         1.000         1.000         1.000
 U23            1.000         1.000         1.000         1.000         1.000
 U24            1.000         1.000         1.000         1.000         1.000
 U25            1.000         1.000         1.000         1.000         1.000
 U26            1.000         1.000         1.000         1.000         1.000


           Covariance Coverage
              U6            U7            U8            U9            U10
              ________      ________      ________      ________      ________
 U6             1.000
 U7             1.000         1.000
 U8             1.000         1.000         1.000
 U9             1.000         1.000         1.000         1.000
 U10            1.000         1.000         1.000         1.000         1.000
 U11            1.000         1.000         1.000         1.000         1.000
 U12            1.000         1.000         1.000         1.000         1.000
 U13            1.000         1.000         1.000         1.000         1.000
 U14            1.000         1.000         1.000         1.000         1.000
 U15            1.000         1.000         1.000         1.000         1.000
 U16            1.000         1.000         1.000         1.000         1.000
 U17            1.000         1.000         1.000         1.000         1.000
 U18            1.000         1.000         1.000         1.000         1.000
 U19            1.000         1.000         1.000         1.000         1.000
 U20            1.000         1.000         1.000         1.000         1.000
 U21            1.000         1.000         1.000         1.000         1.000
 U22            1.000         1.000         1.000         1.000         1.000
 U23            1.000         1.000         1.000         1.000         1.000
 U24            1.000         1.000         1.000         1.000         1.000
 U25            1.000         1.000         1.000         1.000         1.000
 U26            1.000         1.000         1.000         1.000         1.000


           Covariance Coverage
              U11           U12           U13           U14           U15
              ________      ________      ________      ________      ________
 U11            1.000
 U12            1.000         1.000
 U13            1.000         1.000         1.000
 U14            1.000         1.000         1.000         1.000
 U15            1.000         1.000         1.000         1.000         1.000
 U16            1.000         1.000         1.000         1.000         1.000
 U17            1.000         1.000         1.000         1.000         1.000
 U18            1.000         1.000         1.000         1.000         1.000
 U19            1.000         1.000         1.000         1.000         1.000
 U20            1.000         1.000         1.000         1.000         1.000
 U21            1.000         1.000         1.000         1.000         1.000
 U22            1.000         1.000         1.000         1.000         1.000
 U23            1.000         1.000         1.000         1.000         1.000
 U24            1.000         1.000         1.000         1.000         1.000
 U25            1.000         1.000         1.000         1.000         1.000
 U26            1.000         1.000         1.000         1.000         1.000


           Covariance Coverage
              U16           U17           U18           U19           U20
              ________      ________      ________      ________      ________
 U16            1.000
 U17            1.000         1.000
 U18            1.000         1.000         1.000
 U19            1.000         1.000         1.000         1.000
 U20            1.000         1.000         1.000         1.000         1.000
 U21            1.000         1.000         1.000         1.000         1.000
 U22            1.000         1.000         1.000         1.000         1.000
 U23            1.000         1.000         1.000         1.000         1.000
 U24            1.000         1.000         1.000         1.000         1.000
 U25            1.000         1.000         1.000         1.000         1.000
 U26            1.000         1.000         1.000         1.000         1.000


           Covariance Coverage
              U21           U22           U23           U24           U25
              ________      ________      ________      ________      ________
 U21            1.000
 U22            1.000         1.000
 U23            1.000         1.000         1.000
 U24            1.000         1.000         1.000         1.000
 U25            1.000         1.000         1.000         1.000         1.000
 U26            1.000         1.000         1.000         1.000         1.000


           Covariance Coverage
              U26
              ________
 U26            1.000


UNIVARIATE PROPORTIONS AND COUNTS FOR CATEGORICAL VARIABLES

    U1
      Category 1    0.036           28.000
      Category 2    0.100           78.000
      Category 3    0.263          206.000
      Category 4    0.338          265.000
      Category 5    0.263          206.000
    U2
      Category 1    0.303          237.000
      Category 2    0.243          190.000
      Category 3    0.207          162.000
      Category 4    0.153          120.000
      Category 5    0.095           74.000
    U3
      Category 1    0.078           61.000
      Category 2    0.140          110.000
      Category 3    0.335          262.000
      Category 4    0.332          260.000
      Category 5    0.115           90.000
    U4
      Category 1    0.338          265.000
      Category 2    0.261          204.000
      Category 3    0.178          139.000
      Category 4    0.142          111.000
      Category 5    0.082           64.000
    U5
      Category 1    0.149          117.000
      Category 2    0.282          221.000
      Category 3    0.292          229.000
      Category 4    0.192          150.000
      Category 5    0.084           66.000
    U6
      Category 1    0.223          175.000
      Category 2    0.254          199.000
      Category 3    0.226          177.000
      Category 4    0.186          146.000
      Category 5    0.110           86.000
    U7
      Category 1    0.267          209.000
      Category 2    0.250          196.000
      Category 3    0.250          196.000
      Category 4    0.157          123.000
      Category 5    0.075           59.000
    U8
      Category 1    0.198          155.000
      Category 2    0.216          169.000
      Category 3    0.236          185.000
      Category 4    0.235          184.000
      Category 5    0.115           90.000
    U9
      Category 1    0.042           33.000
      Category 2    0.117           92.000
      Category 3    0.312          244.000
      Category 4    0.356          279.000
      Category 5    0.172          135.000
    U10
      Category 1    0.223          175.000
      Category 2    0.258          202.000
      Category 3    0.290          227.000
      Category 4    0.176          138.000
      Category 5    0.052           41.000
    U11
      Category 1    0.201          157.000
      Category 2    0.268          210.000
      Category 3    0.232          182.000
      Category 4    0.207          162.000
      Category 5    0.092           72.000
    U12
      Category 1    0.169          132.000
      Category 2    0.318          249.000
      Category 3    0.268          210.000
      Category 4    0.180          141.000
      Category 5    0.065           51.000
    U13
      Category 1    0.276          216.000
      Category 2    0.238          186.000
      Category 3    0.192          150.000
      Category 4    0.195          153.000
      Category 5    0.100           78.000
    U14
      Category 1    0.034           27.000
      Category 2    0.109           85.000
      Category 3    0.303          237.000
      Category 4    0.364          285.000
      Category 5    0.190          149.000
    U15
      Category 1    0.089           70.000
      Category 2    0.199          156.000
      Category 3    0.321          251.000
      Category 4    0.278          218.000
      Category 5    0.112           88.000
    U16
      Category 1    0.179          140.000
      Category 2    0.249          195.000
      Category 3    0.215          168.000
      Category 4    0.244          191.000
      Category 5    0.114           89.000
    U17
      Category 1    0.040           31.000
      Category 2    0.155          121.000
      Category 3    0.346          271.000
      Category 4    0.342          268.000
      Category 5    0.117           92.000
    U18
      Category 1    0.197          154.000
      Category 2    0.232          182.000
      Category 3    0.235          184.000
      Category 4    0.232          182.000
      Category 5    0.103           81.000
    U19
      Category 1    0.153          120.000
      Category 2    0.284          222.000
      Category 3    0.313          245.000
      Category 4    0.178          139.000
      Category 5    0.073           57.000
    U20
      Category 1    0.301          236.000
      Category 2    0.284          222.000
      Category 3    0.241          189.000
      Category 4    0.119           93.000
      Category 5    0.055           43.000
    U21
      Category 1    0.160          125.000
      Category 2    0.254          199.000
      Category 3    0.308          241.000
      Category 4    0.199          156.000
      Category 5    0.079           62.000
    U22
      Category 1    0.134          105.000
      Category 2    0.250          196.000
      Category 3    0.321          251.000
      Category 4    0.223          175.000
      Category 5    0.072           56.000
    U23
      Category 1    0.140          110.000
      Category 2    0.290          227.000
      Category 3    0.319          250.000
      Category 4    0.180          141.000
      Category 5    0.070           55.000
    U24
      Category 1    0.433          339.000
      Category 2    0.294          230.000
      Category 3    0.151          118.000
      Category 4    0.083           65.000
      Category 5    0.040           31.000
    U25
      Category 1    0.299          234.000
      Category 2    0.197          154.000
      Category 3    0.202          158.000
      Category 4    0.213          167.000
      Category 5    0.089           70.000
    U26
      Category 1    0.115           90.000
      Category 2    0.292          229.000
      Category 3    0.338          265.000
      Category 4    0.197          154.000
      Category 5    0.057           45.000



THE MODEL ESTIMATION TERMINATED NORMALLY



MODEL FIT INFORMATION

Number of Free Parameters                      145

Chi-Square Test of Model Fit

          Value                           2341.695*
          Degrees of Freedom                   284
          P-Value                           0.0000

*   The chi-square value for MLM, MLMV, MLR, ULSMV, WLSM and WLSMV cannot be used
    for chi-square difference testing in the regular way.  MLM, MLR and WLSM
    chi-square difference testing is described on the Mplus website.  MLMV, WLSMV,
    and ULSMV difference testing is done using the DIFFTEST option.

RMSEA (Root Mean Square Error Of Approximation)

          Estimate                           0.096
          90 Percent C.I.                    0.093  0.100
          Probability RMSEA <= .05           0.000

CFI/TLI

          CFI                                0.900
          TLI                                0.885

Chi-Square Test of Model Fit for the Baseline Model

          Value                          20854.792
          Degrees of Freedom                   325
          P-Value                           0.0000

SRMR (Standardized Root Mean Square Residual)

          Value                              0.072

Optimum Function Value for Weighted Least-Squares Estimator

          Value                     0.15717505D+01



MODEL RESULTS

                                                    Two-Tailed
                    Estimate       S.E.  Est./S.E.    P-Value

 SJ       BY
    U1                 1.000      0.000    999.000    999.000
    U8                 1.428      0.065     21.822      0.000
    U11                1.359      0.066     20.503      0.000
    U16                1.395      0.068     20.574      0.000
    U21                1.123      0.063     17.914      0.000

 IS       BY
    U4                 1.000      0.000    999.000    999.000
    U13                0.942      0.020     47.620      0.000
    U18                0.965      0.021     46.732      0.000
    U25                0.949      0.020     47.902      0.000

 OI       BY
    U2                 1.000      0.000    999.000    999.000
    U6                 0.995      0.018     54.224      0.000
    U20                0.788      0.027     29.060      0.000
    U24                0.832      0.026     31.919      0.000

 SK       BY
    U5                 1.000      0.000    999.000    999.000
    U12                1.252      0.046     26.984      0.000
    U19                1.284      0.048     26.917      0.000
    U23                1.217      0.052     23.341      0.000
    U26                1.164      0.048     24.434      0.000

 CU       BY
    U3                 1.000      0.000    999.000    999.000
    U7                 1.247      0.088     14.226      0.000
    U10                1.386      0.096     14.456      0.000
    U15                1.690      0.111     15.257      0.000

 MI       BY
    U9                 1.000      0.000    999.000    999.000
    U14                1.378      0.074     18.690      0.000
    U17                1.605      0.088     18.141      0.000
    U22                1.432      0.084     17.042      0.000

 IS       WITH
    SJ                 0.394      0.023     17.140      0.000

 OI       WITH
    SJ                 0.410      0.024     17.084      0.000
    IS                 0.706      0.018     38.713      0.000

 SK       WITH
    SJ                -0.135      0.015     -9.041      0.000
    IS                -0.153      0.020     -7.817      0.000
    OI                -0.135      0.020     -6.856      0.000

 CU       WITH
    SJ                 0.040      0.012      3.445      0.001
    IS                 0.013      0.016      0.816      0.414
    OI                 0.021      0.017      1.216      0.224
    SK                 0.200      0.018     11.128      0.000

 MI       WITH
    SJ                -0.044      0.012     -3.695      0.000
    IS                -0.184      0.018    -10.069      0.000
    OI                -0.195      0.019    -10.240      0.000
    SK                 0.233      0.018     12.904      0.000
    CU                 0.164      0.017      9.468      0.000

 Thresholds
    U1$1              -1.802      0.084    -21.357      0.000
    U1$2              -1.101      0.056    -19.595      0.000
    U1$3              -0.257      0.045     -5.676      0.000
    U1$4               0.634      0.048     13.145      0.000
    U2$1              -0.517      0.047    -10.986      0.000
    U2$2               0.114      0.045      2.537      0.011
    U2$3               0.682      0.049     13.971      0.000
    U2$4               1.313      0.062     21.155      0.000
    U3$1              -1.419      0.066    -21.591      0.000
    U3$2              -0.778      0.050    -15.529      0.000
    U3$3               0.133      0.045      2.965      0.003
    U3$4               1.201      0.059     20.439      0.000
    U4$1              -0.417      0.046     -9.014      0.000
    U4$2               0.251      0.045      5.534      0.000
    U4$3               0.760      0.050     15.261      0.000
    U4$4               1.393      0.065     21.505      0.000
    U5$1              -1.039      0.055    -18.964      0.000
    U5$2              -0.172      0.045     -3.822      0.000
    U5$3               0.595      0.048     12.453      0.000
    U5$4               1.377      0.064     21.443      0.000
    U6$1              -0.760      0.050    -15.261      0.000
    U6$2              -0.056      0.045     -1.251      0.211
    U6$3               0.535      0.047     11.337      0.000
    U6$4               1.227      0.059     20.632      0.000
    U7$1              -0.622      0.048    -12.938      0.000
    U7$2               0.043      0.045      0.965      0.335
    U7$3               0.731      0.049     14.788      0.000
    U7$4               1.437      0.066     21.642      0.000
    U8$1              -0.849      0.051    -16.588      0.000
    U8$2              -0.218      0.045     -4.821      0.000
    U8$3               0.385      0.046      8.377      0.000
    U8$4               1.201      0.059     20.439      0.000
    U9$1              -1.726      0.080    -21.615      0.000
    U9$2              -0.996      0.054    -18.485      0.000
    U9$3              -0.072      0.045     -1.608      0.108
    U9$4               0.945      0.053     17.869      0.000
    U10$1             -0.760      0.050    -15.261      0.000
    U10$2             -0.046      0.045     -1.036      0.300
    U10$3              0.743      0.050     14.991      0.000
    U10$4              1.622      0.074     21.805      0.000
    U11$1             -0.840      0.051    -16.457      0.000
    U11$2             -0.079      0.045     -1.751      0.080
    U11$3              0.528      0.047     11.197      0.000
    U11$4              1.329      0.063     21.232      0.000
    U12$1             -0.960      0.053    -18.056      0.000
    U12$2             -0.034      0.045     -0.750      0.453
    U12$3              0.690      0.049     14.108      0.000
    U12$4              1.513      0.069     21.790      0.000
    U13$1             -0.595      0.048    -12.453      0.000
    U13$2              0.034      0.045      0.750      0.453
    U13$3              0.539      0.047     11.407      0.000
    U13$4              1.284      0.061     20.991      0.000
    U14$1             -1.819      0.085    -21.289      0.000
    U14$2             -1.067      0.055    -19.255      0.000
    U14$3             -0.136      0.045     -3.037      0.002
    U14$4              0.877      0.052     16.978      0.000
    U15$1             -1.344      0.063    -21.306      0.000
    U15$2             -0.557      0.047    -11.756      0.000
    U15$3              0.277      0.045      6.103      0.000
    U15$4              1.214      0.059     20.536      0.000
    U16$1             -0.920      0.052    -17.554      0.000
    U16$2             -0.182      0.045     -4.036      0.000
    U16$3              0.365      0.046      7.951      0.000
    U16$4              1.207      0.059     20.488      0.000
    U17$1             -1.755      0.082    -21.527      0.000
    U17$2             -0.863      0.051    -16.783      0.000
    U17$3              0.101      0.045      2.251      0.024
    U17$4              1.188      0.058     20.339      0.000
    U18$1             -0.854      0.051    -16.653      0.000
    U18$2             -0.179      0.045     -3.965      0.000
    U18$3              0.424      0.046      9.155      0.000
    U18$4              1.262      0.061     20.861      0.000
    U19$1             -1.023      0.054    -18.786      0.000
    U19$2             -0.159      0.045     -3.537      0.000
    U19$3              0.673      0.049     13.834      0.000
    U19$4              1.455      0.067     21.688      0.000
    U20$1             -0.520      0.047    -11.056      0.000
    U20$2              0.215      0.045      4.750      0.000
    U20$3              0.940      0.053     17.806      0.000
    U20$4              1.599      0.073     21.821      0.000
    U21$1             -0.996      0.054    -18.485      0.000
    U21$2             -0.218      0.045     -4.821      0.000
    U21$3              0.588      0.048     12.314      0.000
    U21$4              1.411      0.065     21.563      0.000
    U22$1             -1.107      0.056    -19.650      0.000
    U22$2             -0.294      0.045     -6.459      0.000
    U22$3              0.539      0.047     11.407      0.000
    U22$4              1.465      0.067     21.709      0.000
    U23$1             -1.078      0.056    -19.369      0.000
    U23$2             -0.175      0.045     -3.893      0.000
    U23$3              0.673      0.049     13.834      0.000
    U23$4              1.474      0.068     21.728      0.000
    U24$1             -0.169      0.045     -3.751      0.000
    U24$2              0.603      0.048     12.591      0.000
    U24$3              1.162      0.058     20.134      0.000
    U24$4              1.755      0.082     21.527      0.000
    U25$1             -0.528      0.047    -11.197      0.000
    U25$2             -0.011      0.045     -0.250      0.802
    U25$3              0.517      0.047     10.986      0.000
    U25$4              1.344      0.063     21.306      0.000
    U26$1             -1.201      0.059    -20.439      0.000
    U26$2             -0.234      0.045     -5.177      0.000
    U26$3              0.661      0.049     13.628      0.000
    U26$4              1.576      0.072     21.826      0.000

 Variances
    SJ                 0.342      0.031     11.047      0.000
    IS                 0.757      0.023     33.565      0.000
    OI                 0.724      0.024     30.730      0.000
    SK                 0.407      0.029     14.242      0.000
    CU                 0.244      0.030      8.142      0.000
    MI                 0.269      0.028      9.630      0.000


STANDARDIZED MODEL RESULTS


STDYX Standardization

                                                    Two-Tailed
                    Estimate       S.E.  Est./S.E.    P-Value

 SJ       BY
    U1                 0.585      0.026     22.094      0.000
    U8                 0.836      0.015     55.774      0.000
    U11                0.795      0.018     44.180      0.000
    U16                0.816      0.018     46.593      0.000
    U21                0.657      0.023     28.270      0.000

 IS       BY
    U4                 0.870      0.013     67.130      0.000
    U13                0.820      0.014     57.739      0.000
    U18                0.840      0.014     60.022      0.000
    U25                0.826      0.015     53.890      0.000

 OI       BY
    U2                 0.851      0.014     61.460      0.000
    U6                 0.847      0.013     63.830      0.000
    U20                0.670      0.022     30.397      0.000
    U24                0.708      0.022     32.761      0.000

 SK       BY
    U5                 0.638      0.022     28.484      0.000
    U12                0.799      0.015     54.237      0.000
    U19                0.818      0.015     55.845      0.000
    U23                0.776      0.020     39.150      0.000
    U26                0.742      0.020     36.878      0.000

 CU       BY
    U3                 0.494      0.030     16.284      0.000
    U7                 0.616      0.025     24.482      0.000
    U10                0.685      0.022     31.192      0.000
    U15                0.835      0.022     37.217      0.000

 MI       BY
    U9                 0.518      0.027     19.259      0.000
    U14                0.714      0.020     34.898      0.000
    U17                0.832      0.017     47.735      0.000
    U22                0.742      0.022     33.849      0.000

 IS       WITH
    SJ                 0.774      0.018     42.662      0.000

 OI       WITH
    SJ                 0.823      0.018     44.822      0.000
    IS                 0.953      0.011     86.608      0.000

 SK       WITH
    SJ                -0.363      0.033    -10.888      0.000
    IS                -0.275      0.033     -8.439      0.000
    OI                -0.248      0.034     -7.278      0.000

 CU       WITH
    SJ                 0.138      0.039      3.590      0.000
    IS                 0.031      0.038      0.816      0.414
    OI                 0.050      0.041      1.220      0.222
    SK                 0.636      0.025     25.772      0.000

 MI       WITH
    SJ                -0.144      0.038     -3.795      0.000
    IS                -0.408      0.033    -12.431      0.000
    OI                -0.441      0.034    -12.963      0.000
    SK                 0.704      0.020     35.572      0.000
    CU                 0.640      0.027     23.749      0.000

 Thresholds
    U1$1              -1.802      0.084    -21.357      0.000
    U1$2              -1.101      0.056    -19.595      0.000
    U1$3              -0.257      0.045     -5.676      0.000
    U1$4               0.634      0.048     13.145      0.000
    U2$1              -0.517      0.047    -10.986      0.000
    U2$2               0.114      0.045      2.537      0.011
    U2$3               0.682      0.049     13.971      0.000
    U2$4               1.313      0.062     21.155      0.000
    U3$1              -1.419      0.066    -21.591      0.000
    U3$2              -0.778      0.050    -15.529      0.000
    U3$3               0.133      0.045      2.965      0.003
    U3$4               1.201      0.059     20.439      0.000
    U4$1              -0.417      0.046     -9.014      0.000
    U4$2               0.251      0.045      5.534      0.000
    U4$3               0.760      0.050     15.261      0.000
    U4$4               1.393      0.065     21.505      0.000
    U5$1              -1.039      0.055    -18.964      0.000
    U5$2              -0.172      0.045     -3.822      0.000
    U5$3               0.595      0.048     12.453      0.000
    U5$4               1.377      0.064     21.443      0.000
    U6$1              -0.760      0.050    -15.261      0.000
    U6$2              -0.056      0.045     -1.251      0.211
    U6$3               0.535      0.047     11.337      0.000
    U6$4               1.227      0.059     20.632      0.000
    U7$1              -0.622      0.048    -12.938      0.000
    U7$2               0.043      0.045      0.965      0.335
    U7$3               0.731      0.049     14.788      0.000
    U7$4               1.437      0.066     21.642      0.000
    U8$1              -0.849      0.051    -16.588      0.000
    U8$2              -0.218      0.045     -4.821      0.000
    U8$3               0.385      0.046      8.377      0.000
    U8$4               1.201      0.059     20.439      0.000
    U9$1              -1.726      0.080    -21.615      0.000
    U9$2              -0.996      0.054    -18.485      0.000
    U9$3              -0.072      0.045     -1.608      0.108
    U9$4               0.945      0.053     17.869      0.000
    U10$1             -0.760      0.050    -15.261      0.000
    U10$2             -0.046      0.045     -1.036      0.300
    U10$3              0.743      0.050     14.991      0.000
    U10$4              1.622      0.074     21.805      0.000
    U11$1             -0.840      0.051    -16.457      0.000
    U11$2             -0.079      0.045     -1.751      0.080
    U11$3              0.528      0.047     11.197      0.000
    U11$4              1.329      0.063     21.232      0.000
    U12$1             -0.960      0.053    -18.056      0.000
    U12$2             -0.034      0.045     -0.750      0.453
    U12$3              0.690      0.049     14.108      0.000
    U12$4              1.513      0.069     21.790      0.000
    U13$1             -0.595      0.048    -12.453      0.000
    U13$2              0.034      0.045      0.750      0.453
    U13$3              0.539      0.047     11.407      0.000
    U13$4              1.284      0.061     20.991      0.000
    U14$1             -1.819      0.085    -21.289      0.000
    U14$2             -1.067      0.055    -19.255      0.000
    U14$3             -0.136      0.045     -3.037      0.002
    U14$4              0.877      0.052     16.978      0.000
    U15$1             -1.344      0.063    -21.306      0.000
    U15$2             -0.557      0.047    -11.756      0.000
    U15$3              0.277      0.045      6.103      0.000
    U15$4              1.214      0.059     20.536      0.000
    U16$1             -0.920      0.052    -17.554      0.000
    U16$2             -0.182      0.045     -4.036      0.000
    U16$3              0.365      0.046      7.951      0.000
    U16$4              1.207      0.059     20.488      0.000
    U17$1             -1.755      0.082    -21.527      0.000
    U17$2             -0.863      0.051    -16.783      0.000
    U17$3              0.101      0.045      2.251      0.024
    U17$4              1.188      0.058     20.339      0.000
    U18$1             -0.854      0.051    -16.653      0.000
    U18$2             -0.179      0.045     -3.965      0.000
    U18$3              0.424      0.046      9.155      0.000
    U18$4              1.262      0.061     20.861      0.000
    U19$1             -1.023      0.054    -18.786      0.000
    U19$2             -0.159      0.045     -3.537      0.000
    U19$3              0.673      0.049     13.834      0.000
    U19$4              1.455      0.067     21.688      0.000
    U20$1             -0.520      0.047    -11.056      0.000
    U20$2              0.215      0.045      4.750      0.000
    U20$3              0.940      0.053     17.806      0.000
    U20$4              1.599      0.073     21.821      0.000
    U21$1             -0.996      0.054    -18.485      0.000
    U21$2             -0.218      0.045     -4.821      0.000
    U21$3              0.588      0.048     12.314      0.000
    U21$4              1.411      0.065     21.563      0.000
    U22$1             -1.107      0.056    -19.650      0.000
    U22$2             -0.294      0.045     -6.459      0.000
    U22$3              0.539      0.047     11.407      0.000
    U22$4              1.465      0.067     21.709      0.000
    U23$1             -1.078      0.056    -19.369      0.000
    U23$2             -0.175      0.045     -3.893      0.000
    U23$3              0.673      0.049     13.834      0.000
    U23$4              1.474      0.068     21.728      0.000
    U24$1             -0.169      0.045     -3.751      0.000
    U24$2              0.603      0.048     12.591      0.000
    U24$3              1.162      0.058     20.134      0.000
    U24$4              1.755      0.082     21.527      0.000
    U25$1             -0.528      0.047    -11.197      0.000
    U25$2             -0.011      0.045     -0.250      0.802
    U25$3              0.517      0.047     10.986      0.000
    U25$4              1.344      0.063     21.306      0.000
    U26$1             -1.201      0.059    -20.439      0.000
    U26$2             -0.234      0.045     -5.177      0.000
    U26$3              0.661      0.049     13.628      0.000
    U26$4              1.576      0.072     21.826      0.000

 Variances
    SJ                 1.000      0.000    999.000    999.000
    IS                 1.000      0.000    999.000    999.000
    OI                 1.000      0.000    999.000    999.000
    SK                 1.000      0.000    999.000    999.000
    CU                 1.000      0.000    999.000    999.000
    MI                 1.000      0.000    999.000    999.000


R-SQUARE

    Observed                                        Two-Tailed   Residual
    Variable        Estimate       S.E.  Est./S.E.    P-Value    Variance

    U1                 0.342      0.031     11.047      0.000      0.658
    U2                 0.724      0.024     30.730      0.000      0.276
    U3                 0.244      0.030      8.142      0.000      0.756
    U4                 0.757      0.023     33.565      0.000      0.243
    U5                 0.407      0.029     14.242      0.000      0.593
    U6                 0.717      0.022     31.915      0.000      0.283
    U7                 0.379      0.031     12.241      0.000      0.621
    U8                 0.698      0.025     27.887      0.000      0.302
    U9                 0.269      0.028      9.630      0.000      0.731
    U10                0.469      0.030     15.596      0.000      0.531
    U11                0.632      0.029     22.090      0.000      0.368
    U12                0.638      0.024     27.118      0.000      0.362
    U13                0.673      0.023     28.869      0.000      0.327
    U14                0.510      0.029     17.449      0.000      0.490
    U15                0.697      0.037     18.609      0.000      0.303
    U16                0.667      0.029     23.297      0.000      0.333
    U17                0.692      0.029     23.868      0.000      0.308
    U18                0.705      0.023     30.011      0.000      0.295
    U19                0.670      0.024     27.923      0.000      0.330
    U20                0.449      0.030     15.198      0.000      0.551
    U21                0.431      0.031     14.135      0.000      0.569
    U22                0.551      0.033     16.924      0.000      0.449
    U23                0.602      0.031     19.575      0.000      0.398
    U24                0.501      0.031     16.381      0.000      0.499
    U25                0.682      0.025     26.945      0.000      0.318
    U26                0.551      0.030     18.439      0.000      0.449


QUALITY OF NUMERICAL RESULTS

     Condition Number for the Information Matrix              0.166E-02
       (ratio of smallest to largest eigenvalue)


CONFIDENCE INTERVALS OF MODEL RESULTS

                  Lower .5%  Lower 2.5%    Lower 5%    Estimate    Upper 5%  Upper 2.5%   Upper .5%

 SJ       BY
    U1               1.000       1.000       1.000       1.000       1.000       1.000       1.000
    U8               1.259       1.300       1.320       1.428       1.536       1.556       1.597
    U11              1.188       1.229       1.250       1.359       1.468       1.489       1.530
    U16              1.221       1.262       1.284       1.395       1.507       1.528       1.570
    U21              0.961       1.000       1.020       1.123       1.226       1.245       1.284

 IS       BY
    U4               1.000       1.000       1.000       1.000       1.000       1.000       1.000
    U13              0.891       0.904       0.910       0.942       0.975       0.981       0.993
    U18              0.912       0.925       0.931       0.965       0.999       1.005       1.018
    U25              0.898       0.910       0.917       0.949       0.982       0.988       1.000

 OI       BY
    U2               1.000       1.000       1.000       1.000       1.000       1.000       1.000
    U6               0.948       0.959       0.965       0.995       1.025       1.031       1.043
    U20              0.718       0.735       0.743       0.788       0.832       0.841       0.858
    U24              0.765       0.781       0.789       0.832       0.875       0.883       0.899

 SK       BY
    U5               1.000       1.000       1.000       1.000       1.000       1.000       1.000
    U12              1.133       1.161       1.176       1.252       1.329       1.343       1.372
    U19              1.161       1.190       1.205       1.284       1.362       1.377       1.406
    U23              1.082       1.114       1.131       1.217       1.302       1.319       1.351
    U26              1.041       1.070       1.085       1.164       1.242       1.257       1.286

 CU       BY
    U3               1.000       1.000       1.000       1.000       1.000       1.000       1.000
    U7               1.021       1.075       1.103       1.247       1.391       1.418       1.472
    U10              1.139       1.198       1.228       1.386       1.544       1.574       1.633
    U15              1.405       1.473       1.508       1.690       1.872       1.907       1.975

 MI       BY
    U9               1.000       1.000       1.000       1.000       1.000       1.000       1.000
    U14              1.188       1.234       1.257       1.378       1.499       1.523       1.568
    U17              1.377       1.432       1.459       1.605       1.751       1.778       1.833
    U22              1.216       1.268       1.294       1.432       1.571       1.597       1.649

 IS       WITH
    SJ               0.335       0.349       0.356       0.394       0.432       0.439       0.453

 OI       WITH
    SJ               0.348       0.363       0.370       0.410       0.449       0.456       0.471
    IS               0.659       0.670       0.676       0.706       0.736       0.741       0.753

 SK       WITH
    SJ              -0.174      -0.165      -0.160      -0.135      -0.111      -0.106      -0.097
    IS              -0.203      -0.191      -0.185      -0.153      -0.120      -0.114      -0.102
    OI              -0.185      -0.173      -0.167      -0.135      -0.102      -0.096      -0.084

 CU       WITH
    SJ               0.010       0.017       0.021       0.040       0.059       0.063       0.070
    IS              -0.029      -0.019      -0.014       0.013       0.040       0.045       0.056
    OI              -0.023      -0.013      -0.007       0.021       0.049       0.055       0.065
    SK               0.154       0.165       0.171       0.200       0.230       0.236       0.247

 MI       WITH
    SJ              -0.074      -0.067      -0.063      -0.044      -0.024      -0.020      -0.013
    IS              -0.231      -0.220      -0.214      -0.184      -0.154      -0.148      -0.137
    OI              -0.244      -0.232      -0.226      -0.195      -0.163      -0.157      -0.146
    SK               0.186       0.197       0.203       0.233       0.262       0.268       0.279
    CU               0.119       0.130       0.135       0.164       0.192       0.198       0.208

 Thresholds
    U1$1            -2.020      -1.968      -1.941      -1.802      -1.663      -1.637      -1.585
    U1$2            -1.246      -1.211      -1.194      -1.101      -1.009      -0.991      -0.957
    U1$3            -0.374      -0.346      -0.332      -0.257      -0.183      -0.168      -0.141
    U1$4             0.510       0.539       0.555       0.634       0.713       0.728       0.758
    U2$1            -0.638      -0.609      -0.594      -0.517      -0.439      -0.425      -0.396
    U2$2            -0.002       0.026       0.040       0.114       0.188       0.202       0.230
    U2$3             0.556       0.586       0.601       0.682       0.762       0.777       0.807
    U2$4             1.154       1.192       1.211       1.313       1.416       1.435       1.473
    U3$1            -1.589      -1.548      -1.527      -1.419      -1.311      -1.290      -1.250
    U3$2            -0.907      -0.876      -0.860      -0.778      -0.695      -0.679      -0.649
    U3$3             0.018       0.045       0.059       0.133       0.207       0.221       0.249
    U3$4             1.049       1.086       1.104       1.201       1.297       1.316       1.352
    U4$1            -0.536      -0.507      -0.493      -0.417      -0.341      -0.326      -0.298
    U4$2             0.134       0.162       0.176       0.251       0.325       0.340       0.367
    U4$3             0.632       0.663       0.678       0.760       0.842       0.858       0.889
    U4$4             1.227       1.266       1.287       1.393       1.500       1.520       1.560
    U5$1            -1.180      -1.146      -1.129      -1.039      -0.949      -0.932      -0.898
    U5$2            -0.288      -0.260      -0.246      -0.172      -0.098      -0.084      -0.056
    U5$3             0.472       0.501       0.517       0.595       0.674       0.689       0.718
    U5$4             1.211       1.251       1.271       1.377       1.482       1.503       1.542
    U6$1            -0.889      -0.858      -0.842      -0.760      -0.678      -0.663      -0.632
    U6$2            -0.171      -0.144      -0.130      -0.056       0.018       0.032       0.059
    U6$3             0.414       0.443       0.457       0.535       0.613       0.628       0.657
    U6$4             1.074       1.111       1.130       1.227       1.325       1.344       1.381
    U7$1            -0.746      -0.716      -0.701      -0.622      -0.543      -0.528      -0.498
    U7$2            -0.072      -0.045      -0.030       0.043       0.117       0.131       0.159
    U7$3             0.604       0.634       0.650       0.731       0.812       0.828       0.858
    U7$4             1.266       1.307       1.328       1.437       1.546       1.567       1.608
    U8$1            -0.981      -0.949      -0.933      -0.849      -0.765      -0.749      -0.717
    U8$2            -0.334      -0.306      -0.292      -0.218      -0.143      -0.129      -0.101
    U8$3             0.267       0.295       0.310       0.385       0.461       0.476       0.504
    U8$4             1.049       1.086       1.104       1.201       1.297       1.316       1.352
    U9$1            -1.932      -1.883      -1.858      -1.726      -1.595      -1.570      -1.521
    U9$2            -1.135      -1.102      -1.085      -0.996      -0.907      -0.890      -0.857
    U9$3            -0.188      -0.160      -0.146      -0.072       0.002       0.016       0.043
    U9$4             0.808       0.841       0.858       0.945       1.032       1.048       1.081
    U10$1           -0.889      -0.858      -0.842      -0.760      -0.678      -0.663      -0.632
    U10$2           -0.162      -0.134      -0.120      -0.046       0.027       0.041       0.069
    U10$3            0.616       0.646       0.662       0.743       0.825       0.841       0.871
    U10$4            1.431       1.477       1.500       1.622       1.745       1.768       1.814
    U11$1           -0.971      -0.940      -0.924      -0.840      -0.756      -0.740      -0.708
    U11$2           -0.194      -0.166      -0.152      -0.079      -0.005       0.009       0.037
    U11$3            0.406       0.435       0.450       0.528       0.605       0.620       0.649
    U11$4            1.168       1.206       1.226       1.329       1.432       1.451       1.490
    U12$1           -1.097      -1.064      -1.047      -0.960      -0.872      -0.856      -0.823
    U12$2           -0.149      -0.121      -0.107      -0.034       0.040       0.054       0.082
    U12$3            0.564       0.594       0.609       0.690       0.770       0.785       0.816
    U12$4            1.334       1.377       1.399       1.513       1.627       1.649       1.692
    U13$1           -0.718      -0.689      -0.674      -0.595      -0.517      -0.501      -0.472
    U13$2           -0.082      -0.054      -0.040       0.034       0.107       0.121       0.149
    U13$3            0.417       0.446       0.461       0.539       0.616       0.631       0.660
    U13$4            1.126       1.164       1.183       1.284       1.384       1.404       1.441
    U14$1           -2.039      -1.986      -1.959      -1.819      -1.678      -1.651      -1.599
    U14$2           -1.209      -1.175      -1.158      -1.067      -0.976      -0.958      -0.924
    U14$3           -0.252      -0.225      -0.210      -0.136      -0.063      -0.048      -0.021
    U14$4            0.744       0.776       0.792       0.877       0.962       0.978       1.010
    U15$1           -1.507      -1.468      -1.448      -1.344      -1.241      -1.221      -1.182
    U15$2           -0.680      -0.650      -0.635      -0.557      -0.479      -0.464      -0.435
    U15$3            0.160       0.188       0.203       0.277       0.352       0.366       0.394
    U15$4            1.062       1.098       1.117       1.214       1.311       1.330       1.366
    U16$1           -1.055      -1.023      -1.006      -0.920      -0.834      -0.817      -0.785
    U16$2           -0.298      -0.270      -0.256      -0.182      -0.108      -0.094      -0.066
    U16$3            0.247       0.275       0.289       0.365       0.440       0.455       0.483
    U16$4            1.055       1.092       1.110       1.207       1.304       1.323       1.359
    U17$1           -1.965      -1.915      -1.890      -1.755      -1.621      -1.596      -1.545
    U17$2           -0.995      -0.964      -0.947      -0.863      -0.778      -0.762      -0.730
    U17$3           -0.015       0.013       0.027       0.101       0.175       0.189       0.217
    U17$4            1.037       1.073       1.092       1.188       1.284       1.302       1.338
    U18$1           -0.986      -0.954      -0.938      -0.854      -0.769      -0.753      -0.722
    U18$2           -0.295      -0.267      -0.253      -0.179      -0.105      -0.090      -0.063
    U18$3            0.304       0.333       0.348       0.424       0.500       0.514       0.543
    U18$4            1.106       1.144       1.163       1.262       1.362       1.381       1.418
    U19$1           -1.163      -1.129      -1.112      -1.023      -0.933      -0.916      -0.882
    U19$2           -0.275      -0.247      -0.233      -0.159      -0.085      -0.071      -0.043
    U19$3            0.548       0.578       0.593       0.673       0.754       0.769       0.799
    U19$4            1.282       1.324       1.345       1.455       1.566       1.587       1.628
    U20$1           -0.642      -0.613      -0.598      -0.520      -0.443      -0.428      -0.399
    U20$2            0.098       0.126       0.140       0.215       0.289       0.303       0.331
    U20$3            0.804       0.836       0.853       0.940       1.026       1.043       1.076
    U20$4            1.410       1.455       1.478       1.599       1.719       1.743       1.788
    U21$1           -1.135      -1.102      -1.085      -0.996      -0.907      -0.890      -0.857
    U21$2           -0.334      -0.306      -0.292      -0.218      -0.143      -0.129      -0.101
    U21$3            0.465       0.494       0.509       0.588       0.666       0.681       0.710
    U21$4            1.242       1.282       1.303       1.411       1.518       1.539       1.579
    U22$1           -1.252      -1.218      -1.200      -1.107      -1.015      -0.997      -0.962
    U22$2           -0.411      -0.383      -0.369      -0.294      -0.219      -0.205      -0.177
    U22$3            0.417       0.446       0.461       0.539       0.616       0.631       0.660
    U22$4            1.291       1.332       1.354       1.465       1.576       1.597       1.638
    U23$1           -1.222      -1.187      -1.170      -1.078      -0.987      -0.969      -0.935
    U23$2           -0.291      -0.264      -0.249      -0.175      -0.101      -0.087      -0.059
    U23$3            0.548       0.578       0.593       0.673       0.754       0.769       0.799
    U23$4            1.299       1.341       1.362       1.474       1.586       1.607       1.649
    U24$1           -0.285      -0.257      -0.243      -0.169      -0.095      -0.081      -0.053
    U24$2            0.480       0.509       0.524       0.603       0.682       0.697       0.726
    U24$3            1.013       1.049       1.067       1.162       1.257       1.275       1.311
    U24$4            1.545       1.596       1.621       1.755       1.890       1.915       1.965
    U25$1           -0.649      -0.620      -0.605      -0.528      -0.450      -0.435      -0.406
    U25$2           -0.127      -0.099      -0.085      -0.011       0.062       0.077       0.104
    U25$3            0.396       0.425       0.439       0.517       0.594       0.609       0.638
    U25$4            1.182       1.221       1.241       1.344       1.448       1.468       1.507
    U26$1           -1.352      -1.316      -1.297      -1.201      -1.104      -1.086      -1.049
    U26$2           -0.351      -0.323      -0.309      -0.234      -0.160      -0.146      -0.118
    U26$3            0.536       0.566       0.582       0.661       0.741       0.757       0.787
    U26$4            1.390       1.435       1.458       1.576       1.695       1.718       1.762

 Variances
    SJ               0.263       0.282       0.291       0.342       0.393       0.403       0.422
    IS               0.699       0.713       0.720       0.757       0.794       0.801       0.815
    OI               0.663       0.678       0.685       0.724       0.763       0.770       0.785
    SK               0.333       0.351       0.360       0.407       0.453       0.462       0.480
    CU               0.167       0.185       0.195       0.244       0.293       0.303       0.321
    MI               0.197       0.214       0.223       0.269       0.314       0.323       0.340


CONFIDENCE INTERVALS OF STANDARDIZED MODEL RESULTS


STDYX Standardization

                  Lower .5%  Lower 2.5%    Lower 5%    Estimate    Upper 5%  Upper 2.5%   Upper .5%

 SJ       BY
    U1               0.517       0.533       0.542       0.585       0.629       0.637       0.653
    U8               0.797       0.806       0.811       0.836       0.860       0.865       0.874
    U11              0.749       0.760       0.766       0.795       0.825       0.830       0.842
    U16              0.771       0.782       0.788       0.816       0.845       0.851       0.862
    U21              0.597       0.611       0.619       0.657       0.695       0.702       0.717

 IS       BY
    U4               0.837       0.845       0.849       0.870       0.892       0.896       0.904
    U13              0.783       0.792       0.797       0.820       0.843       0.848       0.857
    U18              0.804       0.812       0.817       0.840       0.863       0.867       0.876
    U25              0.787       0.796       0.801       0.826       0.851       0.856       0.866

 OI       BY
    U2               0.815       0.824       0.828       0.851       0.874       0.878       0.887
    U6               0.813       0.821       0.825       0.847       0.869       0.873       0.881
    U20              0.614       0.627       0.634       0.670       0.707       0.714       0.727
    U24              0.652       0.666       0.673       0.708       0.744       0.750       0.764

 SK       BY
    U5               0.580       0.594       0.601       0.638       0.674       0.681       0.695
    U12              0.761       0.770       0.774       0.799       0.823       0.827       0.836
    U19              0.781       0.790       0.794       0.818       0.842       0.847       0.856
    U23              0.725       0.737       0.743       0.776       0.808       0.814       0.827
    U26              0.690       0.703       0.709       0.742       0.775       0.781       0.794

 CU       BY
    U3               0.416       0.435       0.444       0.494       0.544       0.553       0.572
    U7               0.551       0.567       0.575       0.616       0.657       0.665       0.681
    U10              0.628       0.642       0.649       0.685       0.721       0.728       0.741
    U15              0.777       0.791       0.798       0.835       0.872       0.879       0.893

 MI       BY
    U9               0.449       0.465       0.474       0.518       0.562       0.571       0.587
    U14              0.661       0.674       0.680       0.714       0.748       0.754       0.767
    U17              0.787       0.798       0.803       0.832       0.860       0.866       0.877
    U22              0.686       0.699       0.706       0.742       0.778       0.785       0.799

 IS       WITH
    SJ               0.727       0.738       0.744       0.774       0.804       0.809       0.821

 OI       WITH
    SJ               0.775       0.787       0.792       0.823       0.853       0.858       0.870
    IS               0.925       0.931       0.935       0.953       0.971       0.975       0.981

 SK       WITH
    SJ              -0.448      -0.428      -0.417      -0.363      -0.308      -0.297      -0.277
    IS              -0.359      -0.339      -0.329      -0.275      -0.221      -0.211      -0.191
    OI              -0.336      -0.315      -0.305      -0.248      -0.192      -0.182      -0.161

 CU       WITH
    SJ               0.039       0.063       0.075       0.138       0.202       0.214       0.238
    IS              -0.067      -0.044      -0.032       0.031       0.094       0.106       0.129
    OI              -0.055      -0.030      -0.017       0.050       0.117       0.130       0.155
    SK               0.573       0.588       0.596       0.636       0.677       0.685       0.700

 MI       WITH
    SJ              -0.241      -0.218      -0.206      -0.144      -0.081      -0.069      -0.046
    IS              -0.493      -0.472      -0.462      -0.408      -0.354      -0.344      -0.324
    OI              -0.529      -0.508      -0.497      -0.441      -0.385      -0.375      -0.354
    SK               0.653       0.665       0.671       0.704       0.736       0.743       0.755
    CU               0.571       0.587       0.596       0.640       0.684       0.693       0.709

 Thresholds
    U1$1            -2.020      -1.968      -1.941      -1.802      -1.663      -1.637      -1.585
    U1$2            -1.246      -1.211      -1.194      -1.101      -1.009      -0.991      -0.957
    U1$3            -0.374      -0.346      -0.332      -0.257      -0.183      -0.168      -0.141
    U1$4             0.510       0.539       0.555       0.634       0.713       0.728       0.758
    U2$1            -0.638      -0.609      -0.594      -0.517      -0.439      -0.425      -0.396
    U2$2            -0.002       0.026       0.040       0.114       0.188       0.202       0.230
    U2$3             0.556       0.586       0.601       0.682       0.762       0.777       0.807
    U2$4             1.154       1.192       1.211       1.313       1.416       1.435       1.473
    U3$1            -1.589      -1.548      -1.527      -1.419      -1.311      -1.290      -1.250
    U3$2            -0.907      -0.876      -0.860      -0.778      -0.695      -0.679      -0.649
    U3$3             0.018       0.045       0.059       0.133       0.207       0.221       0.249
    U3$4             1.049       1.086       1.104       1.201       1.297       1.316       1.352
    U4$1            -0.536      -0.507      -0.493      -0.417      -0.341      -0.326      -0.298
    U4$2             0.134       0.162       0.176       0.251       0.325       0.340       0.367
    U4$3             0.632       0.663       0.678       0.760       0.842       0.858       0.889
    U4$4             1.227       1.266       1.287       1.393       1.500       1.520       1.560
    U5$1            -1.180      -1.146      -1.129      -1.039      -0.949      -0.932      -0.898
    U5$2            -0.288      -0.260      -0.246      -0.172      -0.098      -0.084      -0.056
    U5$3             0.472       0.501       0.517       0.595       0.674       0.689       0.718
    U5$4             1.211       1.251       1.271       1.377       1.482       1.503       1.542
    U6$1            -0.889      -0.858      -0.842      -0.760      -0.678      -0.663      -0.632
    U6$2            -0.171      -0.144      -0.130      -0.056       0.018       0.032       0.059
    U6$3             0.414       0.443       0.457       0.535       0.613       0.628       0.657
    U6$4             1.074       1.111       1.130       1.227       1.325       1.344       1.381
    U7$1            -0.746      -0.716      -0.701      -0.622      -0.543      -0.528      -0.498
    U7$2            -0.072      -0.045      -0.030       0.043       0.117       0.131       0.159
    U7$3             0.604       0.634       0.650       0.731       0.812       0.828       0.858
    U7$4             1.266       1.307       1.328       1.437       1.546       1.567       1.608
    U8$1            -0.981      -0.949      -0.933      -0.849      -0.765      -0.749      -0.717
    U8$2            -0.334      -0.306      -0.292      -0.218      -0.143      -0.129      -0.101
    U8$3             0.267       0.295       0.310       0.385       0.461       0.476       0.504
    U8$4             1.049       1.086       1.104       1.201       1.297       1.316       1.352
    U9$1            -1.932      -1.883      -1.858      -1.726      -1.595      -1.570      -1.521
    U9$2            -1.135      -1.102      -1.085      -0.996      -0.907      -0.890      -0.857
    U9$3            -0.188      -0.160      -0.146      -0.072       0.002       0.016       0.043
    U9$4             0.808       0.841       0.858       0.945       1.032       1.048       1.081
    U10$1           -0.889      -0.858      -0.842      -0.760      -0.678      -0.663      -0.632
    U10$2           -0.162      -0.134      -0.120      -0.046       0.027       0.041       0.069
    U10$3            0.616       0.646       0.662       0.743       0.825       0.841       0.871
    U10$4            1.431       1.477       1.500       1.622       1.745       1.768       1.814
    U11$1           -0.971      -0.940      -0.924      -0.840      -0.756      -0.740      -0.708
    U11$2           -0.194      -0.166      -0.152      -0.079      -0.005       0.009       0.037
    U11$3            0.406       0.435       0.450       0.528       0.605       0.620       0.649
    U11$4            1.168       1.206       1.226       1.329       1.432       1.451       1.490
    U12$1           -1.097      -1.064      -1.047      -0.960      -0.872      -0.856      -0.823
    U12$2           -0.149      -0.121      -0.107      -0.034       0.040       0.054       0.082
    U12$3            0.564       0.594       0.609       0.690       0.770       0.785       0.816
    U12$4            1.334       1.377       1.399       1.513       1.627       1.649       1.692
    U13$1           -0.718      -0.689      -0.674      -0.595      -0.517      -0.501      -0.472
    U13$2           -0.082      -0.054      -0.040       0.034       0.107       0.121       0.149
    U13$3            0.417       0.446       0.461       0.539       0.616       0.631       0.660
    U13$4            1.126       1.164       1.183       1.284       1.384       1.404       1.441
    U14$1           -2.039      -1.986      -1.959      -1.819      -1.678      -1.651      -1.599
    U14$2           -1.209      -1.175      -1.158      -1.067      -0.976      -0.958      -0.924
    U14$3           -0.252      -0.225      -0.210      -0.136      -0.063      -0.048      -0.021
    U14$4            0.744       0.776       0.792       0.877       0.962       0.978       1.010
    U15$1           -1.507      -1.468      -1.448      -1.344      -1.241      -1.221      -1.182
    U15$2           -0.680      -0.650      -0.635      -0.557      -0.479      -0.464      -0.435
    U15$3            0.160       0.188       0.203       0.277       0.352       0.366       0.394
    U15$4            1.062       1.098       1.117       1.214       1.311       1.330       1.366
    U16$1           -1.055      -1.023      -1.006      -0.920      -0.834      -0.817      -0.785
    U16$2           -0.298      -0.270      -0.256      -0.182      -0.108      -0.094      -0.066
    U16$3            0.247       0.275       0.289       0.365       0.440       0.455       0.483
    U16$4            1.055       1.092       1.110       1.207       1.304       1.323       1.359
    U17$1           -1.965      -1.915      -1.890      -1.755      -1.621      -1.596      -1.545
    U17$2           -0.995      -0.964      -0.947      -0.863      -0.778      -0.762      -0.730
    U17$3           -0.015       0.013       0.027       0.101       0.175       0.189       0.217
    U17$4            1.037       1.073       1.092       1.188       1.284       1.302       1.338
    U18$1           -0.986      -0.954      -0.938      -0.854      -0.769      -0.753      -0.722
    U18$2           -0.295      -0.267      -0.253      -0.179      -0.105      -0.090      -0.063
    U18$3            0.304       0.333       0.348       0.424       0.500       0.514       0.543
    U18$4            1.106       1.144       1.163       1.262       1.362       1.381       1.418
    U19$1           -1.163      -1.129      -1.112      -1.023      -0.933      -0.916      -0.882
    U19$2           -0.275      -0.247      -0.233      -0.159      -0.085      -0.071      -0.043
    U19$3            0.548       0.578       0.593       0.673       0.754       0.769       0.799
    U19$4            1.282       1.324       1.345       1.455       1.566       1.587       1.628
    U20$1           -0.642      -0.613      -0.598      -0.520      -0.443      -0.428      -0.399
    U20$2            0.098       0.126       0.140       0.215       0.289       0.303       0.331
    U20$3            0.804       0.836       0.853       0.940       1.026       1.043       1.076
    U20$4            1.410       1.455       1.478       1.599       1.719       1.743       1.788
    U21$1           -1.135      -1.102      -1.085      -0.996      -0.907      -0.890      -0.857
    U21$2           -0.334      -0.306      -0.292      -0.218      -0.143      -0.129      -0.101
    U21$3            0.465       0.494       0.509       0.588       0.666       0.681       0.710
    U21$4            1.242       1.282       1.303       1.411       1.518       1.539       1.579
    U22$1           -1.252      -1.218      -1.200      -1.107      -1.015      -0.997      -0.962
    U22$2           -0.411      -0.383      -0.369      -0.294      -0.219      -0.205      -0.177
    U22$3            0.417       0.446       0.461       0.539       0.616       0.631       0.660
    U22$4            1.291       1.332       1.354       1.465       1.576       1.597       1.638
    U23$1           -1.222      -1.187      -1.170      -1.078      -0.987      -0.969      -0.935
    U23$2           -0.291      -0.264      -0.249      -0.175      -0.101      -0.087      -0.059
    U23$3            0.548       0.578       0.593       0.673       0.754       0.769       0.799
    U23$4            1.299       1.341       1.362       1.474       1.586       1.607       1.649
    U24$1           -0.285      -0.257      -0.243      -0.169      -0.095      -0.081      -0.053
    U24$2            0.480       0.509       0.524       0.603       0.682       0.697       0.726
    U24$3            1.013       1.049       1.067       1.162       1.257       1.275       1.311
    U24$4            1.545       1.596       1.621       1.755       1.890       1.915       1.965
    U25$1           -0.649      -0.620      -0.605      -0.528      -0.450      -0.435      -0.406
    U25$2           -0.127      -0.099      -0.085      -0.011       0.062       0.077       0.104
    U25$3            0.396       0.425       0.439       0.517       0.594       0.609       0.638
    U25$4            1.182       1.221       1.241       1.344       1.448       1.468       1.507
    U26$1           -1.352      -1.316      -1.297      -1.201      -1.104      -1.086      -1.049
    U26$2           -0.351      -0.323      -0.309      -0.234      -0.160      -0.146      -0.118
    U26$3            0.536       0.566       0.582       0.661       0.741       0.757       0.787
    U26$4            1.390       1.435       1.458       1.576       1.695       1.718       1.762

 Variances
    SJ               1.000       1.000       1.000       1.000       1.000       1.000       1.000
    IS               1.000       1.000       1.000       1.000       1.000       1.000       1.000
    OI               1.000       1.000       1.000       1.000       1.000       1.000       1.000
    SK               1.000       1.000       1.000       1.000       1.000       1.000       1.000
    CU               1.000       1.000       1.000       1.000       1.000       1.000       1.000
    MI               1.000       1.000       1.000       1.000       1.000       1.000       1.000


     Beginning Time:  16:36:10
        Ending Time:  16:36:11
       Elapsed Time:  00:00:01



MUTHEN & MUTHEN
3463 Stoner Ave.
Los Angeles, CA  90066

Tel: (310) 391-9971
Fax: (310) 391-8971
Web: www.StatModel.com
Support: Support@StatModel.com

Copyright (c) 1998-2020 Muthen & Muthen
