Mplus VERSION 8.5 (Mac)
MUTHEN & MUTHEN
03/04/2021   8:30 AM

INPUT INSTRUCTIONS

  TITLE: Six correlated factors, two-bifactor model.

  DATA:
    FILE IS scs.dat;

  VARIABLE:
    NAMES ARE u1-u26;
    MISSING ARE ALL(-9);
    USEVARIABLES ARE u1-u26;
    CATEGORICAL ARE u1-u26;

  ANALYSIS:
    ESTIMATOR = WLSMV;
    ROTATION = TARGET;

  MODEL:
    FG1 by u1 u8  u11 u16 u21 u4 u13 u18 u25 u2 u6  u20 u24;
    FG2 by u5 u12 u19 u23 u26 u3 u7  u10 u15 u9 u14 u17 u22;
    SJ  BY u1 u8  u11 u16  u21; !Self-Judgment;
    IS  BY u4 u13 u18 u25;      !Isolation Items;
    OI  BY u2 u6  u20 u24;      !Over-identified;
    SK  BY u5 u12 u19 u23  u26; !Self-Kindness;
    CU  BY u3 u7  u10 u15;      !Common Humanity;
    MI  BY u9 u14 u17 u22;      !Mindfulness;

    FG1 WITH SJ-MI@0;
    FG2 WITH SJ-MI@0;

  OUTPUT: STDYX;



INPUT READING TERMINATED NORMALLY



Six correlated factors, two-bifactor model.

SUMMARY OF ANALYSIS

Number of groups                                                 1
Number of observations                                         783

Number of dependent variables                                   26
Number of independent variables                                  0
Number of continuous latent variables                            8

Observed dependent variables

  Binary and ordered categorical (ordinal)
   U1          U2          U3          U4          U5          U6
   U7          U8          U9          U10         U11         U12
   U13         U14         U15         U16         U17         U18
   U19         U20         U21         U22         U23         U24
   U25         U26

Continuous latent variables
   FG1         FG2         SJ          IS          OI          SK
   CU          MI


Estimator                                                    WLSMV
Maximum number of iterations                                  1000
Convergence criterion                                    0.500D-04
Maximum number of steepest descent iterations                   20
Maximum number of iterations for H1                           2000
Convergence criterion for H1                             0.100D-03
Parameterization                                             DELTA
Link                                                        PROBIT

Input data file(s)
  scs.dat

Input data format  FREE


SUMMARY OF DATA

     Number of missing data patterns             1


COVARIANCE COVERAGE OF DATA

Minimum covariance coverage value   0.100


     PROPORTION OF DATA PRESENT


           Covariance Coverage
              U1            U2            U3            U4            U5
              ________      ________      ________      ________      ________
 U1             1.000
 U2             1.000         1.000
 U3             1.000         1.000         1.000
 U4             1.000         1.000         1.000         1.000
 U5             1.000         1.000         1.000         1.000         1.000
 U6             1.000         1.000         1.000         1.000         1.000
 U7             1.000         1.000         1.000         1.000         1.000
 U8             1.000         1.000         1.000         1.000         1.000
 U9             1.000         1.000         1.000         1.000         1.000
 U10            1.000         1.000         1.000         1.000         1.000
 U11            1.000         1.000         1.000         1.000         1.000
 U12            1.000         1.000         1.000         1.000         1.000
 U13            1.000         1.000         1.000         1.000         1.000
 U14            1.000         1.000         1.000         1.000         1.000
 U15            1.000         1.000         1.000         1.000         1.000
 U16            1.000         1.000         1.000         1.000         1.000
 U17            1.000         1.000         1.000         1.000         1.000
 U18            1.000         1.000         1.000         1.000         1.000
 U19            1.000         1.000         1.000         1.000         1.000
 U20            1.000         1.000         1.000         1.000         1.000
 U21            1.000         1.000         1.000         1.000         1.000
 U22            1.000         1.000         1.000         1.000         1.000
 U23            1.000         1.000         1.000         1.000         1.000
 U24            1.000         1.000         1.000         1.000         1.000
 U25            1.000         1.000         1.000         1.000         1.000
 U26            1.000         1.000         1.000         1.000         1.000


           Covariance Coverage
              U6            U7            U8            U9            U10
              ________      ________      ________      ________      ________
 U6             1.000
 U7             1.000         1.000
 U8             1.000         1.000         1.000
 U9             1.000         1.000         1.000         1.000
 U10            1.000         1.000         1.000         1.000         1.000
 U11            1.000         1.000         1.000         1.000         1.000
 U12            1.000         1.000         1.000         1.000         1.000
 U13            1.000         1.000         1.000         1.000         1.000
 U14            1.000         1.000         1.000         1.000         1.000
 U15            1.000         1.000         1.000         1.000         1.000
 U16            1.000         1.000         1.000         1.000         1.000
 U17            1.000         1.000         1.000         1.000         1.000
 U18            1.000         1.000         1.000         1.000         1.000
 U19            1.000         1.000         1.000         1.000         1.000
 U20            1.000         1.000         1.000         1.000         1.000
 U21            1.000         1.000         1.000         1.000         1.000
 U22            1.000         1.000         1.000         1.000         1.000
 U23            1.000         1.000         1.000         1.000         1.000
 U24            1.000         1.000         1.000         1.000         1.000
 U25            1.000         1.000         1.000         1.000         1.000
 U26            1.000         1.000         1.000         1.000         1.000


           Covariance Coverage
              U11           U12           U13           U14           U15
              ________      ________      ________      ________      ________
 U11            1.000
 U12            1.000         1.000
 U13            1.000         1.000         1.000
 U14            1.000         1.000         1.000         1.000
 U15            1.000         1.000         1.000         1.000         1.000
 U16            1.000         1.000         1.000         1.000         1.000
 U17            1.000         1.000         1.000         1.000         1.000
 U18            1.000         1.000         1.000         1.000         1.000
 U19            1.000         1.000         1.000         1.000         1.000
 U20            1.000         1.000         1.000         1.000         1.000
 U21            1.000         1.000         1.000         1.000         1.000
 U22            1.000         1.000         1.000         1.000         1.000
 U23            1.000         1.000         1.000         1.000         1.000
 U24            1.000         1.000         1.000         1.000         1.000
 U25            1.000         1.000         1.000         1.000         1.000
 U26            1.000         1.000         1.000         1.000         1.000


           Covariance Coverage
              U16           U17           U18           U19           U20
              ________      ________      ________      ________      ________
 U16            1.000
 U17            1.000         1.000
 U18            1.000         1.000         1.000
 U19            1.000         1.000         1.000         1.000
 U20            1.000         1.000         1.000         1.000         1.000
 U21            1.000         1.000         1.000         1.000         1.000
 U22            1.000         1.000         1.000         1.000         1.000
 U23            1.000         1.000         1.000         1.000         1.000
 U24            1.000         1.000         1.000         1.000         1.000
 U25            1.000         1.000         1.000         1.000         1.000
 U26            1.000         1.000         1.000         1.000         1.000


           Covariance Coverage
              U21           U22           U23           U24           U25
              ________      ________      ________      ________      ________
 U21            1.000
 U22            1.000         1.000
 U23            1.000         1.000         1.000
 U24            1.000         1.000         1.000         1.000
 U25            1.000         1.000         1.000         1.000         1.000
 U26            1.000         1.000         1.000         1.000         1.000


           Covariance Coverage
              U26
              ________
 U26            1.000


UNIVARIATE PROPORTIONS AND COUNTS FOR CATEGORICAL VARIABLES

    U1
      Category 1    0.036           28.000
      Category 2    0.100           78.000
      Category 3    0.263          206.000
      Category 4    0.338          265.000
      Category 5    0.263          206.000
    U2
      Category 1    0.303          237.000
      Category 2    0.243          190.000
      Category 3    0.207          162.000
      Category 4    0.153          120.000
      Category 5    0.095           74.000
    U3
      Category 1    0.078           61.000
      Category 2    0.140          110.000
      Category 3    0.335          262.000
      Category 4    0.332          260.000
      Category 5    0.115           90.000
    U4
      Category 1    0.338          265.000
      Category 2    0.261          204.000
      Category 3    0.178          139.000
      Category 4    0.142          111.000
      Category 5    0.082           64.000
    U5
      Category 1    0.149          117.000
      Category 2    0.282          221.000
      Category 3    0.292          229.000
      Category 4    0.192          150.000
      Category 5    0.084           66.000
    U6
      Category 1    0.223          175.000
      Category 2    0.254          199.000
      Category 3    0.226          177.000
      Category 4    0.186          146.000
      Category 5    0.110           86.000
    U7
      Category 1    0.267          209.000
      Category 2    0.250          196.000
      Category 3    0.250          196.000
      Category 4    0.157          123.000
      Category 5    0.075           59.000
    U8
      Category 1    0.198          155.000
      Category 2    0.216          169.000
      Category 3    0.236          185.000
      Category 4    0.235          184.000
      Category 5    0.115           90.000
    U9
      Category 1    0.042           33.000
      Category 2    0.117           92.000
      Category 3    0.312          244.000
      Category 4    0.356          279.000
      Category 5    0.172          135.000
    U10
      Category 1    0.223          175.000
      Category 2    0.258          202.000
      Category 3    0.290          227.000
      Category 4    0.176          138.000
      Category 5    0.052           41.000
    U11
      Category 1    0.201          157.000
      Category 2    0.268          210.000
      Category 3    0.232          182.000
      Category 4    0.207          162.000
      Category 5    0.092           72.000
    U12
      Category 1    0.169          132.000
      Category 2    0.318          249.000
      Category 3    0.268          210.000
      Category 4    0.180          141.000
      Category 5    0.065           51.000
    U13
      Category 1    0.276          216.000
      Category 2    0.238          186.000
      Category 3    0.192          150.000
      Category 4    0.195          153.000
      Category 5    0.100           78.000
    U14
      Category 1    0.034           27.000
      Category 2    0.109           85.000
      Category 3    0.303          237.000
      Category 4    0.364          285.000
      Category 5    0.190          149.000
    U15
      Category 1    0.089           70.000
      Category 2    0.199          156.000
      Category 3    0.321          251.000
      Category 4    0.278          218.000
      Category 5    0.112           88.000
    U16
      Category 1    0.179          140.000
      Category 2    0.249          195.000
      Category 3    0.215          168.000
      Category 4    0.244          191.000
      Category 5    0.114           89.000
    U17
      Category 1    0.040           31.000
      Category 2    0.155          121.000
      Category 3    0.346          271.000
      Category 4    0.342          268.000
      Category 5    0.117           92.000
    U18
      Category 1    0.197          154.000
      Category 2    0.232          182.000
      Category 3    0.235          184.000
      Category 4    0.232          182.000
      Category 5    0.103           81.000
    U19
      Category 1    0.153          120.000
      Category 2    0.284          222.000
      Category 3    0.313          245.000
      Category 4    0.178          139.000
      Category 5    0.073           57.000
    U20
      Category 1    0.301          236.000
      Category 2    0.284          222.000
      Category 3    0.241          189.000
      Category 4    0.119           93.000
      Category 5    0.055           43.000
    U21
      Category 1    0.160          125.000
      Category 2    0.254          199.000
      Category 3    0.308          241.000
      Category 4    0.199          156.000
      Category 5    0.079           62.000
    U22
      Category 1    0.134          105.000
      Category 2    0.250          196.000
      Category 3    0.321          251.000
      Category 4    0.223          175.000
      Category 5    0.072           56.000
    U23
      Category 1    0.140          110.000
      Category 2    0.290          227.000
      Category 3    0.319          250.000
      Category 4    0.180          141.000
      Category 5    0.070           55.000
    U24
      Category 1    0.433          339.000
      Category 2    0.294          230.000
      Category 3    0.151          118.000
      Category 4    0.083           65.000
      Category 5    0.040           31.000
    U25
      Category 1    0.299          234.000
      Category 2    0.197          154.000
      Category 3    0.202          158.000
      Category 4    0.213          167.000
      Category 5    0.089           70.000
    U26
      Category 1    0.115           90.000
      Category 2    0.292          229.000
      Category 3    0.338          265.000
      Category 4    0.197          154.000
      Category 5    0.057           45.000



THE MODEL ESTIMATION TERMINATED NORMALLY



MODEL FIT INFORMATION

Number of Free Parameters                      172

Chi-Square Test of Model Fit

          Value                           1311.666*
          Degrees of Freedom                   257
          P-Value                           0.0000

*   The chi-square value for MLM, MLMV, MLR, ULSMV, WLSM and WLSMV cannot be used
    for chi-square difference testing in the regular way.  MLM, MLR and WLSM
    chi-square difference testing is described on the Mplus website.  MLMV, WLSMV,
    and ULSMV difference testing is done using the DIFFTEST option.

RMSEA (Root Mean Square Error Of Approximation)

          Estimate                           0.072
          90 Percent C.I.                    0.069  0.076
          Probability RMSEA <= .05           0.000

CFI/TLI

          CFI                                0.949
          TLI                                0.935

Chi-Square Test of Model Fit for the Baseline Model

          Value                          20854.792
          Degrees of Freedom                   325
          P-Value                           0.0000

SRMR (Standardized Root Mean Square Residual)

          Value                              0.039

Optimum Function Value for Weighted Least-Squares Estimator

          Value                     0.52295081D+00



MODEL RESULTS

                                                    Two-Tailed
                    Estimate       S.E.  Est./S.E.    P-Value

 FG1      BY
    U1                 1.000      0.000    999.000    999.000
    U8                 1.501      0.089     16.944      0.000
    U11                1.456      0.091     16.071      0.000
    U16                1.507      0.094     16.100      0.000
    U21                1.177      0.084     14.028      0.000
    U4                 1.826      0.116     15.696      0.000
    U13                1.561      0.106     14.779      0.000
    U18                1.609      0.108     14.905      0.000
    U25                1.720      0.113     15.194      0.000
    U2                 1.815      0.115     15.836      0.000
    U6                 1.815      0.115     15.784      0.000
    U20                1.397      0.099     14.044      0.000
    U24                1.480      0.103     14.406      0.000

 FG2      BY
    U5                 1.000      0.000    999.000    999.000
    U12                6.884      7.202      0.956      0.339
    U19                8.072      8.611      0.937      0.349
    U23               13.443     14.976      0.898      0.369
    U26                9.035      9.744      0.927      0.354
    U3                -1.664      2.556     -0.651      0.515
    U7                -6.245      7.649     -0.816      0.414
    U10               -2.188      3.094     -0.707      0.479
    U15                8.174      8.922      0.916      0.360
    U9                 3.641      3.934      0.925      0.355
    U14               11.493     12.847      0.895      0.371
    U17               13.899     15.512      0.896      0.370
    U22                9.327     10.254      0.910      0.363

 SJ       BY
    U1                 1.000      0.000    999.000    999.000
    U8                 1.073      0.105     10.200      0.000
    U11                0.875      0.090      9.762      0.000
    U16                0.793      0.084      9.387      0.000
    U21                0.848      0.102      8.356      0.000

 IS       BY
    U4                 1.000      0.000    999.000    999.000
    U13                7.351      4.022      1.828      0.068
    U18                8.852      5.163      1.715      0.086
    U25                1.707      0.948      1.801      0.072

 OI       BY
    U2                 1.000      0.000    999.000    999.000
    U6                -0.242      0.968     -0.250      0.802
    U20                8.770      7.565      1.159      0.246
    U24                5.657      4.682      1.208      0.227

 SK       BY
    U5                 1.000      0.000    999.000    999.000
    U12                1.005      0.039     25.835      0.000
    U19                0.989      0.038     26.285      0.000
    U23                0.686      0.047     14.509      0.000
    U26                0.832      0.045     18.494      0.000

 CU       BY
    U3                 1.000      0.000    999.000    999.000
    U7                 1.339      0.088     15.174      0.000
    U10                1.366      0.087     15.641      0.000
    U15                1.301      0.088     14.822      0.000

 MI       BY
    U9                 1.000      0.000    999.000    999.000
    U14                0.895      0.060     15.035      0.000
    U17                0.981      0.064     15.323      0.000
    U22                1.111      0.072     15.341      0.000

 FG1      WITH
    SJ                 0.000      0.000    999.000    999.000
    IS                 0.000      0.000    999.000    999.000
    OI                 0.000      0.000    999.000    999.000
    SK                 0.000      0.000    999.000    999.000
    CU                 0.000      0.000    999.000    999.000
    MI                 0.000      0.000    999.000    999.000

 FG2      WITH
    SJ                 0.000      0.000    999.000    999.000
    IS                 0.000      0.000    999.000    999.000
    OI                 0.000      0.000    999.000    999.000
    SK                 0.000      0.000    999.000    999.000
    CU                 0.000      0.000    999.000    999.000
    MI                 0.000      0.000    999.000    999.000
    FG1               -0.014      0.016     -0.880      0.379

 IS       WITH
    SJ                -0.002      0.002     -0.813      0.416

 OI       WITH
    SJ                -0.003      0.003     -1.017      0.309
    IS                 0.001      0.001      0.701      0.483

 SK       WITH
    SJ                -0.057      0.018     -3.119      0.002
    IS                 0.003      0.003      1.123      0.261
    OI                 0.014      0.012      1.123      0.261

 CU       WITH
    SJ                 0.065      0.013      4.939      0.000
    IS                 0.005      0.003      1.535      0.125
    OI                 0.004      0.004      0.997      0.319
    SK                 0.276      0.022     12.790      0.000

 MI       WITH
    SJ                 0.128      0.017      7.474      0.000
    IS                -0.001      0.002     -0.432      0.666
    OI                -0.004      0.004     -0.903      0.367
    SK                 0.274      0.023     11.864      0.000
    CU                 0.233      0.022     10.719      0.000

 Thresholds
    U1$1              -1.802      0.084    -21.357      0.000
    U1$2              -1.101      0.056    -19.595      0.000
    U1$3              -0.257      0.045     -5.676      0.000
    U1$4               0.634      0.048     13.145      0.000
    U2$1              -0.517      0.047    -10.986      0.000
    U2$2               0.114      0.045      2.537      0.011
    U2$3               0.682      0.049     13.971      0.000
    U2$4               1.313      0.062     21.155      0.000
    U3$1              -1.419      0.066    -21.591      0.000
    U3$2              -0.778      0.050    -15.529      0.000
    U3$3               0.133      0.045      2.965      0.003
    U3$4               1.201      0.059     20.439      0.000
    U4$1              -0.417      0.046     -9.014      0.000
    U4$2               0.251      0.045      5.534      0.000
    U4$3               0.760      0.050     15.261      0.000
    U4$4               1.393      0.065     21.505      0.000
    U5$1              -1.039      0.055    -18.964      0.000
    U5$2              -0.172      0.045     -3.822      0.000
    U5$3               0.595      0.048     12.453      0.000
    U5$4               1.377      0.064     21.443      0.000
    U6$1              -0.760      0.050    -15.261      0.000
    U6$2              -0.056      0.045     -1.251      0.211
    U6$3               0.535      0.047     11.337      0.000
    U6$4               1.227      0.059     20.632      0.000
    U7$1              -0.622      0.048    -12.938      0.000
    U7$2               0.043      0.045      0.965      0.335
    U7$3               0.731      0.049     14.788      0.000
    U7$4               1.437      0.066     21.642      0.000
    U8$1              -0.849      0.051    -16.588      0.000
    U8$2              -0.218      0.045     -4.821      0.000
    U8$3               0.385      0.046      8.377      0.000
    U8$4               1.201      0.059     20.439      0.000
    U9$1              -1.726      0.080    -21.615      0.000
    U9$2              -0.996      0.054    -18.485      0.000
    U9$3              -0.072      0.045     -1.608      0.108
    U9$4               0.945      0.053     17.869      0.000
    U10$1             -0.760      0.050    -15.261      0.000
    U10$2             -0.046      0.045     -1.036      0.300
    U10$3              0.743      0.050     14.991      0.000
    U10$4              1.622      0.074     21.805      0.000
    U11$1             -0.840      0.051    -16.457      0.000
    U11$2             -0.079      0.045     -1.751      0.080
    U11$3              0.528      0.047     11.197      0.000
    U11$4              1.329      0.063     21.232      0.000
    U12$1             -0.960      0.053    -18.056      0.000
    U12$2             -0.034      0.045     -0.750      0.453
    U12$3              0.690      0.049     14.108      0.000
    U12$4              1.513      0.069     21.790      0.000
    U13$1             -0.595      0.048    -12.453      0.000
    U13$2              0.034      0.045      0.750      0.453
    U13$3              0.539      0.047     11.407      0.000
    U13$4              1.284      0.061     20.991      0.000
    U14$1             -1.819      0.085    -21.289      0.000
    U14$2             -1.067      0.055    -19.255      0.000
    U14$3             -0.136      0.045     -3.037      0.002
    U14$4              0.877      0.052     16.978      0.000
    U15$1             -1.344      0.063    -21.306      0.000
    U15$2             -0.557      0.047    -11.756      0.000
    U15$3              0.277      0.045      6.103      0.000
    U15$4              1.214      0.059     20.536      0.000
    U16$1             -0.920      0.052    -17.554      0.000
    U16$2             -0.182      0.045     -4.036      0.000
    U16$3              0.365      0.046      7.951      0.000
    U16$4              1.207      0.059     20.488      0.000
    U17$1             -1.755      0.082    -21.527      0.000
    U17$2             -0.863      0.051    -16.783      0.000
    U17$3              0.101      0.045      2.251      0.024
    U17$4              1.188      0.058     20.339      0.000
    U18$1             -0.854      0.051    -16.653      0.000
    U18$2             -0.179      0.045     -3.965      0.000
    U18$3              0.424      0.046      9.155      0.000
    U18$4              1.262      0.061     20.861      0.000
    U19$1             -1.023      0.054    -18.786      0.000
    U19$2             -0.159      0.045     -3.537      0.000
    U19$3              0.673      0.049     13.834      0.000
    U19$4              1.455      0.067     21.688      0.000
    U20$1             -0.520      0.047    -11.056      0.000
    U20$2              0.215      0.045      4.750      0.000
    U20$3              0.940      0.053     17.806      0.000
    U20$4              1.599      0.073     21.821      0.000
    U21$1             -0.996      0.054    -18.485      0.000
    U21$2             -0.218      0.045     -4.821      0.000
    U21$3              0.588      0.048     12.314      0.000
    U21$4              1.411      0.065     21.563      0.000
    U22$1             -1.107      0.056    -19.650      0.000
    U22$2             -0.294      0.045     -6.459      0.000
    U22$3              0.539      0.047     11.407      0.000
    U22$4              1.465      0.067     21.709      0.000
    U23$1             -1.078      0.056    -19.369      0.000
    U23$2             -0.175      0.045     -3.893      0.000
    U23$3              0.673      0.049     13.834      0.000
    U23$4              1.474      0.068     21.728      0.000
    U24$1             -0.169      0.045     -3.751      0.000
    U24$2              0.603      0.048     12.591      0.000
    U24$3              1.162      0.058     20.134      0.000
    U24$4              1.755      0.082     21.527      0.000
    U25$1             -0.528      0.047    -11.197      0.000
    U25$2             -0.011      0.045     -0.250      0.802
    U25$3              0.517      0.047     10.986      0.000
    U25$4              1.344      0.063     21.306      0.000
    U26$1             -1.201      0.059    -20.439      0.000
    U26$2             -0.234      0.045     -5.177      0.000
    U26$3              0.661      0.049     13.628      0.000
    U26$4              1.576      0.072     21.826      0.000

 Variances
    FG1                0.217      0.028      7.792      0.000
    FG2                0.002      0.004      0.439      0.661
    SJ                 0.200      0.032      6.167      0.000
    IS                 0.004      0.004      0.868      0.386
    OI                 0.003      0.004      0.573      0.567
    SK                 0.577      0.029     19.577      0.000
    CU                 0.288      0.033      8.741      0.000
    MI                 0.346      0.034     10.250      0.000


STANDARDIZED MODEL RESULTS


STDYX Standardization

                                                    Two-Tailed
                    Estimate       S.E.  Est./S.E.    P-Value

 FG1      BY
    U1                 0.466      0.030     15.585      0.000
    U8                 0.700      0.022     31.578      0.000
    U11                0.679      0.022     30.642      0.000
    U16                0.703      0.021     32.722      0.000
    U21                0.549      0.027     20.621      0.000
    U4                 0.851      0.014     62.323      0.000
    U13                0.728      0.022     33.366      0.000
    U18                0.750      0.021     35.024      0.000
    U25                0.802      0.016     48.800      0.000
    U2                 0.846      0.015     58.229      0.000
    U6                 0.847      0.013     65.920      0.000
    U20                0.651      0.026     25.509      0.000
    U24                0.690      0.023     30.283      0.000

 FG2      BY
    U5                 0.042      0.047      0.878      0.380
    U12                0.287      0.046      6.258      0.000
    U19                0.337      0.043      7.736      0.000
    U23                0.560      0.038     14.559      0.000
    U26                0.377      0.044      8.617      0.000
    U3                -0.069      0.045     -1.527      0.127
    U7                -0.260      0.047     -5.576      0.000
    U10               -0.091      0.045     -2.049      0.040
    U15                0.341      0.040      8.460      0.000
    U9                 0.152      0.045      3.370      0.001
    U14                0.479      0.037     12.954      0.000
    U17                0.579      0.035     16.526      0.000
    U22                0.389      0.042      9.266      0.000

 SJ       BY
    U1                 0.447      0.036     12.333      0.000
    U8                 0.480      0.032     14.939      0.000
    U11                0.391      0.031     12.650      0.000
    U16                0.355      0.031     11.257      0.000
    U21                0.379      0.036     10.607      0.000

 IS       BY
    U4                 0.062      0.036      1.735      0.083
    U13                0.458      0.061      7.478      0.000
    U18                0.551      0.066      8.386      0.000
    U25                0.106      0.035      3.009      0.003

 OI       BY
    U2                 0.050      0.044      1.145      0.252
    U6                -0.012      0.043     -0.283      0.777
    U20                0.442      0.073      6.018      0.000
    U24                0.285      0.049      5.776      0.000

 SK       BY
    U5                 0.760      0.019     39.154      0.000
    U12                0.764      0.022     34.614      0.000
    U19                0.751      0.021     35.072      0.000
    U23                0.521      0.034     15.494      0.000
    U26                0.632      0.029     21.654      0.000

 CU       BY
    U3                 0.536      0.031     17.481      0.000
    U7                 0.718      0.026     28.127      0.000
    U10                0.732      0.021     35.073      0.000
    U15                0.698      0.027     25.453      0.000

 MI       BY
    U9                 0.589      0.029     20.499      0.000
    U14                0.527      0.032     16.447      0.000
    U17                0.577      0.033     17.594      0.000
    U22                0.654      0.029     22.644      0.000

 FG1      WITH
    SJ                 0.000      0.000    999.000    999.000
    IS                 0.000      0.000    999.000    999.000
    OI                 0.000      0.000    999.000    999.000
    SK                 0.000      0.000    999.000    999.000
    CU                 0.000      0.000    999.000    999.000
    MI                 0.000      0.000    999.000    999.000

 FG2      WITH
    SJ                 0.000      0.000    999.000    999.000
    IS                 0.000      0.000    999.000    999.000
    OI                 0.000      0.000    999.000    999.000
    SK                 0.000      0.000    999.000    999.000
    CU                 0.000      0.000    999.000    999.000
    MI                 0.000      0.000    999.000    999.000
    FG1               -0.712      0.029    -24.564      0.000

 IS       WITH
    SJ                -0.063      0.079     -0.792      0.428

 OI       WITH
    SJ                -0.127      0.107     -1.184      0.236
    IS                 0.261      0.097      2.687      0.007

 SK       WITH
    SJ                -0.168      0.053     -3.143      0.002
    IS                 0.072      0.052      1.389      0.165
    OI                 0.354      0.078      4.513      0.000

 CU       WITH
    SJ                 0.273      0.047      5.753      0.000
    IS                 0.147      0.048      3.076      0.002
    OI                 0.158      0.066      2.392      0.017
    SK                 0.677      0.027     24.668      0.000

 MI       WITH
    SJ                 0.488      0.049     10.044      0.000
    IS                -0.026      0.055     -0.467      0.640
    OI                -0.130      0.071     -1.829      0.067
    SK                 0.614      0.032     18.995      0.000
    CU                 0.738      0.032     23.193      0.000

 Thresholds
    U1$1              -1.802      0.084    -21.357      0.000
    U1$2              -1.101      0.056    -19.595      0.000
    U1$3              -0.257      0.045     -5.676      0.000
    U1$4               0.634      0.048     13.145      0.000
    U2$1              -0.517      0.047    -10.986      0.000
    U2$2               0.114      0.045      2.537      0.011
    U2$3               0.682      0.049     13.971      0.000
    U2$4               1.313      0.062     21.155      0.000
    U3$1              -1.419      0.066    -21.591      0.000
    U3$2              -0.778      0.050    -15.529      0.000
    U3$3               0.133      0.045      2.965      0.003
    U3$4               1.201      0.059     20.439      0.000
    U4$1              -0.417      0.046     -9.014      0.000
    U4$2               0.251      0.045      5.534      0.000
    U4$3               0.760      0.050     15.261      0.000
    U4$4               1.393      0.065     21.505      0.000
    U5$1              -1.039      0.055    -18.964      0.000
    U5$2              -0.172      0.045     -3.822      0.000
    U5$3               0.595      0.048     12.453      0.000
    U5$4               1.377      0.064     21.443      0.000
    U6$1              -0.760      0.050    -15.261      0.000
    U6$2              -0.056      0.045     -1.251      0.211
    U6$3               0.535      0.047     11.337      0.000
    U6$4               1.227      0.059     20.632      0.000
    U7$1              -0.622      0.048    -12.938      0.000
    U7$2               0.043      0.045      0.965      0.335
    U7$3               0.731      0.049     14.788      0.000
    U7$4               1.437      0.066     21.642      0.000
    U8$1              -0.849      0.051    -16.588      0.000
    U8$2              -0.218      0.045     -4.821      0.000
    U8$3               0.385      0.046      8.377      0.000
    U8$4               1.201      0.059     20.439      0.000
    U9$1              -1.726      0.080    -21.615      0.000
    U9$2              -0.996      0.054    -18.485      0.000
    U9$3              -0.072      0.045     -1.608      0.108
    U9$4               0.945      0.053     17.869      0.000
    U10$1             -0.760      0.050    -15.261      0.000
    U10$2             -0.046      0.045     -1.036      0.300
    U10$3              0.743      0.050     14.991      0.000
    U10$4              1.622      0.074     21.805      0.000
    U11$1             -0.840      0.051    -16.457      0.000
    U11$2             -0.079      0.045     -1.751      0.080
    U11$3              0.528      0.047     11.197      0.000
    U11$4              1.329      0.063     21.232      0.000
    U12$1             -0.960      0.053    -18.056      0.000
    U12$2             -0.034      0.045     -0.750      0.453
    U12$3              0.690      0.049     14.108      0.000
    U12$4              1.513      0.069     21.790      0.000
    U13$1             -0.595      0.048    -12.453      0.000
    U13$2              0.034      0.045      0.750      0.453
    U13$3              0.539      0.047     11.407      0.000
    U13$4              1.284      0.061     20.991      0.000
    U14$1             -1.819      0.085    -21.289      0.000
    U14$2             -1.067      0.055    -19.255      0.000
    U14$3             -0.136      0.045     -3.037      0.002
    U14$4              0.877      0.052     16.978      0.000
    U15$1             -1.344      0.063    -21.306      0.000
    U15$2             -0.557      0.047    -11.756      0.000
    U15$3              0.277      0.045      6.103      0.000
    U15$4              1.214      0.059     20.536      0.000
    U16$1             -0.920      0.052    -17.554      0.000
    U16$2             -0.182      0.045     -4.036      0.000
    U16$3              0.365      0.046      7.951      0.000
    U16$4              1.207      0.059     20.488      0.000
    U17$1             -1.755      0.082    -21.527      0.000
    U17$2             -0.863      0.051    -16.783      0.000
    U17$3              0.101      0.045      2.251      0.024
    U17$4              1.188      0.058     20.339      0.000
    U18$1             -0.854      0.051    -16.653      0.000
    U18$2             -0.179      0.045     -3.965      0.000
    U18$3              0.424      0.046      9.155      0.000
    U18$4              1.262      0.061     20.861      0.000
    U19$1             -1.023      0.054    -18.786      0.000
    U19$2             -0.159      0.045     -3.537      0.000
    U19$3              0.673      0.049     13.834      0.000
    U19$4              1.455      0.067     21.688      0.000
    U20$1             -0.520      0.047    -11.056      0.000
    U20$2              0.215      0.045      4.750      0.000
    U20$3              0.940      0.053     17.806      0.000
    U20$4              1.599      0.073     21.821      0.000
    U21$1             -0.996      0.054    -18.485      0.000
    U21$2             -0.218      0.045     -4.821      0.000
    U21$3              0.588      0.048     12.314      0.000
    U21$4              1.411      0.065     21.563      0.000
    U22$1             -1.107      0.056    -19.650      0.000
    U22$2             -0.294      0.045     -6.459      0.000
    U22$3              0.539      0.047     11.407      0.000
    U22$4              1.465      0.067     21.709      0.000
    U23$1             -1.078      0.056    -19.369      0.000
    U23$2             -0.175      0.045     -3.893      0.000
    U23$3              0.673      0.049     13.834      0.000
    U23$4              1.474      0.068     21.728      0.000
    U24$1             -0.169      0.045     -3.751      0.000
    U24$2              0.603      0.048     12.591      0.000
    U24$3              1.162      0.058     20.134      0.000
    U24$4              1.755      0.082     21.527      0.000
    U25$1             -0.528      0.047    -11.197      0.000
    U25$2             -0.011      0.045     -0.250      0.802
    U25$3              0.517      0.047     10.986      0.000
    U25$4              1.344      0.063     21.306      0.000
    U26$1             -1.201      0.059    -20.439      0.000
    U26$2             -0.234      0.045     -5.177      0.000
    U26$3              0.661      0.049     13.628      0.000
    U26$4              1.576      0.072     21.826      0.000

 Variances
    FG1                1.000      0.000    999.000    999.000
    FG2                1.000      0.000    999.000    999.000
    SJ                 1.000      0.000    999.000    999.000
    IS                 1.000      0.000    999.000    999.000
    OI                 1.000      0.000    999.000    999.000
    SK                 1.000      0.000    999.000    999.000
    CU                 1.000      0.000    999.000    999.000
    MI                 1.000      0.000    999.000    999.000


R-SQUARE

    Observed                                        Two-Tailed   Residual
    Variable        Estimate       S.E.  Est./S.E.    P-Value    Variance

    U1                 0.417      0.032     12.897      0.000      0.583
    U2                 0.719      0.024     30.448      0.000      0.281
    U3                 0.292      0.034      8.580      0.000      0.708
    U4                 0.729      0.022     33.251      0.000      0.271
    U5                 0.579      0.029     19.991      0.000      0.421
    U6                 0.717      0.022     32.583      0.000      0.283
    U7                 0.583      0.036     16.232      0.000      0.417
    U8                 0.720      0.025     29.231      0.000      0.280
    U9                 0.369      0.031     12.064      0.000      0.631
    U10                0.545      0.031     17.648      0.000      0.455
    U11                0.614      0.027     23.091      0.000      0.386
    U12                0.665      0.023     28.879      0.000      0.335
    U13                0.740      0.046     15.961      0.000      0.260
    U14                0.507      0.028     17.805      0.000      0.493
    U15                0.603      0.032     18.854      0.000      0.397
    U16                0.619      0.026     24.287      0.000      0.381
    U17                0.669      0.028     23.776      0.000      0.331
    U18                0.867      0.069     12.629      0.000      0.133
    U19                0.677      0.022     30.705      0.000      0.323
    U20                0.620      0.060     10.327      0.000      0.380
    U21                0.445      0.030     14.948      0.000      0.555
    U22                0.579      0.031     18.681      0.000      0.421
    U23                0.586      0.032     18.243      0.000      0.414
    U24                0.558      0.031     17.851      0.000      0.442
    U25                0.655      0.025     26.369      0.000      0.345
    U26                0.542      0.029     18.890      0.000      0.458


QUALITY OF NUMERICAL RESULTS

     Condition Number for the Information Matrix              0.125E-09
       (ratio of smallest to largest eigenvalue)


     Beginning Time:  08:30:37
        Ending Time:  08:30:39
       Elapsed Time:  00:00:02



MUTHEN & MUTHEN
3463 Stoner Ave.
Los Angeles, CA  90066

Tel: (310) 391-9971
Fax: (310) 391-8971
Web: www.StatModel.com
Support: Support@StatModel.com

Copyright (c) 1998-2020 Muthen & Muthen
