Mplus VERSION 8.5 (Mac)
MUTHEN & MUTHEN
03/02/2021   5:02 PM

INPUT INSTRUCTIONS

  TITLE: Bi-factor CFA.

  DATA:
    FILE IS scs.dat;

  VARIABLE:
    NAMES ARE u1-u26;
    MISSING ARE ALL(-9);
    USEVARIABLES ARE u1-u26;
    CATEGORICAL ARE u1-u26;

  ANALYSIS:
    ESTIMATOR = WLSMV;
    PROCESSORS = 4;
  MODEL:
    FG by u1 u2-u26;
    SJ BY u1 u8  u11 u16  u21; !Self-Judgment;
    IS BY u4 u13 u18 u25;      !Isolation Items;
    OI BY u2 u6  u20 u24;      !Over-identified;
    SK BY u5 u12 u19 u23  u26; !Self-Kindness;
    CU BY u3 u7  u10 u15;      !Common Humanity;
    MI BY u9 u14 u17 u22;      !Mindfulness;

  ! All factors are specified as orthogonal, with their
  ! correlations (WITH) constrained to be 0 (@0).
  fG WITH SJ@0;
  fG WITH IS@0;
  fG WITH OI@0;
  fG WITH SK@0;
  fG WITH CU@0;
  fG WITH MI@0;

  SJ WITH IS@0;
  SJ WITH OI@0;
  SJ WITH SK@0;
  SJ WITH CU@0;
  SJ WITH MI@0;

  IS WITH OI@0;
  IS WITH SK@0;
  IS WITH CU@0;
  IS WITH MI@0;

  OI WITH SK@0;
  OI WITH CU@0;
  OI WITH MI@0;

  SK WITH CU@0;
  SK WITH MI@0;

  CU WITH MI@0;

  OUTPUT: STDYX CINTERVAL;



INPUT READING TERMINATED NORMALLY



Bi-factor CFA.

SUMMARY OF ANALYSIS

Number of groups                                                 1
Number of observations                                         783

Number of dependent variables                                   26
Number of independent variables                                  0
Number of continuous latent variables                            7

Observed dependent variables

  Binary and ordered categorical (ordinal)
   U1          U2          U3          U4          U5          U6
   U7          U8          U9          U10         U11         U12
   U13         U14         U15         U16         U17         U18
   U19         U20         U21         U22         U23         U24
   U25         U26

Continuous latent variables
   FG          SJ          IS          OI          SK          CU
   MI


Estimator                                                    WLSMV
Maximum number of iterations                                  1000
Convergence criterion                                    0.500D-04
Maximum number of steepest descent iterations                   20
Maximum number of iterations for H1                           2000
Convergence criterion for H1                             0.100D-03
Parameterization                                             DELTA
Link                                                        PROBIT

Input data file(s)
  scs.dat

Input data format  FREE


SUMMARY OF DATA

     Number of missing data patterns             1


COVARIANCE COVERAGE OF DATA

Minimum covariance coverage value   0.100


     PROPORTION OF DATA PRESENT


           Covariance Coverage
              U1            U2            U3            U4            U5
              ________      ________      ________      ________      ________
 U1             1.000
 U2             1.000         1.000
 U3             1.000         1.000         1.000
 U4             1.000         1.000         1.000         1.000
 U5             1.000         1.000         1.000         1.000         1.000
 U6             1.000         1.000         1.000         1.000         1.000
 U7             1.000         1.000         1.000         1.000         1.000
 U8             1.000         1.000         1.000         1.000         1.000
 U9             1.000         1.000         1.000         1.000         1.000
 U10            1.000         1.000         1.000         1.000         1.000
 U11            1.000         1.000         1.000         1.000         1.000
 U12            1.000         1.000         1.000         1.000         1.000
 U13            1.000         1.000         1.000         1.000         1.000
 U14            1.000         1.000         1.000         1.000         1.000
 U15            1.000         1.000         1.000         1.000         1.000
 U16            1.000         1.000         1.000         1.000         1.000
 U17            1.000         1.000         1.000         1.000         1.000
 U18            1.000         1.000         1.000         1.000         1.000
 U19            1.000         1.000         1.000         1.000         1.000
 U20            1.000         1.000         1.000         1.000         1.000
 U21            1.000         1.000         1.000         1.000         1.000
 U22            1.000         1.000         1.000         1.000         1.000
 U23            1.000         1.000         1.000         1.000         1.000
 U24            1.000         1.000         1.000         1.000         1.000
 U25            1.000         1.000         1.000         1.000         1.000
 U26            1.000         1.000         1.000         1.000         1.000


           Covariance Coverage
              U6            U7            U8            U9            U10
              ________      ________      ________      ________      ________
 U6             1.000
 U7             1.000         1.000
 U8             1.000         1.000         1.000
 U9             1.000         1.000         1.000         1.000
 U10            1.000         1.000         1.000         1.000         1.000
 U11            1.000         1.000         1.000         1.000         1.000
 U12            1.000         1.000         1.000         1.000         1.000
 U13            1.000         1.000         1.000         1.000         1.000
 U14            1.000         1.000         1.000         1.000         1.000
 U15            1.000         1.000         1.000         1.000         1.000
 U16            1.000         1.000         1.000         1.000         1.000
 U17            1.000         1.000         1.000         1.000         1.000
 U18            1.000         1.000         1.000         1.000         1.000
 U19            1.000         1.000         1.000         1.000         1.000
 U20            1.000         1.000         1.000         1.000         1.000
 U21            1.000         1.000         1.000         1.000         1.000
 U22            1.000         1.000         1.000         1.000         1.000
 U23            1.000         1.000         1.000         1.000         1.000
 U24            1.000         1.000         1.000         1.000         1.000
 U25            1.000         1.000         1.000         1.000         1.000
 U26            1.000         1.000         1.000         1.000         1.000


           Covariance Coverage
              U11           U12           U13           U14           U15
              ________      ________      ________      ________      ________
 U11            1.000
 U12            1.000         1.000
 U13            1.000         1.000         1.000
 U14            1.000         1.000         1.000         1.000
 U15            1.000         1.000         1.000         1.000         1.000
 U16            1.000         1.000         1.000         1.000         1.000
 U17            1.000         1.000         1.000         1.000         1.000
 U18            1.000         1.000         1.000         1.000         1.000
 U19            1.000         1.000         1.000         1.000         1.000
 U20            1.000         1.000         1.000         1.000         1.000
 U21            1.000         1.000         1.000         1.000         1.000
 U22            1.000         1.000         1.000         1.000         1.000
 U23            1.000         1.000         1.000         1.000         1.000
 U24            1.000         1.000         1.000         1.000         1.000
 U25            1.000         1.000         1.000         1.000         1.000
 U26            1.000         1.000         1.000         1.000         1.000


           Covariance Coverage
              U16           U17           U18           U19           U20
              ________      ________      ________      ________      ________
 U16            1.000
 U17            1.000         1.000
 U18            1.000         1.000         1.000
 U19            1.000         1.000         1.000         1.000
 U20            1.000         1.000         1.000         1.000         1.000
 U21            1.000         1.000         1.000         1.000         1.000
 U22            1.000         1.000         1.000         1.000         1.000
 U23            1.000         1.000         1.000         1.000         1.000
 U24            1.000         1.000         1.000         1.000         1.000
 U25            1.000         1.000         1.000         1.000         1.000
 U26            1.000         1.000         1.000         1.000         1.000


           Covariance Coverage
              U21           U22           U23           U24           U25
              ________      ________      ________      ________      ________
 U21            1.000
 U22            1.000         1.000
 U23            1.000         1.000         1.000
 U24            1.000         1.000         1.000         1.000
 U25            1.000         1.000         1.000         1.000         1.000
 U26            1.000         1.000         1.000         1.000         1.000


           Covariance Coverage
              U26
              ________
 U26            1.000


UNIVARIATE PROPORTIONS AND COUNTS FOR CATEGORICAL VARIABLES

    U1
      Category 1    0.036           28.000
      Category 2    0.100           78.000
      Category 3    0.263          206.000
      Category 4    0.338          265.000
      Category 5    0.263          206.000
    U2
      Category 1    0.303          237.000
      Category 2    0.243          190.000
      Category 3    0.207          162.000
      Category 4    0.153          120.000
      Category 5    0.095           74.000
    U3
      Category 1    0.078           61.000
      Category 2    0.140          110.000
      Category 3    0.335          262.000
      Category 4    0.332          260.000
      Category 5    0.115           90.000
    U4
      Category 1    0.338          265.000
      Category 2    0.261          204.000
      Category 3    0.178          139.000
      Category 4    0.142          111.000
      Category 5    0.082           64.000
    U5
      Category 1    0.149          117.000
      Category 2    0.282          221.000
      Category 3    0.292          229.000
      Category 4    0.192          150.000
      Category 5    0.084           66.000
    U6
      Category 1    0.223          175.000
      Category 2    0.254          199.000
      Category 3    0.226          177.000
      Category 4    0.186          146.000
      Category 5    0.110           86.000
    U7
      Category 1    0.267          209.000
      Category 2    0.250          196.000
      Category 3    0.250          196.000
      Category 4    0.157          123.000
      Category 5    0.075           59.000
    U8
      Category 1    0.198          155.000
      Category 2    0.216          169.000
      Category 3    0.236          185.000
      Category 4    0.235          184.000
      Category 5    0.115           90.000
    U9
      Category 1    0.042           33.000
      Category 2    0.117           92.000
      Category 3    0.312          244.000
      Category 4    0.356          279.000
      Category 5    0.172          135.000
    U10
      Category 1    0.223          175.000
      Category 2    0.258          202.000
      Category 3    0.290          227.000
      Category 4    0.176          138.000
      Category 5    0.052           41.000
    U11
      Category 1    0.201          157.000
      Category 2    0.268          210.000
      Category 3    0.232          182.000
      Category 4    0.207          162.000
      Category 5    0.092           72.000
    U12
      Category 1    0.169          132.000
      Category 2    0.318          249.000
      Category 3    0.268          210.000
      Category 4    0.180          141.000
      Category 5    0.065           51.000
    U13
      Category 1    0.276          216.000
      Category 2    0.238          186.000
      Category 3    0.192          150.000
      Category 4    0.195          153.000
      Category 5    0.100           78.000
    U14
      Category 1    0.034           27.000
      Category 2    0.109           85.000
      Category 3    0.303          237.000
      Category 4    0.364          285.000
      Category 5    0.190          149.000
    U15
      Category 1    0.089           70.000
      Category 2    0.199          156.000
      Category 3    0.321          251.000
      Category 4    0.278          218.000
      Category 5    0.112           88.000
    U16
      Category 1    0.179          140.000
      Category 2    0.249          195.000
      Category 3    0.215          168.000
      Category 4    0.244          191.000
      Category 5    0.114           89.000
    U17
      Category 1    0.040           31.000
      Category 2    0.155          121.000
      Category 3    0.346          271.000
      Category 4    0.342          268.000
      Category 5    0.117           92.000
    U18
      Category 1    0.197          154.000
      Category 2    0.232          182.000
      Category 3    0.235          184.000
      Category 4    0.232          182.000
      Category 5    0.103           81.000
    U19
      Category 1    0.153          120.000
      Category 2    0.284          222.000
      Category 3    0.313          245.000
      Category 4    0.178          139.000
      Category 5    0.073           57.000
    U20
      Category 1    0.301          236.000
      Category 2    0.284          222.000
      Category 3    0.241          189.000
      Category 4    0.119           93.000
      Category 5    0.055           43.000
    U21
      Category 1    0.160          125.000
      Category 2    0.254          199.000
      Category 3    0.308          241.000
      Category 4    0.199          156.000
      Category 5    0.079           62.000
    U22
      Category 1    0.134          105.000
      Category 2    0.250          196.000
      Category 3    0.321          251.000
      Category 4    0.223          175.000
      Category 5    0.072           56.000
    U23
      Category 1    0.140          110.000
      Category 2    0.290          227.000
      Category 3    0.319          250.000
      Category 4    0.180          141.000
      Category 5    0.070           55.000
    U24
      Category 1    0.433          339.000
      Category 2    0.294          230.000
      Category 3    0.151          118.000
      Category 4    0.083           65.000
      Category 5    0.040           31.000
    U25
      Category 1    0.299          234.000
      Category 2    0.197          154.000
      Category 3    0.202          158.000
      Category 4    0.213          167.000
      Category 5    0.089           70.000
    U26
      Category 1    0.115           90.000
      Category 2    0.292          229.000
      Category 3    0.338          265.000
      Category 4    0.197          154.000
      Category 5    0.057           45.000



     THIS ANALYSIS MAY HAVE MULTIPLE SOLUTIONS.  EXPLORE THIS USING RANDOM STARTS,
     FOR EXAMPLE, STARTS = 20.  USE A LARGE ENOUGH NUMBER OF STARTS SO THAT THE
     BEST FIT FUNCTION VALUE IS REPLICATED SEVERAL TIMES.


THE MODEL ESTIMATION TERMINATED NORMALLY



MODEL FIT INFORMATION

Number of Free Parameters                      156

Chi-Square Test of Model Fit

          Value                           5258.710*
          Degrees of Freedom                   273
          P-Value                           0.0000

*   The chi-square value for MLM, MLMV, MLR, ULSMV, WLSM and WLSMV cannot be used
    for chi-square difference testing in the regular way.  MLM, MLR and WLSM
    chi-square difference testing is described on the Mplus website.  MLMV, WLSMV,
    and ULSMV difference testing is done using the DIFFTEST option.

RMSEA (Root Mean Square Error Of Approximation)

          Estimate                           0.153
          90 Percent C.I.                    0.149  0.156
          Probability RMSEA <= .05           0.000

CFI/TLI

          CFI                                0.757
          TLI                                0.711

Chi-Square Test of Model Fit for the Baseline Model

          Value                          20854.792
          Degrees of Freedom                   325
          P-Value                           0.0000

SRMR (Standardized Root Mean Square Residual)

          Value                              0.118

Optimum Function Value for Weighted Least-Squares Estimator

          Value                     0.44012581D+01



MODEL RESULTS

                                                    Two-Tailed
                    Estimate       S.E.  Est./S.E.    P-Value

 FG       BY
    U1                 1.000      0.000    999.000    999.000
    U2                 1.998      0.138     14.489      0.000
    U3                -0.049      0.083     -0.585      0.559
    U4                 2.019      0.141     14.327      0.000
    U5                -0.320      0.085     -3.779      0.000
    U6                 2.016      0.140     14.385      0.000
    U7                 0.243      0.085      2.872      0.004
    U8                 1.543      0.101     15.346      0.000
    U9                -0.325      0.087     -3.740      0.000
    U10               -0.141      0.079     -1.784      0.074
    U11                1.520      0.103     14.708      0.000
    U12               -0.825      0.087     -9.486      0.000
    U13                1.696      0.125     13.613      0.000
    U14               -0.979      0.098     -9.977      0.000
    U15               -1.028      0.099    -10.380      0.000
    U16                1.579      0.107     14.720      0.000
    U17               -1.253      0.106    -11.827      0.000
    U18                1.758      0.128     13.717      0.000
    U19               -0.905      0.090    -10.018      0.000
    U20                1.501      0.118     12.737      0.000
    U21                1.205      0.095     12.704      0.000
    U22               -1.020      0.095    -10.684      0.000
    U23               -1.256      0.096    -13.118      0.000
    U24                1.594      0.122     13.035      0.000
    U25                1.893      0.135     13.975      0.000
    U26               -0.968      0.094    -10.301      0.000

 SJ       BY
    U1                 1.000      0.000    999.000    999.000
    U8                 1.239      0.112     11.064      0.000
    U11                0.940      0.082     11.531      0.000
    U16                0.919      0.077     11.869      0.000
    U21                0.869      0.093      9.311      0.000

 IS       BY
    U4                 1.000      0.000    999.000    999.000
    U13                5.345      1.571      3.402      0.001
    U18                4.174      1.094      3.816      0.000
    U25                1.267      0.362      3.498      0.000

 OI       BY
    U2                 1.000      0.000    999.000    999.000
    U6                -0.072      0.241     -0.299      0.765
    U20                1.915      0.483      3.964      0.000
    U24                2.628      0.769      3.417      0.001

 SK       BY
    U5                 1.000      0.000    999.000    999.000
    U12                1.014      0.034     30.020      0.000
    U19                1.031      0.033     31.421      0.000
    U23                0.676      0.034     19.848      0.000
    U26                0.783      0.035     22.436      0.000

 CU       BY
    U3                 1.000      0.000    999.000    999.000
    U7                 1.542      0.101     15.286      0.000
    U10                1.524      0.100     15.214      0.000
    U15                1.162      0.085     13.734      0.000

 MI       BY
    U9                 1.000      0.000    999.000    999.000
    U14                1.004      0.050     20.116      0.000
    U17                0.919      0.046     19.909      0.000
    U22                0.612      0.045     13.571      0.000

 FG       WITH
    SJ                 0.000      0.000    999.000    999.000
    IS                 0.000      0.000    999.000    999.000
    OI                 0.000      0.000    999.000    999.000
    SK                 0.000      0.000    999.000    999.000
    CU                 0.000      0.000    999.000    999.000
    MI                 0.000      0.000    999.000    999.000

 SJ       WITH
    IS                 0.000      0.000    999.000    999.000
    OI                 0.000      0.000    999.000    999.000
    SK                 0.000      0.000    999.000    999.000
    CU                 0.000      0.000    999.000    999.000
    MI                 0.000      0.000    999.000    999.000

 IS       WITH
    OI                 0.000      0.000    999.000    999.000
    SK                 0.000      0.000    999.000    999.000
    CU                 0.000      0.000    999.000    999.000
    MI                 0.000      0.000    999.000    999.000

 OI       WITH
    SK                 0.000      0.000    999.000    999.000
    CU                 0.000      0.000    999.000    999.000
    MI                 0.000      0.000    999.000    999.000

 SK       WITH
    CU                 0.000      0.000    999.000    999.000
    MI                 0.000      0.000    999.000    999.000

 CU       WITH
    MI                 0.000      0.000    999.000    999.000

 Thresholds
    U1$1              -1.802      0.084    -21.357      0.000
    U1$2              -1.101      0.056    -19.595      0.000
    U1$3              -0.257      0.045     -5.676      0.000
    U1$4               0.634      0.048     13.145      0.000
    U2$1              -0.517      0.047    -10.986      0.000
    U2$2               0.114      0.045      2.537      0.011
    U2$3               0.682      0.049     13.971      0.000
    U2$4               1.313      0.062     21.155      0.000
    U3$1              -1.419      0.066    -21.591      0.000
    U3$2              -0.778      0.050    -15.529      0.000
    U3$3               0.133      0.045      2.965      0.003
    U3$4               1.201      0.059     20.439      0.000
    U4$1              -0.417      0.046     -9.014      0.000
    U4$2               0.251      0.045      5.534      0.000
    U4$3               0.760      0.050     15.261      0.000
    U4$4               1.393      0.065     21.505      0.000
    U5$1              -1.039      0.055    -18.964      0.000
    U5$2              -0.172      0.045     -3.822      0.000
    U5$3               0.595      0.048     12.453      0.000
    U5$4               1.377      0.064     21.443      0.000
    U6$1              -0.760      0.050    -15.261      0.000
    U6$2              -0.056      0.045     -1.251      0.211
    U6$3               0.535      0.047     11.337      0.000
    U6$4               1.227      0.059     20.632      0.000
    U7$1              -0.622      0.048    -12.938      0.000
    U7$2               0.043      0.045      0.965      0.335
    U7$3               0.731      0.049     14.788      0.000
    U7$4               1.437      0.066     21.642      0.000
    U8$1              -0.849      0.051    -16.588      0.000
    U8$2              -0.218      0.045     -4.821      0.000
    U8$3               0.385      0.046      8.377      0.000
    U8$4               1.201      0.059     20.439      0.000
    U9$1              -1.726      0.080    -21.615      0.000
    U9$2              -0.996      0.054    -18.485      0.000
    U9$3              -0.072      0.045     -1.608      0.108
    U9$4               0.945      0.053     17.869      0.000
    U10$1             -0.760      0.050    -15.261      0.000
    U10$2             -0.046      0.045     -1.036      0.300
    U10$3              0.743      0.050     14.991      0.000
    U10$4              1.622      0.074     21.805      0.000
    U11$1             -0.840      0.051    -16.457      0.000
    U11$2             -0.079      0.045     -1.751      0.080
    U11$3              0.528      0.047     11.197      0.000
    U11$4              1.329      0.063     21.232      0.000
    U12$1             -0.960      0.053    -18.056      0.000
    U12$2             -0.034      0.045     -0.750      0.453
    U12$3              0.690      0.049     14.108      0.000
    U12$4              1.513      0.069     21.790      0.000
    U13$1             -0.595      0.048    -12.453      0.000
    U13$2              0.034      0.045      0.750      0.453
    U13$3              0.539      0.047     11.407      0.000
    U13$4              1.284      0.061     20.991      0.000
    U14$1             -1.819      0.085    -21.289      0.000
    U14$2             -1.067      0.055    -19.255      0.000
    U14$3             -0.136      0.045     -3.037      0.002
    U14$4              0.877      0.052     16.978      0.000
    U15$1             -1.344      0.063    -21.306      0.000
    U15$2             -0.557      0.047    -11.756      0.000
    U15$3              0.277      0.045      6.103      0.000
    U15$4              1.214      0.059     20.536      0.000
    U16$1             -0.920      0.052    -17.554      0.000
    U16$2             -0.182      0.045     -4.036      0.000
    U16$3              0.365      0.046      7.951      0.000
    U16$4              1.207      0.059     20.488      0.000
    U17$1             -1.755      0.082    -21.527      0.000
    U17$2             -0.863      0.051    -16.783      0.000
    U17$3              0.101      0.045      2.251      0.024
    U17$4              1.188      0.058     20.339      0.000
    U18$1             -0.854      0.051    -16.653      0.000
    U18$2             -0.179      0.045     -3.965      0.000
    U18$3              0.424      0.046      9.155      0.000
    U18$4              1.262      0.061     20.861      0.000
    U19$1             -1.023      0.054    -18.786      0.000
    U19$2             -0.159      0.045     -3.537      0.000
    U19$3              0.673      0.049     13.834      0.000
    U19$4              1.455      0.067     21.688      0.000
    U20$1             -0.520      0.047    -11.056      0.000
    U20$2              0.215      0.045      4.750      0.000
    U20$3              0.940      0.053     17.806      0.000
    U20$4              1.599      0.073     21.821      0.000
    U21$1             -0.996      0.054    -18.485      0.000
    U21$2             -0.218      0.045     -4.821      0.000
    U21$3              0.588      0.048     12.314      0.000
    U21$4              1.411      0.065     21.563      0.000
    U22$1             -1.107      0.056    -19.650      0.000
    U22$2             -0.294      0.045     -6.459      0.000
    U22$3              0.539      0.047     11.407      0.000
    U22$4              1.465      0.067     21.709      0.000
    U23$1             -1.078      0.056    -19.369      0.000
    U23$2             -0.175      0.045     -3.893      0.000
    U23$3              0.673      0.049     13.834      0.000
    U23$4              1.474      0.068     21.728      0.000
    U24$1             -0.169      0.045     -3.751      0.000
    U24$2              0.603      0.048     12.591      0.000
    U24$3              1.162      0.058     20.134      0.000
    U24$4              1.755      0.082     21.527      0.000
    U25$1             -0.528      0.047    -11.197      0.000
    U25$2             -0.011      0.045     -0.250      0.802
    U25$3              0.517      0.047     10.986      0.000
    U25$4              1.344      0.063     21.306      0.000
    U26$1             -1.201      0.059    -20.439      0.000
    U26$2             -0.234      0.045     -5.177      0.000
    U26$3              0.661      0.049     13.628      0.000
    U26$4              1.576      0.072     21.826      0.000

 Variances
    FG                 0.174      0.024      7.129      0.000
    SJ                 0.225      0.033      6.837      0.000
    IS                 0.013      0.007      1.857      0.063
    OI                 0.030      0.013      2.316      0.021
    SK                 0.539      0.028     19.203      0.000
    CU                 0.253      0.031      8.281      0.000
    MI                 0.461      0.035     13.242      0.000


STANDARDIZED MODEL RESULTS


STDYX Standardization

                                                    Two-Tailed
                    Estimate       S.E.  Est./S.E.    P-Value

 FG       BY
    U1                 0.417      0.029     14.258      0.000
    U2                 0.834      0.015     54.674      0.000
    U3                -0.020      0.035     -0.589      0.556
    U4                 0.843      0.014     59.068      0.000
    U5                -0.134      0.034     -3.872      0.000
    U6                 0.842      0.014     61.989      0.000
    U7                 0.101      0.035      2.906      0.004
    U8                 0.644      0.022     29.073      0.000
    U9                -0.135      0.034     -3.928      0.000
    U10               -0.059      0.032     -1.808      0.071
    U11                0.635      0.022     28.609      0.000
    U12               -0.344      0.030    -11.575      0.000
    U13                0.708      0.020     34.777      0.000
    U14               -0.409      0.029    -13.881      0.000
    U15               -0.429      0.028    -15.475      0.000
    U16                0.659      0.021     31.112      0.000
    U17               -0.523      0.026    -20.323      0.000
    U18                0.734      0.019     39.120      0.000
    U19               -0.378      0.029    -12.886      0.000
    U20                0.627      0.024     26.218      0.000
    U21                0.503      0.027     18.964      0.000
    U22               -0.426      0.029    -14.862      0.000
    U23               -0.524      0.027    -19.433      0.000
    U24                0.665      0.023     28.347      0.000
    U25                0.790      0.017     46.923      0.000
    U26               -0.404      0.030    -13.256      0.000

 SJ       BY
    U1                 0.474      0.035     13.674      0.000
    U8                 0.588      0.030     19.517      0.000
    U11                0.446      0.030     15.096      0.000
    U16                0.436      0.027     15.934      0.000
    U21                0.412      0.034     11.945      0.000

 IS       BY
    U4                 0.112      0.030      3.715      0.000
    U13                0.598      0.061      9.789      0.000
    U18                0.467      0.050      9.278      0.000
    U25                0.142      0.031      4.504      0.000

 OI       BY
    U2                 0.173      0.037      4.631      0.000
    U6                -0.012      0.041     -0.306      0.760
    U20                0.332      0.062      5.309      0.000
    U24                0.455      0.076      5.973      0.000

 SK       BY
    U5                 0.734      0.019     38.406      0.000
    U12                0.745      0.018     42.016      0.000
    U19                0.757      0.017     43.858      0.000
    U23                0.497      0.023     21.314      0.000
    U26                0.575      0.023     25.123      0.000

 CU       BY
    U3                 0.503      0.030     16.562      0.000
    U7                 0.775      0.025     31.181      0.000
    U10                0.766      0.023     33.172      0.000
    U15                0.584      0.027     21.353      0.000

 MI       BY
    U9                 0.679      0.026     26.484      0.000
    U14                0.681      0.022     31.165      0.000
    U17                0.624      0.024     25.986      0.000
    U22                0.416      0.029     14.501      0.000

 FG       WITH
    SJ                 0.000      0.000    999.000    999.000
    IS                 0.000      0.000    999.000    999.000
    OI                 0.000      0.000    999.000    999.000
    SK                 0.000      0.000    999.000    999.000
    CU                 0.000      0.000    999.000    999.000
    MI                 0.000      0.000    999.000    999.000

 SJ       WITH
    IS                 0.000      0.000    999.000    999.000
    OI                 0.000      0.000    999.000    999.000
    SK                 0.000      0.000    999.000    999.000
    CU                 0.000      0.000    999.000    999.000
    MI                 0.000      0.000    999.000    999.000

 IS       WITH
    OI                 0.000      0.000    999.000    999.000
    SK                 0.000      0.000    999.000    999.000
    CU                 0.000      0.000    999.000    999.000
    MI                 0.000      0.000    999.000    999.000

 OI       WITH
    SK                 0.000      0.000    999.000    999.000
    CU                 0.000      0.000    999.000    999.000
    MI                 0.000      0.000    999.000    999.000

 SK       WITH
    CU                 0.000      0.000    999.000    999.000
    MI                 0.000      0.000    999.000    999.000

 CU       WITH
    MI                 0.000      0.000    999.000    999.000

 Thresholds
    U1$1              -1.802      0.084    -21.357      0.000
    U1$2              -1.101      0.056    -19.595      0.000
    U1$3              -0.257      0.045     -5.676      0.000
    U1$4               0.634      0.048     13.145      0.000
    U2$1              -0.517      0.047    -10.986      0.000
    U2$2               0.114      0.045      2.537      0.011
    U2$3               0.682      0.049     13.971      0.000
    U2$4               1.313      0.062     21.155      0.000
    U3$1              -1.419      0.066    -21.591      0.000
    U3$2              -0.778      0.050    -15.529      0.000
    U3$3               0.133      0.045      2.965      0.003
    U3$4               1.201      0.059     20.439      0.000
    U4$1              -0.417      0.046     -9.014      0.000
    U4$2               0.251      0.045      5.534      0.000
    U4$3               0.760      0.050     15.261      0.000
    U4$4               1.393      0.065     21.505      0.000
    U5$1              -1.039      0.055    -18.964      0.000
    U5$2              -0.172      0.045     -3.822      0.000
    U5$3               0.595      0.048     12.453      0.000
    U5$4               1.377      0.064     21.443      0.000
    U6$1              -0.760      0.050    -15.261      0.000
    U6$2              -0.056      0.045     -1.251      0.211
    U6$3               0.535      0.047     11.337      0.000
    U6$4               1.227      0.059     20.632      0.000
    U7$1              -0.622      0.048    -12.938      0.000
    U7$2               0.043      0.045      0.965      0.335
    U7$3               0.731      0.049     14.788      0.000
    U7$4               1.437      0.066     21.642      0.000
    U8$1              -0.849      0.051    -16.588      0.000
    U8$2              -0.218      0.045     -4.821      0.000
    U8$3               0.385      0.046      8.377      0.000
    U8$4               1.201      0.059     20.439      0.000
    U9$1              -1.726      0.080    -21.615      0.000
    U9$2              -0.996      0.054    -18.485      0.000
    U9$3              -0.072      0.045     -1.608      0.108
    U9$4               0.945      0.053     17.869      0.000
    U10$1             -0.760      0.050    -15.261      0.000
    U10$2             -0.046      0.045     -1.036      0.300
    U10$3              0.743      0.050     14.991      0.000
    U10$4              1.622      0.074     21.805      0.000
    U11$1             -0.840      0.051    -16.457      0.000
    U11$2             -0.079      0.045     -1.751      0.080
    U11$3              0.528      0.047     11.197      0.000
    U11$4              1.329      0.063     21.232      0.000
    U12$1             -0.960      0.053    -18.056      0.000
    U12$2             -0.034      0.045     -0.750      0.453
    U12$3              0.690      0.049     14.108      0.000
    U12$4              1.513      0.069     21.790      0.000
    U13$1             -0.595      0.048    -12.453      0.000
    U13$2              0.034      0.045      0.750      0.453
    U13$3              0.539      0.047     11.407      0.000
    U13$4              1.284      0.061     20.991      0.000
    U14$1             -1.819      0.085    -21.289      0.000
    U14$2             -1.067      0.055    -19.255      0.000
    U14$3             -0.136      0.045     -3.037      0.002
    U14$4              0.877      0.052     16.978      0.000
    U15$1             -1.344      0.063    -21.306      0.000
    U15$2             -0.557      0.047    -11.756      0.000
    U15$3              0.277      0.045      6.103      0.000
    U15$4              1.214      0.059     20.536      0.000
    U16$1             -0.920      0.052    -17.554      0.000
    U16$2             -0.182      0.045     -4.036      0.000
    U16$3              0.365      0.046      7.951      0.000
    U16$4              1.207      0.059     20.488      0.000
    U17$1             -1.755      0.082    -21.527      0.000
    U17$2             -0.863      0.051    -16.783      0.000
    U17$3              0.101      0.045      2.251      0.024
    U17$4              1.188      0.058     20.339      0.000
    U18$1             -0.854      0.051    -16.653      0.000
    U18$2             -0.179      0.045     -3.965      0.000
    U18$3              0.424      0.046      9.155      0.000
    U18$4              1.262      0.061     20.861      0.000
    U19$1             -1.023      0.054    -18.786      0.000
    U19$2             -0.159      0.045     -3.537      0.000
    U19$3              0.673      0.049     13.834      0.000
    U19$4              1.455      0.067     21.688      0.000
    U20$1             -0.520      0.047    -11.056      0.000
    U20$2              0.215      0.045      4.750      0.000
    U20$3              0.940      0.053     17.806      0.000
    U20$4              1.599      0.073     21.821      0.000
    U21$1             -0.996      0.054    -18.485      0.000
    U21$2             -0.218      0.045     -4.821      0.000
    U21$3              0.588      0.048     12.314      0.000
    U21$4              1.411      0.065     21.563      0.000
    U22$1             -1.107      0.056    -19.650      0.000
    U22$2             -0.294      0.045     -6.459      0.000
    U22$3              0.539      0.047     11.407      0.000
    U22$4              1.465      0.067     21.709      0.000
    U23$1             -1.078      0.056    -19.369      0.000
    U23$2             -0.175      0.045     -3.893      0.000
    U23$3              0.673      0.049     13.834      0.000
    U23$4              1.474      0.068     21.728      0.000
    U24$1             -0.169      0.045     -3.751      0.000
    U24$2              0.603      0.048     12.591      0.000
    U24$3              1.162      0.058     20.134      0.000
    U24$4              1.755      0.082     21.527      0.000
    U25$1             -0.528      0.047    -11.197      0.000
    U25$2             -0.011      0.045     -0.250      0.802
    U25$3              0.517      0.047     10.986      0.000
    U25$4              1.344      0.063     21.306      0.000
    U26$1             -1.201      0.059    -20.439      0.000
    U26$2             -0.234      0.045     -5.177      0.000
    U26$3              0.661      0.049     13.628      0.000
    U26$4              1.576      0.072     21.826      0.000

 Variances
    FG                 1.000      0.000    999.000    999.000
    SJ                 1.000      0.000    999.000    999.000
    IS                 1.000      0.000    999.000    999.000
    OI                 1.000      0.000    999.000    999.000
    SK                 1.000      0.000    999.000    999.000
    CU                 1.000      0.000    999.000    999.000
    MI                 1.000      0.000    999.000    999.000


R-SQUARE

    Observed                                        Two-Tailed   Residual
    Variable        Estimate       S.E.  Est./S.E.    P-Value    Variance

    U1                 0.399      0.033     12.042      0.000      0.601
    U2                 0.726      0.025     29.470      0.000      0.274
    U3                 0.253      0.030      8.313      0.000      0.747
    U4                 0.723      0.022     32.343      0.000      0.277
    U5                 0.557      0.027     20.535      0.000      0.443
    U6                 0.708      0.023     30.698      0.000      0.292
    U7                 0.611      0.039     15.855      0.000      0.389
    U8                 0.760      0.029     26.254      0.000      0.240
    U9                 0.479      0.033     14.443      0.000      0.521
    U10                0.590      0.035     16.750      0.000      0.410
    U11                0.601      0.028     21.697      0.000      0.399
    U12                0.673      0.022     30.793      0.000      0.327
    U13                0.859      0.067     12.820      0.000      0.141
    U14                0.631      0.027     23.224      0.000      0.369
    U15                0.525      0.034     15.532      0.000      0.475
    U16                0.624      0.027     23.506      0.000      0.376
    U17                0.663      0.027     24.222      0.000      0.337
    U18                0.757      0.043     17.743      0.000      0.243
    U19                0.716      0.022     33.254      0.000      0.284
    U20                0.502      0.043     11.659      0.000      0.498
    U21                0.423      0.031     13.830      0.000      0.577
    U22                0.354      0.029     12.280      0.000      0.646
    U23                0.521      0.028     18.319      0.000      0.479
    U24                0.650      0.067      9.732      0.000      0.350
    U25                0.645      0.025     25.804      0.000      0.355
    U26                0.494      0.027     18.125      0.000      0.506


QUALITY OF NUMERICAL RESULTS

     Condition Number for the Information Matrix              0.357E-06
       (ratio of smallest to largest eigenvalue)


CONFIDENCE INTERVALS OF MODEL RESULTS

                  Lower .5%  Lower 2.5%    Lower 5%    Estimate    Upper 5%  Upper 2.5%   Upper .5%

 FG       BY
    U1               1.000       1.000       1.000       1.000       1.000       1.000       1.000
    U2               1.643       1.728       1.771       1.998       2.225       2.268       2.353
    U3              -0.264      -0.212      -0.186      -0.049       0.089       0.115       0.166
    U4               1.656       1.742       1.787       2.019       2.250       2.295       2.381
    U5              -0.538      -0.486      -0.459      -0.320      -0.181      -0.154      -0.102
    U6               1.655       1.741       1.785       2.016       2.246       2.291       2.377
    U7               0.025       0.077       0.104       0.243       0.382       0.409       0.461
    U8               1.284       1.346       1.377       1.543       1.708       1.740       1.802
    U9              -0.548      -0.495      -0.467      -0.325      -0.182      -0.154      -0.101
    U10             -0.343      -0.295      -0.270      -0.141      -0.011       0.014       0.062
    U11              1.254       1.318       1.350       1.520       1.690       1.723       1.787
    U12             -1.049      -0.995      -0.968      -0.825      -0.682      -0.654      -0.601
    U13              1.375       1.452       1.491       1.696       1.901       1.940       2.017
    U14             -1.232      -1.172      -1.141      -0.979      -0.818      -0.787      -0.727
    U15             -1.283      -1.222      -1.191      -1.028      -0.865      -0.834      -0.773
    U16              1.302       1.368       1.402       1.579       1.755       1.789       1.855
    U17             -1.526      -1.461      -1.427      -1.253      -1.079      -1.045      -0.980
    U18              1.428       1.507       1.548       1.758       1.969       2.010       2.089
    U19             -1.137      -1.082      -1.053      -0.905      -0.756      -0.728      -0.672
    U20              1.197       1.270       1.307       1.501       1.695       1.732       1.804
    U21              0.961       1.019       1.049       1.205       1.361       1.391       1.449
    U22             -1.266      -1.207      -1.177      -1.020      -0.863      -0.833      -0.774
    U23             -1.502      -1.443      -1.413      -1.256      -1.098      -1.068      -1.009
    U24              1.279       1.354       1.392       1.594       1.795       1.833       1.908
    U25              1.544       1.628       1.671       1.893       2.116       2.159       2.242
    U26             -1.210      -1.152      -1.122      -0.968      -0.813      -0.784      -0.726

 SJ       BY
    U1               1.000       1.000       1.000       1.000       1.000       1.000       1.000
    U8               0.951       1.020       1.055       1.239       1.424       1.459       1.528
    U11              0.730       0.780       0.806       0.940       1.074       1.100       1.150
    U16              0.720       0.767       0.792       0.919       1.046       1.071       1.119
    U21              0.628       0.686       0.715       0.869       1.022       1.052       1.109

 IS       BY
    U4               1.000       1.000       1.000       1.000       1.000       1.000       1.000
    U13              1.298       2.265       2.760       5.345       7.929       8.424       9.391
    U18              1.357       2.030       2.375       4.174       5.973       6.318       6.991
    U25              0.334       0.557       0.671       1.267       1.863       1.977       2.200

 OI       BY
    U2               1.000       1.000       1.000       1.000       1.000       1.000       1.000
    U6              -0.693      -0.545      -0.469      -0.072       0.325       0.400       0.549
    U20              0.671       0.968       1.120       1.915       2.710       2.862       3.159
    U24              0.647       1.121       1.363       2.628       3.894       4.136       4.610

 SK       BY
    U5               1.000       1.000       1.000       1.000       1.000       1.000       1.000
    U12              0.927       0.948       0.958       1.014       1.070       1.080       1.101
    U19              0.947       0.967       0.977       1.031       1.085       1.096       1.116
    U23              0.589       0.610       0.620       0.676       0.732       0.743       0.764
    U26              0.693       0.715       0.726       0.783       0.841       0.852       0.873

 CU       BY
    U3               1.000       1.000       1.000       1.000       1.000       1.000       1.000
    U7               1.282       1.345       1.376       1.542       1.708       1.740       1.802
    U10              1.266       1.328       1.359       1.524       1.689       1.720       1.782
    U15              0.944       0.996       1.023       1.162       1.301       1.327       1.380

 MI       BY
    U9               1.000       1.000       1.000       1.000       1.000       1.000       1.000
    U14              0.875       0.906       0.922       1.004       1.086       1.101       1.132
    U17              0.800       0.829       0.843       0.919       0.995       1.009       1.038
    U22              0.496       0.524       0.538       0.612       0.687       0.701       0.729

 FG       WITH
    SJ               0.000       0.000       0.000       0.000       0.000       0.000       0.000
    IS               0.000       0.000       0.000       0.000       0.000       0.000       0.000
    OI               0.000       0.000       0.000       0.000       0.000       0.000       0.000
    SK               0.000       0.000       0.000       0.000       0.000       0.000       0.000
    CU               0.000       0.000       0.000       0.000       0.000       0.000       0.000
    MI               0.000       0.000       0.000       0.000       0.000       0.000       0.000

 SJ       WITH
    IS               0.000       0.000       0.000       0.000       0.000       0.000       0.000
    OI               0.000       0.000       0.000       0.000       0.000       0.000       0.000
    SK               0.000       0.000       0.000       0.000       0.000       0.000       0.000
    CU               0.000       0.000       0.000       0.000       0.000       0.000       0.000
    MI               0.000       0.000       0.000       0.000       0.000       0.000       0.000

 IS       WITH
    OI               0.000       0.000       0.000       0.000       0.000       0.000       0.000
    SK               0.000       0.000       0.000       0.000       0.000       0.000       0.000
    CU               0.000       0.000       0.000       0.000       0.000       0.000       0.000
    MI               0.000       0.000       0.000       0.000       0.000       0.000       0.000

 OI       WITH
    SK               0.000       0.000       0.000       0.000       0.000       0.000       0.000
    CU               0.000       0.000       0.000       0.000       0.000       0.000       0.000
    MI               0.000       0.000       0.000       0.000       0.000       0.000       0.000

 SK       WITH
    CU               0.000       0.000       0.000       0.000       0.000       0.000       0.000
    MI               0.000       0.000       0.000       0.000       0.000       0.000       0.000

 CU       WITH
    MI               0.000       0.000       0.000       0.000       0.000       0.000       0.000

 Thresholds
    U1$1            -2.020      -1.968      -1.941      -1.802      -1.663      -1.637      -1.585
    U1$2            -1.246      -1.211      -1.194      -1.101      -1.009      -0.991      -0.957
    U1$3            -0.374      -0.346      -0.332      -0.257      -0.183      -0.168      -0.141
    U1$4             0.510       0.539       0.555       0.634       0.713       0.728       0.758
    U2$1            -0.638      -0.609      -0.594      -0.517      -0.439      -0.425      -0.396
    U2$2            -0.002       0.026       0.040       0.114       0.188       0.202       0.230
    U2$3             0.556       0.586       0.601       0.682       0.762       0.777       0.807
    U2$4             1.154       1.192       1.211       1.313       1.416       1.435       1.473
    U3$1            -1.589      -1.548      -1.527      -1.419      -1.311      -1.290      -1.250
    U3$2            -0.907      -0.876      -0.860      -0.778      -0.695      -0.679      -0.649
    U3$3             0.018       0.045       0.059       0.133       0.207       0.221       0.249
    U3$4             1.049       1.086       1.104       1.201       1.297       1.316       1.352
    U4$1            -0.536      -0.507      -0.493      -0.417      -0.341      -0.326      -0.298
    U4$2             0.134       0.162       0.176       0.251       0.325       0.340       0.367
    U4$3             0.632       0.663       0.678       0.760       0.842       0.858       0.889
    U4$4             1.227       1.266       1.287       1.393       1.500       1.520       1.560
    U5$1            -1.180      -1.146      -1.129      -1.039      -0.949      -0.932      -0.898
    U5$2            -0.288      -0.260      -0.246      -0.172      -0.098      -0.084      -0.056
    U5$3             0.472       0.501       0.517       0.595       0.674       0.689       0.718
    U5$4             1.211       1.251       1.271       1.377       1.482       1.503       1.542
    U6$1            -0.889      -0.858      -0.842      -0.760      -0.678      -0.663      -0.632
    U6$2            -0.171      -0.144      -0.130      -0.056       0.018       0.032       0.059
    U6$3             0.414       0.443       0.457       0.535       0.613       0.628       0.657
    U6$4             1.074       1.111       1.130       1.227       1.325       1.344       1.381
    U7$1            -0.746      -0.716      -0.701      -0.622      -0.543      -0.528      -0.498
    U7$2            -0.072      -0.045      -0.030       0.043       0.117       0.131       0.159
    U7$3             0.604       0.634       0.650       0.731       0.812       0.828       0.858
    U7$4             1.266       1.307       1.328       1.437       1.546       1.567       1.608
    U8$1            -0.981      -0.949      -0.933      -0.849      -0.765      -0.749      -0.717
    U8$2            -0.334      -0.306      -0.292      -0.218      -0.143      -0.129      -0.101
    U8$3             0.267       0.295       0.310       0.385       0.461       0.476       0.504
    U8$4             1.049       1.086       1.104       1.201       1.297       1.316       1.352
    U9$1            -1.932      -1.883      -1.858      -1.726      -1.595      -1.570      -1.521
    U9$2            -1.135      -1.102      -1.085      -0.996      -0.907      -0.890      -0.857
    U9$3            -0.188      -0.160      -0.146      -0.072       0.002       0.016       0.043
    U9$4             0.808       0.841       0.858       0.945       1.032       1.048       1.081
    U10$1           -0.889      -0.858      -0.842      -0.760      -0.678      -0.663      -0.632
    U10$2           -0.162      -0.134      -0.120      -0.046       0.027       0.041       0.069
    U10$3            0.616       0.646       0.662       0.743       0.825       0.841       0.871
    U10$4            1.431       1.477       1.500       1.622       1.745       1.768       1.814
    U11$1           -0.971      -0.940      -0.924      -0.840      -0.756      -0.740      -0.708
    U11$2           -0.194      -0.166      -0.152      -0.079      -0.005       0.009       0.037
    U11$3            0.406       0.435       0.450       0.528       0.605       0.620       0.649
    U11$4            1.168       1.206       1.226       1.329       1.432       1.451       1.490
    U12$1           -1.097      -1.064      -1.047      -0.960      -0.872      -0.856      -0.823
    U12$2           -0.149      -0.121      -0.107      -0.034       0.040       0.054       0.082
    U12$3            0.564       0.594       0.609       0.690       0.770       0.785       0.816
    U12$4            1.334       1.377       1.399       1.513       1.627       1.649       1.692
    U13$1           -0.718      -0.689      -0.674      -0.595      -0.517      -0.501      -0.472
    U13$2           -0.082      -0.054      -0.040       0.034       0.107       0.121       0.149
    U13$3            0.417       0.446       0.461       0.539       0.616       0.631       0.660
    U13$4            1.126       1.164       1.183       1.284       1.384       1.404       1.441
    U14$1           -2.039      -1.986      -1.959      -1.819      -1.678      -1.651      -1.599
    U14$2           -1.209      -1.175      -1.158      -1.067      -0.976      -0.958      -0.924
    U14$3           -0.252      -0.225      -0.210      -0.136      -0.063      -0.048      -0.021
    U14$4            0.744       0.776       0.792       0.877       0.962       0.978       1.010
    U15$1           -1.507      -1.468      -1.448      -1.344      -1.241      -1.221      -1.182
    U15$2           -0.680      -0.650      -0.635      -0.557      -0.479      -0.464      -0.435
    U15$3            0.160       0.188       0.203       0.277       0.352       0.366       0.394
    U15$4            1.062       1.098       1.117       1.214       1.311       1.330       1.366
    U16$1           -1.055      -1.023      -1.006      -0.920      -0.834      -0.817      -0.785
    U16$2           -0.298      -0.270      -0.256      -0.182      -0.108      -0.094      -0.066
    U16$3            0.247       0.275       0.289       0.365       0.440       0.455       0.483
    U16$4            1.055       1.092       1.110       1.207       1.304       1.323       1.359
    U17$1           -1.965      -1.915      -1.890      -1.755      -1.621      -1.596      -1.545
    U17$2           -0.995      -0.964      -0.947      -0.863      -0.778      -0.762      -0.730
    U17$3           -0.015       0.013       0.027       0.101       0.175       0.189       0.217
    U17$4            1.037       1.073       1.092       1.188       1.284       1.302       1.338
    U18$1           -0.986      -0.954      -0.938      -0.854      -0.769      -0.753      -0.722
    U18$2           -0.295      -0.267      -0.253      -0.179      -0.105      -0.090      -0.063
    U18$3            0.304       0.333       0.348       0.424       0.500       0.514       0.543
    U18$4            1.106       1.144       1.163       1.262       1.362       1.381       1.418
    U19$1           -1.163      -1.129      -1.112      -1.023      -0.933      -0.916      -0.882
    U19$2           -0.275      -0.247      -0.233      -0.159      -0.085      -0.071      -0.043
    U19$3            0.548       0.578       0.593       0.673       0.754       0.769       0.799
    U19$4            1.282       1.324       1.345       1.455       1.566       1.587       1.628
    U20$1           -0.642      -0.613      -0.598      -0.520      -0.443      -0.428      -0.399
    U20$2            0.098       0.126       0.140       0.215       0.289       0.303       0.331
    U20$3            0.804       0.836       0.853       0.940       1.026       1.043       1.076
    U20$4            1.410       1.455       1.478       1.599       1.719       1.743       1.788
    U21$1           -1.135      -1.102      -1.085      -0.996      -0.907      -0.890      -0.857
    U21$2           -0.334      -0.306      -0.292      -0.218      -0.143      -0.129      -0.101
    U21$3            0.465       0.494       0.509       0.588       0.666       0.681       0.710
    U21$4            1.242       1.282       1.303       1.411       1.518       1.539       1.579
    U22$1           -1.252      -1.218      -1.200      -1.107      -1.015      -0.997      -0.962
    U22$2           -0.411      -0.383      -0.369      -0.294      -0.219      -0.205      -0.177
    U22$3            0.417       0.446       0.461       0.539       0.616       0.631       0.660
    U22$4            1.291       1.332       1.354       1.465       1.576       1.597       1.638
    U23$1           -1.222      -1.187      -1.170      -1.078      -0.987      -0.969      -0.935
    U23$2           -0.291      -0.264      -0.249      -0.175      -0.101      -0.087      -0.059
    U23$3            0.548       0.578       0.593       0.673       0.754       0.769       0.799
    U23$4            1.299       1.341       1.362       1.474       1.586       1.607       1.649
    U24$1           -0.285      -0.257      -0.243      -0.169      -0.095      -0.081      -0.053
    U24$2            0.480       0.509       0.524       0.603       0.682       0.697       0.726
    U24$3            1.013       1.049       1.067       1.162       1.257       1.275       1.311
    U24$4            1.545       1.596       1.621       1.755       1.890       1.915       1.965
    U25$1           -0.649      -0.620      -0.605      -0.528      -0.450      -0.435      -0.406
    U25$2           -0.127      -0.099      -0.085      -0.011       0.062       0.077       0.104
    U25$3            0.396       0.425       0.439       0.517       0.594       0.609       0.638
    U25$4            1.182       1.221       1.241       1.344       1.448       1.468       1.507
    U26$1           -1.352      -1.316      -1.297      -1.201      -1.104      -1.086      -1.049
    U26$2           -0.351      -0.323      -0.309      -0.234      -0.160      -0.146      -0.118
    U26$3            0.536       0.566       0.582       0.661       0.741       0.757       0.787
    U26$4            1.390       1.435       1.458       1.576       1.695       1.718       1.762

 Variances
    FG               0.111       0.126       0.134       0.174       0.214       0.222       0.237
    SJ               0.140       0.160       0.171       0.225       0.279       0.289       0.309
    IS              -0.005      -0.001       0.001       0.013       0.024       0.026       0.030
    OI              -0.003       0.005       0.009       0.030       0.051       0.055       0.063
    SK               0.467       0.484       0.493       0.539       0.585       0.594       0.612
    CU               0.174       0.193       0.202       0.253       0.303       0.312       0.331
    MI               0.371       0.393       0.404       0.461       0.518       0.529       0.551


CONFIDENCE INTERVALS OF STANDARDIZED MODEL RESULTS


STDYX Standardization

                  Lower .5%  Lower 2.5%    Lower 5%    Estimate    Upper 5%  Upper 2.5%   Upper .5%

 FG       BY
    U1               0.342       0.360       0.369       0.417       0.466       0.475       0.493
    U2               0.795       0.804       0.809       0.834       0.859       0.864       0.873
    U3              -0.110      -0.088      -0.077      -0.020       0.037       0.047       0.069
    U4               0.806       0.815       0.819       0.843       0.866       0.871       0.879
    U5              -0.222      -0.201      -0.190      -0.134      -0.077      -0.066      -0.045
    U6               0.807       0.815       0.819       0.842       0.864       0.868       0.877
    U7               0.012       0.033       0.044       0.101       0.159       0.170       0.191
    U8               0.587       0.601       0.608       0.644       0.680       0.687       0.701
    U9              -0.224      -0.203      -0.192      -0.135      -0.079      -0.068      -0.047
    U10             -0.142      -0.122      -0.112      -0.059      -0.005       0.005       0.025
    U11              0.578       0.591       0.598       0.635       0.671       0.678       0.692
    U12             -0.421      -0.403      -0.393      -0.344      -0.295      -0.286      -0.268
    U13              0.656       0.668       0.675       0.708       0.742       0.748       0.760
    U14             -0.485      -0.467      -0.457      -0.409      -0.360      -0.351      -0.333
    U15             -0.501      -0.484      -0.475      -0.429      -0.384      -0.375      -0.358
    U16              0.604       0.618       0.624       0.659       0.694       0.701       0.714
    U17             -0.589      -0.574      -0.565      -0.523      -0.481      -0.473      -0.457
    U18              0.686       0.697       0.703       0.734       0.765       0.771       0.782
    U19             -0.453      -0.435      -0.426      -0.378      -0.329      -0.320      -0.302
    U20              0.565       0.580       0.587       0.627       0.666       0.673       0.688
    U21              0.435       0.451       0.459       0.503       0.547       0.555       0.571
    U22             -0.499      -0.482      -0.473      -0.426      -0.379      -0.370      -0.352
    U23             -0.594      -0.577      -0.569      -0.524      -0.480      -0.471      -0.455
    U24              0.605       0.619       0.627       0.665       0.704       0.711       0.726
    U25              0.747       0.757       0.763       0.790       0.818       0.823       0.834
    U26             -0.482      -0.464      -0.454      -0.404      -0.354      -0.344      -0.325

 SJ       BY
    U1               0.385       0.406       0.417       0.474       0.531       0.542       0.563
    U8               0.510       0.529       0.538       0.588       0.637       0.647       0.665
    U11              0.370       0.388       0.397       0.446       0.494       0.504       0.522
    U16              0.365       0.382       0.391       0.436       0.481       0.489       0.506
    U21              0.323       0.344       0.355       0.412       0.468       0.479       0.501

 IS       BY
    U4               0.034       0.053       0.062       0.112       0.161       0.171       0.189
    U13              0.441       0.478       0.498       0.598       0.698       0.718       0.755
    U18              0.337       0.368       0.384       0.467       0.550       0.566       0.597
    U25              0.061       0.080       0.090       0.142       0.194       0.203       0.223

 OI       BY
    U2               0.077       0.100       0.112       0.173       0.235       0.246       0.269
    U6              -0.118      -0.093      -0.080      -0.012       0.055       0.068       0.093
    U20              0.171       0.209       0.229       0.332       0.434       0.454       0.492
    U24              0.259       0.306       0.330       0.455       0.580       0.604       0.651

 SK       BY
    U5               0.685       0.697       0.703       0.734       0.766       0.772       0.784
    U12              0.699       0.710       0.715       0.745       0.774       0.779       0.790
    U19              0.713       0.723       0.729       0.757       0.786       0.791       0.802
    U23              0.437       0.451       0.458       0.497       0.535       0.542       0.557
    U26              0.516       0.530       0.537       0.575       0.613       0.620       0.634

 CU       BY
    U3               0.424       0.443       0.453       0.503       0.553       0.562       0.581
    U7               0.711       0.726       0.734       0.775       0.816       0.824       0.839
    U10              0.707       0.721       0.728       0.766       0.804       0.811       0.826
    U15              0.513       0.530       0.539       0.584       0.629       0.638       0.654

 MI       BY
    U9               0.613       0.629       0.637       0.679       0.721       0.729       0.745
    U14              0.625       0.638       0.645       0.681       0.717       0.724       0.738
    U17              0.562       0.577       0.584       0.624       0.663       0.671       0.686
    U22              0.342       0.360       0.369       0.416       0.463       0.472       0.490

 FG       WITH
    SJ               0.000       0.000       0.000       0.000       0.000       0.000       0.000
    IS               0.000       0.000       0.000       0.000       0.000       0.000       0.000
    OI               0.000       0.000       0.000       0.000       0.000       0.000       0.000
    SK               0.000       0.000       0.000       0.000       0.000       0.000       0.000
    CU               0.000       0.000       0.000       0.000       0.000       0.000       0.000
    MI               0.000       0.000       0.000       0.000       0.000       0.000       0.000

 SJ       WITH
    IS               0.000       0.000       0.000       0.000       0.000       0.000       0.000
    OI               0.000       0.000       0.000       0.000       0.000       0.000       0.000
    SK               0.000       0.000       0.000       0.000       0.000       0.000       0.000
    CU               0.000       0.000       0.000       0.000       0.000       0.000       0.000
    MI               0.000       0.000       0.000       0.000       0.000       0.000       0.000

 IS       WITH
    OI               0.000       0.000       0.000       0.000       0.000       0.000       0.000
    SK               0.000       0.000       0.000       0.000       0.000       0.000       0.000
    CU               0.000       0.000       0.000       0.000       0.000       0.000       0.000
    MI               0.000       0.000       0.000       0.000       0.000       0.000       0.000

 OI       WITH
    SK               0.000       0.000       0.000       0.000       0.000       0.000       0.000
    CU               0.000       0.000       0.000       0.000       0.000       0.000       0.000
    MI               0.000       0.000       0.000       0.000       0.000       0.000       0.000

 SK       WITH
    CU               0.000       0.000       0.000       0.000       0.000       0.000       0.000
    MI               0.000       0.000       0.000       0.000       0.000       0.000       0.000

 CU       WITH
    MI               0.000       0.000       0.000       0.000       0.000       0.000       0.000

 Thresholds
    U1$1            -2.020      -1.968      -1.941      -1.802      -1.663      -1.637      -1.585
    U1$2            -1.246      -1.211      -1.194      -1.101      -1.009      -0.991      -0.957
    U1$3            -0.374      -0.346      -0.332      -0.257      -0.183      -0.168      -0.141
    U1$4             0.510       0.539       0.555       0.634       0.713       0.728       0.758
    U2$1            -0.638      -0.609      -0.594      -0.517      -0.439      -0.425      -0.396
    U2$2            -0.002       0.026       0.040       0.114       0.188       0.202       0.230
    U2$3             0.556       0.586       0.601       0.682       0.762       0.777       0.807
    U2$4             1.154       1.192       1.211       1.313       1.416       1.435       1.473
    U3$1            -1.589      -1.548      -1.527      -1.419      -1.311      -1.290      -1.250
    U3$2            -0.907      -0.876      -0.860      -0.778      -0.695      -0.679      -0.649
    U3$3             0.018       0.045       0.059       0.133       0.207       0.221       0.249
    U3$4             1.049       1.086       1.104       1.201       1.297       1.316       1.352
    U4$1            -0.536      -0.507      -0.493      -0.417      -0.341      -0.326      -0.298
    U4$2             0.134       0.162       0.176       0.251       0.325       0.340       0.367
    U4$3             0.632       0.663       0.678       0.760       0.842       0.858       0.889
    U4$4             1.227       1.266       1.287       1.393       1.500       1.520       1.560
    U5$1            -1.180      -1.146      -1.129      -1.039      -0.949      -0.932      -0.898
    U5$2            -0.288      -0.260      -0.246      -0.172      -0.098      -0.084      -0.056
    U5$3             0.472       0.501       0.517       0.595       0.674       0.689       0.718
    U5$4             1.211       1.251       1.271       1.377       1.482       1.503       1.542
    U6$1            -0.889      -0.858      -0.842      -0.760      -0.678      -0.663      -0.632
    U6$2            -0.171      -0.144      -0.130      -0.056       0.018       0.032       0.059
    U6$3             0.414       0.443       0.457       0.535       0.613       0.628       0.657
    U6$4             1.074       1.111       1.130       1.227       1.325       1.344       1.381
    U7$1            -0.746      -0.716      -0.701      -0.622      -0.543      -0.528      -0.498
    U7$2            -0.072      -0.045      -0.030       0.043       0.117       0.131       0.159
    U7$3             0.604       0.634       0.650       0.731       0.812       0.828       0.858
    U7$4             1.266       1.307       1.328       1.437       1.546       1.567       1.608
    U8$1            -0.981      -0.949      -0.933      -0.849      -0.765      -0.749      -0.717
    U8$2            -0.334      -0.306      -0.292      -0.218      -0.143      -0.129      -0.101
    U8$3             0.267       0.295       0.310       0.385       0.461       0.476       0.504
    U8$4             1.049       1.086       1.104       1.201       1.297       1.316       1.352
    U9$1            -1.932      -1.883      -1.858      -1.726      -1.595      -1.570      -1.521
    U9$2            -1.135      -1.102      -1.085      -0.996      -0.907      -0.890      -0.857
    U9$3            -0.188      -0.160      -0.146      -0.072       0.002       0.016       0.043
    U9$4             0.808       0.841       0.858       0.945       1.032       1.048       1.081
    U10$1           -0.889      -0.858      -0.842      -0.760      -0.678      -0.663      -0.632
    U10$2           -0.162      -0.134      -0.120      -0.046       0.027       0.041       0.069
    U10$3            0.616       0.646       0.662       0.743       0.825       0.841       0.871
    U10$4            1.431       1.477       1.500       1.622       1.745       1.768       1.814
    U11$1           -0.971      -0.940      -0.924      -0.840      -0.756      -0.740      -0.708
    U11$2           -0.194      -0.166      -0.152      -0.079      -0.005       0.009       0.037
    U11$3            0.406       0.435       0.450       0.528       0.605       0.620       0.649
    U11$4            1.168       1.206       1.226       1.329       1.432       1.451       1.490
    U12$1           -1.097      -1.064      -1.047      -0.960      -0.872      -0.856      -0.823
    U12$2           -0.149      -0.121      -0.107      -0.034       0.040       0.054       0.082
    U12$3            0.564       0.594       0.609       0.690       0.770       0.785       0.816
    U12$4            1.334       1.377       1.399       1.513       1.627       1.649       1.692
    U13$1           -0.718      -0.689      -0.674      -0.595      -0.517      -0.501      -0.472
    U13$2           -0.082      -0.054      -0.040       0.034       0.107       0.121       0.149
    U13$3            0.417       0.446       0.461       0.539       0.616       0.631       0.660
    U13$4            1.126       1.164       1.183       1.284       1.384       1.404       1.441
    U14$1           -2.039      -1.986      -1.959      -1.819      -1.678      -1.651      -1.599
    U14$2           -1.209      -1.175      -1.158      -1.067      -0.976      -0.958      -0.924
    U14$3           -0.252      -0.225      -0.210      -0.136      -0.063      -0.048      -0.021
    U14$4            0.744       0.776       0.792       0.877       0.962       0.978       1.010
    U15$1           -1.507      -1.468      -1.448      -1.344      -1.241      -1.221      -1.182
    U15$2           -0.680      -0.650      -0.635      -0.557      -0.479      -0.464      -0.435
    U15$3            0.160       0.188       0.203       0.277       0.352       0.366       0.394
    U15$4            1.062       1.098       1.117       1.214       1.311       1.330       1.366
    U16$1           -1.055      -1.023      -1.006      -0.920      -0.834      -0.817      -0.785
    U16$2           -0.298      -0.270      -0.256      -0.182      -0.108      -0.094      -0.066
    U16$3            0.247       0.275       0.289       0.365       0.440       0.455       0.483
    U16$4            1.055       1.092       1.110       1.207       1.304       1.323       1.359
    U17$1           -1.965      -1.915      -1.890      -1.755      -1.621      -1.596      -1.545
    U17$2           -0.995      -0.964      -0.947      -0.863      -0.778      -0.762      -0.730
    U17$3           -0.015       0.013       0.027       0.101       0.175       0.189       0.217
    U17$4            1.037       1.073       1.092       1.188       1.284       1.302       1.338
    U18$1           -0.986      -0.954      -0.938      -0.854      -0.769      -0.753      -0.722
    U18$2           -0.295      -0.267      -0.253      -0.179      -0.105      -0.090      -0.063
    U18$3            0.304       0.333       0.348       0.424       0.500       0.514       0.543
    U18$4            1.106       1.144       1.163       1.262       1.362       1.381       1.418
    U19$1           -1.163      -1.129      -1.112      -1.023      -0.933      -0.916      -0.882
    U19$2           -0.275      -0.247      -0.233      -0.159      -0.085      -0.071      -0.043
    U19$3            0.548       0.578       0.593       0.673       0.754       0.769       0.799
    U19$4            1.282       1.324       1.345       1.455       1.566       1.587       1.628
    U20$1           -0.642      -0.613      -0.598      -0.520      -0.443      -0.428      -0.399
    U20$2            0.098       0.126       0.140       0.215       0.289       0.303       0.331
    U20$3            0.804       0.836       0.853       0.940       1.026       1.043       1.076
    U20$4            1.410       1.455       1.478       1.599       1.719       1.743       1.788
    U21$1           -1.135      -1.102      -1.085      -0.996      -0.907      -0.890      -0.857
    U21$2           -0.334      -0.306      -0.292      -0.218      -0.143      -0.129      -0.101
    U21$3            0.465       0.494       0.509       0.588       0.666       0.681       0.710
    U21$4            1.242       1.282       1.303       1.411       1.518       1.539       1.579
    U22$1           -1.252      -1.218      -1.200      -1.107      -1.015      -0.997      -0.962
    U22$2           -0.411      -0.383      -0.369      -0.294      -0.219      -0.205      -0.177
    U22$3            0.417       0.446       0.461       0.539       0.616       0.631       0.660
    U22$4            1.291       1.332       1.354       1.465       1.576       1.597       1.638
    U23$1           -1.222      -1.187      -1.170      -1.078      -0.987      -0.969      -0.935
    U23$2           -0.291      -0.264      -0.249      -0.175      -0.101      -0.087      -0.059
    U23$3            0.548       0.578       0.593       0.673       0.754       0.769       0.799
    U23$4            1.299       1.341       1.362       1.474       1.586       1.607       1.649
    U24$1           -0.285      -0.257      -0.243      -0.169      -0.095      -0.081      -0.053
    U24$2            0.480       0.509       0.524       0.603       0.682       0.697       0.726
    U24$3            1.013       1.049       1.067       1.162       1.257       1.275       1.311
    U24$4            1.545       1.596       1.621       1.755       1.890       1.915       1.965
    U25$1           -0.649      -0.620      -0.605      -0.528      -0.450      -0.435      -0.406
    U25$2           -0.127      -0.099      -0.085      -0.011       0.062       0.077       0.104
    U25$3            0.396       0.425       0.439       0.517       0.594       0.609       0.638
    U25$4            1.182       1.221       1.241       1.344       1.448       1.468       1.507
    U26$1           -1.352      -1.316      -1.297      -1.201      -1.104      -1.086      -1.049
    U26$2           -0.351      -0.323      -0.309      -0.234      -0.160      -0.146      -0.118
    U26$3            0.536       0.566       0.582       0.661       0.741       0.757       0.787
    U26$4            1.390       1.435       1.458       1.576       1.695       1.718       1.762

 Variances
    FG               1.000       1.000       1.000       1.000       1.000       1.000       1.000
    SJ               1.000       1.000       1.000       1.000       1.000       1.000       1.000
    IS               1.000       1.000       1.000       1.000       1.000       1.000       1.000
    OI               1.000       1.000       1.000       1.000       1.000       1.000       1.000
    SK               1.000       1.000       1.000       1.000       1.000       1.000       1.000
    CU               1.000       1.000       1.000       1.000       1.000       1.000       1.000
    MI               1.000       1.000       1.000       1.000       1.000       1.000       1.000


     Beginning Time:  17:02:37
        Ending Time:  17:02:37
       Elapsed Time:  00:00:00



MUTHEN & MUTHEN
3463 Stoner Ave.
Los Angeles, CA  90066

Tel: (310) 391-9971
Fax: (310) 391-8971
Web: www.StatModel.com
Support: Support@StatModel.com

Copyright (c) 1998-2020 Muthen & Muthen
