Mplus VERSION 8.5 (Mac)
MUTHEN & MUTHEN
02/26/2021   8:23 AM

INPUT INSTRUCTIONS

  TITLE: 6-factor bifactor CFA with categorical indicator variables.
  DATA:
    FILE = scs.dat;
  VARIABLE:
    NAMES = u1-u26 gender where;
    MISSING = ALL(-9);
    USEVARIABLES = u1-u26;
    !CATEGORICAL = u1-u26;
  !cluster is where;
    !GROUPING IS where (1=lombardia 2=toscana) ;
  ANALYSIS:
    ROTATION = TARGET;
    !type = complex;
    PROCESSORS = 4;
    ESTIMATOR = MLR; !WLSMV;
    ! "The WLSMV is a robust estimator which does not assume normally
    ! distributed variables and provides the best option for modelling
    ! categorical or ordered data (Brown, 2006)".
  MODEL:
    FG BY u1-u26;
    SJ BY u1 u8  u11 u16  u21; !Self-Judgment;
    IS BY u4 u13 u18 u25;      !Isolation Items;
    OI BY u2 u6  u20 u24;      !Over-identified;
    SK BY u5 u12 u19 u23  u26; !Self-Kindness;
    CU BY u3 u7  u10 u15;      !Common Humanity;
    MI BY u9 u14 u17 u22;      !Mindfulness;

    FG WITH SJ-MI@0;

    !SJ WITH IS-MI@0;
    !IS WITH OI-MI@0;
    !OI WITH SK-MI@0;
    !SK WITH CU-MI@0;
    !CU WITH    MI@0;

  OUTPUT: standardized;






INPUT READING TERMINATED NORMALLY



6-factor bifactor CFA with categorical indicator variables.

SUMMARY OF ANALYSIS

Number of groups                                                 1
Number of observations                                         742

Number of dependent variables                                   26
Number of independent variables                                  0
Number of continuous latent variables                            7

Observed dependent variables

  Continuous
   U1          U2          U3          U4          U5          U6
   U7          U8          U9          U10         U11         U12
   U13         U14         U15         U16         U17         U18
   U19         U20         U21         U22         U23         U24
   U25         U26

Continuous latent variables
   FG          SJ          IS          OI          SK          CU
   MI


Estimator                                                      MLR
Information matrix                                        OBSERVED
Maximum number of iterations                                  1000
Convergence criterion                                    0.500D-04
Maximum number of steepest descent iterations                   20
Maximum number of iterations for H1                           2000
Convergence criterion for H1                             0.100D-03

Input data file(s)
  scs.dat

Input data format  FREE


SUMMARY OF DATA

     Number of missing data patterns             1


COVARIANCE COVERAGE OF DATA

Minimum covariance coverage value   0.100


     PROPORTION OF DATA PRESENT


           Covariance Coverage
              U1            U2            U3            U4            U5
              ________      ________      ________      ________      ________
 U1             1.000
 U2             1.000         1.000
 U3             1.000         1.000         1.000
 U4             1.000         1.000         1.000         1.000
 U5             1.000         1.000         1.000         1.000         1.000
 U6             1.000         1.000         1.000         1.000         1.000
 U7             1.000         1.000         1.000         1.000         1.000
 U8             1.000         1.000         1.000         1.000         1.000
 U9             1.000         1.000         1.000         1.000         1.000
 U10            1.000         1.000         1.000         1.000         1.000
 U11            1.000         1.000         1.000         1.000         1.000
 U12            1.000         1.000         1.000         1.000         1.000
 U13            1.000         1.000         1.000         1.000         1.000
 U14            1.000         1.000         1.000         1.000         1.000
 U15            1.000         1.000         1.000         1.000         1.000
 U16            1.000         1.000         1.000         1.000         1.000
 U17            1.000         1.000         1.000         1.000         1.000
 U18            1.000         1.000         1.000         1.000         1.000
 U19            1.000         1.000         1.000         1.000         1.000
 U20            1.000         1.000         1.000         1.000         1.000
 U21            1.000         1.000         1.000         1.000         1.000
 U22            1.000         1.000         1.000         1.000         1.000
 U23            1.000         1.000         1.000         1.000         1.000
 U24            1.000         1.000         1.000         1.000         1.000
 U25            1.000         1.000         1.000         1.000         1.000
 U26            1.000         1.000         1.000         1.000         1.000


           Covariance Coverage
              U6            U7            U8            U9            U10
              ________      ________      ________      ________      ________
 U6             1.000
 U7             1.000         1.000
 U8             1.000         1.000         1.000
 U9             1.000         1.000         1.000         1.000
 U10            1.000         1.000         1.000         1.000         1.000
 U11            1.000         1.000         1.000         1.000         1.000
 U12            1.000         1.000         1.000         1.000         1.000
 U13            1.000         1.000         1.000         1.000         1.000
 U14            1.000         1.000         1.000         1.000         1.000
 U15            1.000         1.000         1.000         1.000         1.000
 U16            1.000         1.000         1.000         1.000         1.000
 U17            1.000         1.000         1.000         1.000         1.000
 U18            1.000         1.000         1.000         1.000         1.000
 U19            1.000         1.000         1.000         1.000         1.000
 U20            1.000         1.000         1.000         1.000         1.000
 U21            1.000         1.000         1.000         1.000         1.000
 U22            1.000         1.000         1.000         1.000         1.000
 U23            1.000         1.000         1.000         1.000         1.000
 U24            1.000         1.000         1.000         1.000         1.000
 U25            1.000         1.000         1.000         1.000         1.000
 U26            1.000         1.000         1.000         1.000         1.000


           Covariance Coverage
              U11           U12           U13           U14           U15
              ________      ________      ________      ________      ________
 U11            1.000
 U12            1.000         1.000
 U13            1.000         1.000         1.000
 U14            1.000         1.000         1.000         1.000
 U15            1.000         1.000         1.000         1.000         1.000
 U16            1.000         1.000         1.000         1.000         1.000
 U17            1.000         1.000         1.000         1.000         1.000
 U18            1.000         1.000         1.000         1.000         1.000
 U19            1.000         1.000         1.000         1.000         1.000
 U20            1.000         1.000         1.000         1.000         1.000
 U21            1.000         1.000         1.000         1.000         1.000
 U22            1.000         1.000         1.000         1.000         1.000
 U23            1.000         1.000         1.000         1.000         1.000
 U24            1.000         1.000         1.000         1.000         1.000
 U25            1.000         1.000         1.000         1.000         1.000
 U26            1.000         1.000         1.000         1.000         1.000


           Covariance Coverage
              U16           U17           U18           U19           U20
              ________      ________      ________      ________      ________
 U16            1.000
 U17            1.000         1.000
 U18            1.000         1.000         1.000
 U19            1.000         1.000         1.000         1.000
 U20            1.000         1.000         1.000         1.000         1.000
 U21            1.000         1.000         1.000         1.000         1.000
 U22            1.000         1.000         1.000         1.000         1.000
 U23            1.000         1.000         1.000         1.000         1.000
 U24            1.000         1.000         1.000         1.000         1.000
 U25            1.000         1.000         1.000         1.000         1.000
 U26            1.000         1.000         1.000         1.000         1.000


           Covariance Coverage
              U21           U22           U23           U24           U25
              ________      ________      ________      ________      ________
 U21            1.000
 U22            1.000         1.000
 U23            1.000         1.000         1.000
 U24            1.000         1.000         1.000         1.000
 U25            1.000         1.000         1.000         1.000         1.000
 U26            1.000         1.000         1.000         1.000         1.000


           Covariance Coverage
              U26
              ________
 U26            1.000



UNIVARIATE SAMPLE STATISTICS


     UNIVARIATE HIGHER-ORDER MOMENT DESCRIPTIVE STATISTICS

         Variable/         Mean/     Skewness/   Minimum/ % with                Percentiles
        Sample Size      Variance    Kurtosis    Maximum  Min/Max      20%/60%    40%/80%    Median

     U1                    2.337       0.492       1.000   23.85%       1.000      2.000      2.000
             742.000       1.097      -0.354       5.000    3.10%       3.000      3.000
     U2                    3.513      -0.421       1.000    8.09%       2.000      3.000      4.000
             742.000       1.635      -0.939       5.000   29.11%       4.000      5.000
     U3                    3.255      -0.370       1.000    7.14%       2.000      3.000      3.000
             742.000       1.112      -0.369       5.000   10.11%       4.000      4.000
     U4                    3.647      -0.589       1.000    7.41%       2.000      4.000      4.000
             742.000       1.619      -0.780       5.000   33.29%       4.000      5.000
     U5                    2.760       0.192       1.000   14.29%       2.000      2.000      3.000
             742.000       1.287      -0.736       5.000    7.28%       3.000      4.000
     U6                    3.307      -0.241       1.000    9.84%       2.000      3.000      3.000
             742.000       1.625      -1.029       5.000   21.83%       4.000      5.000
     U7                    2.531       0.345       1.000   25.88%       1.000      2.000      2.000
             742.000       1.516      -0.887       5.000    7.14%       3.000      4.000
     U8                    3.167      -0.057       1.000   10.38%       2.000      3.000      3.000
             742.000       1.622      -1.094       5.000   19.27%       4.000      4.000
     U9                    3.497      -0.382       1.000    3.50%       3.000      3.000      4.000
             742.000       1.026      -0.304       5.000   16.17%       4.000      4.000
     U10                   2.588       0.180       1.000   20.62%       1.000      2.000      3.000
             742.000       1.277      -0.833       5.000    4.31%       3.000      4.000
     U11                   3.284      -0.194       1.000    8.22%       2.000      3.000      3.000
             742.000       1.503      -0.983       5.000   19.27%       4.000      4.000
     U12                   2.631       0.284       1.000   16.17%       2.000      2.000      3.000
             742.000       1.228      -0.689       5.000    5.26%       3.000      4.000
     U13                   3.400      -0.300       1.000    9.16%       2.000      3.000      4.000
             742.000       1.717      -1.107       5.000   26.68%       4.000      5.000
     U14                   3.558      -0.346       1.000    2.43%       3.000      3.000      4.000
             742.000       0.974      -0.344       5.000   17.65%       4.000      4.000
     U15                   3.121      -0.141       1.000    7.68%       2.000      3.000      3.000
             742.000       1.179      -0.642       5.000    9.84%       3.000      4.000
     U16                   3.147      -0.061       1.000    9.97%       2.000      3.000      3.000
             742.000       1.570      -1.090       5.000   17.12%       4.000      4.000
     U17                   3.332      -0.215       1.000    3.10%       3.000      3.000      3.000
             742.000       0.941      -0.390       5.000   10.51%       4.000      4.000
     U18                   3.201      -0.083       1.000    9.43%       2.000      3.000      3.000
             742.000       1.589      -1.084       5.000   19.41%       4.000      4.000
     U19                   2.726       0.190       1.000   14.42%       2.000      2.000      3.000
             742.000       1.223      -0.661       5.000    6.20%       3.000      4.000
     U20                   3.690      -0.514       1.000    3.91%       3.000      3.000      4.000
             742.000       1.287      -0.601       5.000   29.78%       4.000      5.000
     U21                   3.236      -0.124       1.000    6.87%       2.000      3.000      3.000
             742.000       1.293      -0.755       5.000   15.36%       4.000      4.000
     U22                   2.834       0.053       1.000   12.26%       2.000      3.000      3.000
             742.000       1.195      -0.698       5.000    6.20%       3.000      4.000
     U23                   2.757       0.179       1.000   12.94%       2.000      2.000      3.000
             742.000       1.186      -0.625       5.000    6.20%       3.000      4.000
     U24                   4.011      -0.979       1.000    3.10%       3.000      4.000      4.000
             742.000       1.197       0.144       5.000   42.59%       5.000      5.000
     U25                   3.427      -0.237       1.000    7.68%       2.000      3.000      3.000
             742.000       1.738      -1.204       5.000   29.92%       4.000      5.000
     U26                   2.780       0.144       1.000   10.65%       2.000      2.000      3.000
             742.000       1.077      -0.562       5.000    4.99%       3.000      4.000


     THIS ANALYSIS MAY HAVE MULTIPLE SOLUTIONS.  EXPLORE THIS USING RANDOM STARTS,
     FOR EXAMPLE, STARTS = 20.  USE A LARGE ENOUGH NUMBER OF STARTS SO THAT THE
     BEST FIT FUNCTION VALUE IS REPLICATED SEVERAL TIMES.


THE MODEL ESTIMATION TERMINATED NORMALLY



MODEL FIT INFORMATION

Number of Free Parameters                      119

Loglikelihood

          H0 Value                      -25311.626
          H0 Scaling Correction Factor      1.1240
            for MLR
          H1 Value                      -24830.511
          H1 Scaling Correction Factor      1.0994
            for MLR

Information Criteria

          Akaike (AIC)                   50861.252
          Bayesian (BIC)                 51409.764
          Sample-Size Adjusted BIC       51031.896
            (n* = (n + 2) / 24)

Chi-Square Test of Model Fit

          Value                            884.391*
          Degrees of Freedom                   258
          P-Value                           0.0000
          Scaling Correction Factor         1.0880
            for MLR

*   The chi-square value for MLM, MLMV, MLR, ULSMV, WLSM and WLSMV cannot be used
    for chi-square difference testing in the regular way.  MLM, MLR and WLSM
    chi-square difference testing is described on the Mplus website.  MLMV, WLSMV,
    and ULSMV difference testing is done using the DIFFTEST option.

RMSEA (Root Mean Square Error Of Approximation)

          Estimate                           0.057
          90 Percent C.I.                    0.053  0.061
          Probability RMSEA <= .05           0.002

CFI/TLI

          CFI                                0.928
          TLI                                0.910

Chi-Square Test of Model Fit for the Baseline Model

          Value                           9047.746
          Degrees of Freedom                   325
          P-Value                           0.0000

SRMR (Standardized Root Mean Square Residual)

          Value                              0.047



MODEL RESULTS

                                                    Two-Tailed
                    Estimate       S.E.  Est./S.E.    P-Value

 FG       BY
    U1                 1.000      0.000    999.000    999.000
    U2                 1.739      0.283      6.148      0.000
    U3                 0.934      0.312      2.991      0.003
    U4                 1.627      0.292      5.568      0.000
    U5                 2.451      0.635      3.858      0.000
    U6                 1.685      0.280      6.009      0.000
    U7                 1.263      0.412      3.065      0.002
    U8                 1.723      0.290      5.943      0.000
    U9                 1.258      0.351      3.585      0.000
    U10                1.491      0.412      3.623      0.000
    U11                1.734      0.293      5.916      0.000
    U12                2.863      0.694      4.125      0.000
    U13                1.488      0.300      4.965      0.000
    U14                1.705      0.382      4.462      0.000
    U15                2.492      0.537      4.639      0.000
    U16                1.882      0.318      5.919      0.000
    U17                2.268      0.464      4.885      0.000
    U18                1.299      0.267      4.861      0.000
    U19                3.090      0.712      4.338      0.000
    U20                0.580      0.212      2.732      0.006
    U21                1.191      0.236      5.038      0.000
    U22                2.709      0.584      4.639      0.000
    U23                3.679      0.676      5.442      0.000
    U24                0.986      0.219      4.497      0.000
    U25                1.709      0.304      5.623      0.000
    U26                3.128      0.631      4.961      0.000

 SJ       BY
    U1                 1.000      0.000    999.000    999.000
    U8                 1.665      0.121     13.797      0.000
    U11                1.498      0.118     12.737      0.000
    U16                1.563      0.119     13.113      0.000
    U21                1.154      0.101     11.395      0.000

 IS       BY
    U4                 1.000      0.000    999.000    999.000
    U13                0.981      0.050     19.439      0.000
    U18                1.009      0.049     20.645      0.000
    U25                0.985      0.045     21.794      0.000

 OI       BY
    U2                 1.000      0.000    999.000    999.000
    U6                 0.966      0.039     24.694      0.000
    U20                0.771      0.041     18.994      0.000
    U24                0.704      0.038     18.618      0.000

 SK       BY
    U5                 1.000      0.000    999.000    999.000
    U12                1.032      0.136      7.571      0.000
    U19                0.891      0.112      7.974      0.000
    U23               -0.407      0.262     -1.552      0.121
    U26               -0.067      0.174     -0.384      0.701

 CU       BY
    U3                 1.000      0.000    999.000    999.000
    U7                 1.720      0.271      6.348      0.000
    U10                1.582      0.227      6.959      0.000
    U15                0.810      0.098      8.293      0.000

 MI       BY
    U9                 1.000      0.000    999.000    999.000
    U14                1.022      0.092     11.130      0.000
    U17                0.815      0.101      8.083      0.000
    U22                0.465      0.097      4.779      0.000

 FG       WITH
    SJ                 0.000      0.000    999.000    999.000
    IS                 0.000      0.000    999.000    999.000
    OI                 0.000      0.000    999.000    999.000
    SK                 0.000      0.000    999.000    999.000
    CU                 0.000      0.000    999.000    999.000
    MI                 0.000      0.000    999.000    999.000

 IS       WITH
    SJ                 0.407      0.041     10.032      0.000

 OI       WITH
    SJ                 0.434      0.043     10.033      0.000
    IS                 0.899      0.062     14.462      0.000

 SK       WITH
    SJ                -0.073      0.022     -3.373      0.001
    IS                -0.062      0.033     -1.896      0.058
    OI                -0.112      0.035     -3.181      0.001

 CU       WITH
    SJ                -0.130      0.024     -5.397      0.000
    IS                -0.158      0.028     -5.605      0.000
    OI                -0.150      0.029     -5.230      0.000
    SK                 0.085      0.035      2.462      0.014

 MI       WITH
    SJ                -0.068      0.027     -2.561      0.010
    IS                 0.091      0.036      2.515      0.012
    OI                 0.128      0.037      3.455      0.001
    SK                 0.041      0.034      1.188      0.235
    CU                 0.077      0.034      2.255      0.024

 Intercepts
    U1                 2.337      0.038     60.785      0.000
    U2                 3.513      0.047     74.842      0.000
    U3                 3.255      0.039     84.087      0.000
    U4                 3.647      0.047     78.067      0.000
    U5                 2.760      0.042     66.261      0.000
    U6                 3.307      0.047     70.666      0.000
    U7                 2.531      0.045     55.996      0.000
    U8                 3.167      0.047     67.746      0.000
    U9                 3.497      0.037     94.038      0.000
    U10                2.588      0.041     62.365      0.000
    U11                3.284      0.045     72.982      0.000
    U12                2.631      0.041     64.679      0.000
    U13                3.400      0.048     70.683      0.000
    U14                3.558      0.036     98.182      0.000
    U15                3.121      0.040     78.291      0.000
    U16                3.147      0.046     68.411      0.000
    U17                3.332      0.036     93.537      0.000
    U18                3.201      0.046     69.166      0.000
    U19                2.726      0.041     67.156      0.000
    U20                3.690      0.042     88.613      0.000
    U21                3.236      0.042     77.503      0.000
    U22                2.834      0.040     70.627      0.000
    U23                2.757      0.040     68.958      0.000
    U24                4.011      0.040     99.873      0.000
    U25                3.427      0.048     70.815      0.000
    U26                2.780      0.038     72.975      0.000

 Variances
    FG                 0.062      0.024      2.576      0.010
    SJ                 0.309      0.045      6.936      0.000
    IS                 0.921      0.069     13.284      0.000
    OI                 0.925      0.070     13.265      0.000
    SK                 0.298      0.096      3.103      0.002
    CU                 0.228      0.056      4.040      0.000
    MI                 0.363      0.057      6.390      0.000

 Residual Variances
    U1                 0.726      0.041     17.856      0.000
    U2                 0.523      0.040     13.094      0.000
    U3                 0.830      0.057     14.435      0.000
    U4                 0.534      0.038     13.974      0.000
    U5                 0.617      0.060     10.250      0.000
    U6                 0.586      0.037     15.802      0.000
    U7                 0.742      0.083      8.945      0.000
    U8                 0.582      0.046     12.696      0.000
    U9                 0.566      0.050     11.423      0.000
    U10                0.569      0.055     10.373      0.000
    U11                0.624      0.045     13.971      0.000
    U12                0.402      0.050      7.990      0.000
    U13                0.693      0.051     13.686      0.000
    U14                0.416      0.042      9.933      0.000
    U15                0.645      0.050     12.910      0.000
    U16                0.597      0.041     14.605      0.000
    U17                0.382      0.033     11.459      0.000
    U18                0.548      0.042     12.934      0.000
    U19                0.395      0.038     10.274      0.000
    U20                0.715      0.046     15.538      0.000
    U21                0.794      0.044     18.133      0.000
    U22                0.662      0.043     15.252      0.000
    U23                0.299      0.063      4.787      0.000
    U24                0.677      0.041     16.388      0.000
    U25                0.663      0.049     13.400      0.000
    U26                0.470      0.045     10.331      0.000


STANDARDIZED MODEL RESULTS


STDYX Standardization

                                                    Two-Tailed
                    Estimate       S.E.  Est./S.E.    P-Value

 FG       BY
    U1                 0.238      0.045      5.244      0.000
    U2                 0.338      0.043      7.942      0.000
    U3                 0.220      0.047      4.702      0.000
    U4                 0.318      0.042      7.546      0.000
    U5                 0.538      0.061      8.747      0.000
    U6                 0.329      0.045      7.242      0.000
    U7                 0.255      0.050      5.095      0.000
    U8                 0.337      0.044      7.657      0.000
    U9                 0.309      0.043      7.140      0.000
    U10                0.328      0.047      6.991      0.000
    U11                0.352      0.048      7.399      0.000
    U12                0.643      0.056     11.534      0.000
    U13                0.283      0.043      6.607      0.000
    U14                0.430      0.039     10.988      0.000
    U15                0.571      0.035     16.389      0.000
    U16                0.374      0.046      8.120      0.000
    U17                0.582      0.033     17.719      0.000
    U18                0.256      0.045      5.756      0.000
    U19                0.695      0.051     13.759      0.000
    U20                0.127      0.048      2.633      0.008
    U21                0.260      0.043      6.038      0.000
    U22                0.617      0.033     18.830      0.000
    U23                0.840      0.027     30.803      0.000
    U24                0.224      0.043      5.213      0.000
    U25                0.322      0.045      7.220      0.000
    U26                0.750      0.028     27.152      0.000

 SJ       BY
    U1                 0.531      0.033     16.044      0.000
    U8                 0.727      0.026     27.933      0.000
    U11                0.679      0.030     22.616      0.000
    U16                0.693      0.029     24.097      0.000
    U21                0.564      0.029     19.383      0.000

 IS       BY
    U4                 0.754      0.022     34.482      0.000
    U13                0.719      0.025     29.015      0.000
    U18                0.768      0.023     33.540      0.000
    U25                0.717      0.026     27.814      0.000

 OI       BY
    U2                 0.752      0.023     32.093      0.000
    U6                 0.729      0.024     29.746      0.000
    U20                0.654      0.026     25.135      0.000
    U24                0.620      0.027     22.714      0.000

 SK       BY
    U5                 0.481      0.077      6.268      0.000
    U12                0.509      0.067      7.631      0.000
    U19                0.440      0.083      5.320      0.000
    U23               -0.204      0.104     -1.958      0.050
    U26               -0.035      0.087     -0.405      0.686

 CU       BY
    U3                 0.453      0.053      8.539      0.000
    U7                 0.667      0.043     15.428      0.000
    U10                0.669      0.036     18.425      0.000
    U15                0.356      0.052      6.826      0.000

 MI       BY
    U9                 0.594      0.043     13.958      0.000
    U14                0.623      0.040     15.527      0.000
    U17                0.506      0.041     12.327      0.000
    U22                0.256      0.051      5.012      0.000

 FG       WITH
    SJ                 0.000      0.000    999.000    999.000
    IS                 0.000      0.000    999.000    999.000
    OI                 0.000      0.000    999.000    999.000
    SK                 0.000      0.000    999.000    999.000
    CU                 0.000      0.000    999.000    999.000
    MI                 0.000      0.000    999.000    999.000

 IS       WITH
    SJ                 0.764      0.027     27.876      0.000

 OI       WITH
    SJ                 0.812      0.025     32.249      0.000
    IS                 0.974      0.015     65.895      0.000

 SK       WITH
    SJ                -0.242      0.071     -3.404      0.001
    IS                -0.118      0.058     -2.020      0.043
    OI                -0.214      0.060     -3.563      0.000

 CU       WITH
    SJ                -0.490      0.043    -11.386      0.000
    IS                -0.344      0.048     -7.127      0.000
    OI                -0.327      0.049     -6.605      0.000
    SK                 0.327      0.078      4.186      0.000

 MI       WITH
    SJ                -0.203      0.071     -2.847      0.004
    IS                 0.157      0.066      2.396      0.017
    OI                 0.221      0.068      3.269      0.001
    SK                 0.123      0.088      1.408      0.159
    CU                 0.267      0.089      3.019      0.003

 Intercepts
    U1                 2.231      0.051     43.511      0.000
    U2                 2.748      0.075     36.700      0.000
    U3                 3.087      0.090     34.253      0.000
    U4                 2.866      0.084     34.254      0.000
    U5                 2.433      0.057     42.734      0.000
    U6                 2.594      0.066     39.141      0.000
    U7                 2.056      0.044     46.223      0.000
    U8                 2.487      0.059     42.489      0.000
    U9                 3.452      0.100     34.637      0.000
    U10                2.289      0.053     42.862      0.000
    U11                2.679      0.067     39.907      0.000
    U12                2.374      0.054     43.864      0.000
    U13                2.595      0.067     39.017      0.000
    U14                3.604      0.101     35.553      0.000
    U15                2.874      0.075     38.161      0.000
    U16                2.511      0.059     42.525      0.000
    U17                3.434      0.093     36.736      0.000
    U18                2.539      0.060     42.196      0.000
    U19                2.465      0.059     41.923      0.000
    U20                3.253      0.093     35.103      0.000
    U21                2.845      0.072     39.381      0.000
    U22                2.593      0.064     40.439      0.000
    U23                2.532      0.061     41.575      0.000
    U24                3.666      0.126     29.082      0.000
    U25                2.600      0.063     41.142      0.000
    U26                2.679      0.066     40.829      0.000

 Variances
    FG                 1.000      0.000    999.000    999.000
    SJ                 1.000      0.000    999.000    999.000
    IS                 1.000      0.000    999.000    999.000
    OI                 1.000      0.000    999.000    999.000
    SK                 1.000      0.000    999.000    999.000
    CU                 1.000      0.000    999.000    999.000
    MI                 1.000      0.000    999.000    999.000

 Residual Variances
    U1                 0.662      0.033     20.134      0.000
    U2                 0.320      0.025     12.555      0.000
    U3                 0.746      0.045     16.531      0.000
    U4                 0.330      0.026     12.868      0.000
    U5                 0.479      0.046     10.328      0.000
    U6                 0.361      0.025     14.157      0.000
    U7                 0.489      0.055      8.913      0.000
    U8                 0.359      0.030     12.121      0.000
    U9                 0.551      0.048     11.590      0.000
    U10                0.445      0.044     10.089      0.000
    U11                0.415      0.032     13.156      0.000
    U12                0.328      0.041      7.908      0.000
    U13                0.403      0.032     12.662      0.000
    U14                0.427      0.042     10.219      0.000
    U15                0.547      0.042     12.951      0.000
    U16                0.380      0.028     13.628      0.000
    U17                0.406      0.036     11.200      0.000
    U18                0.345      0.029     11.725      0.000
    U19                0.323      0.032     10.123      0.000
    U20                0.556      0.034     16.452      0.000
    U21                0.614      0.032     18.964      0.000
    U22                0.554      0.035     15.957      0.000
    U23                0.252      0.052      4.832      0.000
    U24                0.566      0.032     17.666      0.000
    U25                0.381      0.029     13.336      0.000
    U26                0.436      0.042     10.439      0.000


STDY Standardization

                                                    Two-Tailed
                    Estimate       S.E.  Est./S.E.    P-Value

 FG       BY
    U1                 0.238      0.045      5.244      0.000
    U2                 0.338      0.043      7.942      0.000
    U3                 0.220      0.047      4.702      0.000
    U4                 0.318      0.042      7.546      0.000
    U5                 0.538      0.061      8.747      0.000
    U6                 0.329      0.045      7.242      0.000
    U7                 0.255      0.050      5.095      0.000
    U8                 0.337      0.044      7.657      0.000
    U9                 0.309      0.043      7.140      0.000
    U10                0.328      0.047      6.991      0.000
    U11                0.352      0.048      7.399      0.000
    U12                0.643      0.056     11.534      0.000
    U13                0.283      0.043      6.607      0.000
    U14                0.430      0.039     10.988      0.000
    U15                0.571      0.035     16.389      0.000
    U16                0.374      0.046      8.120      0.000
    U17                0.582      0.033     17.719      0.000
    U18                0.256      0.045      5.756      0.000
    U19                0.695      0.051     13.759      0.000
    U20                0.127      0.048      2.633      0.008
    U21                0.260      0.043      6.038      0.000
    U22                0.617      0.033     18.830      0.000
    U23                0.840      0.027     30.803      0.000
    U24                0.224      0.043      5.213      0.000
    U25                0.322      0.045      7.220      0.000
    U26                0.750      0.028     27.152      0.000

 SJ       BY
    U1                 0.531      0.033     16.044      0.000
    U8                 0.727      0.026     27.933      0.000
    U11                0.679      0.030     22.616      0.000
    U16                0.693      0.029     24.097      0.000
    U21                0.564      0.029     19.383      0.000

 IS       BY
    U4                 0.754      0.022     34.482      0.000
    U13                0.719      0.025     29.015      0.000
    U18                0.768      0.023     33.540      0.000
    U25                0.717      0.026     27.814      0.000

 OI       BY
    U2                 0.752      0.023     32.093      0.000
    U6                 0.729      0.024     29.746      0.000
    U20                0.654      0.026     25.135      0.000
    U24                0.620      0.027     22.714      0.000

 SK       BY
    U5                 0.481      0.077      6.268      0.000
    U12                0.509      0.067      7.631      0.000
    U19                0.440      0.083      5.320      0.000
    U23               -0.204      0.104     -1.958      0.050
    U26               -0.035      0.087     -0.405      0.686

 CU       BY
    U3                 0.453      0.053      8.539      0.000
    U7                 0.667      0.043     15.428      0.000
    U10                0.669      0.036     18.425      0.000
    U15                0.356      0.052      6.826      0.000

 MI       BY
    U9                 0.594      0.043     13.958      0.000
    U14                0.623      0.040     15.527      0.000
    U17                0.506      0.041     12.327      0.000
    U22                0.256      0.051      5.012      0.000

 FG       WITH
    SJ                 0.000      0.000    999.000    999.000
    IS                 0.000      0.000    999.000    999.000
    OI                 0.000      0.000    999.000    999.000
    SK                 0.000      0.000    999.000    999.000
    CU                 0.000      0.000    999.000    999.000
    MI                 0.000      0.000    999.000    999.000

 IS       WITH
    SJ                 0.764      0.027     27.876      0.000

 OI       WITH
    SJ                 0.812      0.025     32.249      0.000
    IS                 0.974      0.015     65.895      0.000

 SK       WITH
    SJ                -0.242      0.071     -3.404      0.001
    IS                -0.118      0.058     -2.020      0.043
    OI                -0.214      0.060     -3.563      0.000

 CU       WITH
    SJ                -0.490      0.043    -11.386      0.000
    IS                -0.344      0.048     -7.127      0.000
    OI                -0.327      0.049     -6.605      0.000
    SK                 0.327      0.078      4.186      0.000

 MI       WITH
    SJ                -0.203      0.071     -2.847      0.004
    IS                 0.157      0.066      2.396      0.017
    OI                 0.221      0.068      3.269      0.001
    SK                 0.123      0.088      1.408      0.159
    CU                 0.267      0.089      3.019      0.003

 Intercepts
    U1                 2.231      0.051     43.511      0.000
    U2                 2.748      0.075     36.700      0.000
    U3                 3.087      0.090     34.253      0.000
    U4                 2.866      0.084     34.254      0.000
    U5                 2.433      0.057     42.734      0.000
    U6                 2.594      0.066     39.141      0.000
    U7                 2.056      0.044     46.223      0.000
    U8                 2.487      0.059     42.489      0.000
    U9                 3.452      0.100     34.637      0.000
    U10                2.289      0.053     42.862      0.000
    U11                2.679      0.067     39.907      0.000
    U12                2.374      0.054     43.864      0.000
    U13                2.595      0.067     39.017      0.000
    U14                3.604      0.101     35.553      0.000
    U15                2.874      0.075     38.161      0.000
    U16                2.511      0.059     42.525      0.000
    U17                3.434      0.093     36.736      0.000
    U18                2.539      0.060     42.196      0.000
    U19                2.465      0.059     41.923      0.000
    U20                3.253      0.093     35.103      0.000
    U21                2.845      0.072     39.381      0.000
    U22                2.593      0.064     40.439      0.000
    U23                2.532      0.061     41.575      0.000
    U24                3.666      0.126     29.082      0.000
    U25                2.600      0.063     41.142      0.000
    U26                2.679      0.066     40.829      0.000

 Variances
    FG                 1.000      0.000    999.000    999.000
    SJ                 1.000      0.000    999.000    999.000
    IS                 1.000      0.000    999.000    999.000
    OI                 1.000      0.000    999.000    999.000
    SK                 1.000      0.000    999.000    999.000
    CU                 1.000      0.000    999.000    999.000
    MI                 1.000      0.000    999.000    999.000

 Residual Variances
    U1                 0.662      0.033     20.134      0.000
    U2                 0.320      0.025     12.555      0.000
    U3                 0.746      0.045     16.531      0.000
    U4                 0.330      0.026     12.868      0.000
    U5                 0.479      0.046     10.328      0.000
    U6                 0.361      0.025     14.157      0.000
    U7                 0.489      0.055      8.913      0.000
    U8                 0.359      0.030     12.121      0.000
    U9                 0.551      0.048     11.590      0.000
    U10                0.445      0.044     10.089      0.000
    U11                0.415      0.032     13.156      0.000
    U12                0.328      0.041      7.908      0.000
    U13                0.403      0.032     12.662      0.000
    U14                0.427      0.042     10.219      0.000
    U15                0.547      0.042     12.951      0.000
    U16                0.380      0.028     13.628      0.000
    U17                0.406      0.036     11.200      0.000
    U18                0.345      0.029     11.725      0.000
    U19                0.323      0.032     10.123      0.000
    U20                0.556      0.034     16.452      0.000
    U21                0.614      0.032     18.964      0.000
    U22                0.554      0.035     15.957      0.000
    U23                0.252      0.052      4.832      0.000
    U24                0.566      0.032     17.666      0.000
    U25                0.381      0.029     13.336      0.000
    U26                0.436      0.042     10.439      0.000


STD Standardization

                                                    Two-Tailed
                    Estimate       S.E.  Est./S.E.    P-Value

 FG       BY
    U1                 0.249      0.048      5.151      0.000
    U2                 0.433      0.057      7.645      0.000
    U3                 0.232      0.050      4.694      0.000
    U4                 0.405      0.056      7.229      0.000
    U5                 0.610      0.072      8.430      0.000
    U6                 0.419      0.060      6.991      0.000
    U7                 0.314      0.062      5.052      0.000
    U8                 0.429      0.058      7.443      0.000
    U9                 0.313      0.046      6.800      0.000
    U10                0.371      0.054      6.899      0.000
    U11                0.431      0.060      7.149      0.000
    U12                0.712      0.066     10.757      0.000
    U13                0.370      0.057      6.456      0.000
    U14                0.424      0.043      9.956      0.000
    U15                0.620      0.043     14.501      0.000
    U16                0.468      0.059      7.897      0.000
    U17                0.564      0.038     15.002      0.000
    U18                0.323      0.057      5.638      0.000
    U19                0.769      0.060     12.826      0.000
    U20                0.144      0.055      2.605      0.009
    U21                0.296      0.050      5.896      0.000
    U22                0.674      0.041     16.335      0.000
    U23                0.915      0.037     24.425      0.000
    U24                0.245      0.048      5.066      0.000
    U25                0.425      0.060      7.116      0.000
    U26                0.778      0.036     21.410      0.000

 SJ       BY
    U1                 0.556      0.040     13.873      0.000
    U8                 0.925      0.039     23.912      0.000
    U11                0.832      0.042     20.016      0.000
    U16                0.868      0.041     21.100      0.000
    U21                0.642      0.038     16.739      0.000

 IS       BY
    U4                 0.960      0.036     26.568      0.000
    U13                0.942      0.040     23.710      0.000
    U18                0.968      0.037     26.175      0.000
    U25                0.946      0.039     24.186      0.000

 OI       BY
    U2                 0.962      0.036     26.529      0.000
    U6                 0.929      0.038     24.773      0.000
    U20                0.742      0.037     20.319      0.000
    U24                0.678      0.039     17.291      0.000

 SK       BY
    U5                 0.546      0.088      6.206      0.000
    U12                0.564      0.074      7.628      0.000
    U19                0.487      0.092      5.286      0.000
    U23               -0.222      0.113     -1.960      0.050
    U26               -0.037      0.090     -0.405      0.686

 CU       BY
    U3                 0.478      0.059      8.079      0.000
    U7                 0.822      0.058     14.185      0.000
    U10                0.756      0.047     16.170      0.000
    U15                0.387      0.058      6.685      0.000

 MI       BY
    U9                 0.602      0.047     12.781      0.000
    U14                0.615      0.042     14.791      0.000
    U17                0.491      0.042     11.803      0.000
    U22                0.280      0.056      4.979      0.000

 FG       WITH
    SJ                 0.000      0.000    999.000    999.000
    IS                 0.000      0.000    999.000    999.000
    OI                 0.000      0.000    999.000    999.000
    SK                 0.000      0.000    999.000    999.000
    CU                 0.000      0.000    999.000    999.000
    MI                 0.000      0.000    999.000    999.000

 IS       WITH
    SJ                 0.764      0.027     27.876      0.000

 OI       WITH
    SJ                 0.812      0.025     32.249      0.000
    IS                 0.974      0.015     65.895      0.000

 SK       WITH
    SJ                -0.242      0.071     -3.404      0.001
    IS                -0.118      0.058     -2.020      0.043
    OI                -0.214      0.060     -3.563      0.000

 CU       WITH
    SJ                -0.490      0.043    -11.386      0.000
    IS                -0.344      0.048     -7.127      0.000
    OI                -0.327      0.049     -6.605      0.000
    SK                 0.327      0.078      4.186      0.000

 MI       WITH
    SJ                -0.203      0.071     -2.847      0.004
    IS                 0.157      0.066      2.396      0.017
    OI                 0.221      0.068      3.269      0.001
    SK                 0.123      0.088      1.408      0.159
    CU                 0.267      0.089      3.019      0.003

 Intercepts
    U1                 2.337      0.038     60.785      0.000
    U2                 3.513      0.047     74.842      0.000
    U3                 3.255      0.039     84.087      0.000
    U4                 3.647      0.047     78.067      0.000
    U5                 2.760      0.042     66.261      0.000
    U6                 3.307      0.047     70.666      0.000
    U7                 2.531      0.045     55.996      0.000
    U8                 3.167      0.047     67.746      0.000
    U9                 3.497      0.037     94.038      0.000
    U10                2.588      0.041     62.365      0.000
    U11                3.284      0.045     72.982      0.000
    U12                2.631      0.041     64.679      0.000
    U13                3.400      0.048     70.683      0.000
    U14                3.558      0.036     98.182      0.000
    U15                3.121      0.040     78.291      0.000
    U16                3.147      0.046     68.411      0.000
    U17                3.332      0.036     93.537      0.000
    U18                3.201      0.046     69.166      0.000
    U19                2.726      0.041     67.156      0.000
    U20                3.690      0.042     88.613      0.000
    U21                3.236      0.042     77.503      0.000
    U22                2.834      0.040     70.627      0.000
    U23                2.757      0.040     68.958      0.000
    U24                4.011      0.040     99.873      0.000
    U25                3.427      0.048     70.815      0.000
    U26                2.780      0.038     72.975      0.000

 Variances
    FG                 1.000      0.000    999.000    999.000
    SJ                 1.000      0.000    999.000    999.000
    IS                 1.000      0.000    999.000    999.000
    OI                 1.000      0.000    999.000    999.000
    SK                 1.000      0.000    999.000    999.000
    CU                 1.000      0.000    999.000    999.000
    MI                 1.000      0.000    999.000    999.000

 Residual Variances
    U1                 0.726      0.041     17.856      0.000
    U2                 0.523      0.040     13.094      0.000
    U3                 0.830      0.057     14.435      0.000
    U4                 0.534      0.038     13.974      0.000
    U5                 0.617      0.060     10.250      0.000
    U6                 0.586      0.037     15.802      0.000
    U7                 0.742      0.083      8.945      0.000
    U8                 0.582      0.046     12.696      0.000
    U9                 0.566      0.050     11.423      0.000
    U10                0.569      0.055     10.373      0.000
    U11                0.624      0.045     13.971      0.000
    U12                0.402      0.050      7.990      0.000
    U13                0.693      0.051     13.686      0.000
    U14                0.416      0.042      9.933      0.000
    U15                0.645      0.050     12.910      0.000
    U16                0.597      0.041     14.605      0.000
    U17                0.382      0.033     11.459      0.000
    U18                0.548      0.042     12.934      0.000
    U19                0.395      0.038     10.274      0.000
    U20                0.715      0.046     15.538      0.000
    U21                0.794      0.044     18.133      0.000
    U22                0.662      0.043     15.252      0.000
    U23                0.299      0.063      4.787      0.000
    U24                0.677      0.041     16.388      0.000
    U25                0.663      0.049     13.400      0.000
    U26                0.470      0.045     10.331      0.000


R-SQUARE

    Observed                                        Two-Tailed
    Variable        Estimate       S.E.  Est./S.E.    P-Value

    U1                 0.338      0.033     10.279      0.000
    U2                 0.680      0.025     26.725      0.000
    U3                 0.254      0.045      5.623      0.000
    U4                 0.670      0.026     26.133      0.000
    U5                 0.521      0.046     11.221      0.000
    U6                 0.639      0.025     25.087      0.000
    U7                 0.511      0.055      9.296      0.000
    U8                 0.641      0.030     21.659      0.000
    U9                 0.449      0.048      9.438      0.000
    U10                0.555      0.044     12.579      0.000
    U11                0.585      0.032     18.521      0.000
    U12                0.672      0.041     16.237      0.000
    U13                0.597      0.032     18.720      0.000
    U14                0.573      0.042     13.739      0.000
    U15                0.453      0.042     10.718      0.000
    U16                0.620      0.028     22.211      0.000
    U17                0.594      0.036     16.410      0.000
    U18                0.655      0.029     22.296      0.000
    U19                0.677      0.032     21.209      0.000
    U20                0.444      0.034     13.142      0.000
    U21                0.386      0.032     11.923      0.000
    U22                0.446      0.035     12.835      0.000
    U23                0.748      0.052     14.319      0.000
    U24                0.434      0.032     13.548      0.000
    U25                0.619      0.029     21.626      0.000
    U26                0.564      0.042     13.491      0.000


QUALITY OF NUMERICAL RESULTS

     Condition Number for the Information Matrix              0.729E-05
       (ratio of smallest to largest eigenvalue)


     Beginning Time:  08:23:29
        Ending Time:  08:23:29
       Elapsed Time:  00:00:00



MUTHEN & MUTHEN
3463 Stoner Ave.
Los Angeles, CA  90066

Tel: (310) 391-9971
Fax: (310) 391-8971
Web: www.StatModel.com
Support: Support@StatModel.com

Copyright (c) 1998-2020 Muthen & Muthen
