Mplus VERSION 8.5 (Mac)
MUTHEN & MUTHEN
03/04/2021  10:26 AM

INPUT INSTRUCTIONS

  TITLE: 2 factor bi-factor ESEM.

  DATA:
    FILE IS scs.dat;

  VARIABLE:
    NAMES ARE u1-u26;
    MISSING ARE ALL(-9);
    USEVARIABLES ARE u1-u26;
    CATEGORICAL ARE u1-u26;

  ANALYSIS:
    ESTIMATOR = WLSMV;
    ROTATION = oblimin;

  MODEL:
    F1 BY u1@.49 u2@.78 u3@.22 u4@.78 u5@.13 u6@.79 u7@.33 u8@.70 u9@.07 u10@.24
          u11@.68 u12@-.03 u13@.71 u14@-.17 u15@.02 u16@.69 u17@-.2 u18@.77
          u19@-.06 u20@.64 u21@.56 u22@-.05 u23@-.22 u24@0.62 u25@.75 u26@-.06;
    F2 BY u1@.06 u2@-.05 u3@.41 u4@-.070 u5@.65 u6@-.03 u7@0.49 u8@.01 u9@0.46 u10@0.55
          u11@.02 u12@.69 u13@-.04 u14@0.47 u15@0.66 u16@-0.01 u17@0.58 u18@0.03
          u19@0.70 u20@0.07 u21@0.02 u22@0.65 u23@0.56 u24@-0.01 u25@-0.04 u26@0.64;
    F1@1;
    F2@1;

  OUTPUT: stdyx;







INPUT READING TERMINATED NORMALLY



2 factor bi-factor ESEM.

SUMMARY OF ANALYSIS

Number of groups                                                 1
Number of observations                                         783

Number of dependent variables                                   26
Number of independent variables                                  0
Number of continuous latent variables                            2

Observed dependent variables

  Binary and ordered categorical (ordinal)
   U1          U2          U3          U4          U5          U6
   U7          U8          U9          U10         U11         U12
   U13         U14         U15         U16         U17         U18
   U19         U20         U21         U22         U23         U24
   U25         U26

Continuous latent variables
   F1          F2


Estimator                                                    WLSMV
Maximum number of iterations                                  1000
Convergence criterion                                    0.500D-04
Maximum number of steepest descent iterations                   20
Maximum number of iterations for H1                           2000
Convergence criterion for H1                             0.100D-03
Parameterization                                             DELTA
Link                                                        PROBIT

Input data file(s)
  scs.dat

Input data format  FREE


SUMMARY OF DATA

     Number of missing data patterns             1


COVARIANCE COVERAGE OF DATA

Minimum covariance coverage value   0.100


     PROPORTION OF DATA PRESENT


           Covariance Coverage
              U1            U2            U3            U4            U5
              ________      ________      ________      ________      ________
 U1             1.000
 U2             1.000         1.000
 U3             1.000         1.000         1.000
 U4             1.000         1.000         1.000         1.000
 U5             1.000         1.000         1.000         1.000         1.000
 U6             1.000         1.000         1.000         1.000         1.000
 U7             1.000         1.000         1.000         1.000         1.000
 U8             1.000         1.000         1.000         1.000         1.000
 U9             1.000         1.000         1.000         1.000         1.000
 U10            1.000         1.000         1.000         1.000         1.000
 U11            1.000         1.000         1.000         1.000         1.000
 U12            1.000         1.000         1.000         1.000         1.000
 U13            1.000         1.000         1.000         1.000         1.000
 U14            1.000         1.000         1.000         1.000         1.000
 U15            1.000         1.000         1.000         1.000         1.000
 U16            1.000         1.000         1.000         1.000         1.000
 U17            1.000         1.000         1.000         1.000         1.000
 U18            1.000         1.000         1.000         1.000         1.000
 U19            1.000         1.000         1.000         1.000         1.000
 U20            1.000         1.000         1.000         1.000         1.000
 U21            1.000         1.000         1.000         1.000         1.000
 U22            1.000         1.000         1.000         1.000         1.000
 U23            1.000         1.000         1.000         1.000         1.000
 U24            1.000         1.000         1.000         1.000         1.000
 U25            1.000         1.000         1.000         1.000         1.000
 U26            1.000         1.000         1.000         1.000         1.000


           Covariance Coverage
              U6            U7            U8            U9            U10
              ________      ________      ________      ________      ________
 U6             1.000
 U7             1.000         1.000
 U8             1.000         1.000         1.000
 U9             1.000         1.000         1.000         1.000
 U10            1.000         1.000         1.000         1.000         1.000
 U11            1.000         1.000         1.000         1.000         1.000
 U12            1.000         1.000         1.000         1.000         1.000
 U13            1.000         1.000         1.000         1.000         1.000
 U14            1.000         1.000         1.000         1.000         1.000
 U15            1.000         1.000         1.000         1.000         1.000
 U16            1.000         1.000         1.000         1.000         1.000
 U17            1.000         1.000         1.000         1.000         1.000
 U18            1.000         1.000         1.000         1.000         1.000
 U19            1.000         1.000         1.000         1.000         1.000
 U20            1.000         1.000         1.000         1.000         1.000
 U21            1.000         1.000         1.000         1.000         1.000
 U22            1.000         1.000         1.000         1.000         1.000
 U23            1.000         1.000         1.000         1.000         1.000
 U24            1.000         1.000         1.000         1.000         1.000
 U25            1.000         1.000         1.000         1.000         1.000
 U26            1.000         1.000         1.000         1.000         1.000


           Covariance Coverage
              U11           U12           U13           U14           U15
              ________      ________      ________      ________      ________
 U11            1.000
 U12            1.000         1.000
 U13            1.000         1.000         1.000
 U14            1.000         1.000         1.000         1.000
 U15            1.000         1.000         1.000         1.000         1.000
 U16            1.000         1.000         1.000         1.000         1.000
 U17            1.000         1.000         1.000         1.000         1.000
 U18            1.000         1.000         1.000         1.000         1.000
 U19            1.000         1.000         1.000         1.000         1.000
 U20            1.000         1.000         1.000         1.000         1.000
 U21            1.000         1.000         1.000         1.000         1.000
 U22            1.000         1.000         1.000         1.000         1.000
 U23            1.000         1.000         1.000         1.000         1.000
 U24            1.000         1.000         1.000         1.000         1.000
 U25            1.000         1.000         1.000         1.000         1.000
 U26            1.000         1.000         1.000         1.000         1.000


           Covariance Coverage
              U16           U17           U18           U19           U20
              ________      ________      ________      ________      ________
 U16            1.000
 U17            1.000         1.000
 U18            1.000         1.000         1.000
 U19            1.000         1.000         1.000         1.000
 U20            1.000         1.000         1.000         1.000         1.000
 U21            1.000         1.000         1.000         1.000         1.000
 U22            1.000         1.000         1.000         1.000         1.000
 U23            1.000         1.000         1.000         1.000         1.000
 U24            1.000         1.000         1.000         1.000         1.000
 U25            1.000         1.000         1.000         1.000         1.000
 U26            1.000         1.000         1.000         1.000         1.000


           Covariance Coverage
              U21           U22           U23           U24           U25
              ________      ________      ________      ________      ________
 U21            1.000
 U22            1.000         1.000
 U23            1.000         1.000         1.000
 U24            1.000         1.000         1.000         1.000
 U25            1.000         1.000         1.000         1.000         1.000
 U26            1.000         1.000         1.000         1.000         1.000


           Covariance Coverage
              U26
              ________
 U26            1.000


UNIVARIATE PROPORTIONS AND COUNTS FOR CATEGORICAL VARIABLES

    U1
      Category 1    0.036           28.000
      Category 2    0.100           78.000
      Category 3    0.263          206.000
      Category 4    0.338          265.000
      Category 5    0.263          206.000
    U2
      Category 1    0.303          237.000
      Category 2    0.243          190.000
      Category 3    0.207          162.000
      Category 4    0.153          120.000
      Category 5    0.095           74.000
    U3
      Category 1    0.078           61.000
      Category 2    0.140          110.000
      Category 3    0.335          262.000
      Category 4    0.332          260.000
      Category 5    0.115           90.000
    U4
      Category 1    0.338          265.000
      Category 2    0.261          204.000
      Category 3    0.178          139.000
      Category 4    0.142          111.000
      Category 5    0.082           64.000
    U5
      Category 1    0.149          117.000
      Category 2    0.282          221.000
      Category 3    0.292          229.000
      Category 4    0.192          150.000
      Category 5    0.084           66.000
    U6
      Category 1    0.223          175.000
      Category 2    0.254          199.000
      Category 3    0.226          177.000
      Category 4    0.186          146.000
      Category 5    0.110           86.000
    U7
      Category 1    0.267          209.000
      Category 2    0.250          196.000
      Category 3    0.250          196.000
      Category 4    0.157          123.000
      Category 5    0.075           59.000
    U8
      Category 1    0.198          155.000
      Category 2    0.216          169.000
      Category 3    0.236          185.000
      Category 4    0.235          184.000
      Category 5    0.115           90.000
    U9
      Category 1    0.042           33.000
      Category 2    0.117           92.000
      Category 3    0.312          244.000
      Category 4    0.356          279.000
      Category 5    0.172          135.000
    U10
      Category 1    0.223          175.000
      Category 2    0.258          202.000
      Category 3    0.290          227.000
      Category 4    0.176          138.000
      Category 5    0.052           41.000
    U11
      Category 1    0.201          157.000
      Category 2    0.268          210.000
      Category 3    0.232          182.000
      Category 4    0.207          162.000
      Category 5    0.092           72.000
    U12
      Category 1    0.169          132.000
      Category 2    0.318          249.000
      Category 3    0.268          210.000
      Category 4    0.180          141.000
      Category 5    0.065           51.000
    U13
      Category 1    0.276          216.000
      Category 2    0.238          186.000
      Category 3    0.192          150.000
      Category 4    0.195          153.000
      Category 5    0.100           78.000
    U14
      Category 1    0.034           27.000
      Category 2    0.109           85.000
      Category 3    0.303          237.000
      Category 4    0.364          285.000
      Category 5    0.190          149.000
    U15
      Category 1    0.089           70.000
      Category 2    0.199          156.000
      Category 3    0.321          251.000
      Category 4    0.278          218.000
      Category 5    0.112           88.000
    U16
      Category 1    0.179          140.000
      Category 2    0.249          195.000
      Category 3    0.215          168.000
      Category 4    0.244          191.000
      Category 5    0.114           89.000
    U17
      Category 1    0.040           31.000
      Category 2    0.155          121.000
      Category 3    0.346          271.000
      Category 4    0.342          268.000
      Category 5    0.117           92.000
    U18
      Category 1    0.197          154.000
      Category 2    0.232          182.000
      Category 3    0.235          184.000
      Category 4    0.232          182.000
      Category 5    0.103           81.000
    U19
      Category 1    0.153          120.000
      Category 2    0.284          222.000
      Category 3    0.313          245.000
      Category 4    0.178          139.000
      Category 5    0.073           57.000
    U20
      Category 1    0.301          236.000
      Category 2    0.284          222.000
      Category 3    0.241          189.000
      Category 4    0.119           93.000
      Category 5    0.055           43.000
    U21
      Category 1    0.160          125.000
      Category 2    0.254          199.000
      Category 3    0.308          241.000
      Category 4    0.199          156.000
      Category 5    0.079           62.000
    U22
      Category 1    0.134          105.000
      Category 2    0.250          196.000
      Category 3    0.321          251.000
      Category 4    0.223          175.000
      Category 5    0.072           56.000
    U23
      Category 1    0.140          110.000
      Category 2    0.290          227.000
      Category 3    0.319          250.000
      Category 4    0.180          141.000
      Category 5    0.070           55.000
    U24
      Category 1    0.433          339.000
      Category 2    0.294          230.000
      Category 3    0.151          118.000
      Category 4    0.083           65.000
      Category 5    0.040           31.000
    U25
      Category 1    0.299          234.000
      Category 2    0.197          154.000
      Category 3    0.202          158.000
      Category 4    0.213          167.000
      Category 5    0.089           70.000
    U26
      Category 1    0.115           90.000
      Category 2    0.292          229.000
      Category 3    0.338          265.000
      Category 4    0.197          154.000
      Category 5    0.057           45.000



     THIS ANALYSIS MAY HAVE MULTIPLE SOLUTIONS.  EXPLORE THIS USING RANDOM STARTS,
     FOR EXAMPLE, STARTS = 20.  USE A LARGE ENOUGH NUMBER OF STARTS SO THAT THE
     BEST FIT FUNCTION VALUE IS REPLICATED SEVERAL TIMES.


THE MODEL ESTIMATION TERMINATED NORMALLY



MODEL FIT INFORMATION

Number of Free Parameters                      105

Chi-Square Test of Model Fit

          Value                           1680.747*
          Degrees of Freedom                   324
          P-Value                           0.0000

*   The chi-square value for MLM, MLMV, MLR, ULSMV, WLSM and WLSMV cannot be used
    for chi-square difference testing in the regular way.  MLM, MLR and WLSM
    chi-square difference testing is described on the Mplus website.  MLMV, WLSMV,
    and ULSMV difference testing is done using the DIFFTEST option.

RMSEA (Root Mean Square Error Of Approximation)

          Estimate                           0.073
          90 Percent C.I.                    0.070  0.077
          Probability RMSEA <= .05           0.000

CFI/TLI

          CFI                                0.934
          TLI                                0.934

Chi-Square Test of Model Fit for the Baseline Model

          Value                          20854.792
          Degrees of Freedom                   325
          P-Value                           0.0000

SRMR (Standardized Root Mean Square Residual)

          Value                              0.067

Optimum Function Value for Weighted Least-Squares Estimator

          Value                     0.21998914D+01



MODEL RESULTS

                                                    Two-Tailed
                    Estimate       S.E.  Est./S.E.    P-Value

 F1       BY
    U1                 0.490      0.000    999.000    999.000
    U2                 0.780      0.000    999.000    999.000
    U3                 0.220      0.000    999.000    999.000
    U4                 0.780      0.000    999.000    999.000
    U5                 0.130      0.000    999.000    999.000
    U6                 0.790      0.000    999.000    999.000
    U7                 0.330      0.000    999.000    999.000
    U8                 0.700      0.000    999.000    999.000
    U9                 0.070      0.000    999.000    999.000
    U10                0.240      0.000    999.000    999.000
    U11                0.680      0.000    999.000    999.000
    U12               -0.030      0.000    999.000    999.000
    U13                0.710      0.000    999.000    999.000
    U14               -0.170      0.000    999.000    999.000
    U15                0.020      0.000    999.000    999.000
    U16                0.690      0.000    999.000    999.000
    U17               -0.200      0.000    999.000    999.000
    U18                0.770      0.000    999.000    999.000
    U19               -0.060      0.000    999.000    999.000
    U20                0.640      0.000    999.000    999.000
    U21                0.560      0.000    999.000    999.000
    U22               -0.050      0.000    999.000    999.000
    U23               -0.220      0.000    999.000    999.000
    U24                0.620      0.000    999.000    999.000
    U25                0.750      0.000    999.000    999.000
    U26               -0.060      0.000    999.000    999.000

 F2       BY
    U1                 0.060      0.000    999.000    999.000
    U2                -0.050      0.000    999.000    999.000
    U3                 0.410      0.000    999.000    999.000
    U4                -0.070      0.000    999.000    999.000
    U5                 0.650      0.000    999.000    999.000
    U6                -0.030      0.000    999.000    999.000
    U7                 0.490      0.000    999.000    999.000
    U8                 0.010      0.000    999.000    999.000
    U9                 0.460      0.000    999.000    999.000
    U10                0.550      0.000    999.000    999.000
    U11                0.020      0.000    999.000    999.000
    U12                0.690      0.000    999.000    999.000
    U13               -0.040      0.000    999.000    999.000
    U14                0.470      0.000    999.000    999.000
    U15                0.660      0.000    999.000    999.000
    U16               -0.010      0.000    999.000    999.000
    U17                0.580      0.000    999.000    999.000
    U18                0.030      0.000    999.000    999.000
    U19                0.700      0.000    999.000    999.000
    U20                0.070      0.000    999.000    999.000
    U21                0.020      0.000    999.000    999.000
    U22                0.650      0.000    999.000    999.000
    U23                0.560      0.000    999.000    999.000
    U24               -0.010      0.000    999.000    999.000
    U25               -0.040      0.000    999.000    999.000
    U26                0.640      0.000    999.000    999.000

 F2       WITH
    F1                -0.277      0.038     -7.291      0.000

 Thresholds
    U1$1              -1.802      0.084    -21.357      0.000
    U1$2              -1.101      0.056    -19.595      0.000
    U1$3              -0.257      0.045     -5.676      0.000
    U1$4               0.634      0.048     13.145      0.000
    U2$1              -0.517      0.047    -10.986      0.000
    U2$2               0.114      0.045      2.537      0.011
    U2$3               0.682      0.049     13.971      0.000
    U2$4               1.313      0.062     21.155      0.000
    U3$1              -1.419      0.066    -21.591      0.000
    U3$2              -0.778      0.050    -15.529      0.000
    U3$3               0.133      0.045      2.965      0.003
    U3$4               1.201      0.059     20.439      0.000
    U4$1              -0.417      0.046     -9.014      0.000
    U4$2               0.251      0.045      5.534      0.000
    U4$3               0.760      0.050     15.261      0.000
    U4$4               1.393      0.065     21.505      0.000
    U5$1              -1.039      0.055    -18.964      0.000
    U5$2              -0.172      0.045     -3.822      0.000
    U5$3               0.595      0.048     12.453      0.000
    U5$4               1.377      0.064     21.443      0.000
    U6$1              -0.760      0.050    -15.261      0.000
    U6$2              -0.056      0.045     -1.251      0.211
    U6$3               0.535      0.047     11.337      0.000
    U6$4               1.227      0.059     20.632      0.000
    U7$1              -0.622      0.048    -12.938      0.000
    U7$2               0.043      0.045      0.965      0.335
    U7$3               0.731      0.049     14.788      0.000
    U7$4               1.437      0.066     21.642      0.000
    U8$1              -0.849      0.051    -16.588      0.000
    U8$2              -0.218      0.045     -4.821      0.000
    U8$3               0.385      0.046      8.377      0.000
    U8$4               1.201      0.059     20.439      0.000
    U9$1              -1.726      0.080    -21.615      0.000
    U9$2              -0.996      0.054    -18.485      0.000
    U9$3              -0.072      0.045     -1.608      0.108
    U9$4               0.945      0.053     17.869      0.000
    U10$1             -0.760      0.050    -15.261      0.000
    U10$2             -0.046      0.045     -1.036      0.300
    U10$3              0.743      0.050     14.991      0.000
    U10$4              1.622      0.074     21.805      0.000
    U11$1             -0.840      0.051    -16.457      0.000
    U11$2             -0.079      0.045     -1.751      0.080
    U11$3              0.528      0.047     11.197      0.000
    U11$4              1.329      0.063     21.232      0.000
    U12$1             -0.960      0.053    -18.056      0.000
    U12$2             -0.034      0.045     -0.750      0.453
    U12$3              0.690      0.049     14.108      0.000
    U12$4              1.513      0.069     21.790      0.000
    U13$1             -0.595      0.048    -12.453      0.000
    U13$2              0.034      0.045      0.750      0.453
    U13$3              0.539      0.047     11.407      0.000
    U13$4              1.284      0.061     20.991      0.000
    U14$1             -1.819      0.085    -21.289      0.000
    U14$2             -1.067      0.055    -19.255      0.000
    U14$3             -0.136      0.045     -3.037      0.002
    U14$4              0.877      0.052     16.978      0.000
    U15$1             -1.344      0.063    -21.306      0.000
    U15$2             -0.557      0.047    -11.756      0.000
    U15$3              0.277      0.045      6.103      0.000
    U15$4              1.214      0.059     20.536      0.000
    U16$1             -0.920      0.052    -17.554      0.000
    U16$2             -0.182      0.045     -4.036      0.000
    U16$3              0.365      0.046      7.951      0.000
    U16$4              1.207      0.059     20.488      0.000
    U17$1             -1.755      0.082    -21.527      0.000
    U17$2             -0.863      0.051    -16.783      0.000
    U17$3              0.101      0.045      2.251      0.024
    U17$4              1.188      0.058     20.339      0.000
    U18$1             -0.854      0.051    -16.653      0.000
    U18$2             -0.179      0.045     -3.965      0.000
    U18$3              0.424      0.046      9.155      0.000
    U18$4              1.262      0.061     20.861      0.000
    U19$1             -1.023      0.054    -18.786      0.000
    U19$2             -0.159      0.045     -3.537      0.000
    U19$3              0.673      0.049     13.834      0.000
    U19$4              1.455      0.067     21.688      0.000
    U20$1             -0.520      0.047    -11.056      0.000
    U20$2              0.215      0.045      4.750      0.000
    U20$3              0.940      0.053     17.806      0.000
    U20$4              1.599      0.073     21.821      0.000
    U21$1             -0.996      0.054    -18.485      0.000
    U21$2             -0.218      0.045     -4.821      0.000
    U21$3              0.588      0.048     12.314      0.000
    U21$4              1.411      0.065     21.563      0.000
    U22$1             -1.107      0.056    -19.650      0.000
    U22$2             -0.294      0.045     -6.459      0.000
    U22$3              0.539      0.047     11.407      0.000
    U22$4              1.465      0.067     21.709      0.000
    U23$1             -1.078      0.056    -19.369      0.000
    U23$2             -0.175      0.045     -3.893      0.000
    U23$3              0.673      0.049     13.834      0.000
    U23$4              1.474      0.068     21.728      0.000
    U24$1             -0.169      0.045     -3.751      0.000
    U24$2              0.603      0.048     12.591      0.000
    U24$3              1.162      0.058     20.134      0.000
    U24$4              1.755      0.082     21.527      0.000
    U25$1             -0.528      0.047    -11.197      0.000
    U25$2             -0.011      0.045     -0.250      0.802
    U25$3              0.517      0.047     10.986      0.000
    U25$4              1.344      0.063     21.306      0.000
    U26$1             -1.201      0.059    -20.439      0.000
    U26$2             -0.234      0.045     -5.177      0.000
    U26$3              0.661      0.049     13.628      0.000
    U26$4              1.576      0.072     21.826      0.000

 Variances
    F1                 1.000      0.000    999.000    999.000
    F2                 1.000      0.000    999.000    999.000


STANDARDIZED MODEL RESULTS


STDYX Standardization

                                                    Two-Tailed
                    Estimate       S.E.  Est./S.E.    P-Value

 F1       BY
    U1                 0.490      0.000    999.000    999.000
    U2                 0.780      0.000    999.000    999.000
    U3                 0.220      0.000    999.000    999.000
    U4                 0.780      0.000    999.000    999.000
    U5                 0.130      0.000    999.000    999.000
    U6                 0.790      0.000    999.000    999.000
    U7                 0.330      0.000    999.000    999.000
    U8                 0.700      0.000    999.000    999.000
    U9                 0.070      0.000    999.000    999.000
    U10                0.240      0.000    999.000    999.000
    U11                0.680      0.000    999.000    999.000
    U12               -0.030      0.000    999.000    999.000
    U13                0.710      0.000    999.000    999.000
    U14               -0.170      0.000    999.000    999.000
    U15                0.020      0.000    999.000    999.000
    U16                0.690      0.000    999.000    999.000
    U17               -0.200      0.000    999.000    999.000
    U18                0.770      0.000    999.000    999.000
    U19               -0.060      0.000    999.000    999.000
    U20                0.640      0.000    999.000    999.000
    U21                0.560      0.000    999.000    999.000
    U22               -0.050      0.000    999.000    999.000
    U23               -0.220      0.000    999.000    999.000
    U24                0.620      0.000    999.000    999.000
    U25                0.750      0.000    999.000    999.000
    U26               -0.060      0.000    999.000    999.000

 F2       BY
    U1                 0.060      0.000    999.000    999.000
    U2                -0.050      0.000    999.000    999.000
    U3                 0.410      0.000    999.000    999.000
    U4                -0.070      0.000    999.000    999.000
    U5                 0.650      0.000    999.000    999.000
    U6                -0.030      0.000    999.000    999.000
    U7                 0.490      0.000    999.000    999.000
    U8                 0.010      0.000    999.000    999.000
    U9                 0.460      0.000    999.000    999.000
    U10                0.550      0.000    999.000    999.000
    U11                0.020      0.000    999.000    999.000
    U12                0.690      0.000    999.000    999.000
    U13               -0.040      0.000    999.000    999.000
    U14                0.470      0.000    999.000    999.000
    U15                0.660      0.000    999.000    999.000
    U16               -0.010      0.000    999.000    999.000
    U17                0.580      0.000    999.000    999.000
    U18                0.030      0.000    999.000    999.000
    U19                0.700      0.000    999.000    999.000
    U20                0.070      0.000    999.000    999.000
    U21                0.020      0.000    999.000    999.000
    U22                0.650      0.000    999.000    999.000
    U23                0.560      0.000    999.000    999.000
    U24               -0.010      0.000    999.000    999.000
    U25               -0.040      0.000    999.000    999.000
    U26                0.640      0.000    999.000    999.000

 F2       WITH
    F1                -0.277      0.038     -7.291      0.000

 Thresholds
    U1$1              -1.802      0.084    -21.357      0.000
    U1$2              -1.101      0.056    -19.595      0.000
    U1$3              -0.257      0.045     -5.676      0.000
    U1$4               0.634      0.048     13.145      0.000
    U2$1              -0.517      0.047    -10.986      0.000
    U2$2               0.114      0.045      2.537      0.011
    U2$3               0.682      0.049     13.971      0.000
    U2$4               1.313      0.062     21.155      0.000
    U3$1              -1.419      0.066    -21.591      0.000
    U3$2              -0.778      0.050    -15.529      0.000
    U3$3               0.133      0.045      2.965      0.003
    U3$4               1.201      0.059     20.439      0.000
    U4$1              -0.417      0.046     -9.014      0.000
    U4$2               0.251      0.045      5.534      0.000
    U4$3               0.760      0.050     15.261      0.000
    U4$4               1.393      0.065     21.505      0.000
    U5$1              -1.039      0.055    -18.964      0.000
    U5$2              -0.172      0.045     -3.822      0.000
    U5$3               0.595      0.048     12.453      0.000
    U5$4               1.377      0.064     21.443      0.000
    U6$1              -0.760      0.050    -15.261      0.000
    U6$2              -0.056      0.045     -1.251      0.211
    U6$3               0.535      0.047     11.337      0.000
    U6$4               1.227      0.059     20.632      0.000
    U7$1              -0.622      0.048    -12.938      0.000
    U7$2               0.043      0.045      0.965      0.335
    U7$3               0.731      0.049     14.788      0.000
    U7$4               1.437      0.066     21.642      0.000
    U8$1              -0.849      0.051    -16.588      0.000
    U8$2              -0.218      0.045     -4.821      0.000
    U8$3               0.385      0.046      8.377      0.000
    U8$4               1.201      0.059     20.439      0.000
    U9$1              -1.726      0.080    -21.615      0.000
    U9$2              -0.996      0.054    -18.485      0.000
    U9$3              -0.072      0.045     -1.608      0.108
    U9$4               0.945      0.053     17.869      0.000
    U10$1             -0.760      0.050    -15.261      0.000
    U10$2             -0.046      0.045     -1.036      0.300
    U10$3              0.743      0.050     14.991      0.000
    U10$4              1.622      0.074     21.805      0.000
    U11$1             -0.840      0.051    -16.457      0.000
    U11$2             -0.079      0.045     -1.751      0.080
    U11$3              0.528      0.047     11.197      0.000
    U11$4              1.329      0.063     21.232      0.000
    U12$1             -0.960      0.053    -18.056      0.000
    U12$2             -0.034      0.045     -0.750      0.453
    U12$3              0.690      0.049     14.108      0.000
    U12$4              1.513      0.069     21.790      0.000
    U13$1             -0.595      0.048    -12.453      0.000
    U13$2              0.034      0.045      0.750      0.453
    U13$3              0.539      0.047     11.407      0.000
    U13$4              1.284      0.061     20.991      0.000
    U14$1             -1.819      0.085    -21.289      0.000
    U14$2             -1.067      0.055    -19.255      0.000
    U14$3             -0.136      0.045     -3.037      0.002
    U14$4              0.877      0.052     16.978      0.000
    U15$1             -1.344      0.063    -21.306      0.000
    U15$2             -0.557      0.047    -11.756      0.000
    U15$3              0.277      0.045      6.103      0.000
    U15$4              1.214      0.059     20.536      0.000
    U16$1             -0.920      0.052    -17.554      0.000
    U16$2             -0.182      0.045     -4.036      0.000
    U16$3              0.365      0.046      7.951      0.000
    U16$4              1.207      0.059     20.488      0.000
    U17$1             -1.755      0.082    -21.527      0.000
    U17$2             -0.863      0.051    -16.783      0.000
    U17$3              0.101      0.045      2.251      0.024
    U17$4              1.188      0.058     20.339      0.000
    U18$1             -0.854      0.051    -16.653      0.000
    U18$2             -0.179      0.045     -3.965      0.000
    U18$3              0.424      0.046      9.155      0.000
    U18$4              1.262      0.061     20.861      0.000
    U19$1             -1.023      0.054    -18.786      0.000
    U19$2             -0.159      0.045     -3.537      0.000
    U19$3              0.673      0.049     13.834      0.000
    U19$4              1.455      0.067     21.688      0.000
    U20$1             -0.520      0.047    -11.056      0.000
    U20$2              0.215      0.045      4.750      0.000
    U20$3              0.940      0.053     17.806      0.000
    U20$4              1.599      0.073     21.821      0.000
    U21$1             -0.996      0.054    -18.485      0.000
    U21$2             -0.218      0.045     -4.821      0.000
    U21$3              0.588      0.048     12.314      0.000
    U21$4              1.411      0.065     21.563      0.000
    U22$1             -1.107      0.056    -19.650      0.000
    U22$2             -0.294      0.045     -6.459      0.000
    U22$3              0.539      0.047     11.407      0.000
    U22$4              1.465      0.067     21.709      0.000
    U23$1             -1.078      0.056    -19.369      0.000
    U23$2             -0.175      0.045     -3.893      0.000
    U23$3              0.673      0.049     13.834      0.000
    U23$4              1.474      0.068     21.728      0.000
    U24$1             -0.169      0.045     -3.751      0.000
    U24$2              0.603      0.048     12.591      0.000
    U24$3              1.162      0.058     20.134      0.000
    U24$4              1.755      0.082     21.527      0.000
    U25$1             -0.528      0.047    -11.197      0.000
    U25$2             -0.011      0.045     -0.250      0.802
    U25$3              0.517      0.047     10.986      0.000
    U25$4              1.344      0.063     21.306      0.000
    U26$1             -1.201      0.059    -20.439      0.000
    U26$2             -0.234      0.045     -5.177      0.000
    U26$3              0.661      0.049     13.628      0.000
    U26$4              1.576      0.072     21.826      0.000

 Variances
    F1                 1.000      0.000    999.000    999.000
    F2                 1.000      0.000    999.000    999.000


R-SQUARE

    Observed                                        Two-Tailed   Residual
    Variable        Estimate       S.E.  Est./S.E.    P-Value    Variance

    U1                 0.227      0.002    101.854      0.000      0.773
    U2                 0.632      0.003    213.542      0.000      0.368
    U3                 0.167      0.007     24.314      0.000      0.833
    U4                 0.644      0.004    155.192      0.000      0.356
    U5                 0.393      0.006     61.179      0.000      0.607
    U6                 0.638      0.002    354.526      0.000      0.362
    U7                 0.259      0.012     21.128      0.000      0.741
    U8                 0.486      0.001    914.599      0.000      0.514
    U9                 0.199      0.002     81.240      0.000      0.801
    U10                0.287      0.010     28.630      0.000      0.713
    U11                0.455      0.001    440.780      0.000      0.545
    U12                0.488      0.002    310.708      0.000      0.512
    U13                0.521      0.002    241.750      0.000      0.479
    U14                0.294      0.006     48.456      0.000      0.706
    U15                0.429      0.001    427.625      0.000      0.571
    U16                0.480      0.001    916.016      0.000      0.520
    U17                0.441      0.009     50.016      0.000      0.559
    U18                0.581      0.002    331.180      0.000      0.419
    U19                0.517      0.003    162.036      0.000      0.483
    U20                0.390      0.003    114.535      0.000      0.610
    U21                0.308      0.001    361.860      0.000      0.692
    U22                0.443      0.002    179.477      0.000      0.557
    U23                0.430      0.009     45.980      0.000      0.570
    U24                0.388      0.000    823.867      0.000      0.612
    U25                0.581      0.002    254.877      0.000      0.419
    U26                0.434      0.003    148.975      0.000      0.566


QUALITY OF NUMERICAL RESULTS

     Condition Number for the Information Matrix              0.519E-02
       (ratio of smallest to largest eigenvalue)


     Beginning Time:  10:26:38
        Ending Time:  10:26:39
       Elapsed Time:  00:00:01



MUTHEN & MUTHEN
3463 Stoner Ave.
Los Angeles, CA  90066

Tel: (310) 391-9971
Fax: (310) 391-8971
Web: www.StatModel.com
Support: Support@StatModel.com

Copyright (c) 1998-2020 Muthen & Muthen
