Mplus VERSION 8.5 (Mac)
MUTHEN & MUTHEN
02/24/2021   8:51 AM

INPUT INSTRUCTIONS

  TITLE: 2-factor CFA with categorical indicator variables.
  DATA:
    FILE = scs.dat;
  VARIABLE:
    NAMES = u1-u26 gender where;
    MISSING = ALL (-9);
    USEVARIABLES = u1-u26;
    CATEGORICAL = u1-u26;
  ANALYSIS:
    ROTATION = TARGET;
    !ESTIMATOR = WLSMV; !WLSMV; !default;
  MODEL:
    F1-F2 BY u1-u26(*1);
    !FG BY u1-u26*;
    !FG@1;
    !FN BY u1 u2 u4 u6 u8 u11 u13 u16 u18 u20 u21 u24 u25
    !      u3~0 u5~0 u7~0 u9~0 u10~0 u12~0 u14~0 u15~0 u17~0
    !      u19~0 u22~0 u23~0 u26~0(*1);
    !FP BY u3 u5 u7 u9 u10 u12 u14 u15 u17 u19 u22 u23 u26
    !      u1~0 u2~0 u4~0 u6~0 u8~0 u11~0 u13~0 u16~0 u18~0
    !      u20~0 u21~0 u24~0 u25~0(*1);
    !FG WITH FN-FP@0;
  OUTPUT: STDYX CINTERVAL;



*** WARNING in MODEL command
  Fewer than 2 loadings have been given target values in EFA set *1.
  The model may not be identified.
   1 WARNING(S) FOUND IN THE INPUT INSTRUCTIONS



2-factor CFA with categorical indicator variables.

SUMMARY OF ANALYSIS

Number of groups                                                 1
Number of observations                                         742

Number of dependent variables                                   26
Number of independent variables                                  0
Number of continuous latent variables                            2

Observed dependent variables

  Binary and ordered categorical (ordinal)
   U1          U2          U3          U4          U5          U6
   U7          U8          U9          U10         U11         U12
   U13         U14         U15         U16         U17         U18
   U19         U20         U21         U22         U23         U24
   U25         U26

Continuous latent variables

  EFA factors
  *1:   F1          F2


Estimator                                                    WLSMV
Rotation                                                    TARGET
Row standardization                                    CORRELATION
Type of rotation                                           OBLIQUE
Maximum number of iterations                                  1000
Convergence criterion                                    0.500D-04
Maximum number of steepest descent iterations                   20
Maximum number of iterations for H1                           2000
Convergence criterion for H1                             0.100D-03
Optimization Specifications for the Exploratory Factor Analysis
Rotation Algorithm
  Number of random starts                                       30
  Maximum number of iterations                             1000000
  Derivative convergence criterion                       0.100D-04
Parameterization                                             DELTA
Link                                                        PROBIT

Input data file(s)
  scs.dat

Input data format  FREE


SUMMARY OF DATA

     Number of missing data patterns             1


COVARIANCE COVERAGE OF DATA

Minimum covariance coverage value   0.100


     PROPORTION OF DATA PRESENT


           Covariance Coverage
              U1            U2            U3            U4            U5
              ________      ________      ________      ________      ________
 U1             1.000
 U2             1.000         1.000
 U3             1.000         1.000         1.000
 U4             1.000         1.000         1.000         1.000
 U5             1.000         1.000         1.000         1.000         1.000
 U6             1.000         1.000         1.000         1.000         1.000
 U7             1.000         1.000         1.000         1.000         1.000
 U8             1.000         1.000         1.000         1.000         1.000
 U9             1.000         1.000         1.000         1.000         1.000
 U10            1.000         1.000         1.000         1.000         1.000
 U11            1.000         1.000         1.000         1.000         1.000
 U12            1.000         1.000         1.000         1.000         1.000
 U13            1.000         1.000         1.000         1.000         1.000
 U14            1.000         1.000         1.000         1.000         1.000
 U15            1.000         1.000         1.000         1.000         1.000
 U16            1.000         1.000         1.000         1.000         1.000
 U17            1.000         1.000         1.000         1.000         1.000
 U18            1.000         1.000         1.000         1.000         1.000
 U19            1.000         1.000         1.000         1.000         1.000
 U20            1.000         1.000         1.000         1.000         1.000
 U21            1.000         1.000         1.000         1.000         1.000
 U22            1.000         1.000         1.000         1.000         1.000
 U23            1.000         1.000         1.000         1.000         1.000
 U24            1.000         1.000         1.000         1.000         1.000
 U25            1.000         1.000         1.000         1.000         1.000
 U26            1.000         1.000         1.000         1.000         1.000


           Covariance Coverage
              U6            U7            U8            U9            U10
              ________      ________      ________      ________      ________
 U6             1.000
 U7             1.000         1.000
 U8             1.000         1.000         1.000
 U9             1.000         1.000         1.000         1.000
 U10            1.000         1.000         1.000         1.000         1.000
 U11            1.000         1.000         1.000         1.000         1.000
 U12            1.000         1.000         1.000         1.000         1.000
 U13            1.000         1.000         1.000         1.000         1.000
 U14            1.000         1.000         1.000         1.000         1.000
 U15            1.000         1.000         1.000         1.000         1.000
 U16            1.000         1.000         1.000         1.000         1.000
 U17            1.000         1.000         1.000         1.000         1.000
 U18            1.000         1.000         1.000         1.000         1.000
 U19            1.000         1.000         1.000         1.000         1.000
 U20            1.000         1.000         1.000         1.000         1.000
 U21            1.000         1.000         1.000         1.000         1.000
 U22            1.000         1.000         1.000         1.000         1.000
 U23            1.000         1.000         1.000         1.000         1.000
 U24            1.000         1.000         1.000         1.000         1.000
 U25            1.000         1.000         1.000         1.000         1.000
 U26            1.000         1.000         1.000         1.000         1.000


           Covariance Coverage
              U11           U12           U13           U14           U15
              ________      ________      ________      ________      ________
 U11            1.000
 U12            1.000         1.000
 U13            1.000         1.000         1.000
 U14            1.000         1.000         1.000         1.000
 U15            1.000         1.000         1.000         1.000         1.000
 U16            1.000         1.000         1.000         1.000         1.000
 U17            1.000         1.000         1.000         1.000         1.000
 U18            1.000         1.000         1.000         1.000         1.000
 U19            1.000         1.000         1.000         1.000         1.000
 U20            1.000         1.000         1.000         1.000         1.000
 U21            1.000         1.000         1.000         1.000         1.000
 U22            1.000         1.000         1.000         1.000         1.000
 U23            1.000         1.000         1.000         1.000         1.000
 U24            1.000         1.000         1.000         1.000         1.000
 U25            1.000         1.000         1.000         1.000         1.000
 U26            1.000         1.000         1.000         1.000         1.000


           Covariance Coverage
              U16           U17           U18           U19           U20
              ________      ________      ________      ________      ________
 U16            1.000
 U17            1.000         1.000
 U18            1.000         1.000         1.000
 U19            1.000         1.000         1.000         1.000
 U20            1.000         1.000         1.000         1.000         1.000
 U21            1.000         1.000         1.000         1.000         1.000
 U22            1.000         1.000         1.000         1.000         1.000
 U23            1.000         1.000         1.000         1.000         1.000
 U24            1.000         1.000         1.000         1.000         1.000
 U25            1.000         1.000         1.000         1.000         1.000
 U26            1.000         1.000         1.000         1.000         1.000


           Covariance Coverage
              U21           U22           U23           U24           U25
              ________      ________      ________      ________      ________
 U21            1.000
 U22            1.000         1.000
 U23            1.000         1.000         1.000
 U24            1.000         1.000         1.000         1.000
 U25            1.000         1.000         1.000         1.000         1.000
 U26            1.000         1.000         1.000         1.000         1.000


           Covariance Coverage
              U26
              ________
 U26            1.000


UNIVARIATE PROPORTIONS AND COUNTS FOR CATEGORICAL VARIABLES

    U1
      Category 1    0.239          177.000
      Category 2    0.353          262.000
      Category 3    0.272          202.000
      Category 4    0.105           78.000
      Category 5    0.031           23.000
    U2
      Category 1    0.081           60.000
      Category 2    0.159          118.000
      Category 3    0.217          161.000
      Category 4    0.252          187.000
      Category 5    0.291          216.000
    U3
      Category 1    0.071           53.000
      Category 2    0.146          108.000
      Category 3    0.341          253.000
      Category 4    0.341          253.000
      Category 5    0.101           75.000
    U4
      Category 1    0.074           55.000
      Category 2    0.140          104.000
      Category 3    0.183          136.000
      Category 4    0.270          200.000
      Category 5    0.333          247.000
    U5
      Category 1    0.143          106.000
      Category 2    0.291          216.000
      Category 3    0.302          224.000
      Category 4    0.191          142.000
      Category 5    0.073           54.000
    U6
      Category 1    0.098           73.000
      Category 2    0.193          143.000
      Category 3    0.230          171.000
      Category 4    0.260          193.000
      Category 5    0.218          162.000
    U7
      Category 1    0.259          192.000
      Category 2    0.255          189.000
      Category 3    0.255          189.000
      Category 4    0.160          119.000
      Category 5    0.071           53.000
    U8
      Category 1    0.104           77.000
      Category 2    0.237          176.000
      Category 3    0.240          178.000
      Category 4    0.226          168.000
      Category 5    0.193          143.000
    U9
      Category 1    0.035           26.000
      Category 2    0.121           90.000
      Category 3    0.317          235.000
      Category 4    0.365          271.000
      Category 5    0.162          120.000
    U10
      Category 1    0.206          153.000
      Category 2    0.268          199.000
      Category 3    0.301          223.000
      Category 4    0.182          135.000
      Category 5    0.043           32.000
    U11
      Category 1    0.082           61.000
      Category 2    0.210          156.000
      Category 3    0.241          179.000
      Category 4    0.274          203.000
      Category 5    0.193          143.000
    U12
      Category 1    0.162          120.000
      Category 2    0.329          244.000
      Category 3    0.279          207.000
      Category 4    0.178          132.000
      Category 5    0.053           39.000
    U13
      Category 1    0.092           68.000
      Category 2    0.197          146.000
      Category 3    0.198          147.000
      Category 4    0.247          183.000
      Category 5    0.267          198.000
    U14
      Category 1    0.024           18.000
      Category 2    0.115           85.000
      Category 3    0.317          235.000
      Category 4    0.368          273.000
      Category 5    0.177          131.000
    U15
      Category 1    0.077           57.000
      Category 2    0.208          154.000
      Category 3    0.332          246.000
      Category 4    0.286          212.000
      Category 5    0.098           73.000
    U16
      Category 1    0.100           74.000
      Category 2    0.252          187.000
      Category 3    0.221          164.000
      Category 4    0.256          190.000
      Category 5    0.171          127.000
    U17
      Category 1    0.031           23.000
      Category 2    0.162          120.000
      Category 3    0.357          265.000
      Category 4    0.345          256.000
      Category 5    0.105           78.000
    U18
      Category 1    0.094           70.000
      Category 2    0.237          176.000
      Category 3    0.236          175.000
      Category 4    0.239          177.000
      Category 5    0.194          144.000
    U19
      Category 1    0.144          107.000
      Category 2    0.291          216.000
      Category 3    0.321          238.000
      Category 4    0.182          135.000
      Category 5    0.062           46.000
    U20
      Category 1    0.039           29.000
      Category 2    0.121           90.000
      Category 3    0.248          184.000
      Category 4    0.294          218.000
      Category 5    0.298          221.000
    U21
      Category 1    0.069           51.000
      Category 2    0.197          146.000
      Category 3    0.318          236.000
      Category 4    0.263          195.000
      Category 5    0.154          114.000
    U22
      Category 1    0.123           91.000
      Category 2    0.264          196.000
      Category 3    0.332          246.000
      Category 4    0.220          163.000
      Category 5    0.062           46.000
    U23
      Category 1    0.129           96.000
      Category 2    0.294          218.000
      Category 3    0.329          244.000
      Category 4    0.186          138.000
      Category 5    0.062           46.000
    U24
      Category 1    0.031           23.000
      Category 2    0.085           63.000
      Category 3    0.152          113.000
      Category 4    0.306          227.000
      Category 5    0.426          316.000
    U25
      Category 1    0.077           57.000
      Category 2    0.217          161.000
      Category 3    0.208          154.000
      Category 4    0.199          148.000
      Category 5    0.299          222.000
    U26
      Category 1    0.106           79.000
      Category 2    0.303          225.000
      Category 3    0.344          255.000
      Category 4    0.197          146.000
      Category 5    0.050           37.000



THE MODEL ESTIMATION TERMINATED NORMALLY

     STANDARD ERRORS COULD NOT BE COMPUTED.
     PROBLEM OCCURRED IN EXPLORATORY FACTOR ANALYSIS WITH 2 FACTOR(S).


     PROBLEM OCCURRED IN THE COMPUTATION OF THE STANDARD ERRORS OF THE ROTATED SOLUTION.




MODEL RESULTS

                    Estimate

 F1       BY
    U1                 0.563
    U2                 0.833
    U3                -0.171
    U4                 0.830
    U5                -0.053
    U6                 0.827
    U7                -0.335
    U8                 0.764
    U9                -0.005
    U10               -0.220
    U11                0.737
    U12                0.123
    U13                0.791
    U14                0.234
    U15                0.055
    U16                0.768
    U17                0.278
    U18                0.835
    U19                0.142
    U20                0.655
    U21                0.598
    U22                0.160
    U23                0.359
    U24                0.684
    U25                0.800
    U26                0.209

 F2       BY
    U1                 0.000
    U2                 0.147
    U3                 0.465
    U4                 0.150
    U5                 0.685
    U6                 0.120
    U7                 0.536
    U8                 0.068
    U9                 0.544
    U10                0.593
    U11                0.059
    U12                0.765
    U13                0.116
    U14                0.601
    U15                0.693
    U16                0.110
    U17                0.673
    U18                0.075
    U19                0.777
    U20                0.045
    U21                0.041
    U22                0.667
    U23                0.665
    U24                0.124
    U25                0.149
    U26                0.691

 F2       WITH
    F1                 0.000

 Thresholds
    U1$1              -0.711
    U1$2               0.232
    U1$3               1.098
    U1$4               1.866
    U2$1              -1.399
    U2$2              -0.707
    U2$3              -0.108
    U2$4               0.550
    U3$1              -1.465
    U3$2              -0.782
    U3$3               0.146
    U3$4               1.275
    U4$1              -1.446
    U4$2              -0.792
    U4$3              -0.260
    U4$4               0.432
    U5$1              -1.068
    U5$2              -0.166
    U5$3               0.631
    U5$4               1.455
    U6$1              -1.291
    U6$2              -0.550
    U6$3               0.054
    U6$4               0.778
    U7$1              -0.647
    U7$2               0.034
    U7$3               0.733
    U7$4               1.465
    U8$1              -1.260
    U8$2              -0.410
    U8$3               0.204
    U8$4               0.868
    U9$1              -1.811
    U9$2              -1.010
    U9$3              -0.068
    U9$4               0.987
    U10$1             -0.820
    U10$2             -0.064
    U10$3              0.755
    U10$4              1.716
    U11$1             -1.390
    U11$2             -0.546
    U11$3              0.085
    U11$4              0.868
    U12$1             -0.987
    U12$2             -0.024
    U12$3              0.737
    U12$4              1.621
    U13$1             -1.331
    U13$2             -0.558
    U13$3             -0.034
    U13$4              0.622
    U14$1             -1.973
    U14$2             -1.086
    U14$3             -0.112
    U14$4              0.929
    U15$1             -1.427
    U15$2             -0.570
    U15$3              0.295
    U15$4              1.291
    U16$1             -1.283
    U16$2             -0.381
    U16$3              0.183
    U16$4              0.950
    U17$1             -1.866
    U17$2             -0.868
    U17$3              0.125
    U17$4              1.253
    U18$1             -1.314
    U18$2             -0.436
    U18$3              0.170
    U18$4              0.863
    U19$1             -1.062
    U19$2             -0.163
    U19$3              0.694
    U19$4              1.538
    U20$1             -1.761
    U20$2             -0.993
    U20$3             -0.232
    U20$4              0.531
    U21$1             -1.485
    U21$2             -0.626
    U21$3              0.211
    U21$4              1.021
    U22$1             -1.162
    U22$2             -0.288
    U22$3              0.578
    U22$4              1.538
    U23$1             -1.129
    U23$2             -0.194
    U23$3              0.681
    U23$4              1.538
    U24$1             -1.866
    U24$2             -1.196
    U24$3             -0.618
    U24$4              0.187
    U25$1             -1.427
    U25$2             -0.542
    U25$3              0.003
    U25$4              0.527
    U26$1             -1.246
    U26$2             -0.228
    U26$3              0.685
    U26$4              1.646

 Variances
    F1                 1.000
    F2                 1.000


STANDARDIZED MODEL RESULTS

                      StdYX
                    Estimate

 F1       BY
    U1                 0.563
    U2                 0.833
    U3                -0.171
    U4                 0.830
    U5                -0.053
    U6                 0.827
    U7                -0.335
    U8                 0.764
    U9                -0.005
    U10               -0.220
    U11                0.737
    U12                0.123
    U13                0.791
    U14                0.234
    U15                0.055
    U16                0.768
    U17                0.278
    U18                0.835
    U19                0.142
    U20                0.655
    U21                0.598
    U22                0.160
    U23                0.359
    U24                0.684
    U25                0.800
    U26                0.209

 F2       BY
    U1                 0.000
    U2                 0.147
    U3                 0.465
    U4                 0.150
    U5                 0.685
    U6                 0.120
    U7                 0.536
    U8                 0.068
    U9                 0.544
    U10                0.593
    U11                0.059
    U12                0.765
    U13                0.116
    U14                0.601
    U15                0.693
    U16                0.110
    U17                0.673
    U18                0.075
    U19                0.777
    U20                0.045
    U21                0.041
    U22                0.667
    U23                0.665
    U24                0.124
    U25                0.149
    U26                0.691

 F2       WITH
    F1                 0.000

 Thresholds
    U1$1              -0.711
    U1$2               0.232
    U1$3               1.098
    U1$4               1.866
    U2$1              -1.399
    U2$2              -0.707
    U2$3              -0.108
    U2$4               0.550
    U3$1              -1.465
    U3$2              -0.782
    U3$3               0.146
    U3$4               1.275
    U4$1              -1.446
    U4$2              -0.792
    U4$3              -0.260
    U4$4               0.432
    U5$1              -1.068
    U5$2              -0.166
    U5$3               0.631
    U5$4               1.455
    U6$1              -1.291
    U6$2              -0.550
    U6$3               0.054
    U6$4               0.778
    U7$1              -0.647
    U7$2               0.034
    U7$3               0.733
    U7$4               1.465
    U8$1              -1.260
    U8$2              -0.410
    U8$3               0.204
    U8$4               0.868
    U9$1              -1.811
    U9$2              -1.010
    U9$3              -0.068
    U9$4               0.987
    U10$1             -0.820
    U10$2             -0.064
    U10$3              0.755
    U10$4              1.716
    U11$1             -1.390
    U11$2             -0.546
    U11$3              0.085
    U11$4              0.868
    U12$1             -0.987
    U12$2             -0.024
    U12$3              0.737
    U12$4              1.621
    U13$1             -1.331
    U13$2             -0.558
    U13$3             -0.034
    U13$4              0.622
    U14$1             -1.973
    U14$2             -1.086
    U14$3             -0.112
    U14$4              0.929
    U15$1             -1.427
    U15$2             -0.570
    U15$3              0.295
    U15$4              1.291
    U16$1             -1.283
    U16$2             -0.381
    U16$3              0.183
    U16$4              0.950
    U17$1             -1.866
    U17$2             -0.868
    U17$3              0.125
    U17$4              1.253
    U18$1             -1.314
    U18$2             -0.436
    U18$3              0.170
    U18$4              0.863
    U19$1             -1.062
    U19$2             -0.163
    U19$3              0.694
    U19$4              1.538
    U20$1             -1.761
    U20$2             -0.993
    U20$3             -0.232
    U20$4              0.531
    U21$1             -1.485
    U21$2             -0.626
    U21$3              0.211
    U21$4              1.021
    U22$1             -1.162
    U22$2             -0.288
    U22$3              0.578
    U22$4              1.538
    U23$1             -1.129
    U23$2             -0.194
    U23$3              0.681
    U23$4              1.538
    U24$1             -1.866
    U24$2             -1.196
    U24$3             -0.618
    U24$4              0.187
    U25$1             -1.427
    U25$2             -0.542
    U25$3              0.003
    U25$4              0.527
    U26$1             -1.246
    U26$2             -0.228
    U26$3              0.685
    U26$4              1.646

 Variances
    F1                 1.000
    F2                 1.000


CFA MODEL COMMAND WITH FINAL ROTATED ESTIMATES USED AS STARTING VALUES

     f1 BY u1*0.56285;
     f1 BY u2*0.83316;
     f1 BY u3*-0.17117;
     f1 BY u4*0.82963;
     f1 BY u5*-0.05328;
     f1 BY u6*0.82686;
     f1 BY u7*-0.33545;
     f1 BY u8*0.76423;
     f1 BY u9*-0.00472;
     f1 BY u10*-0.22027;
     f1 BY u11*0.73671;
     f1 BY u12*0.12259;
     f1 BY u13*0.79061;
     f1 BY u14*0.23404;
     f1 BY u15*0.05534;
     f1 BY u16*0.76778;
     f1 BY u17*0.27831;
     f1 BY u18*0.83484;
     f1 BY u19*0.14242;
     f1 BY u20*0.65462;
     f1 BY u21*0.59756;
     f1 BY u22*0.15971;
     f1 BY u23*0.35884;
     f1 BY u24*0.68442;
     f1 BY u25*0.79979;
     f1 BY u26*0.20896;
     f2 BY u1*0;
     f2 BY u2*0.14667;
     f2 BY u3*0.46476;
     f2 BY u4*0.14999;
     f2 BY u5*0.68504;
     f2 BY u6*0.11962;
     f2 BY u7*0.53641;
     f2 BY u8*0.06822;
     f2 BY u9*0.54444;
     f2 BY u10*0.59283;
     f2 BY u11*0.05913;
     f2 BY u12*0.76453;
     f2 BY u13*0.11609;
     f2 BY u14*0.60077;
     f2 BY u15*0.69311;
     f2 BY u16*0.11008;
     f2 BY u17*0.67280;
     f2 BY u18*0.07496;
     f2 BY u19*0.77727;
     f2 BY u20*0.04483;
     f2 BY u21*0.04065;
     f2 BY u22*0.66737;
     f2 BY u23*0.66543;
     f2 BY u24*0.12445;
     f2 BY u25*0.14875;
     f2 BY u26*0.69122;

     f2 WITH f1*0;

     [ u1$1*-0.71099 ];
     [ u1$2*0.23178 ];
     [ u1$3*1.09793 ];
     [ u1$4*1.86633 ];
     [ u2$1*-1.39929 ];
     [ u2$2*-0.70665 ];
     [ u2$3*-0.10831 ];
     [ u2$4*0.55016 ];
     [ u3$1*-1.46523 ];
     [ u3$2*-0.78243 ];
     [ u3$3*0.14578 ];
     [ u3$4*1.27543 ];
     [ u4$1*-1.44575 ];
     [ u4$2*-0.79164 ];
     [ u4$3*-0.25963 ];
     [ u4$4*0.43196 ];
     [ u5$1*-1.06757 ];
     [ u5$2*-0.16630 ];
     [ u5$3*0.63060 ];
     [ u5$4*1.45542 ];
     [ u6$1*-1.29082 ];
     [ u6$2*-0.55016 ];
     [ u6$3*0.05408 ];
     [ u6$4*0.77785 ];
     [ u7$1*-0.64717 ];
     [ u7$2*0.03379 ];
     [ u7$3*0.73291 ];
     [ u7$4*1.46523 ];
     [ u8$1*-1.26034 ];
     [ u8$2*-0.40982 ];
     [ u8$3*0.20410 ];
     [ u8$4*0.86791 ];
     [ u9$1*-1.81139 ];
     [ u9$2*-1.00964 ];
     [ u9$3*-0.06762 ];
     [ u9$4*0.98739 ];
     [ u10$1*-0.81968 ];
     [ u10$2*-0.06423 ];
     [ u10$3*0.75519 ];
     [ u10$4*1.71550 ];
     [ u11$1*-1.39036 ];
     [ u11$2*-0.54623 ];
     [ u11$3*0.08456 ];
     [ u11$4*0.86791 ];
     [ u12$1*-0.98739 ];
     [ u12$2*-0.02365 ];
     [ u12$3*0.73734 ];
     [ u12$4*1.62052 ];
     [ u13$1*-1.33070 ];
     [ u13$2*-0.55804 ];
     [ u13$3*-0.03379 ];
     [ u13$4*0.62238 ];
     [ u14$1*-1.97281 ];
     [ u14$2*-1.08566 ];
     [ u14$3*-0.11171 ];
     [ u14$4*0.92859 ];
     [ u15$1*-1.42680 ];
     [ u15$2*-0.56992 ];
     [ u15$3*0.29474 ];
     [ u15$4*1.29082 ];
     [ u16$1*-1.28309 ];
     [ u16$2*-0.38059 ];
     [ u16$3*0.18345 ];
     [ u16$4*0.94960 ];
     [ u17$1*-1.86633 ];
     [ u17$2*-0.86791 ];
     [ u17$3*0.12532 ];
     [ u17$4*1.25290 ];
     [ u18$1*-1.31450 ];
     [ u18$2*-0.43567 ];
     [ u18$3*0.16972 ];
     [ u18$4*0.86300 ];
     [ u19$1*-1.06162 ];
     [ u19$2*-0.16287 ];
     [ u19$3*0.69370 ];
     [ u19$4*1.53824 ];
     [ u20$1*-1.76142 ];
     [ u20$2*-0.99291 ];
     [ u20$3*-0.23178 ];
     [ u20$4*0.53061 ];
     [ u21$1*-1.48529 ];
     [ u21$2*-0.62648 ];
     [ u21$3*0.21100 ];
     [ u21$4*1.02095 ];
     [ u22$1*-1.16188 ];
     [ u22$2*-0.28769 ];
     [ u22$3*0.57788 ];
     [ u22$4*1.53824 ];
     [ u23$1*-1.12933 ];
     [ u23$2*-0.19376 ];
     [ u23$3*0.68087 ];
     [ u23$4*1.53824 ];
     [ u24$1*-1.86633 ];
     [ u24$2*-1.19572 ];
     [ u24$3*-0.61828 ];
     [ u24$4*0.18688 ];
     [ u25$1*-1.42680 ];
     [ u25$2*-0.54232 ];
     [ u25$3*0.00338 ];
     [ u25$4*0.52673 ];
     [ u26$1*-1.24553 ];
     [ u26$2*-0.22831 ];
     [ u26$3*0.68513 ];
     [ u26$4*1.64616 ];

     f1@1;
     f2@1;



     Beginning Time:  08:51:39
        Ending Time:  08:51:40
       Elapsed Time:  00:00:01



MUTHEN & MUTHEN
3463 Stoner Ave.
Los Angeles, CA  90066

Tel: (310) 391-9971
Fax: (310) 391-8971
Web: www.StatModel.com
Support: Support@StatModel.com

Copyright (c) 1998-2020 Muthen & Muthen
