Mplus VERSION 8.5 (Mac)
MUTHEN & MUTHEN
02/24/2021   7:36 AM

INPUT INSTRUCTIONS

  TITLE: 2-factor CFA with categorical indicator variables.
  DATA:
    FILE = scs.dat;
  VARIABLE:
    NAMES = u1-u26 gender where;
    MISSING = ALL (-9);
    USEVARIABLES = u1-u26 gender where;
    CATEGORICAL = u1-u26;
  ANALYSIS:
    ROTATION = TARGET;
    !ESTIMATOR = MLR; !WLSMV; !default;
  MODEL:
    FN BY u1 u8 u11 u16 u21 u4 u13 u18 u25 u2 u6 u20 u24
    u5~0 u12~0 u19~0 u23~0 u26~0 u3~0 u7~0 u10~0 u15~0 u9~0 u14~0 u17~0 u22~0(*1);
    FP BY u5 u12 u19 u23 u26 u3 u7 u10 u15 u9 u14 u17 u22
    u1~0 u8~0 u11~0 u16~0 u21~0 u4~0 u13~0 u18~0 u25~0 u2~0 u6~0 u20~0 u24~0(*1);
  OUTPUT: STDYX CINTERVAL;



*** WARNING in MODEL command
  Variable is uncorrelated with all other variables:  GENDER
*** WARNING in MODEL command
  Variable is uncorrelated with all other variables:  WHERE
*** WARNING in MODEL command
  At least one variable is uncorrelated with all other variables in the model.
  Check that this is what is intended.
   3 WARNING(S) FOUND IN THE INPUT INSTRUCTIONS



2-factor CFA with categorical indicator variables.

SUMMARY OF ANALYSIS

Number of groups                                                 1
Number of observations                                         742

Number of dependent variables                                   28
Number of independent variables                                  0
Number of continuous latent variables                            2

Observed dependent variables

  Continuous
   GENDER      WHERE

  Binary and ordered categorical (ordinal)
   U1          U2          U3          U4          U5          U6
   U7          U8          U9          U10         U11         U12
   U13         U14         U15         U16         U17         U18
   U19         U20         U21         U22         U23         U24
   U25         U26

Continuous latent variables

  EFA factors
  *1:   FN          FP


Estimator                                                    WLSMV
Rotation                                                    TARGET
Row standardization                                    CORRELATION
Type of rotation                                           OBLIQUE
Maximum number of iterations                                  1000
Convergence criterion                                    0.500D-04
Maximum number of steepest descent iterations                   20
Maximum number of iterations for H1                           2000
Convergence criterion for H1                             0.100D-03
Optimization Specifications for the Exploratory Factor Analysis
Rotation Algorithm
  Number of random starts                                       30
  Maximum number of iterations                             1000000
  Derivative convergence criterion                       0.100D-04
Parameterization                                             DELTA
Link                                                        PROBIT

Input data file(s)
  scs.dat

Input data format  FREE


SUMMARY OF DATA

     Number of missing data patterns             1


COVARIANCE COVERAGE OF DATA

Minimum covariance coverage value   0.100


     PROPORTION OF DATA PRESENT


           Covariance Coverage
              U1            U2            U3            U4            U5
              ________      ________      ________      ________      ________
 U1             1.000
 U2             1.000         1.000
 U3             1.000         1.000         1.000
 U4             1.000         1.000         1.000         1.000
 U5             1.000         1.000         1.000         1.000         1.000
 U6             1.000         1.000         1.000         1.000         1.000
 U7             1.000         1.000         1.000         1.000         1.000
 U8             1.000         1.000         1.000         1.000         1.000
 U9             1.000         1.000         1.000         1.000         1.000
 U10            1.000         1.000         1.000         1.000         1.000
 U11            1.000         1.000         1.000         1.000         1.000
 U12            1.000         1.000         1.000         1.000         1.000
 U13            1.000         1.000         1.000         1.000         1.000
 U14            1.000         1.000         1.000         1.000         1.000
 U15            1.000         1.000         1.000         1.000         1.000
 U16            1.000         1.000         1.000         1.000         1.000
 U17            1.000         1.000         1.000         1.000         1.000
 U18            1.000         1.000         1.000         1.000         1.000
 U19            1.000         1.000         1.000         1.000         1.000
 U20            1.000         1.000         1.000         1.000         1.000
 U21            1.000         1.000         1.000         1.000         1.000
 U22            1.000         1.000         1.000         1.000         1.000
 U23            1.000         1.000         1.000         1.000         1.000
 U24            1.000         1.000         1.000         1.000         1.000
 U25            1.000         1.000         1.000         1.000         1.000
 U26            1.000         1.000         1.000         1.000         1.000
 GENDER         1.000         1.000         1.000         1.000         1.000
 WHERE          1.000         1.000         1.000         1.000         1.000


           Covariance Coverage
              U6            U7            U8            U9            U10
              ________      ________      ________      ________      ________
 U6             1.000
 U7             1.000         1.000
 U8             1.000         1.000         1.000
 U9             1.000         1.000         1.000         1.000
 U10            1.000         1.000         1.000         1.000         1.000
 U11            1.000         1.000         1.000         1.000         1.000
 U12            1.000         1.000         1.000         1.000         1.000
 U13            1.000         1.000         1.000         1.000         1.000
 U14            1.000         1.000         1.000         1.000         1.000
 U15            1.000         1.000         1.000         1.000         1.000
 U16            1.000         1.000         1.000         1.000         1.000
 U17            1.000         1.000         1.000         1.000         1.000
 U18            1.000         1.000         1.000         1.000         1.000
 U19            1.000         1.000         1.000         1.000         1.000
 U20            1.000         1.000         1.000         1.000         1.000
 U21            1.000         1.000         1.000         1.000         1.000
 U22            1.000         1.000         1.000         1.000         1.000
 U23            1.000         1.000         1.000         1.000         1.000
 U24            1.000         1.000         1.000         1.000         1.000
 U25            1.000         1.000         1.000         1.000         1.000
 U26            1.000         1.000         1.000         1.000         1.000
 GENDER         1.000         1.000         1.000         1.000         1.000
 WHERE          1.000         1.000         1.000         1.000         1.000


           Covariance Coverage
              U11           U12           U13           U14           U15
              ________      ________      ________      ________      ________
 U11            1.000
 U12            1.000         1.000
 U13            1.000         1.000         1.000
 U14            1.000         1.000         1.000         1.000
 U15            1.000         1.000         1.000         1.000         1.000
 U16            1.000         1.000         1.000         1.000         1.000
 U17            1.000         1.000         1.000         1.000         1.000
 U18            1.000         1.000         1.000         1.000         1.000
 U19            1.000         1.000         1.000         1.000         1.000
 U20            1.000         1.000         1.000         1.000         1.000
 U21            1.000         1.000         1.000         1.000         1.000
 U22            1.000         1.000         1.000         1.000         1.000
 U23            1.000         1.000         1.000         1.000         1.000
 U24            1.000         1.000         1.000         1.000         1.000
 U25            1.000         1.000         1.000         1.000         1.000
 U26            1.000         1.000         1.000         1.000         1.000
 GENDER         1.000         1.000         1.000         1.000         1.000
 WHERE          1.000         1.000         1.000         1.000         1.000


           Covariance Coverage
              U16           U17           U18           U19           U20
              ________      ________      ________      ________      ________
 U16            1.000
 U17            1.000         1.000
 U18            1.000         1.000         1.000
 U19            1.000         1.000         1.000         1.000
 U20            1.000         1.000         1.000         1.000         1.000
 U21            1.000         1.000         1.000         1.000         1.000
 U22            1.000         1.000         1.000         1.000         1.000
 U23            1.000         1.000         1.000         1.000         1.000
 U24            1.000         1.000         1.000         1.000         1.000
 U25            1.000         1.000         1.000         1.000         1.000
 U26            1.000         1.000         1.000         1.000         1.000
 GENDER         1.000         1.000         1.000         1.000         1.000
 WHERE          1.000         1.000         1.000         1.000         1.000


           Covariance Coverage
              U21           U22           U23           U24           U25
              ________      ________      ________      ________      ________
 U21            1.000
 U22            1.000         1.000
 U23            1.000         1.000         1.000
 U24            1.000         1.000         1.000         1.000
 U25            1.000         1.000         1.000         1.000         1.000
 U26            1.000         1.000         1.000         1.000         1.000
 GENDER         1.000         1.000         1.000         1.000         1.000
 WHERE          1.000         1.000         1.000         1.000         1.000


           Covariance Coverage
              U26           GENDER        WHERE
              ________      ________      ________
 U26            1.000
 GENDER         1.000         1.000
 WHERE          1.000         1.000         1.000


UNIVARIATE PROPORTIONS AND COUNTS FOR CATEGORICAL VARIABLES

    U1
      Category 1    0.239          177.000
      Category 2    0.353          262.000
      Category 3    0.272          202.000
      Category 4    0.105           78.000
      Category 5    0.031           23.000
    U2
      Category 1    0.081           60.000
      Category 2    0.159          118.000
      Category 3    0.217          161.000
      Category 4    0.252          187.000
      Category 5    0.291          216.000
    U3
      Category 1    0.071           53.000
      Category 2    0.146          108.000
      Category 3    0.341          253.000
      Category 4    0.341          253.000
      Category 5    0.101           75.000
    U4
      Category 1    0.074           55.000
      Category 2    0.140          104.000
      Category 3    0.183          136.000
      Category 4    0.270          200.000
      Category 5    0.333          247.000
    U5
      Category 1    0.143          106.000
      Category 2    0.291          216.000
      Category 3    0.302          224.000
      Category 4    0.191          142.000
      Category 5    0.073           54.000
    U6
      Category 1    0.098           73.000
      Category 2    0.193          143.000
      Category 3    0.230          171.000
      Category 4    0.260          193.000
      Category 5    0.218          162.000
    U7
      Category 1    0.259          192.000
      Category 2    0.255          189.000
      Category 3    0.255          189.000
      Category 4    0.160          119.000
      Category 5    0.071           53.000
    U8
      Category 1    0.104           77.000
      Category 2    0.237          176.000
      Category 3    0.240          178.000
      Category 4    0.226          168.000
      Category 5    0.193          143.000
    U9
      Category 1    0.035           26.000
      Category 2    0.121           90.000
      Category 3    0.317          235.000
      Category 4    0.365          271.000
      Category 5    0.162          120.000
    U10
      Category 1    0.206          153.000
      Category 2    0.268          199.000
      Category 3    0.301          223.000
      Category 4    0.182          135.000
      Category 5    0.043           32.000
    U11
      Category 1    0.082           61.000
      Category 2    0.210          156.000
      Category 3    0.241          179.000
      Category 4    0.274          203.000
      Category 5    0.193          143.000
    U12
      Category 1    0.162          120.000
      Category 2    0.329          244.000
      Category 3    0.279          207.000
      Category 4    0.178          132.000
      Category 5    0.053           39.000
    U13
      Category 1    0.092           68.000
      Category 2    0.197          146.000
      Category 3    0.198          147.000
      Category 4    0.247          183.000
      Category 5    0.267          198.000
    U14
      Category 1    0.024           18.000
      Category 2    0.115           85.000
      Category 3    0.317          235.000
      Category 4    0.368          273.000
      Category 5    0.177          131.000
    U15
      Category 1    0.077           57.000
      Category 2    0.208          154.000
      Category 3    0.332          246.000
      Category 4    0.286          212.000
      Category 5    0.098           73.000
    U16
      Category 1    0.100           74.000
      Category 2    0.252          187.000
      Category 3    0.221          164.000
      Category 4    0.256          190.000
      Category 5    0.171          127.000
    U17
      Category 1    0.031           23.000
      Category 2    0.162          120.000
      Category 3    0.357          265.000
      Category 4    0.345          256.000
      Category 5    0.105           78.000
    U18
      Category 1    0.094           70.000
      Category 2    0.237          176.000
      Category 3    0.236          175.000
      Category 4    0.239          177.000
      Category 5    0.194          144.000
    U19
      Category 1    0.144          107.000
      Category 2    0.291          216.000
      Category 3    0.321          238.000
      Category 4    0.182          135.000
      Category 5    0.062           46.000
    U20
      Category 1    0.039           29.000
      Category 2    0.121           90.000
      Category 3    0.248          184.000
      Category 4    0.294          218.000
      Category 5    0.298          221.000
    U21
      Category 1    0.069           51.000
      Category 2    0.197          146.000
      Category 3    0.318          236.000
      Category 4    0.263          195.000
      Category 5    0.154          114.000
    U22
      Category 1    0.123           91.000
      Category 2    0.264          196.000
      Category 3    0.332          246.000
      Category 4    0.220          163.000
      Category 5    0.062           46.000
    U23
      Category 1    0.129           96.000
      Category 2    0.294          218.000
      Category 3    0.329          244.000
      Category 4    0.186          138.000
      Category 5    0.062           46.000
    U24
      Category 1    0.031           23.000
      Category 2    0.085           63.000
      Category 3    0.152          113.000
      Category 4    0.306          227.000
      Category 5    0.426          316.000
    U25
      Category 1    0.077           57.000
      Category 2    0.217          161.000
      Category 3    0.208          154.000
      Category 4    0.199          148.000
      Category 5    0.299          222.000
    U26
      Category 1    0.106           79.000
      Category 2    0.303          225.000
      Category 3    0.344          255.000
      Category 4    0.197          146.000
      Category 5    0.050           37.000



UNIVARIATE SAMPLE STATISTICS


     UNIVARIATE HIGHER-ORDER MOMENT DESCRIPTIVE STATISTICS

         Variable/         Mean/     Skewness/   Minimum/ % with                Percentiles
        Sample Size      Variance    Kurtosis    Maximum  Min/Max      20%/60%    40%/80%    Median

     GENDER                1.544      -0.179       1.000   45.55%       1.000      1.000      2.000
             742.000       0.248      -1.968       2.000   54.45%       2.000      2.000
     WHERE                 1.245       1.184       1.000   75.47%       1.000      1.000      1.000
             742.000       0.185      -0.598       2.000   24.53%       1.000      2.000

     WARNING:  VARIABLE GENDER MAY BE DICHOTOMOUS BUT DECLARED AS CONTINUOUS.

     WARNING:  VARIABLE WHERE MAY BE DICHOTOMOUS BUT DECLARED AS CONTINUOUS.


THE MODEL ESTIMATION TERMINATED NORMALLY



MODEL FIT INFORMATION

Number of Free Parameters                      159

Chi-Square Test of Model Fit

          Value                           2565.988*
          Degrees of Freedom                   327
          P-Value                           0.0000

*   The chi-square value for MLM, MLMV, MLR, ULSMV, WLSM and WLSMV cannot be used
    for chi-square difference testing in the regular way.  MLM, MLR and WLSM
    chi-square difference testing is described on the Mplus website.  MLMV, WLSMV,
    and ULSMV difference testing is done using the DIFFTEST option.

RMSEA (Root Mean Square Error Of Approximation)

          Estimate                           0.096
          90 Percent C.I.                    0.093  0.100
          Probability RMSEA <= .05           0.000

CFI/TLI

          CFI                                0.893
          TLI                                0.876

Chi-Square Test of Model Fit for the Baseline Model

          Value                          21260.523
          Degrees of Freedom                   378
          P-Value                           0.0000

SRMR (Standardized Root Mean Square Residual)

          Value                              0.065

Optimum Function Value for Weighted Least-Squares Estimator

          Value                     0.15944367D+01



MODEL RESULTS

                                                    Two-Tailed
                    Estimate       S.E.  Est./S.E.    P-Value

 FN       BY
    U1                 0.573      0.027     20.963      0.000
    U8                 0.771      0.018     43.380      0.000
    U11                0.744      0.020     37.644      0.000
    U16                0.770      0.017     45.340      0.000
    U21                0.604      0.025     24.405      0.000
    U4                 0.829      0.014     59.059      0.000
    U13                0.793      0.016     49.428      0.000
    U18                0.842      0.014     62.335      0.000
    U25                0.799      0.016     50.159      0.000
    U2                 0.833      0.015     56.647      0.000
    U6                 0.829      0.014     60.900      0.000
    U20                0.662      0.023     28.699      0.000
    U24                0.684      0.023     30.030      0.000
    U5                -0.127      0.026     -4.899      0.000
    U12                0.044      0.023      1.867      0.062
    U19                0.062      0.024      2.644      0.008
    U23                0.295      0.024     12.076      0.000
    U26                0.139      0.025      5.465      0.000
    U3                -0.224      0.029     -7.665      0.000
    U7                -0.399      0.027    -14.866      0.000
    U10               -0.287      0.027    -10.463      0.000
    U15               -0.017      0.024     -0.723      0.469
    U9                -0.063      0.030     -2.066      0.039
    U14                0.175      0.029      6.007      0.000
    U17                0.212      0.024      8.770      0.000
    U22                0.092      0.026      3.579      0.000

 FP       BY
    U5                 0.703      0.019     36.352      0.000
    U12                0.764      0.017     45.332      0.000
    U19                0.774      0.015     51.545      0.000
    U23                0.636      0.021     30.807      0.000
    U26                0.679      0.021     32.781      0.000
    U3                 0.493      0.028     17.586      0.000
    U7                 0.584      0.026     22.151      0.000
    U10                0.629      0.023     27.763      0.000
    U15                0.699      0.020     35.235      0.000
    U9                 0.554      0.026     21.742      0.000
    U14                0.584      0.025     23.628      0.000
    U17                0.652      0.020     31.842      0.000
    U22                0.661      0.019     34.305      0.000
    U1                -0.065      0.031     -2.106      0.035
    U8                -0.019      0.021     -0.901      0.368
    U11               -0.025      0.024     -1.053      0.293
    U16                0.023      0.022      1.079      0.281
    U21               -0.028      0.026     -1.041      0.298
    U4                 0.057      0.022      2.601      0.009
    U13                0.027      0.023      1.191      0.234
    U18               -0.020      0.021     -0.938      0.348
    U25                0.059      0.021      2.828      0.005
    U2                 0.053      0.020      2.706      0.007
    U6                 0.026      0.020      1.346      0.178
    U20               -0.030      0.027     -1.091      0.275
    U24                0.048      0.028      1.726      0.084

 FP       WITH
    FN                 0.215      0.031      6.948      0.000

 Means
    GENDER             1.544      0.018     84.477      0.000
    WHERE              1.245      0.016     78.840      0.000

 Thresholds
    U1$1              -0.711      0.050    -14.080      0.000
    U1$2               0.232      0.046      4.988      0.000
    U1$3               1.098      0.058     19.043      0.000
    U1$4               1.866      0.091     20.507      0.000
    U2$1              -1.399      0.067    -20.955      0.000
    U2$2              -0.707      0.050    -14.010      0.000
    U2$3              -0.108      0.046     -2.349      0.019
    U2$4               0.550      0.049     11.313      0.000
    U3$1              -1.465      0.069    -21.134      0.000
    U3$2              -0.782      0.052    -15.189      0.000
    U3$3               0.146      0.046      3.156      0.002
    U3$4               1.275      0.063     20.386      0.000
    U4$1              -1.446      0.069    -21.090      0.000
    U4$2              -0.792      0.052    -15.326      0.000
    U4$3              -0.260      0.047     -5.574      0.000
    U4$4               0.432      0.048      9.074      0.000
    U5$1              -1.068      0.057    -18.752      0.000
    U5$2              -0.166      0.046     -3.596      0.000
    U5$3               0.631      0.049     12.741      0.000
    U5$4               1.455      0.069     21.113      0.000
    U6$1              -1.291      0.063    -20.474      0.000
    U6$2              -0.550      0.049    -11.313      0.000
    U6$3               0.054      0.046      1.175      0.240
    U6$4               0.778      0.051     15.120      0.000
    U7$1              -0.647      0.050    -13.024      0.000
    U7$2               0.034      0.046      0.734      0.463
    U7$3               0.733      0.051     14.429      0.000
    U7$4               1.465      0.069     21.134      0.000
    U8$1              -1.260      0.062    -20.296      0.000
    U8$2              -0.410      0.047     -8.638      0.000
    U8$3               0.204      0.046      4.402      0.000
    U8$4               0.868      0.053     16.407      0.000
    U9$1              -1.811      0.087    -20.754      0.000
    U9$2              -1.010      0.056    -18.147      0.000
    U9$3              -0.068      0.046     -1.468      0.142
    U9$4               0.987      0.055     17.898      0.000
    U10$1             -0.820      0.052    -15.735      0.000
    U10$2             -0.064      0.046     -1.395      0.163
    U10$3              0.755      0.051     14.775      0.000
    U10$4              1.716      0.081     21.069      0.000
    U11$1             -1.390      0.066    -20.924      0.000
    U11$2             -0.546      0.049    -11.241      0.000
    U11$3              0.085      0.046      1.835      0.066
    U11$4              0.868      0.053     16.407      0.000
    U12$1             -0.987      0.055    -17.898      0.000
    U12$2             -0.024      0.046     -0.514      0.607
    U12$3              0.737      0.051     14.498      0.000
    U12$4              1.621      0.076     21.228      0.000
    U13$1             -1.331      0.064    -20.677      0.000
    U13$2             -0.558      0.049    -11.456      0.000
    U13$3             -0.034      0.046     -0.734      0.463
    U13$4              0.622      0.049     12.599      0.000
    U14$1             -1.973      0.099    -19.905      0.000
    U14$2             -1.086      0.057    -18.928      0.000
    U14$3             -0.112      0.046     -2.422      0.015
    U14$4              0.929      0.054     17.197      0.000
    U15$1             -1.427      0.068    -21.040      0.000
    U15$2             -0.570      0.049    -11.671      0.000
    U15$3              0.295      0.047      6.305      0.000
    U15$4              1.291      0.063     20.474      0.000
    U16$1             -1.283      0.063    -20.430      0.000
    U16$2             -0.381      0.047     -8.056      0.000
    U16$3              0.183      0.046      3.963      0.000
    U16$4              0.950      0.054     17.454      0.000
    U17$1             -1.866      0.091    -20.507      0.000
    U17$2             -0.868      0.053    -16.407      0.000
    U17$3              0.125      0.046      2.716      0.007
    U17$4              1.253      0.062     20.250      0.000
    U18$1             -1.314      0.064    -20.598      0.000
    U18$2             -0.436      0.048     -9.146      0.000
    U18$3              0.170      0.046      3.669      0.000
    U18$4              0.863      0.053     16.341      0.000
    U19$1             -1.062      0.057    -18.693      0.000
    U19$2             -0.163      0.046     -3.523      0.000
    U19$3              0.694      0.050     13.800      0.000
    U19$4              1.538      0.072     21.235      0.000
    U20$1             -1.761      0.084    -20.937      0.000
    U20$2             -0.993      0.055    -17.961      0.000
    U20$3             -0.232      0.046     -4.988      0.000
    U20$4              0.531      0.048     10.953      0.000
    U21$1             -1.485      0.070    -21.172      0.000
    U21$2             -0.626      0.049    -12.670      0.000
    U21$3              0.211      0.046      4.549      0.000
    U21$4              1.021      0.056     18.270      0.000
    U22$1             -1.162      0.059    -19.599      0.000
    U22$2             -0.288      0.047     -6.159      0.000
    U22$3              0.578      0.049     11.814      0.000
    U22$4              1.538      0.072     21.235      0.000
    U23$1             -1.129      0.058    -19.326      0.000
    U23$2             -0.194      0.046     -4.183      0.000
    U23$3              0.681      0.050     13.589      0.000
    U23$4              1.538      0.072     21.235      0.000
    U24$1             -1.866      0.091    -20.507      0.000
    U24$2             -1.196      0.060    -19.860      0.000
    U24$3             -0.618      0.049    -12.528      0.000
    U24$4              0.187      0.046      4.036      0.000
    U25$1             -1.427      0.068    -21.040      0.000
    U25$2             -0.542      0.049    -11.169      0.000
    U25$3              0.003      0.046      0.073      0.941
    U25$4              0.527      0.048     10.881      0.000
    U26$1             -1.246      0.062    -20.204      0.000
    U26$2             -0.228      0.046     -4.915      0.000
    U26$3              0.685      0.050     13.659      0.000
    U26$4              1.646      0.078     21.201      0.000

 Variances
    GENDER             0.248      0.002    152.513      0.000
    WHERE              0.185      0.008     23.006      0.000
    FN                 1.000      0.000    999.000    999.000
    FP                 1.000      0.000    999.000    999.000


STANDARDIZED MODEL RESULTS


STDYX Standardization

                                                    Two-Tailed
                    Estimate       S.E.  Est./S.E.    P-Value

 FN       BY
    U1                 0.573      0.027     20.963      0.000
    U8                 0.771      0.018     43.380      0.000
    U11                0.744      0.020     37.644      0.000
    U16                0.770      0.017     45.340      0.000
    U21                0.604      0.025     24.405      0.000
    U4                 0.829      0.014     59.059      0.000
    U13                0.793      0.016     49.428      0.000
    U18                0.842      0.014     62.335      0.000
    U25                0.799      0.016     50.159      0.000
    U2                 0.833      0.015     56.647      0.000
    U6                 0.829      0.014     60.900      0.000
    U20                0.662      0.023     28.699      0.000
    U24                0.684      0.023     30.030      0.000
    U5                -0.127      0.026     -4.899      0.000
    U12                0.044      0.023      1.867      0.062
    U19                0.062      0.024      2.644      0.008
    U23                0.295      0.024     12.076      0.000
    U26                0.139      0.025      5.465      0.000
    U3                -0.224      0.029     -7.665      0.000
    U7                -0.399      0.027    -14.866      0.000
    U10               -0.287      0.027    -10.463      0.000
    U15               -0.017      0.024     -0.723      0.469
    U9                -0.063      0.030     -2.066      0.039
    U14                0.175      0.029      6.007      0.000
    U17                0.212      0.024      8.770      0.000
    U22                0.092      0.026      3.579      0.000

 FP       BY
    U5                 0.703      0.019     36.352      0.000
    U12                0.764      0.017     45.332      0.000
    U19                0.774      0.015     51.545      0.000
    U23                0.636      0.021     30.807      0.000
    U26                0.679      0.021     32.781      0.000
    U3                 0.493      0.028     17.586      0.000
    U7                 0.584      0.026     22.151      0.000
    U10                0.629      0.023     27.763      0.000
    U15                0.699      0.020     35.235      0.000
    U9                 0.554      0.026     21.742      0.000
    U14                0.584      0.025     23.628      0.000
    U17                0.652      0.020     31.842      0.000
    U22                0.661      0.019     34.305      0.000
    U1                -0.065      0.031     -2.106      0.035
    U8                -0.019      0.021     -0.901      0.368
    U11               -0.025      0.024     -1.053      0.293
    U16                0.023      0.022      1.079      0.281
    U21               -0.028      0.026     -1.041      0.298
    U4                 0.057      0.022      2.601      0.009
    U13                0.027      0.023      1.191      0.234
    U18               -0.020      0.021     -0.938      0.348
    U25                0.059      0.021      2.828      0.005
    U2                 0.053      0.020      2.706      0.007
    U6                 0.026      0.020      1.346      0.178
    U20               -0.030      0.027     -1.091      0.275
    U24                0.048      0.028      1.726      0.084

 FP       WITH
    FN                 0.215      0.031      6.948      0.000

 Means
    GENDER             3.101      0.047     66.155      0.000
    WHERE              2.894      0.026    110.503      0.000

 Thresholds
    U1$1              -0.711      0.050    -14.080      0.000
    U1$2               0.232      0.046      4.988      0.000
    U1$3               1.098      0.058     19.043      0.000
    U1$4               1.866      0.091     20.507      0.000
    U2$1              -1.399      0.067    -20.955      0.000
    U2$2              -0.707      0.050    -14.010      0.000
    U2$3              -0.108      0.046     -2.349      0.019
    U2$4               0.550      0.049     11.313      0.000
    U3$1              -1.465      0.069    -21.134      0.000
    U3$2              -0.782      0.052    -15.189      0.000
    U3$3               0.146      0.046      3.156      0.002
    U3$4               1.275      0.063     20.386      0.000
    U4$1              -1.446      0.069    -21.090      0.000
    U4$2              -0.792      0.052    -15.326      0.000
    U4$3              -0.260      0.047     -5.574      0.000
    U4$4               0.432      0.048      9.074      0.000
    U5$1              -1.068      0.057    -18.752      0.000
    U5$2              -0.166      0.046     -3.596      0.000
    U5$3               0.631      0.049     12.741      0.000
    U5$4               1.455      0.069     21.113      0.000
    U6$1              -1.291      0.063    -20.474      0.000
    U6$2              -0.550      0.049    -11.313      0.000
    U6$3               0.054      0.046      1.175      0.240
    U6$4               0.778      0.051     15.120      0.000
    U7$1              -0.647      0.050    -13.024      0.000
    U7$2               0.034      0.046      0.734      0.463
    U7$3               0.733      0.051     14.429      0.000
    U7$4               1.465      0.069     21.134      0.000
    U8$1              -1.260      0.062    -20.296      0.000
    U8$2              -0.410      0.047     -8.638      0.000
    U8$3               0.204      0.046      4.402      0.000
    U8$4               0.868      0.053     16.407      0.000
    U9$1              -1.811      0.087    -20.754      0.000
    U9$2              -1.010      0.056    -18.147      0.000
    U9$3              -0.068      0.046     -1.468      0.142
    U9$4               0.987      0.055     17.898      0.000
    U10$1             -0.820      0.052    -15.735      0.000
    U10$2             -0.064      0.046     -1.395      0.163
    U10$3              0.755      0.051     14.775      0.000
    U10$4              1.716      0.081     21.069      0.000
    U11$1             -1.390      0.066    -20.924      0.000
    U11$2             -0.546      0.049    -11.241      0.000
    U11$3              0.085      0.046      1.835      0.066
    U11$4              0.868      0.053     16.407      0.000
    U12$1             -0.987      0.055    -17.898      0.000
    U12$2             -0.024      0.046     -0.514      0.607
    U12$3              0.737      0.051     14.498      0.000
    U12$4              1.621      0.076     21.228      0.000
    U13$1             -1.331      0.064    -20.677      0.000
    U13$2             -0.558      0.049    -11.456      0.000
    U13$3             -0.034      0.046     -0.734      0.463
    U13$4              0.622      0.049     12.599      0.000
    U14$1             -1.973      0.099    -19.905      0.000
    U14$2             -1.086      0.057    -18.928      0.000
    U14$3             -0.112      0.046     -2.422      0.015
    U14$4              0.929      0.054     17.197      0.000
    U15$1             -1.427      0.068    -21.040      0.000
    U15$2             -0.570      0.049    -11.671      0.000
    U15$3              0.295      0.047      6.305      0.000
    U15$4              1.291      0.063     20.474      0.000
    U16$1             -1.283      0.063    -20.430      0.000
    U16$2             -0.381      0.047     -8.056      0.000
    U16$3              0.183      0.046      3.963      0.000
    U16$4              0.950      0.054     17.454      0.000
    U17$1             -1.866      0.091    -20.507      0.000
    U17$2             -0.868      0.053    -16.407      0.000
    U17$3              0.125      0.046      2.716      0.007
    U17$4              1.253      0.062     20.250      0.000
    U18$1             -1.314      0.064    -20.598      0.000
    U18$2             -0.436      0.048     -9.146      0.000
    U18$3              0.170      0.046      3.669      0.000
    U18$4              0.863      0.053     16.341      0.000
    U19$1             -1.062      0.057    -18.693      0.000
    U19$2             -0.163      0.046     -3.523      0.000
    U19$3              0.694      0.050     13.800      0.000
    U19$4              1.538      0.072     21.235      0.000
    U20$1             -1.761      0.084    -20.937      0.000
    U20$2             -0.993      0.055    -17.961      0.000
    U20$3             -0.232      0.046     -4.988      0.000
    U20$4              0.531      0.048     10.953      0.000
    U21$1             -1.485      0.070    -21.172      0.000
    U21$2             -0.626      0.049    -12.670      0.000
    U21$3              0.211      0.046      4.549      0.000
    U21$4              1.021      0.056     18.270      0.000
    U22$1             -1.162      0.059    -19.599      0.000
    U22$2             -0.288      0.047     -6.159      0.000
    U22$3              0.578      0.049     11.814      0.000
    U22$4              1.538      0.072     21.235      0.000
    U23$1             -1.129      0.058    -19.326      0.000
    U23$2             -0.194      0.046     -4.183      0.000
    U23$3              0.681      0.050     13.589      0.000
    U23$4              1.538      0.072     21.235      0.000
    U24$1             -1.866      0.091    -20.507      0.000
    U24$2             -1.196      0.060    -19.860      0.000
    U24$3             -0.618      0.049    -12.528      0.000
    U24$4              0.187      0.046      4.036      0.000
    U25$1             -1.427      0.068    -21.040      0.000
    U25$2             -0.542      0.049    -11.169      0.000
    U25$3              0.003      0.046      0.073      0.941
    U25$4              0.527      0.048     10.881      0.000
    U26$1             -1.246      0.062    -20.204      0.000
    U26$2             -0.228      0.046     -4.915      0.000
    U26$3              0.685      0.050     13.659      0.000
    U26$4              1.646      0.078     21.201      0.000

 Variances
    GENDER             1.000      0.000    999.000    999.000
    WHERE              1.000      0.000    999.000    999.000
    FN                 1.000      0.000    999.000    999.000
    FP                 1.000      0.000    999.000    999.000


R-SQUARE

    Observed                                        Two-Tailed   Residual
    Variable        Estimate       S.E.  Est./S.E.    P-Value    Variance

    U1                 0.317      0.030     10.517      0.000      0.683
    U2                 0.716      0.023     31.286      0.000      0.284
    U3                 0.245      0.026      9.362      0.000      0.755
    U4                 0.711      0.023     31.365      0.000      0.289
    U5                 0.472      0.026     18.083      0.000      0.528
    U6                 0.698      0.021     32.721      0.000      0.302
    U7                 0.400      0.028     14.284      0.000      0.600
    U8                 0.589      0.027     21.951      0.000      0.411
    U9                 0.296      0.027     10.910      0.000      0.704
    U10                0.400      0.026     15.365      0.000      0.600
    U11                0.546      0.028     19.414      0.000      0.454
    U12                0.600      0.024     25.312      0.000      0.400
    U13                0.639      0.024     26.297      0.000      0.361
    U14                0.416      0.027     15.158      0.000      0.584
    U15                0.483      0.027     17.664      0.000      0.517
    U16                0.602      0.025     23.897      0.000      0.398
    U17                0.530      0.026     20.588      0.000      0.470
    U18                0.703      0.021     32.746      0.000      0.297
    U19                0.624      0.023     27.584      0.000      0.376
    U20                0.431      0.030     14.403      0.000      0.569
    U21                0.359      0.029     12.319      0.000      0.641
    U22                0.471      0.026     17.812      0.000      0.529
    U23                0.572      0.026     21.638      0.000      0.428
    U24                0.484      0.031     15.774      0.000      0.516
    U25                0.662      0.025     26.962      0.000      0.338
    U26                0.521      0.028     18.768      0.000      0.479


QUALITY OF NUMERICAL RESULTS

     Condition Number for the Information Matrix              0.249E-03
       (ratio of smallest to largest eigenvalue)


CONFIDENCE INTERVALS OF MODEL RESULTS

                  Lower .5%  Lower 2.5%    Lower 5%    Estimate    Upper 5%  Upper 2.5%   Upper .5%

 FN       BY
    U1               0.503       0.520       0.528       0.573       0.618       0.627       0.644
    U8               0.725       0.736       0.742       0.771       0.800       0.806       0.817
    U11              0.693       0.705       0.712       0.744       0.777       0.783       0.795
    U16              0.726       0.737       0.742       0.770       0.798       0.804       0.814
    U21              0.540       0.556       0.564       0.604       0.645       0.653       0.668
    U4               0.793       0.801       0.806       0.829       0.852       0.857       0.865
    U13              0.752       0.761       0.766       0.793       0.819       0.824       0.834
    U18              0.807       0.816       0.820       0.842       0.864       0.869       0.877
    U25              0.758       0.768       0.773       0.799       0.825       0.830       0.840
    U2               0.795       0.804       0.809       0.833       0.857       0.862       0.871
    U6               0.794       0.803       0.807       0.829       0.852       0.856       0.864
    U20              0.603       0.617       0.624       0.662       0.700       0.707       0.721
    U24              0.625       0.639       0.646       0.684       0.721       0.728       0.742
    U5              -0.194      -0.178      -0.170      -0.127      -0.084      -0.076      -0.060
    U12             -0.017      -0.002       0.005       0.044       0.082       0.089       0.104
    U19              0.002       0.016       0.024       0.062       0.101       0.109       0.123
    U23              0.232       0.247       0.255       0.295       0.335       0.343       0.358
    U26              0.074       0.089       0.097       0.139       0.181       0.189       0.205
    U3              -0.299      -0.281      -0.272      -0.224      -0.176      -0.167      -0.149
    U7              -0.468      -0.451      -0.443      -0.399      -0.355      -0.346      -0.330
    U10             -0.358      -0.341      -0.333      -0.287      -0.242      -0.234      -0.217
    U15             -0.079      -0.064      -0.057      -0.017       0.022       0.030       0.044
    U9              -0.141      -0.122      -0.113      -0.063      -0.013      -0.003       0.015
    U14              0.100       0.118       0.127       0.175       0.222       0.231       0.249
    U17              0.150       0.165       0.172       0.212       0.252       0.259       0.274
    U22              0.026       0.041       0.050       0.092       0.134       0.142       0.158

 FP       BY
    U5               0.653       0.665       0.671       0.703       0.735       0.741       0.753
    U12              0.720       0.731       0.736       0.764       0.791       0.797       0.807
    U19              0.736       0.745       0.750       0.774       0.799       0.804       0.813
    U23              0.583       0.595       0.602       0.636       0.670       0.676       0.689
    U26              0.626       0.639       0.645       0.679       0.713       0.720       0.733
    U3               0.420       0.438       0.447       0.493       0.539       0.548       0.565
    U7               0.516       0.533       0.541       0.584       0.628       0.636       0.652
    U10              0.570       0.584       0.591       0.629       0.666       0.673       0.687
    U15              0.648       0.660       0.666       0.699       0.731       0.738       0.750
    U9               0.489       0.505       0.513       0.554       0.596       0.604       0.620
    U14              0.521       0.536       0.544       0.584       0.625       0.633       0.648
    U17              0.600       0.612       0.619       0.652       0.686       0.693       0.705
    U22              0.611       0.623       0.629       0.661       0.692       0.698       0.710
    U1              -0.144      -0.125      -0.116      -0.065      -0.014      -0.005       0.014
    U8              -0.072      -0.059      -0.053      -0.019       0.015       0.022       0.035
    U11             -0.085      -0.071      -0.064      -0.025       0.014       0.021       0.036
    U16             -0.033      -0.019      -0.012       0.023       0.059       0.066       0.079
    U21             -0.096      -0.079      -0.071      -0.028       0.016       0.024       0.041
    U4               0.001       0.014       0.021       0.057       0.093       0.100       0.113
    U13             -0.031      -0.017      -0.010       0.027       0.064       0.071       0.085
    U18             -0.075      -0.062      -0.055      -0.020       0.015       0.022       0.035
    U25              0.005       0.018       0.025       0.059       0.094       0.100       0.113
    U2               0.003       0.015       0.021       0.053       0.085       0.092       0.104
    U6              -0.024      -0.012      -0.006       0.026       0.059       0.065       0.077
    U20             -0.100      -0.084      -0.075      -0.030       0.015       0.024       0.041
    U24             -0.024      -0.006       0.002       0.048       0.093       0.102       0.119

 FP       WITH
    FN               0.135       0.154       0.164       0.215       0.266       0.276       0.295

 Means
    GENDER           1.497       1.509       1.514       1.544       1.575       1.580       1.592
    WHERE            1.205       1.214       1.219       1.245       1.271       1.276       1.286

 Thresholds
    U1$1            -0.841      -0.810      -0.794      -0.711      -0.628      -0.612      -0.581
    U1$2             0.112       0.141       0.155       0.232       0.308       0.323       0.351
    U1$3             0.949       0.985       1.003       1.098       1.193       1.211       1.246
    U1$4             1.632       1.688       1.717       1.866       2.016       2.045       2.101
    U2$1            -1.571      -1.530      -1.509      -1.399      -1.289      -1.268      -1.227
    U2$2            -0.837      -0.806      -0.790      -0.707      -0.624      -0.608      -0.577
    U2$3            -0.227      -0.199      -0.184      -0.108      -0.032      -0.018       0.010
    U2$4             0.425       0.455       0.470       0.550       0.630       0.645       0.675
    U3$1            -1.644      -1.601      -1.579      -1.465      -1.351      -1.329      -1.287
    U3$2            -0.915      -0.883      -0.867      -0.782      -0.698      -0.681      -0.650
    U3$3             0.027       0.055       0.070       0.146       0.222       0.236       0.265
    U3$4             1.114       1.153       1.173       1.275       1.378       1.398       1.437
    U4$1            -1.622      -1.580      -1.559      -1.446      -1.333      -1.311      -1.269
    U4$2            -0.925      -0.893      -0.877      -0.792      -0.707      -0.690      -0.659
    U4$3            -0.380      -0.351      -0.336      -0.260      -0.183      -0.168      -0.140
    U4$4             0.309       0.339       0.354       0.432       0.510       0.525       0.555
    U5$1            -1.214      -1.179      -1.161      -1.068      -0.974      -0.956      -0.921
    U5$2            -0.285      -0.257      -0.242      -0.166      -0.090      -0.076      -0.047
    U5$3             0.503       0.534       0.549       0.631       0.712       0.728       0.758
    U5$4             1.278       1.320       1.342       1.455       1.569       1.591       1.633
    U6$1            -1.453      -1.414      -1.395      -1.291      -1.187      -1.167      -1.128
    U6$2            -0.675      -0.645      -0.630      -0.550      -0.470      -0.455      -0.425
    U6$3            -0.064      -0.036      -0.022       0.054       0.130       0.144       0.173
    U6$4             0.645       0.677       0.693       0.778       0.862       0.879       0.910
    U7$1            -0.775      -0.745      -0.729      -0.647      -0.565      -0.550      -0.519
    U7$2            -0.085      -0.056      -0.042       0.034       0.109       0.124       0.152
    U7$3             0.602       0.633       0.649       0.733       0.816       0.832       0.864
    U7$4             1.287       1.329       1.351       1.465       1.579       1.601       1.644
    U8$1            -1.420      -1.382      -1.362      -1.260      -1.158      -1.139      -1.100
    U8$2            -0.532      -0.503      -0.488      -0.410      -0.332      -0.317      -0.288
    U8$3             0.085       0.113       0.128       0.204       0.280       0.295       0.324
    U8$4             0.732       0.764       0.781       0.868       0.955       0.972       1.004
    U9$1            -2.036      -1.982      -1.955      -1.811      -1.668      -1.640      -1.587
    U9$2            -1.153      -1.119      -1.101      -1.010      -0.918      -0.901      -0.866
    U9$3            -0.186      -0.158      -0.143      -0.068       0.008       0.023       0.051
    U9$4             0.845       0.879       0.897       0.987       1.078       1.096       1.129
    U10$1           -0.954      -0.922      -0.905      -0.820      -0.734      -0.718      -0.685
    U10$2           -0.183      -0.154      -0.140      -0.064       0.012       0.026       0.054
    U10$3            0.624       0.655       0.671       0.755       0.839       0.855       0.887
    U10$4            1.506       1.556       1.582       1.716       1.849       1.875       1.925
    U11$1           -1.562      -1.521      -1.500      -1.390      -1.281      -1.260      -1.219
    U11$2           -0.671      -0.641      -0.626      -0.546      -0.466      -0.451      -0.421
    U11$3           -0.034      -0.006       0.009       0.085       0.160       0.175       0.203
    U11$4            0.732       0.764       0.781       0.868       0.955       0.972       1.004
    U12$1           -1.129      -1.096      -1.078      -0.987      -0.897      -0.879      -0.845
    U12$2           -0.142      -0.114      -0.099      -0.024       0.052       0.067       0.095
    U12$3            0.606       0.638       0.654       0.737       0.821       0.837       0.868
    U12$4            1.424       1.471       1.495       1.621       1.746       1.770       1.817
    U13$1           -1.496      -1.457      -1.437      -1.331      -1.225      -1.205      -1.165
    U13$2           -0.684      -0.654      -0.638      -0.558      -0.478      -0.463      -0.433
    U13$3           -0.152      -0.124      -0.109      -0.034       0.042       0.056       0.085
    U13$4            0.495       0.526       0.541       0.622       0.704       0.719       0.750
    U14$1           -2.228      -2.167      -2.136      -1.973      -1.810      -1.779      -1.718
    U14$2           -1.233      -1.198      -1.180      -1.086      -0.991      -0.973      -0.938
    U14$3           -0.230      -0.202      -0.188      -0.112      -0.036      -0.021       0.007
    U14$4            0.790       0.823       0.840       0.929       1.017       1.034       1.068
    U15$1           -1.601      -1.560      -1.538      -1.427      -1.315      -1.294      -1.252
    U15$2           -0.696      -0.666      -0.650      -0.570      -0.490      -0.474      -0.444
    U15$3            0.174       0.203       0.218       0.295       0.372       0.386       0.415
    U15$4            1.128       1.167       1.187       1.291       1.395       1.414       1.453
    U16$1           -1.445      -1.406      -1.386      -1.283      -1.180      -1.160      -1.121
    U16$2           -0.502      -0.473      -0.458      -0.381      -0.303      -0.288      -0.259
    U16$3            0.064       0.093       0.107       0.183       0.260       0.274       0.303
    U16$4            0.809       0.843       0.860       0.950       1.039       1.056       1.090
    U17$1           -2.101      -2.045      -2.016      -1.866      -1.717      -1.688      -1.632
    U17$2           -1.004      -0.972      -0.955      -0.868      -0.781      -0.764      -0.732
    U17$3            0.006       0.035       0.049       0.125       0.201       0.216       0.244
    U17$4            1.094       1.132       1.151       1.253       1.355       1.374       1.412
    U18$1           -1.479      -1.440      -1.419      -1.314      -1.210      -1.189      -1.150
    U18$2           -0.558      -0.529      -0.514      -0.436      -0.357      -0.342      -0.313
    U18$3            0.051       0.079       0.094       0.170       0.246       0.260       0.289
    U18$4            0.727       0.759       0.776       0.863       0.950       0.967       0.999
    U19$1           -1.208      -1.173      -1.155      -1.062      -0.968      -0.950      -0.915
    U19$2           -0.282      -0.253      -0.239      -0.163      -0.087      -0.072      -0.044
    U19$3            0.564       0.595       0.611       0.694       0.776       0.792       0.823
    U19$4            1.352       1.396       1.419       1.538       1.657       1.680       1.725
    U20$1           -1.978      -1.926      -1.900      -1.761      -1.623      -1.597      -1.545
    U20$2           -1.135      -1.101      -1.084      -0.993      -0.902      -0.885      -0.851
    U20$3           -0.351      -0.323      -0.308      -0.232      -0.155      -0.141      -0.112
    U20$4            0.406       0.436       0.451       0.531       0.610       0.626       0.655
    U21$1           -1.666      -1.623      -1.601      -1.485      -1.370      -1.348      -1.305
    U21$2           -0.754      -0.723      -0.708      -0.626      -0.545      -0.530      -0.499
    U21$3            0.092       0.120       0.135       0.211       0.287       0.302       0.330
    U21$4            0.877       0.911       0.929       1.021       1.113       1.130       1.165
    U22$1           -1.315      -1.278      -1.259      -1.162      -1.064      -1.046      -1.009
    U22$2           -0.408      -0.379      -0.365      -0.288      -0.211      -0.196      -0.167
    U22$3            0.452       0.482       0.497       0.578       0.658       0.674       0.704
    U22$4            1.352       1.396       1.419       1.538       1.657       1.680       1.725
    U23$1           -1.280      -1.244      -1.225      -1.129      -1.033      -1.015      -0.979
    U23$2           -0.313      -0.285      -0.270      -0.194      -0.118      -0.103      -0.074
    U23$3            0.552       0.583       0.598       0.681       0.763       0.779       0.810
    U23$4            1.352       1.396       1.419       1.538       1.657       1.680       1.725
    U24$1           -2.101      -2.045      -2.016      -1.866      -1.717      -1.688      -1.632
    U24$2           -1.351      -1.314      -1.295      -1.196      -1.097      -1.078      -1.041
    U24$3           -0.745      -0.715      -0.699      -0.618      -0.537      -0.522      -0.491
    U24$4            0.068       0.096       0.111       0.187       0.263       0.278       0.306
    U25$1           -1.601      -1.560      -1.538      -1.427      -1.315      -1.294      -1.252
    U25$2           -0.667      -0.637      -0.622      -0.542      -0.462      -0.447      -0.417
    U25$3           -0.115      -0.087      -0.072       0.003       0.079       0.094       0.122
    U25$4            0.402       0.432       0.447       0.527       0.606       0.622       0.651
    U26$1           -1.404      -1.366      -1.347      -1.246      -1.144      -1.125      -1.087
    U26$2           -0.348      -0.319      -0.305      -0.228      -0.152      -0.137      -0.109
    U26$3            0.556       0.587       0.603       0.685       0.768       0.783       0.814
    U26$4            1.446       1.494       1.518       1.646       1.774       1.798       1.846

 Variances
    GENDER           0.244       0.245       0.245       0.248       0.251       0.251       0.252
    WHERE            0.164       0.169       0.172       0.185       0.198       0.201       0.206
    FN               1.000       1.000       1.000       1.000       1.000       1.000       1.000
    FP               1.000       1.000       1.000       1.000       1.000       1.000       1.000


CONFIDENCE INTERVALS OF STANDARDIZED MODEL RESULTS


STDYX Standardization

                  Lower .5%  Lower 2.5%    Lower 5%    Estimate    Upper 5%  Upper 2.5%   Upper .5%

 FN       BY
    U1               0.503       0.520       0.528       0.573       0.618       0.627       0.644
    U8               0.725       0.736       0.742       0.771       0.800       0.806       0.817
    U11              0.693       0.705       0.712       0.744       0.777       0.783       0.795
    U16              0.726       0.737       0.742       0.770       0.798       0.804       0.814
    U21              0.540       0.556       0.564       0.604       0.645       0.653       0.668
    U4               0.793       0.801       0.806       0.829       0.852       0.857       0.865
    U13              0.752       0.761       0.766       0.793       0.819       0.824       0.834
    U18              0.807       0.816       0.820       0.842       0.864       0.869       0.877
    U25              0.758       0.768       0.773       0.799       0.825       0.830       0.840
    U2               0.795       0.804       0.809       0.833       0.857       0.862       0.871
    U6               0.794       0.803       0.807       0.829       0.852       0.856       0.864
    U20              0.603       0.617       0.624       0.662       0.700       0.707       0.721
    U24              0.625       0.639       0.646       0.684       0.721       0.728       0.742
    U5              -0.194      -0.178      -0.170      -0.127      -0.084      -0.076      -0.060
    U12             -0.017      -0.002       0.005       0.044       0.082       0.089       0.104
    U19              0.002       0.016       0.024       0.062       0.101       0.109       0.123
    U23              0.232       0.247       0.255       0.295       0.335       0.343       0.358
    U26              0.074       0.089       0.097       0.139       0.181       0.189       0.205
    U3              -0.299      -0.281      -0.272      -0.224      -0.176      -0.167      -0.149
    U7              -0.468      -0.451      -0.443      -0.399      -0.355      -0.346      -0.330
    U10             -0.358      -0.341      -0.333      -0.287      -0.242      -0.234      -0.217
    U15             -0.079      -0.064      -0.057      -0.017       0.022       0.030       0.044
    U9              -0.141      -0.122      -0.113      -0.063      -0.013      -0.003       0.015
    U14              0.100       0.118       0.127       0.175       0.222       0.231       0.249
    U17              0.150       0.165       0.172       0.212       0.252       0.259       0.274
    U22              0.026       0.041       0.050       0.092       0.134       0.142       0.158

 FP       BY
    U5               0.653       0.665       0.671       0.703       0.735       0.741       0.753
    U12              0.720       0.731       0.736       0.764       0.791       0.797       0.807
    U19              0.736       0.745       0.750       0.774       0.799       0.804       0.813
    U23              0.583       0.595       0.602       0.636       0.670       0.676       0.689
    U26              0.626       0.639       0.645       0.679       0.713       0.720       0.733
    U3               0.420       0.438       0.447       0.493       0.539       0.548       0.565
    U7               0.516       0.533       0.541       0.584       0.628       0.636       0.652
    U10              0.570       0.584       0.591       0.629       0.666       0.673       0.687
    U15              0.648       0.660       0.666       0.699       0.731       0.738       0.750
    U9               0.489       0.505       0.513       0.554       0.596       0.604       0.620
    U14              0.521       0.536       0.544       0.584       0.625       0.633       0.648
    U17              0.600       0.612       0.619       0.652       0.686       0.693       0.705
    U22              0.611       0.623       0.629       0.661       0.692       0.698       0.710
    U1              -0.144      -0.125      -0.116      -0.065      -0.014      -0.005       0.014
    U8              -0.072      -0.059      -0.053      -0.019       0.015       0.022       0.035
    U11             -0.085      -0.071      -0.064      -0.025       0.014       0.021       0.036
    U16             -0.033      -0.019      -0.012       0.023       0.059       0.066       0.079
    U21             -0.096      -0.079      -0.071      -0.028       0.016       0.024       0.041
    U4               0.001       0.014       0.021       0.057       0.093       0.100       0.113
    U13             -0.031      -0.017      -0.010       0.027       0.064       0.071       0.085
    U18             -0.075      -0.062      -0.055      -0.020       0.015       0.022       0.035
    U25              0.005       0.018       0.025       0.059       0.094       0.100       0.113
    U2               0.003       0.015       0.021       0.053       0.085       0.092       0.104
    U6              -0.024      -0.012      -0.006       0.026       0.059       0.065       0.077
    U20             -0.100      -0.084      -0.075      -0.030       0.015       0.024       0.041
    U24             -0.024      -0.006       0.002       0.048       0.093       0.102       0.119

 FP       WITH
    FN               0.135       0.154       0.164       0.215       0.266       0.276       0.295

 Means
    GENDER           2.980       3.009       3.024       3.101       3.178       3.193       3.222
    WHERE            2.827       2.843       2.851       2.894       2.937       2.946       2.962

 Thresholds
    U1$1            -0.841      -0.810      -0.794      -0.711      -0.628      -0.612      -0.581
    U1$2             0.112       0.141       0.155       0.232       0.308       0.323       0.351
    U1$3             0.949       0.985       1.003       1.098       1.193       1.211       1.246
    U1$4             1.632       1.688       1.717       1.866       2.016       2.045       2.101
    U2$1            -1.571      -1.530      -1.509      -1.399      -1.289      -1.268      -1.227
    U2$2            -0.837      -0.806      -0.790      -0.707      -0.624      -0.608      -0.577
    U2$3            -0.227      -0.199      -0.184      -0.108      -0.032      -0.018       0.010
    U2$4             0.425       0.455       0.470       0.550       0.630       0.645       0.675
    U3$1            -1.644      -1.601      -1.579      -1.465      -1.351      -1.329      -1.287
    U3$2            -0.915      -0.883      -0.867      -0.782      -0.698      -0.681      -0.650
    U3$3             0.027       0.055       0.070       0.146       0.222       0.236       0.265
    U3$4             1.114       1.153       1.173       1.275       1.378       1.398       1.437
    U4$1            -1.622      -1.580      -1.559      -1.446      -1.333      -1.311      -1.269
    U4$2            -0.925      -0.893      -0.877      -0.792      -0.707      -0.690      -0.659
    U4$3            -0.380      -0.351      -0.336      -0.260      -0.183      -0.168      -0.140
    U4$4             0.309       0.339       0.354       0.432       0.510       0.525       0.555
    U5$1            -1.214      -1.179      -1.161      -1.068      -0.974      -0.956      -0.921
    U5$2            -0.285      -0.257      -0.242      -0.166      -0.090      -0.076      -0.047
    U5$3             0.503       0.534       0.549       0.631       0.712       0.728       0.758
    U5$4             1.278       1.320       1.342       1.455       1.569       1.591       1.633
    U6$1            -1.453      -1.414      -1.395      -1.291      -1.187      -1.167      -1.128
    U6$2            -0.675      -0.645      -0.630      -0.550      -0.470      -0.455      -0.425
    U6$3            -0.064      -0.036      -0.022       0.054       0.130       0.144       0.173
    U6$4             0.645       0.677       0.693       0.778       0.862       0.879       0.910
    U7$1            -0.775      -0.745      -0.729      -0.647      -0.565      -0.550      -0.519
    U7$2            -0.085      -0.056      -0.042       0.034       0.109       0.124       0.152
    U7$3             0.602       0.633       0.649       0.733       0.816       0.832       0.864
    U7$4             1.287       1.329       1.351       1.465       1.579       1.601       1.644
    U8$1            -1.420      -1.382      -1.362      -1.260      -1.158      -1.139      -1.100
    U8$2            -0.532      -0.503      -0.488      -0.410      -0.332      -0.317      -0.288
    U8$3             0.085       0.113       0.128       0.204       0.280       0.295       0.324
    U8$4             0.732       0.764       0.781       0.868       0.955       0.972       1.004
    U9$1            -2.036      -1.982      -1.955      -1.811      -1.668      -1.640      -1.587
    U9$2            -1.153      -1.119      -1.101      -1.010      -0.918      -0.901      -0.866
    U9$3            -0.186      -0.158      -0.143      -0.068       0.008       0.023       0.051
    U9$4             0.845       0.879       0.897       0.987       1.078       1.096       1.129
    U10$1           -0.954      -0.922      -0.905      -0.820      -0.734      -0.718      -0.685
    U10$2           -0.183      -0.154      -0.140      -0.064       0.012       0.026       0.054
    U10$3            0.624       0.655       0.671       0.755       0.839       0.855       0.887
    U10$4            1.506       1.556       1.582       1.716       1.849       1.875       1.925
    U11$1           -1.562      -1.521      -1.500      -1.390      -1.281      -1.260      -1.219
    U11$2           -0.671      -0.641      -0.626      -0.546      -0.466      -0.451      -0.421
    U11$3           -0.034      -0.006       0.009       0.085       0.160       0.175       0.203
    U11$4            0.732       0.764       0.781       0.868       0.955       0.972       1.004
    U12$1           -1.129      -1.096      -1.078      -0.987      -0.897      -0.879      -0.845
    U12$2           -0.142      -0.114      -0.099      -0.024       0.052       0.067       0.095
    U12$3            0.606       0.638       0.654       0.737       0.821       0.837       0.868
    U12$4            1.424       1.471       1.495       1.621       1.746       1.770       1.817
    U13$1           -1.496      -1.457      -1.437      -1.331      -1.225      -1.205      -1.165
    U13$2           -0.684      -0.654      -0.638      -0.558      -0.478      -0.463      -0.433
    U13$3           -0.152      -0.124      -0.109      -0.034       0.042       0.056       0.085
    U13$4            0.495       0.526       0.541       0.622       0.704       0.719       0.750
    U14$1           -2.228      -2.167      -2.136      -1.973      -1.810      -1.779      -1.718
    U14$2           -1.233      -1.198      -1.180      -1.086      -0.991      -0.973      -0.938
    U14$3           -0.230      -0.202      -0.188      -0.112      -0.036      -0.021       0.007
    U14$4            0.790       0.823       0.840       0.929       1.017       1.034       1.068
    U15$1           -1.601      -1.560      -1.538      -1.427      -1.315      -1.294      -1.252
    U15$2           -0.696      -0.666      -0.650      -0.570      -0.490      -0.474      -0.444
    U15$3            0.174       0.203       0.218       0.295       0.372       0.386       0.415
    U15$4            1.128       1.167       1.187       1.291       1.395       1.414       1.453
    U16$1           -1.445      -1.406      -1.386      -1.283      -1.180      -1.160      -1.121
    U16$2           -0.502      -0.473      -0.458      -0.381      -0.303      -0.288      -0.259
    U16$3            0.064       0.093       0.107       0.183       0.260       0.274       0.303
    U16$4            0.809       0.843       0.860       0.950       1.039       1.056       1.090
    U17$1           -2.101      -2.045      -2.016      -1.866      -1.717      -1.688      -1.632
    U17$2           -1.004      -0.972      -0.955      -0.868      -0.781      -0.764      -0.732
    U17$3            0.006       0.035       0.049       0.125       0.201       0.216       0.244
    U17$4            1.094       1.132       1.151       1.253       1.355       1.374       1.412
    U18$1           -1.479      -1.440      -1.419      -1.314      -1.210      -1.189      -1.150
    U18$2           -0.558      -0.529      -0.514      -0.436      -0.357      -0.342      -0.313
    U18$3            0.051       0.079       0.094       0.170       0.246       0.260       0.289
    U18$4            0.727       0.759       0.776       0.863       0.950       0.967       0.999
    U19$1           -1.208      -1.173      -1.155      -1.062      -0.968      -0.950      -0.915
    U19$2           -0.282      -0.253      -0.239      -0.163      -0.087      -0.072      -0.044
    U19$3            0.564       0.595       0.611       0.694       0.776       0.792       0.823
    U19$4            1.352       1.396       1.419       1.538       1.657       1.680       1.725
    U20$1           -1.978      -1.926      -1.900      -1.761      -1.623      -1.597      -1.545
    U20$2           -1.135      -1.101      -1.084      -0.993      -0.902      -0.885      -0.851
    U20$3           -0.351      -0.323      -0.308      -0.232      -0.155      -0.141      -0.112
    U20$4            0.406       0.436       0.451       0.531       0.610       0.626       0.655
    U21$1           -1.666      -1.623      -1.601      -1.485      -1.370      -1.348      -1.305
    U21$2           -0.754      -0.723      -0.708      -0.626      -0.545      -0.530      -0.499
    U21$3            0.092       0.120       0.135       0.211       0.287       0.302       0.330
    U21$4            0.877       0.911       0.929       1.021       1.113       1.130       1.165
    U22$1           -1.315      -1.278      -1.259      -1.162      -1.064      -1.046      -1.009
    U22$2           -0.408      -0.379      -0.365      -0.288      -0.211      -0.196      -0.167
    U22$3            0.452       0.482       0.497       0.578       0.658       0.674       0.704
    U22$4            1.352       1.396       1.419       1.538       1.657       1.680       1.725
    U23$1           -1.280      -1.244      -1.225      -1.129      -1.033      -1.015      -0.979
    U23$2           -0.313      -0.285      -0.270      -0.194      -0.118      -0.103      -0.074
    U23$3            0.552       0.583       0.598       0.681       0.763       0.779       0.810
    U23$4            1.352       1.396       1.419       1.538       1.657       1.680       1.725
    U24$1           -2.101      -2.045      -2.016      -1.866      -1.717      -1.688      -1.632
    U24$2           -1.351      -1.314      -1.295      -1.196      -1.097      -1.078      -1.041
    U24$3           -0.745      -0.715      -0.699      -0.618      -0.537      -0.522      -0.491
    U24$4            0.068       0.096       0.111       0.187       0.263       0.278       0.306
    U25$1           -1.601      -1.560      -1.538      -1.427      -1.315      -1.294      -1.252
    U25$2           -0.667      -0.637      -0.622      -0.542      -0.462      -0.447      -0.417
    U25$3           -0.115      -0.087      -0.072       0.003       0.079       0.094       0.122
    U25$4            0.402       0.432       0.447       0.527       0.606       0.622       0.651
    U26$1           -1.404      -1.366      -1.347      -1.246      -1.144      -1.125      -1.087
    U26$2           -0.348      -0.319      -0.305      -0.228      -0.152      -0.137      -0.109
    U26$3            0.556       0.587       0.603       0.685       0.768       0.783       0.814
    U26$4            1.446       1.494       1.518       1.646       1.774       1.798       1.846

 Variances
    GENDER           1.000       1.000       1.000       1.000       1.000       1.000       1.000
    WHERE            1.000       1.000       1.000       1.000       1.000       1.000       1.000
    FN               1.000       1.000       1.000       1.000       1.000       1.000       1.000
    FP               1.000       1.000       1.000       1.000       1.000       1.000       1.000


     Beginning Time:  07:36:21
        Ending Time:  07:36:22
       Elapsed Time:  00:00:01



MUTHEN & MUTHEN
3463 Stoner Ave.
Los Angeles, CA  90066

Tel: (310) 391-9971
Fax: (310) 391-8971
Web: www.StatModel.com
Support: Support@StatModel.com

Copyright (c) 1998-2020 Muthen & Muthen
