Mplus VERSION 8.5 (Mac)
MUTHEN & MUTHEN
03/02/2021   4:47 PM

INPUT INSTRUCTIONS

  TITLE: 2-factor CFA.

  DATA:
    FILE IS scs.dat;

  VARIABLE:
    NAMES ARE u1-u26;
    MISSING ARE ALL(-9);
    USEVARIABLES ARE u1-u26;
    CATEGORICAL ARE u1-u26;

  ANALYSIS:
    ESTIMATOR = WLSMV;
    ROTATION = TARGET;

  MODEL:
    F1 BY u1 u8 u11 u16 u21 u4 u13 u18 u25 u2 u6 u20 u24;
    F2 BY u5 u12 u19 u23 u26 u3 u7 u10 u15 u9 u14 u17 u22;

  OUTPUT: standardized;



INPUT READING TERMINATED NORMALLY



2-factor CFA.

SUMMARY OF ANALYSIS

Number of groups                                                 1
Number of observations                                         783

Number of dependent variables                                   26
Number of independent variables                                  0
Number of continuous latent variables                            2

Observed dependent variables

  Binary and ordered categorical (ordinal)
   U1          U2          U3          U4          U5          U6
   U7          U8          U9          U10         U11         U12
   U13         U14         U15         U16         U17         U18
   U19         U20         U21         U22         U23         U24
   U25         U26

Continuous latent variables
   F1          F2


Estimator                                                    WLSMV
Maximum number of iterations                                  1000
Convergence criterion                                    0.500D-04
Maximum number of steepest descent iterations                   20
Maximum number of iterations for H1                           2000
Convergence criterion for H1                             0.100D-03
Parameterization                                             DELTA
Link                                                        PROBIT

Input data file(s)
  scs.dat

Input data format  FREE


SUMMARY OF DATA

     Number of missing data patterns             1


COVARIANCE COVERAGE OF DATA

Minimum covariance coverage value   0.100


     PROPORTION OF DATA PRESENT


           Covariance Coverage
              U1            U2            U3            U4            U5
              ________      ________      ________      ________      ________
 U1             1.000
 U2             1.000         1.000
 U3             1.000         1.000         1.000
 U4             1.000         1.000         1.000         1.000
 U5             1.000         1.000         1.000         1.000         1.000
 U6             1.000         1.000         1.000         1.000         1.000
 U7             1.000         1.000         1.000         1.000         1.000
 U8             1.000         1.000         1.000         1.000         1.000
 U9             1.000         1.000         1.000         1.000         1.000
 U10            1.000         1.000         1.000         1.000         1.000
 U11            1.000         1.000         1.000         1.000         1.000
 U12            1.000         1.000         1.000         1.000         1.000
 U13            1.000         1.000         1.000         1.000         1.000
 U14            1.000         1.000         1.000         1.000         1.000
 U15            1.000         1.000         1.000         1.000         1.000
 U16            1.000         1.000         1.000         1.000         1.000
 U17            1.000         1.000         1.000         1.000         1.000
 U18            1.000         1.000         1.000         1.000         1.000
 U19            1.000         1.000         1.000         1.000         1.000
 U20            1.000         1.000         1.000         1.000         1.000
 U21            1.000         1.000         1.000         1.000         1.000
 U22            1.000         1.000         1.000         1.000         1.000
 U23            1.000         1.000         1.000         1.000         1.000
 U24            1.000         1.000         1.000         1.000         1.000
 U25            1.000         1.000         1.000         1.000         1.000
 U26            1.000         1.000         1.000         1.000         1.000


           Covariance Coverage
              U6            U7            U8            U9            U10
              ________      ________      ________      ________      ________
 U6             1.000
 U7             1.000         1.000
 U8             1.000         1.000         1.000
 U9             1.000         1.000         1.000         1.000
 U10            1.000         1.000         1.000         1.000         1.000
 U11            1.000         1.000         1.000         1.000         1.000
 U12            1.000         1.000         1.000         1.000         1.000
 U13            1.000         1.000         1.000         1.000         1.000
 U14            1.000         1.000         1.000         1.000         1.000
 U15            1.000         1.000         1.000         1.000         1.000
 U16            1.000         1.000         1.000         1.000         1.000
 U17            1.000         1.000         1.000         1.000         1.000
 U18            1.000         1.000         1.000         1.000         1.000
 U19            1.000         1.000         1.000         1.000         1.000
 U20            1.000         1.000         1.000         1.000         1.000
 U21            1.000         1.000         1.000         1.000         1.000
 U22            1.000         1.000         1.000         1.000         1.000
 U23            1.000         1.000         1.000         1.000         1.000
 U24            1.000         1.000         1.000         1.000         1.000
 U25            1.000         1.000         1.000         1.000         1.000
 U26            1.000         1.000         1.000         1.000         1.000


           Covariance Coverage
              U11           U12           U13           U14           U15
              ________      ________      ________      ________      ________
 U11            1.000
 U12            1.000         1.000
 U13            1.000         1.000         1.000
 U14            1.000         1.000         1.000         1.000
 U15            1.000         1.000         1.000         1.000         1.000
 U16            1.000         1.000         1.000         1.000         1.000
 U17            1.000         1.000         1.000         1.000         1.000
 U18            1.000         1.000         1.000         1.000         1.000
 U19            1.000         1.000         1.000         1.000         1.000
 U20            1.000         1.000         1.000         1.000         1.000
 U21            1.000         1.000         1.000         1.000         1.000
 U22            1.000         1.000         1.000         1.000         1.000
 U23            1.000         1.000         1.000         1.000         1.000
 U24            1.000         1.000         1.000         1.000         1.000
 U25            1.000         1.000         1.000         1.000         1.000
 U26            1.000         1.000         1.000         1.000         1.000


           Covariance Coverage
              U16           U17           U18           U19           U20
              ________      ________      ________      ________      ________
 U16            1.000
 U17            1.000         1.000
 U18            1.000         1.000         1.000
 U19            1.000         1.000         1.000         1.000
 U20            1.000         1.000         1.000         1.000         1.000
 U21            1.000         1.000         1.000         1.000         1.000
 U22            1.000         1.000         1.000         1.000         1.000
 U23            1.000         1.000         1.000         1.000         1.000
 U24            1.000         1.000         1.000         1.000         1.000
 U25            1.000         1.000         1.000         1.000         1.000
 U26            1.000         1.000         1.000         1.000         1.000


           Covariance Coverage
              U21           U22           U23           U24           U25
              ________      ________      ________      ________      ________
 U21            1.000
 U22            1.000         1.000
 U23            1.000         1.000         1.000
 U24            1.000         1.000         1.000         1.000
 U25            1.000         1.000         1.000         1.000         1.000
 U26            1.000         1.000         1.000         1.000         1.000


           Covariance Coverage
              U26
              ________
 U26            1.000


UNIVARIATE PROPORTIONS AND COUNTS FOR CATEGORICAL VARIABLES

    U1
      Category 1    0.036           28.000
      Category 2    0.100           78.000
      Category 3    0.263          206.000
      Category 4    0.338          265.000
      Category 5    0.263          206.000
    U2
      Category 1    0.303          237.000
      Category 2    0.243          190.000
      Category 3    0.207          162.000
      Category 4    0.153          120.000
      Category 5    0.095           74.000
    U3
      Category 1    0.078           61.000
      Category 2    0.140          110.000
      Category 3    0.335          262.000
      Category 4    0.332          260.000
      Category 5    0.115           90.000
    U4
      Category 1    0.338          265.000
      Category 2    0.261          204.000
      Category 3    0.178          139.000
      Category 4    0.142          111.000
      Category 5    0.082           64.000
    U5
      Category 1    0.149          117.000
      Category 2    0.282          221.000
      Category 3    0.292          229.000
      Category 4    0.192          150.000
      Category 5    0.084           66.000
    U6
      Category 1    0.223          175.000
      Category 2    0.254          199.000
      Category 3    0.226          177.000
      Category 4    0.186          146.000
      Category 5    0.110           86.000
    U7
      Category 1    0.267          209.000
      Category 2    0.250          196.000
      Category 3    0.250          196.000
      Category 4    0.157          123.000
      Category 5    0.075           59.000
    U8
      Category 1    0.198          155.000
      Category 2    0.216          169.000
      Category 3    0.236          185.000
      Category 4    0.235          184.000
      Category 5    0.115           90.000
    U9
      Category 1    0.042           33.000
      Category 2    0.117           92.000
      Category 3    0.312          244.000
      Category 4    0.356          279.000
      Category 5    0.172          135.000
    U10
      Category 1    0.223          175.000
      Category 2    0.258          202.000
      Category 3    0.290          227.000
      Category 4    0.176          138.000
      Category 5    0.052           41.000
    U11
      Category 1    0.201          157.000
      Category 2    0.268          210.000
      Category 3    0.232          182.000
      Category 4    0.207          162.000
      Category 5    0.092           72.000
    U12
      Category 1    0.169          132.000
      Category 2    0.318          249.000
      Category 3    0.268          210.000
      Category 4    0.180          141.000
      Category 5    0.065           51.000
    U13
      Category 1    0.276          216.000
      Category 2    0.238          186.000
      Category 3    0.192          150.000
      Category 4    0.195          153.000
      Category 5    0.100           78.000
    U14
      Category 1    0.034           27.000
      Category 2    0.109           85.000
      Category 3    0.303          237.000
      Category 4    0.364          285.000
      Category 5    0.190          149.000
    U15
      Category 1    0.089           70.000
      Category 2    0.199          156.000
      Category 3    0.321          251.000
      Category 4    0.278          218.000
      Category 5    0.112           88.000
    U16
      Category 1    0.179          140.000
      Category 2    0.249          195.000
      Category 3    0.215          168.000
      Category 4    0.244          191.000
      Category 5    0.114           89.000
    U17
      Category 1    0.040           31.000
      Category 2    0.155          121.000
      Category 3    0.346          271.000
      Category 4    0.342          268.000
      Category 5    0.117           92.000
    U18
      Category 1    0.197          154.000
      Category 2    0.232          182.000
      Category 3    0.235          184.000
      Category 4    0.232          182.000
      Category 5    0.103           81.000
    U19
      Category 1    0.153          120.000
      Category 2    0.284          222.000
      Category 3    0.313          245.000
      Category 4    0.178          139.000
      Category 5    0.073           57.000
    U20
      Category 1    0.301          236.000
      Category 2    0.284          222.000
      Category 3    0.241          189.000
      Category 4    0.119           93.000
      Category 5    0.055           43.000
    U21
      Category 1    0.160          125.000
      Category 2    0.254          199.000
      Category 3    0.308          241.000
      Category 4    0.199          156.000
      Category 5    0.079           62.000
    U22
      Category 1    0.134          105.000
      Category 2    0.250          196.000
      Category 3    0.321          251.000
      Category 4    0.223          175.000
      Category 5    0.072           56.000
    U23
      Category 1    0.140          110.000
      Category 2    0.290          227.000
      Category 3    0.319          250.000
      Category 4    0.180          141.000
      Category 5    0.070           55.000
    U24
      Category 1    0.433          339.000
      Category 2    0.294          230.000
      Category 3    0.151          118.000
      Category 4    0.083           65.000
      Category 5    0.040           31.000
    U25
      Category 1    0.299          234.000
      Category 2    0.197          154.000
      Category 3    0.202          158.000
      Category 4    0.213          167.000
      Category 5    0.089           70.000
    U26
      Category 1    0.115           90.000
      Category 2    0.292          229.000
      Category 3    0.338          265.000
      Category 4    0.197          154.000
      Category 5    0.057           45.000



THE MODEL ESTIMATION TERMINATED NORMALLY



MODEL FIT INFORMATION

Number of Free Parameters                      131

Chi-Square Test of Model Fit

          Value                           3746.830*
          Degrees of Freedom                   298
          P-Value                           0.0000

*   The chi-square value for MLM, MLMV, MLR, ULSMV, WLSM and WLSMV cannot be used
    for chi-square difference testing in the regular way.  MLM, MLR and WLSM
    chi-square difference testing is described on the Mplus website.  MLMV, WLSMV,
    and ULSMV difference testing is done using the DIFFTEST option.

RMSEA (Root Mean Square Error Of Approximation)

          Estimate                           0.122
          90 Percent C.I.                    0.118  0.125
          Probability RMSEA <= .05           0.000

CFI/TLI

          CFI                                0.832
          TLI                                0.817

Chi-Square Test of Model Fit for the Baseline Model

          Value                          20854.792
          Degrees of Freedom                   325
          P-Value                           0.0000

SRMR (Standardized Root Mean Square Residual)

          Value                              0.098

Optimum Function Value for Weighted Least-Squares Estimator

          Value                     0.30260559D+01



MODEL RESULTS

                                                    Two-Tailed
                    Estimate       S.E.  Est./S.E.    P-Value

 F1       BY
    U1                 1.000      0.000    999.000    999.000
    U8                 1.454      0.071     20.465      0.000
    U11                1.373      0.071     19.327      0.000
    U16                1.414      0.073     19.471      0.000
    U21                1.131      0.067     16.799      0.000
    U4                 1.604      0.081     19.870      0.000
    U13                1.521      0.081     18.786      0.000
    U18                1.555      0.083     18.702      0.000
    U25                1.528      0.080     19.041      0.000
    U2                 1.583      0.079     19.944      0.000
    U6                 1.575      0.078     20.075      0.000
    U20                1.245      0.075     16.676      0.000
    U24                1.311      0.077     17.114      0.000

 F2       BY
    U5                 1.000      0.000    999.000    999.000
    U12                1.248      0.047     26.826      0.000
    U19                1.282      0.048     26.829      0.000
    U23                1.189      0.051     23.346      0.000
    U26                1.150      0.048     24.204      0.000
    U3                 0.514      0.050     10.255      0.000
    U7                 0.556      0.048     11.487      0.000
    U10                0.728      0.045     16.008      0.000
    U15                1.083      0.047     22.796      0.000
    U9                 0.777      0.051     15.091      0.000
    U14                1.048      0.052     20.301      0.000
    U17                1.206      0.052     23.074      0.000
    U22                1.106      0.049     22.654      0.000

 F2       WITH
    F1                -0.092      0.012     -7.674      0.000

 Thresholds
    U1$1              -1.802      0.084    -21.357      0.000
    U1$2              -1.101      0.056    -19.595      0.000
    U1$3              -0.257      0.045     -5.676      0.000
    U1$4               0.634      0.048     13.145      0.000
    U2$1              -0.517      0.047    -10.986      0.000
    U2$2               0.114      0.045      2.537      0.011
    U2$3               0.682      0.049     13.971      0.000
    U2$4               1.313      0.062     21.155      0.000
    U3$1              -1.419      0.066    -21.591      0.000
    U3$2              -0.778      0.050    -15.529      0.000
    U3$3               0.133      0.045      2.965      0.003
    U3$4               1.201      0.059     20.439      0.000
    U4$1              -0.417      0.046     -9.014      0.000
    U4$2               0.251      0.045      5.534      0.000
    U4$3               0.760      0.050     15.261      0.000
    U4$4               1.393      0.065     21.505      0.000
    U5$1              -1.039      0.055    -18.964      0.000
    U5$2              -0.172      0.045     -3.822      0.000
    U5$3               0.595      0.048     12.453      0.000
    U5$4               1.377      0.064     21.443      0.000
    U6$1              -0.760      0.050    -15.261      0.000
    U6$2              -0.056      0.045     -1.251      0.211
    U6$3               0.535      0.047     11.337      0.000
    U6$4               1.227      0.059     20.632      0.000
    U7$1              -0.622      0.048    -12.938      0.000
    U7$2               0.043      0.045      0.965      0.335
    U7$3               0.731      0.049     14.788      0.000
    U7$4               1.437      0.066     21.642      0.000
    U8$1              -0.849      0.051    -16.588      0.000
    U8$2              -0.218      0.045     -4.821      0.000
    U8$3               0.385      0.046      8.377      0.000
    U8$4               1.201      0.059     20.439      0.000
    U9$1              -1.726      0.080    -21.615      0.000
    U9$2              -0.996      0.054    -18.485      0.000
    U9$3              -0.072      0.045     -1.608      0.108
    U9$4               0.945      0.053     17.869      0.000
    U10$1             -0.760      0.050    -15.261      0.000
    U10$2             -0.046      0.045     -1.036      0.300
    U10$3              0.743      0.050     14.991      0.000
    U10$4              1.622      0.074     21.805      0.000
    U11$1             -0.840      0.051    -16.457      0.000
    U11$2             -0.079      0.045     -1.751      0.080
    U11$3              0.528      0.047     11.197      0.000
    U11$4              1.329      0.063     21.232      0.000
    U12$1             -0.960      0.053    -18.056      0.000
    U12$2             -0.034      0.045     -0.750      0.453
    U12$3              0.690      0.049     14.108      0.000
    U12$4              1.513      0.069     21.790      0.000
    U13$1             -0.595      0.048    -12.453      0.000
    U13$2              0.034      0.045      0.750      0.453
    U13$3              0.539      0.047     11.407      0.000
    U13$4              1.284      0.061     20.991      0.000
    U14$1             -1.819      0.085    -21.289      0.000
    U14$2             -1.067      0.055    -19.255      0.000
    U14$3             -0.136      0.045     -3.037      0.002
    U14$4              0.877      0.052     16.978      0.000
    U15$1             -1.344      0.063    -21.306      0.000
    U15$2             -0.557      0.047    -11.756      0.000
    U15$3              0.277      0.045      6.103      0.000
    U15$4              1.214      0.059     20.536      0.000
    U16$1             -0.920      0.052    -17.554      0.000
    U16$2             -0.182      0.045     -4.036      0.000
    U16$3              0.365      0.046      7.951      0.000
    U16$4              1.207      0.059     20.488      0.000
    U17$1             -1.755      0.082    -21.527      0.000
    U17$2             -0.863      0.051    -16.783      0.000
    U17$3              0.101      0.045      2.251      0.024
    U17$4              1.188      0.058     20.339      0.000
    U18$1             -0.854      0.051    -16.653      0.000
    U18$2             -0.179      0.045     -3.965      0.000
    U18$3              0.424      0.046      9.155      0.000
    U18$4              1.262      0.061     20.861      0.000
    U19$1             -1.023      0.054    -18.786      0.000
    U19$2             -0.159      0.045     -3.537      0.000
    U19$3              0.673      0.049     13.834      0.000
    U19$4              1.455      0.067     21.688      0.000
    U20$1             -0.520      0.047    -11.056      0.000
    U20$2              0.215      0.045      4.750      0.000
    U20$3              0.940      0.053     17.806      0.000
    U20$4              1.599      0.073     21.821      0.000
    U21$1             -0.996      0.054    -18.485      0.000
    U21$2             -0.218      0.045     -4.821      0.000
    U21$3              0.588      0.048     12.314      0.000
    U21$4              1.411      0.065     21.563      0.000
    U22$1             -1.107      0.056    -19.650      0.000
    U22$2             -0.294      0.045     -6.459      0.000
    U22$3              0.539      0.047     11.407      0.000
    U22$4              1.465      0.067     21.709      0.000
    U23$1             -1.078      0.056    -19.369      0.000
    U23$2             -0.175      0.045     -3.893      0.000
    U23$3              0.673      0.049     13.834      0.000
    U23$4              1.474      0.068     21.728      0.000
    U24$1             -0.169      0.045     -3.751      0.000
    U24$2              0.603      0.048     12.591      0.000
    U24$3              1.162      0.058     20.134      0.000
    U24$4              1.755      0.082     21.527      0.000
    U25$1             -0.528      0.047    -11.197      0.000
    U25$2             -0.011      0.045     -0.250      0.802
    U25$3              0.517      0.047     10.986      0.000
    U25$4              1.344      0.063     21.306      0.000
    U26$1             -1.201      0.059    -20.439      0.000
    U26$2             -0.234      0.045     -5.177      0.000
    U26$3              0.661      0.049     13.628      0.000
    U26$4              1.576      0.072     21.826      0.000

 Variances
    F1                 0.275      0.028      9.895      0.000
    F2                 0.380      0.028     13.565      0.000


STANDARDIZED MODEL RESULTS


STDYX Standardization

                                                    Two-Tailed
                    Estimate       S.E.  Est./S.E.    P-Value

 F1       BY
    U1                 0.525      0.027     19.790      0.000
    U8                 0.763      0.017     45.120      0.000
    U11                0.720      0.019     38.109      0.000
    U16                0.742      0.018     41.406      0.000
    U21                0.593      0.023     25.386      0.000
    U4                 0.842      0.013     65.187      0.000
    U13                0.798      0.015     53.897      0.000
    U18                0.816      0.014     57.633      0.000
    U25                0.802      0.015     52.578      0.000
    U2                 0.830      0.014     58.329      0.000
    U6                 0.826      0.013     62.611      0.000
    U20                0.653      0.022     29.858      0.000
    U24                0.688      0.022     31.743      0.000

 F2       BY
    U5                 0.617      0.023     27.130      0.000
    U12                0.770      0.015     50.834      0.000
    U19                0.791      0.015     52.395      0.000
    U23                0.733      0.020     37.083      0.000
    U26                0.709      0.020     34.997      0.000
    U3                 0.317      0.031     10.256      0.000
    U7                 0.343      0.030     11.545      0.000
    U10                0.449      0.026     17.270      0.000
    U15                0.668      0.020     32.951      0.000
    U9                 0.479      0.027     17.696      0.000
    U14                0.646      0.022     29.552      0.000
    U17                0.744      0.018     41.281      0.000
    U22                0.682      0.020     34.075      0.000

 F2       WITH
    F1                -0.284      0.032     -8.743      0.000

 Thresholds
    U1$1              -1.802      0.084    -21.357      0.000
    U1$2              -1.101      0.056    -19.595      0.000
    U1$3              -0.257      0.045     -5.676      0.000
    U1$4               0.634      0.048     13.145      0.000
    U2$1              -0.517      0.047    -10.986      0.000
    U2$2               0.114      0.045      2.537      0.011
    U2$3               0.682      0.049     13.971      0.000
    U2$4               1.313      0.062     21.155      0.000
    U3$1              -1.419      0.066    -21.591      0.000
    U3$2              -0.778      0.050    -15.529      0.000
    U3$3               0.133      0.045      2.965      0.003
    U3$4               1.201      0.059     20.439      0.000
    U4$1              -0.417      0.046     -9.014      0.000
    U4$2               0.251      0.045      5.534      0.000
    U4$3               0.760      0.050     15.261      0.000
    U4$4               1.393      0.065     21.505      0.000
    U5$1              -1.039      0.055    -18.964      0.000
    U5$2              -0.172      0.045     -3.822      0.000
    U5$3               0.595      0.048     12.453      0.000
    U5$4               1.377      0.064     21.443      0.000
    U6$1              -0.760      0.050    -15.261      0.000
    U6$2              -0.056      0.045     -1.251      0.211
    U6$3               0.535      0.047     11.337      0.000
    U6$4               1.227      0.059     20.632      0.000
    U7$1              -0.622      0.048    -12.938      0.000
    U7$2               0.043      0.045      0.965      0.335
    U7$3               0.731      0.049     14.788      0.000
    U7$4               1.437      0.066     21.642      0.000
    U8$1              -0.849      0.051    -16.588      0.000
    U8$2              -0.218      0.045     -4.821      0.000
    U8$3               0.385      0.046      8.377      0.000
    U8$4               1.201      0.059     20.439      0.000
    U9$1              -1.726      0.080    -21.615      0.000
    U9$2              -0.996      0.054    -18.485      0.000
    U9$3              -0.072      0.045     -1.608      0.108
    U9$4               0.945      0.053     17.869      0.000
    U10$1             -0.760      0.050    -15.261      0.000
    U10$2             -0.046      0.045     -1.036      0.300
    U10$3              0.743      0.050     14.991      0.000
    U10$4              1.622      0.074     21.805      0.000
    U11$1             -0.840      0.051    -16.457      0.000
    U11$2             -0.079      0.045     -1.751      0.080
    U11$3              0.528      0.047     11.197      0.000
    U11$4              1.329      0.063     21.232      0.000
    U12$1             -0.960      0.053    -18.056      0.000
    U12$2             -0.034      0.045     -0.750      0.453
    U12$3              0.690      0.049     14.108      0.000
    U12$4              1.513      0.069     21.790      0.000
    U13$1             -0.595      0.048    -12.453      0.000
    U13$2              0.034      0.045      0.750      0.453
    U13$3              0.539      0.047     11.407      0.000
    U13$4              1.284      0.061     20.991      0.000
    U14$1             -1.819      0.085    -21.289      0.000
    U14$2             -1.067      0.055    -19.255      0.000
    U14$3             -0.136      0.045     -3.037      0.002
    U14$4              0.877      0.052     16.978      0.000
    U15$1             -1.344      0.063    -21.306      0.000
    U15$2             -0.557      0.047    -11.756      0.000
    U15$3              0.277      0.045      6.103      0.000
    U15$4              1.214      0.059     20.536      0.000
    U16$1             -0.920      0.052    -17.554      0.000
    U16$2             -0.182      0.045     -4.036      0.000
    U16$3              0.365      0.046      7.951      0.000
    U16$4              1.207      0.059     20.488      0.000
    U17$1             -1.755      0.082    -21.527      0.000
    U17$2             -0.863      0.051    -16.783      0.000
    U17$3              0.101      0.045      2.251      0.024
    U17$4              1.188      0.058     20.339      0.000
    U18$1             -0.854      0.051    -16.653      0.000
    U18$2             -0.179      0.045     -3.965      0.000
    U18$3              0.424      0.046      9.155      0.000
    U18$4              1.262      0.061     20.861      0.000
    U19$1             -1.023      0.054    -18.786      0.000
    U19$2             -0.159      0.045     -3.537      0.000
    U19$3              0.673      0.049     13.834      0.000
    U19$4              1.455      0.067     21.688      0.000
    U20$1             -0.520      0.047    -11.056      0.000
    U20$2              0.215      0.045      4.750      0.000
    U20$3              0.940      0.053     17.806      0.000
    U20$4              1.599      0.073     21.821      0.000
    U21$1             -0.996      0.054    -18.485      0.000
    U21$2             -0.218      0.045     -4.821      0.000
    U21$3              0.588      0.048     12.314      0.000
    U21$4              1.411      0.065     21.563      0.000
    U22$1             -1.107      0.056    -19.650      0.000
    U22$2             -0.294      0.045     -6.459      0.000
    U22$3              0.539      0.047     11.407      0.000
    U22$4              1.465      0.067     21.709      0.000
    U23$1             -1.078      0.056    -19.369      0.000
    U23$2             -0.175      0.045     -3.893      0.000
    U23$3              0.673      0.049     13.834      0.000
    U23$4              1.474      0.068     21.728      0.000
    U24$1             -0.169      0.045     -3.751      0.000
    U24$2              0.603      0.048     12.591      0.000
    U24$3              1.162      0.058     20.134      0.000
    U24$4              1.755      0.082     21.527      0.000
    U25$1             -0.528      0.047    -11.197      0.000
    U25$2             -0.011      0.045     -0.250      0.802
    U25$3              0.517      0.047     10.986      0.000
    U25$4              1.344      0.063     21.306      0.000
    U26$1             -1.201      0.059    -20.439      0.000
    U26$2             -0.234      0.045     -5.177      0.000
    U26$3              0.661      0.049     13.628      0.000
    U26$4              1.576      0.072     21.826      0.000

 Variances
    F1                 1.000      0.000    999.000    999.000
    F2                 1.000      0.000    999.000    999.000


STDY Standardization

                                                    Two-Tailed
                    Estimate       S.E.  Est./S.E.    P-Value

 F1       BY
    U1                 0.525      0.027     19.790      0.000
    U8                 0.763      0.017     45.120      0.000
    U11                0.720      0.019     38.109      0.000
    U16                0.742      0.018     41.406      0.000
    U21                0.593      0.023     25.386      0.000
    U4                 0.842      0.013     65.187      0.000
    U13                0.798      0.015     53.897      0.000
    U18                0.816      0.014     57.633      0.000
    U25                0.802      0.015     52.578      0.000
    U2                 0.830      0.014     58.329      0.000
    U6                 0.826      0.013     62.611      0.000
    U20                0.653      0.022     29.858      0.000
    U24                0.688      0.022     31.743      0.000

 F2       BY
    U5                 0.617      0.023     27.130      0.000
    U12                0.770      0.015     50.834      0.000
    U19                0.791      0.015     52.395      0.000
    U23                0.733      0.020     37.083      0.000
    U26                0.709      0.020     34.997      0.000
    U3                 0.317      0.031     10.256      0.000
    U7                 0.343      0.030     11.545      0.000
    U10                0.449      0.026     17.270      0.000
    U15                0.668      0.020     32.951      0.000
    U9                 0.479      0.027     17.696      0.000
    U14                0.646      0.022     29.552      0.000
    U17                0.744      0.018     41.281      0.000
    U22                0.682      0.020     34.075      0.000

 F2       WITH
    F1                -0.284      0.032     -8.743      0.000

 Thresholds
    U1$1              -1.802      0.084    -21.357      0.000
    U1$2              -1.101      0.056    -19.595      0.000
    U1$3              -0.257      0.045     -5.676      0.000
    U1$4               0.634      0.048     13.145      0.000
    U2$1              -0.517      0.047    -10.986      0.000
    U2$2               0.114      0.045      2.537      0.011
    U2$3               0.682      0.049     13.971      0.000
    U2$4               1.313      0.062     21.155      0.000
    U3$1              -1.419      0.066    -21.591      0.000
    U3$2              -0.778      0.050    -15.529      0.000
    U3$3               0.133      0.045      2.965      0.003
    U3$4               1.201      0.059     20.439      0.000
    U4$1              -0.417      0.046     -9.014      0.000
    U4$2               0.251      0.045      5.534      0.000
    U4$3               0.760      0.050     15.261      0.000
    U4$4               1.393      0.065     21.505      0.000
    U5$1              -1.039      0.055    -18.964      0.000
    U5$2              -0.172      0.045     -3.822      0.000
    U5$3               0.595      0.048     12.453      0.000
    U5$4               1.377      0.064     21.443      0.000
    U6$1              -0.760      0.050    -15.261      0.000
    U6$2              -0.056      0.045     -1.251      0.211
    U6$3               0.535      0.047     11.337      0.000
    U6$4               1.227      0.059     20.632      0.000
    U7$1              -0.622      0.048    -12.938      0.000
    U7$2               0.043      0.045      0.965      0.335
    U7$3               0.731      0.049     14.788      0.000
    U7$4               1.437      0.066     21.642      0.000
    U8$1              -0.849      0.051    -16.588      0.000
    U8$2              -0.218      0.045     -4.821      0.000
    U8$3               0.385      0.046      8.377      0.000
    U8$4               1.201      0.059     20.439      0.000
    U9$1              -1.726      0.080    -21.615      0.000
    U9$2              -0.996      0.054    -18.485      0.000
    U9$3              -0.072      0.045     -1.608      0.108
    U9$4               0.945      0.053     17.869      0.000
    U10$1             -0.760      0.050    -15.261      0.000
    U10$2             -0.046      0.045     -1.036      0.300
    U10$3              0.743      0.050     14.991      0.000
    U10$4              1.622      0.074     21.805      0.000
    U11$1             -0.840      0.051    -16.457      0.000
    U11$2             -0.079      0.045     -1.751      0.080
    U11$3              0.528      0.047     11.197      0.000
    U11$4              1.329      0.063     21.232      0.000
    U12$1             -0.960      0.053    -18.056      0.000
    U12$2             -0.034      0.045     -0.750      0.453
    U12$3              0.690      0.049     14.108      0.000
    U12$4              1.513      0.069     21.790      0.000
    U13$1             -0.595      0.048    -12.453      0.000
    U13$2              0.034      0.045      0.750      0.453
    U13$3              0.539      0.047     11.407      0.000
    U13$4              1.284      0.061     20.991      0.000
    U14$1             -1.819      0.085    -21.289      0.000
    U14$2             -1.067      0.055    -19.255      0.000
    U14$3             -0.136      0.045     -3.037      0.002
    U14$4              0.877      0.052     16.978      0.000
    U15$1             -1.344      0.063    -21.306      0.000
    U15$2             -0.557      0.047    -11.756      0.000
    U15$3              0.277      0.045      6.103      0.000
    U15$4              1.214      0.059     20.536      0.000
    U16$1             -0.920      0.052    -17.554      0.000
    U16$2             -0.182      0.045     -4.036      0.000
    U16$3              0.365      0.046      7.951      0.000
    U16$4              1.207      0.059     20.488      0.000
    U17$1             -1.755      0.082    -21.527      0.000
    U17$2             -0.863      0.051    -16.783      0.000
    U17$3              0.101      0.045      2.251      0.024
    U17$4              1.188      0.058     20.339      0.000
    U18$1             -0.854      0.051    -16.653      0.000
    U18$2             -0.179      0.045     -3.965      0.000
    U18$3              0.424      0.046      9.155      0.000
    U18$4              1.262      0.061     20.861      0.000
    U19$1             -1.023      0.054    -18.786      0.000
    U19$2             -0.159      0.045     -3.537      0.000
    U19$3              0.673      0.049     13.834      0.000
    U19$4              1.455      0.067     21.688      0.000
    U20$1             -0.520      0.047    -11.056      0.000
    U20$2              0.215      0.045      4.750      0.000
    U20$3              0.940      0.053     17.806      0.000
    U20$4              1.599      0.073     21.821      0.000
    U21$1             -0.996      0.054    -18.485      0.000
    U21$2             -0.218      0.045     -4.821      0.000
    U21$3              0.588      0.048     12.314      0.000
    U21$4              1.411      0.065     21.563      0.000
    U22$1             -1.107      0.056    -19.650      0.000
    U22$2             -0.294      0.045     -6.459      0.000
    U22$3              0.539      0.047     11.407      0.000
    U22$4              1.465      0.067     21.709      0.000
    U23$1             -1.078      0.056    -19.369      0.000
    U23$2             -0.175      0.045     -3.893      0.000
    U23$3              0.673      0.049     13.834      0.000
    U23$4              1.474      0.068     21.728      0.000
    U24$1             -0.169      0.045     -3.751      0.000
    U24$2              0.603      0.048     12.591      0.000
    U24$3              1.162      0.058     20.134      0.000
    U24$4              1.755      0.082     21.527      0.000
    U25$1             -0.528      0.047    -11.197      0.000
    U25$2             -0.011      0.045     -0.250      0.802
    U25$3              0.517      0.047     10.986      0.000
    U25$4              1.344      0.063     21.306      0.000
    U26$1             -1.201      0.059    -20.439      0.000
    U26$2             -0.234      0.045     -5.177      0.000
    U26$3              0.661      0.049     13.628      0.000
    U26$4              1.576      0.072     21.826      0.000

 Variances
    F1                 1.000      0.000    999.000    999.000
    F2                 1.000      0.000    999.000    999.000


STD Standardization

                                                    Two-Tailed
                    Estimate       S.E.  Est./S.E.    P-Value

 F1       BY
    U1                 0.525      0.027     19.790      0.000
    U8                 0.763      0.017     45.120      0.000
    U11                0.720      0.019     38.109      0.000
    U16                0.742      0.018     41.406      0.000
    U21                0.593      0.023     25.386      0.000
    U4                 0.842      0.013     65.187      0.000
    U13                0.798      0.015     53.897      0.000
    U18                0.816      0.014     57.633      0.000
    U25                0.802      0.015     52.578      0.000
    U2                 0.830      0.014     58.329      0.000
    U6                 0.826      0.013     62.611      0.000
    U20                0.653      0.022     29.858      0.000
    U24                0.688      0.022     31.743      0.000

 F2       BY
    U5                 0.617      0.023     27.130      0.000
    U12                0.770      0.015     50.834      0.000
    U19                0.791      0.015     52.395      0.000
    U23                0.733      0.020     37.083      0.000
    U26                0.709      0.020     34.997      0.000
    U3                 0.317      0.031     10.256      0.000
    U7                 0.343      0.030     11.545      0.000
    U10                0.449      0.026     17.270      0.000
    U15                0.668      0.020     32.951      0.000
    U9                 0.479      0.027     17.696      0.000
    U14                0.646      0.022     29.552      0.000
    U17                0.744      0.018     41.281      0.000
    U22                0.682      0.020     34.075      0.000

 F2       WITH
    F1                -0.284      0.032     -8.743      0.000

 Thresholds
    U1$1              -1.802      0.084    -21.357      0.000
    U1$2              -1.101      0.056    -19.595      0.000
    U1$3              -0.257      0.045     -5.676      0.000
    U1$4               0.634      0.048     13.145      0.000
    U2$1              -0.517      0.047    -10.986      0.000
    U2$2               0.114      0.045      2.537      0.011
    U2$3               0.682      0.049     13.971      0.000
    U2$4               1.313      0.062     21.155      0.000
    U3$1              -1.419      0.066    -21.591      0.000
    U3$2              -0.778      0.050    -15.529      0.000
    U3$3               0.133      0.045      2.965      0.003
    U3$4               1.201      0.059     20.439      0.000
    U4$1              -0.417      0.046     -9.014      0.000
    U4$2               0.251      0.045      5.534      0.000
    U4$3               0.760      0.050     15.261      0.000
    U4$4               1.393      0.065     21.505      0.000
    U5$1              -1.039      0.055    -18.964      0.000
    U5$2              -0.172      0.045     -3.822      0.000
    U5$3               0.595      0.048     12.453      0.000
    U5$4               1.377      0.064     21.443      0.000
    U6$1              -0.760      0.050    -15.261      0.000
    U6$2              -0.056      0.045     -1.251      0.211
    U6$3               0.535      0.047     11.337      0.000
    U6$4               1.227      0.059     20.632      0.000
    U7$1              -0.622      0.048    -12.938      0.000
    U7$2               0.043      0.045      0.965      0.335
    U7$3               0.731      0.049     14.788      0.000
    U7$4               1.437      0.066     21.642      0.000
    U8$1              -0.849      0.051    -16.588      0.000
    U8$2              -0.218      0.045     -4.821      0.000
    U8$3               0.385      0.046      8.377      0.000
    U8$4               1.201      0.059     20.439      0.000
    U9$1              -1.726      0.080    -21.615      0.000
    U9$2              -0.996      0.054    -18.485      0.000
    U9$3              -0.072      0.045     -1.608      0.108
    U9$4               0.945      0.053     17.869      0.000
    U10$1             -0.760      0.050    -15.261      0.000
    U10$2             -0.046      0.045     -1.036      0.300
    U10$3              0.743      0.050     14.991      0.000
    U10$4              1.622      0.074     21.805      0.000
    U11$1             -0.840      0.051    -16.457      0.000
    U11$2             -0.079      0.045     -1.751      0.080
    U11$3              0.528      0.047     11.197      0.000
    U11$4              1.329      0.063     21.232      0.000
    U12$1             -0.960      0.053    -18.056      0.000
    U12$2             -0.034      0.045     -0.750      0.453
    U12$3              0.690      0.049     14.108      0.000
    U12$4              1.513      0.069     21.790      0.000
    U13$1             -0.595      0.048    -12.453      0.000
    U13$2              0.034      0.045      0.750      0.453
    U13$3              0.539      0.047     11.407      0.000
    U13$4              1.284      0.061     20.991      0.000
    U14$1             -1.819      0.085    -21.289      0.000
    U14$2             -1.067      0.055    -19.255      0.000
    U14$3             -0.136      0.045     -3.037      0.002
    U14$4              0.877      0.052     16.978      0.000
    U15$1             -1.344      0.063    -21.306      0.000
    U15$2             -0.557      0.047    -11.756      0.000
    U15$3              0.277      0.045      6.103      0.000
    U15$4              1.214      0.059     20.536      0.000
    U16$1             -0.920      0.052    -17.554      0.000
    U16$2             -0.182      0.045     -4.036      0.000
    U16$3              0.365      0.046      7.951      0.000
    U16$4              1.207      0.059     20.488      0.000
    U17$1             -1.755      0.082    -21.527      0.000
    U17$2             -0.863      0.051    -16.783      0.000
    U17$3              0.101      0.045      2.251      0.024
    U17$4              1.188      0.058     20.339      0.000
    U18$1             -0.854      0.051    -16.653      0.000
    U18$2             -0.179      0.045     -3.965      0.000
    U18$3              0.424      0.046      9.155      0.000
    U18$4              1.262      0.061     20.861      0.000
    U19$1             -1.023      0.054    -18.786      0.000
    U19$2             -0.159      0.045     -3.537      0.000
    U19$3              0.673      0.049     13.834      0.000
    U19$4              1.455      0.067     21.688      0.000
    U20$1             -0.520      0.047    -11.056      0.000
    U20$2              0.215      0.045      4.750      0.000
    U20$3              0.940      0.053     17.806      0.000
    U20$4              1.599      0.073     21.821      0.000
    U21$1             -0.996      0.054    -18.485      0.000
    U21$2             -0.218      0.045     -4.821      0.000
    U21$3              0.588      0.048     12.314      0.000
    U21$4              1.411      0.065     21.563      0.000
    U22$1             -1.107      0.056    -19.650      0.000
    U22$2             -0.294      0.045     -6.459      0.000
    U22$3              0.539      0.047     11.407      0.000
    U22$4              1.465      0.067     21.709      0.000
    U23$1             -1.078      0.056    -19.369      0.000
    U23$2             -0.175      0.045     -3.893      0.000
    U23$3              0.673      0.049     13.834      0.000
    U23$4              1.474      0.068     21.728      0.000
    U24$1             -0.169      0.045     -3.751      0.000
    U24$2              0.603      0.048     12.591      0.000
    U24$3              1.162      0.058     20.134      0.000
    U24$4              1.755      0.082     21.527      0.000
    U25$1             -0.528      0.047    -11.197      0.000
    U25$2             -0.011      0.045     -0.250      0.802
    U25$3              0.517      0.047     10.986      0.000
    U25$4              1.344      0.063     21.306      0.000
    U26$1             -1.201      0.059    -20.439      0.000
    U26$2             -0.234      0.045     -5.177      0.000
    U26$3              0.661      0.049     13.628      0.000
    U26$4              1.576      0.072     21.826      0.000

 Variances
    F1                 1.000      0.000    999.000    999.000
    F2                 1.000      0.000    999.000    999.000


R-SQUARE

    Observed                                        Two-Tailed   Residual
    Variable        Estimate       S.E.  Est./S.E.    P-Value    Variance

    U1                 0.275      0.028      9.895      0.000      0.725
    U2                 0.690      0.024     29.164      0.000      0.310
    U3                 0.100      0.020      5.128      0.000      0.900
    U4                 0.708      0.022     32.593      0.000      0.292
    U5                 0.380      0.028     13.565      0.000      0.620
    U6                 0.683      0.022     31.305      0.000      0.317
    U7                 0.118      0.020      5.772      0.000      0.882
    U8                 0.581      0.026     22.560      0.000      0.419
    U9                 0.229      0.026      8.848      0.000      0.771
    U10                0.201      0.023      8.635      0.000      0.799
    U11                0.518      0.027     19.055      0.000      0.482
    U12                0.593      0.023     25.417      0.000      0.407
    U13                0.637      0.024     26.948      0.000      0.363
    U14                0.418      0.028     14.776      0.000      0.582
    U15                0.446      0.027     16.476      0.000      0.554
    U16                0.550      0.027     20.703      0.000      0.450
    U17                0.553      0.027     20.640      0.000      0.447
    U18                0.665      0.023     28.817      0.000      0.335
    U19                0.625      0.024     26.197      0.000      0.375
    U20                0.427      0.029     14.929      0.000      0.573
    U21                0.352      0.028     12.693      0.000      0.648
    U22                0.465      0.027     17.038      0.000      0.535
    U23                0.538      0.029     18.542      0.000      0.462
    U24                0.473      0.030     15.871      0.000      0.527
    U25                0.642      0.024     26.289      0.000      0.358
    U26                0.503      0.029     17.498      0.000      0.497


QUALITY OF NUMERICAL RESULTS

     Condition Number for the Information Matrix              0.142E-03
       (ratio of smallest to largest eigenvalue)


     Beginning Time:  16:47:13
        Ending Time:  16:47:13
       Elapsed Time:  00:00:00



MUTHEN & MUTHEN
3463 Stoner Ave.
Los Angeles, CA  90066

Tel: (310) 391-9971
Fax: (310) 391-8971
Web: www.StatModel.com
Support: Support@StatModel.com

Copyright (c) 1998-2020 Muthen & Muthen
